<?xml version="1.0" encoding="utf-8"?>
<TestRun id="71f92d08-b640-42b7-873f-721cabbfcebc" name="elka01@WAP174432 2026-06-11 12:53:03" runUser="SMS-GROUP\elka01" xmlns="http://microsoft.com/schemas/VisualStudio/TeamTest/2010">
  <Times creation="2026-06-11T12:53:03.6708968+03:00" queuing="2026-06-11T12:53:03.6708979+03:00" start="2026-06-11T12:52:56.3492957+03:00" finish="2026-06-11T12:53:03.9630998+03:00" />
  <TestSettings name="default" id="97963cef-ef0d-470a-b3f8-0b0739be744e">
    <Deployment runDeploymentRoot="elka01_WAP174432_2026-06-11_12_53_03" />
  </TestSettings>
  <Results>
    <UnitTestResult executionId="8e0c9c1c-961c-4788-a42c-0e095345fb80" testId="c2002c2c-06d3-cdd7-206f-6068e63e4260" testName="PlantProcess.Analytics.Core.Tests.P05_KpiEngineTests.Threshold_breach_raises_alert_below_target" computerName="WAP174432" duration="00:00:00.0184153" startTime="2026-06-11T12:53:03.6166560+03:00" endTime="2026-06-11T12:53:03.6166561+03:00" testType="13cdc9d9-ddb5-4fa4-a97d-d965ccfc6d4b" outcome="Passed" testListId="8c84fa94-04c1-424b-9868-57a2d4851a1d" relativeResultsDirectory="8e0c9c1c-961c-4788-a42c-0e095345fb80" />
    <UnitTestResult executionId="904524d3-ddab-491e-9937-d4093cc0d9af" testId="b0160f97-e645-fa77-6a15-6ad31b68c6ff" testName="PlantProcess.Analytics.Core.Tests.P05_PrimitivesTests.Ratio_of_sums_is_exact" computerName="WAP174432" duration="00:00:00.0003974" startTime="2026-06-11T12:53:03.6155121+03:00" endTime="2026-06-11T12:53:03.6155122+03:00" testType="13cdc9d9-ddb5-4fa4-a97d-d965ccfc6d4b" outcome="Passed" testListId="8c84fa94-04c1-424b-9868-57a2d4851a1d" relativeResultsDirectory="904524d3-ddab-491e-9937-d4093cc0d9af" />
    <UnitTestResult executionId="38ac4307-2d88-432b-b2c8-cd3ba583275a" testId="2c5997c5-b6fc-e50a-1a83-cbea7d13e84a" testName="PlantProcess.Analytics.Core.Tests.RiskCalibrationServiceTests.Miscalibrated_model_abstains_instead_of_emitting_a_number" computerName="WAP174432" duration="00:00:00.4332713" startTime="2026-06-11T12:53:03.5682147+03:00" endTime="2026-06-11T12:53:03.5682149+03:00" testType="13cdc9d9-ddb5-4fa4-a97d-d965ccfc6d4b" outcome="Passed" testListId="8c84fa94-04c1-424b-9868-57a2d4851a1d" relativeResultsDirectory="38ac4307-2d88-432b-b2c8-cd3ba583275a" />
    <UnitTestResult executionId="b6d09d9f-faa1-4cf1-ac2e-6229a310b449" testId="888c70d1-8590-4b6e-43b7-97e082a47f5d" testName="PlantProcess.Analytics.Core.Tests.P06_ReadinessGateTests.Any_blocked_dimension_blocks_overall(heats: 60, events: 40, minority: 0.02, fresh: 1, complete: 0.94999999999999996)" computerName="WAP174432" duration="00:00:00.0010025" startTime="2026-06-11T12:53:03.6131182+03:00" endTime="2026-06-11T12:53:03.6131183+03:00" testType="13cdc9d9-ddb5-4fa4-a97d-d965ccfc6d4b" outcome="Passed" testListId="8c84fa94-04c1-424b-9868-57a2d4851a1d" relativeResultsDirectory="b6d09d9f-faa1-4cf1-ac2e-6229a310b449" />
    <UnitTestResult executionId="0001e5a8-7e94-4291-bac5-dce0f9f80ac1" testId="4ea8939e-01af-0d0d-493f-de5c67a917eb" testName="PlantProcess.Analytics.Core.Tests.P05_PrimitivesTests.Status_rag_is_correct(value: 75, expected: &quot;Amber&quot;)" computerName="WAP174432" duration="00:00:00.0018769" startTime="2026-06-11T12:53:03.6100923+03:00" endTime="2026-06-11T12:53:03.6100924+03:00" testType="13cdc9d9-ddb5-4fa4-a97d-d965ccfc6d4b" outcome="Passed" testListId="8c84fa94-04c1-424b-9868-57a2d4851a1d" relativeResultsDirectory="0001e5a8-7e94-4291-bac5-dce0f9f80ac1" />
    <UnitTestResult executionId="9f7950f6-220e-41ee-ad83-4329eea04c0c" testId="bea4ea6b-2a3c-cc85-ec0b-186150c5b879" testName="PlantProcess.Analytics.Core.Tests.P06_DisciplineTests.Many_nulls_produce_no_significant_findings_under_fdr" computerName="WAP174432" duration="00:00:00.0020542" startTime="2026-06-11T12:53:03.7161747+03:00" endTime="2026-06-11T12:53:03.7161750+03:00" testType="13cdc9d9-ddb5-4fa4-a97d-d965ccfc6d4b" outcome="Passed" testListId="8c84fa94-04c1-424b-9868-57a2d4851a1d" relativeResultsDirectory="9f7950f6-220e-41ee-ad83-4329eea04c0c" />
    <UnitTestResult executionId="55c19b8f-0cd1-429d-a762-10e0fed3c85e" testId="b5fed4ab-4869-8f26-b8da-2edee30d6f24" testName="PlantProcess.Analytics.Core.Tests.P06_DisciplineTests.Stratification_confirms_survival_when_consistent" computerName="WAP174432" duration="00:00:00.0002151" startTime="2026-06-11T12:53:03.6116209+03:00" endTime="2026-06-11T12:53:03.6116210+03:00" testType="13cdc9d9-ddb5-4fa4-a97d-d965ccfc6d4b" outcome="Passed" testListId="8c84fa94-04c1-424b-9868-57a2d4851a1d" relativeResultsDirectory="55c19b8f-0cd1-429d-a762-10e0fed3c85e" />
    <UnitTestResult executionId="e0e91fd9-e5dc-4807-8e50-cbbc1807bbf0" testId="39679fb2-d061-f9e4-b72b-6f4a49eb2519" testName="PlantProcess.Analytics.Core.Tests.P05_PrimitivesTests.Status_rag_is_correct(value: 95, expected: &quot;Green&quot;)" computerName="WAP174432" duration="00:00:00.0016475" startTime="2026-06-11T12:53:03.6088585+03:00" endTime="2026-06-11T12:53:03.6088586+03:00" testType="13cdc9d9-ddb5-4fa4-a97d-d965ccfc6d4b" outcome="Passed" testListId="8c84fa94-04c1-424b-9868-57a2d4851a1d" relativeResultsDirectory="e0e91fd9-e5dc-4807-8e50-cbbc1807bbf0" />
    <UnitTestResult executionId="207daa86-84ec-4ada-813b-ebb2ca2d7356" testId="e4798073-6c36-f605-ff5c-064c57362b65" testName="PlantProcess.Analytics.Core.Tests.P06_StatisticalMethodsTests.Vif_flags_planted_collinear_pair_only" computerName="WAP174432" duration="00:00:00.4452017" startTime="2026-06-11T12:53:03.5684956+03:00" endTime="2026-06-11T12:53:03.5684957+03:00" testType="13cdc9d9-ddb5-4fa4-a97d-d965ccfc6d4b" outcome="Passed" testListId="8c84fa94-04c1-424b-9868-57a2d4851a1d" relativeResultsDirectory="207daa86-84ec-4ada-813b-ebb2ca2d7356" />
    <UnitTestResult executionId="aa1f50b2-f0d4-4b06-860d-3c8dd0a4ae22" testId="8cbfc6a8-e466-dbd2-1eec-d063ca8b7b01" testName="PlantProcess.Analytics.Core.Tests.ValueHonestyLintTests.Forbidden_phrases_are_rejected(text: &quot;This Will Save money&quot;)" computerName="WAP174432" duration="00:00:00.0000123" startTime="2026-06-11T12:53:03.6084443+03:00" endTime="2026-06-11T12:53:03.6084444+03:00" testType="13cdc9d9-ddb5-4fa4-a97d-d965ccfc6d4b" outcome="Passed" testListId="8c84fa94-04c1-424b-9868-57a2d4851a1d" relativeResultsDirectory="aa1f50b2-f0d4-4b06-860d-3c8dd0a4ae22" />
    <UnitTestResult executionId="91a6c1be-4c61-49c2-9b07-ad63f30c48f5" testId="d3878fa0-6f67-0d0e-f385-b1c656fd8673" testName="PlantProcess.Analytics.Core.Tests.P05_PrimitivesTests.Nulls_are_filtered_and_counted" computerName="WAP174432" duration="00:00:00.0007033" startTime="2026-06-11T12:53:03.6130484+03:00" endTime="2026-06-11T12:53:03.6130485+03:00" testType="13cdc9d9-ddb5-4fa4-a97d-d965ccfc6d4b" outcome="Passed" testListId="8c84fa94-04c1-424b-9868-57a2d4851a1d" relativeResultsDirectory="91a6c1be-4c61-49c2-9b07-ad63f30c48f5" />
    <UnitTestResult executionId="67b5d404-8130-4fe7-8917-d45b0055e6f3" testId="ceb84906-c69b-40b5-23fa-f88eb0a20056" testName="PlantProcess.Analytics.Core.Tests.P06_ReadinessGateTests.Any_blocked_dimension_blocks_overall(heats: 60, events: 40, minority: 0.10000000000000001, fresh: 2.5, complete: 0.94999999999999996)" computerName="WAP174432" duration="00:00:00.0004679" startTime="2026-06-11T12:53:03.6129911+03:00" endTime="2026-06-11T12:53:03.6129911+03:00" testType="13cdc9d9-ddb5-4fa4-a97d-d965ccfc6d4b" outcome="Passed" testListId="8c84fa94-04c1-424b-9868-57a2d4851a1d" relativeResultsDirectory="67b5d404-8130-4fe7-8917-d45b0055e6f3" />
    <UnitTestResult executionId="5af8c9e5-cb74-40cd-aced-4e2188fffa59" testId="200e41d5-7b6c-e6a3-61da-0914d0b6fd88" testName="PlantProcess.Analytics.Core.Tests.ValueImpactEngineTests.Missing_downgrade_cost_per_ton_abstains_with_named_assumption" computerName="WAP174432" duration="00:00:00.0006591" startTime="2026-06-11T12:53:03.6178728+03:00" endTime="2026-06-11T12:53:03.6178729+03:00" testType="13cdc9d9-ddb5-4fa4-a97d-d965ccfc6d4b" outcome="Passed" testListId="8c84fa94-04c1-424b-9868-57a2d4851a1d" relativeResultsDirectory="5af8c9e5-cb74-40cd-aced-4e2188fffa59" />
    <UnitTestResult executionId="274d3a44-dcb8-4416-a2b2-5f48fa0ae82c" testId="483216e8-7d2c-bdd1-a9e2-d3813f84371f" testName="PlantProcess.Analytics.Core.Tests.GroundingContractTests.An_uncited_number_is_blocked_and_never_reaches_the_client" computerName="WAP174432" duration="00:00:00.0011350" startTime="2026-06-11T12:53:03.6165445+03:00" endTime="2026-06-11T12:53:03.6165446+03:00" testType="13cdc9d9-ddb5-4fa4-a97d-d965ccfc6d4b" outcome="Passed" testListId="8c84fa94-04c1-424b-9868-57a2d4851a1d" relativeResultsDirectory="274d3a44-dcb8-4416-a2b2-5f48fa0ae82c" />
    <UnitTestResult executionId="3b34c245-7e18-406e-a04a-d8cb06473716" testId="14691767-2f44-a798-ec15-fad42b812e2e" testName="PlantProcess.Analytics.Core.Tests.SuggestionEngineTests.Identical_findings_produce_identical_cards_stable_ids_and_order" computerName="WAP174432" duration="00:00:00.0555382" startTime="2026-06-11T12:53:03.6176349+03:00" endTime="2026-06-11T12:53:03.6176350+03:00" testType="13cdc9d9-ddb5-4fa4-a97d-d965ccfc6d4b" outcome="Passed" testListId="8c84fa94-04c1-424b-9868-57a2d4851a1d" relativeResultsDirectory="3b34c245-7e18-406e-a04a-d8cb06473716" />
    <UnitTestResult executionId="7137a53b-d63a-4feb-bba7-36427310d368" testId="ea62f543-1464-1122-26a5-6a568f593c13" testName="PlantProcess.Analytics.Core.Tests.GroundingContractTests.A_root_cause_assertion_is_blocked" computerName="WAP174432" duration="00:00:00.0003338" startTime="2026-06-11T12:53:03.6169243+03:00" endTime="2026-06-11T12:53:03.6169244+03:00" testType="13cdc9d9-ddb5-4fa4-a97d-d965ccfc6d4b" outcome="Passed" testListId="8c84fa94-04c1-424b-9868-57a2d4851a1d" relativeResultsDirectory="7137a53b-d63a-4feb-bba7-36427310d368" />
    <UnitTestResult executionId="5012d22d-7a76-4bfb-842e-9eae3caa769c" testId="0fe49582-0c1a-a793-110a-84b66047bb37" testName="PlantProcess.Analytics.Core.Tests.P06_MethodSelectionTests.Categorical_categorical_uses_cramers_v" computerName="WAP174432" duration="00:00:00.0006750" startTime="2026-06-11T12:53:03.6100228+03:00" endTime="2026-06-11T12:53:03.6100230+03:00" testType="13cdc9d9-ddb5-4fa4-a97d-d965ccfc6d4b" outcome="Passed" testListId="8c84fa94-04c1-424b-9868-57a2d4851a1d" relativeResultsDirectory="5012d22d-7a76-4bfb-842e-9eae3caa769c" />
    <UnitTestResult executionId="37ad5e2d-8d87-4245-bf4f-f014cd92e8f0" testId="f8d4ceb5-175c-e9e6-a35f-6c39fb2af151" testName="PlantProcess.Analytics.Core.Tests.P06_ReadinessGateTests.Heats_just_below_ready_is_partial" computerName="WAP174432" duration="00:00:00.4580333" startTime="2026-06-11T12:53:03.6099132+03:00" endTime="2026-06-11T12:53:03.6099133+03:00" testType="13cdc9d9-ddb5-4fa4-a97d-d965ccfc6d4b" outcome="Passed" testListId="8c84fa94-04c1-424b-9868-57a2d4851a1d" relativeResultsDirectory="37ad5e2d-8d87-4245-bf4f-f014cd92e8f0" />
    <UnitTestResult executionId="93ae82da-3555-4d0e-a572-89683012df0d" testId="b6d941a1-d168-88c0-0bff-7146368b4678" testName="PlantProcess.Analytics.Core.Tests.GroundingContractTests.Insufficient_evidence_yields_an_honest_refusal_not_a_guess" computerName="WAP174432" duration="00:00:00.0004638" startTime="2026-06-11T12:53:03.6156720+03:00" endTime="2026-06-11T12:53:03.6156721+03:00" testType="13cdc9d9-ddb5-4fa4-a97d-d965ccfc6d4b" outcome="Passed" testListId="8c84fa94-04c1-424b-9868-57a2d4851a1d" relativeResultsDirectory="93ae82da-3555-4d0e-a572-89683012df0d" />
    <UnitTestResult executionId="f3ad7ed1-0b2c-43c8-9d85-0806c7d269cd" testId="c56302bf-2492-142f-3da4-12a69782346c" testName="PlantProcess.Analytics.Core.Tests.P05_PrimitivesTests.Median_is_exact" computerName="WAP174432" duration="00:00:00.0132367" startTime="2026-06-11T12:53:03.6154365+03:00" endTime="2026-06-11T12:53:03.6154366+03:00" testType="13cdc9d9-ddb5-4fa4-a97d-d965ccfc6d4b" outcome="Passed" testListId="8c84fa94-04c1-424b-9868-57a2d4851a1d" relativeResultsDirectory="f3ad7ed1-0b2c-43c8-9d85-0806c7d269cd" />
    <UnitTestResult executionId="e7afc210-98ac-433f-9216-a2b4f764ddca" testId="a6f569f6-79cb-7691-c9b1-6cc8824def32" testName="PlantProcess.Analytics.Core.Tests.P06_ReadinessGateTests.All_at_ready_thresholds_is_ready" computerName="WAP174432" duration="00:00:00.0004567" startTime="2026-06-11T12:53:03.6143170+03:00" endTime="2026-06-11T12:53:03.6143170+03:00" testType="13cdc9d9-ddb5-4fa4-a97d-d965ccfc6d4b" outcome="Passed" testListId="8c84fa94-04c1-424b-9868-57a2d4851a1d" relativeResultsDirectory="e7afc210-98ac-433f-9216-a2b4f764ddca" />
    <UnitTestResult executionId="79c46c55-8ae1-4f2b-9795-01ea894c30d4" testId="71c51724-360b-cc9b-b2ae-99020b315b79" testName="PlantProcess.Analytics.Core.Tests.P06_MethodSelectionTests.Numeric_numeric_nonlinear_uses_mutual_information" computerName="WAP174432" duration="00:00:00.0012123" startTime="2026-06-11T12:53:03.6071184+03:00" endTime="2026-06-11T12:53:03.6071185+03:00" testType="13cdc9d9-ddb5-4fa4-a97d-d965ccfc6d4b" outcome="Passed" testListId="8c84fa94-04c1-424b-9868-57a2d4851a1d" relativeResultsDirectory="79c46c55-8ae1-4f2b-9795-01ea894c30d4" />
    <UnitTestResult executionId="49103259-c498-4b34-a635-3ea4cb8933d6" testId="76c4ee63-4fb4-4e2a-26bc-a6ea8c4a3dae" testName="PlantProcess.Analytics.Core.Tests.P05_KpiEngineTests.Per_tenant_targets_isolate" computerName="WAP174432" duration="00:00:00.0010522" startTime="2026-06-11T12:53:03.6118430+03:00" endTime="2026-06-11T12:53:03.6118431+03:00" testType="13cdc9d9-ddb5-4fa4-a97d-d965ccfc6d4b" outcome="Passed" testListId="8c84fa94-04c1-424b-9868-57a2d4851a1d" relativeResultsDirectory="49103259-c498-4b34-a635-3ea4cb8933d6" />
    <UnitTestResult executionId="eeba0fc6-b8a0-4a18-8774-45b3104b3a05" testId="4e4797a6-5970-3a68-e296-7fcce050a560" testName="PlantProcess.Analytics.Core.Tests.P06_DisciplineTests.Stratification_flags_non_survival_on_sign_flip" computerName="WAP174432" duration="00:00:00.4313697" startTime="2026-06-11T12:53:03.5501345+03:00" endTime="2026-06-11T12:53:03.5502301+03:00" testType="13cdc9d9-ddb5-4fa4-a97d-d965ccfc6d4b" outcome="Passed" testListId="8c84fa94-04c1-424b-9868-57a2d4851a1d" relativeResultsDirectory="eeba0fc6-b8a0-4a18-8774-45b3104b3a05" />
    <UnitTestResult executionId="752ebe6a-bdf9-4468-b4d9-9776949ea6db" testId="664993d4-645c-79b0-4c8b-df527c465778" testName="PlantProcess.Analytics.Core.Tests.P06_ReadinessGateTests.Thresholds_are_overridable_per_tenant" computerName="WAP174432" duration="00:00:00.0007356" startTime="2026-06-11T12:53:03.6142455+03:00" endTime="2026-06-11T12:53:03.6142456+03:00" testType="13cdc9d9-ddb5-4fa4-a97d-d965ccfc6d4b" outcome="Passed" testListId="8c84fa94-04c1-424b-9868-57a2d4851a1d" relativeResultsDirectory="752ebe6a-bdf9-4468-b4d9-9776949ea6db" />
    <UnitTestResult executionId="e903e93d-87a1-45b9-8fc2-7931fb420f10" testId="87328ad7-cb4e-3e14-4e54-4667a5d0fd2e" testName="PlantProcess.Analytics.Core.Tests.P05_PrimitivesTests.Comparison_difference_and_percent_are_exact" computerName="WAP174432" duration="00:00:00.0023765" startTime="2026-06-11T12:53:03.6084859+03:00" endTime="2026-06-11T12:53:03.6084860+03:00" testType="13cdc9d9-ddb5-4fa4-a97d-d965ccfc6d4b" outcome="Passed" testListId="8c84fa94-04c1-424b-9868-57a2d4851a1d" relativeResultsDirectory="e903e93d-87a1-45b9-8fc2-7931fb420f10" />
    <UnitTestResult executionId="fbf51c03-16ac-4d06-abb8-ba462db9b16c" testId="12997d20-a98e-a391-a8c0-5e0dc83a5dd4" testName="PlantProcess.Analytics.Core.Tests.P06_MethodSelectionTests.Selector_is_deterministic" computerName="WAP174432" duration="00:00:00.0029907" startTime="2026-06-11T12:53:03.6087177+03:00" endTime="2026-06-11T12:53:03.6087178+03:00" testType="13cdc9d9-ddb5-4fa4-a97d-d965ccfc6d4b" outcome="Passed" testListId="8c84fa94-04c1-424b-9868-57a2d4851a1d" relativeResultsDirectory="fbf51c03-16ac-4d06-abb8-ba462db9b16c" />
    <UnitTestResult executionId="a51f9a70-81ba-4704-bb6f-0a8818429227" testId="dc43a36e-924c-1d14-0ee4-f8f7f6c61f4d" testName="PlantProcess.Analytics.Core.Tests.P06_StatisticalMethodsTests.Spearman_recovers_planted_monotonic_relationship" computerName="WAP174432" duration="00:00:00.0007525" startTime="2026-06-11T12:53:03.6025631+03:00" endTime="2026-06-11T12:53:03.6025632+03:00" testType="13cdc9d9-ddb5-4fa4-a97d-d965ccfc6d4b" outcome="Passed" testListId="8c84fa94-04c1-424b-9868-57a2d4851a1d" relativeResultsDirectory="a51f9a70-81ba-4704-bb6f-0a8818429227" />
    <UnitTestResult executionId="a99ad180-ebde-4945-8e9e-9f9415d78da8" testId="95637509-bd39-bd1f-39b7-467b2958ce4b" testName="PlantProcess.Analytics.Core.Tests.GroundingContractTests.A_seed_backed_claim_is_never_surfaced" computerName="WAP174432" duration="00:00:00.0005744" startTime="2026-06-11T12:53:03.6163434+03:00" endTime="2026-06-11T12:53:03.6163434+03:00" testType="13cdc9d9-ddb5-4fa4-a97d-d965ccfc6d4b" outcome="Passed" testListId="8c84fa94-04c1-424b-9868-57a2d4851a1d" relativeResultsDirectory="a99ad180-ebde-4945-8e9e-9f9415d78da8" />
    <UnitTestResult executionId="85e59e74-82b2-4722-aec1-ad643cda46a0" testId="2cbb8403-2799-553c-87cc-b933e78cedbd" testName="PlantProcess.Analytics.Core.Tests.P06_GoldenGateTests.Advanced_result_contract_blocks_render_without_method_samplesize_or_caveat" computerName="WAP174432" duration="00:00:00.0011208" startTime="2026-06-11T12:53:03.8169274+03:00" endTime="2026-06-11T12:53:03.8169283+03:00" testType="13cdc9d9-ddb5-4fa4-a97d-d965ccfc6d4b" outcome="Passed" testListId="8c84fa94-04c1-424b-9868-57a2d4851a1d" relativeResultsDirectory="85e59e74-82b2-4722-aec1-ad643cda46a0" />
    <UnitTestResult executionId="f236cb36-cb7e-4863-9043-a8b1ab7c39b4" testId="ca9e6b8c-5ddc-aa98-0a0b-66ac65895fa4" testName="PlantProcess.Analytics.Core.Tests.CorrelationConsolidationArchitectureTests.Legacy_correlation_service_is_explicitly_quarantined_by_canonical_engine_contract" computerName="WAP174432" duration="00:00:00.4318743" startTime="2026-06-11T12:53:03.5654189+03:00" endTime="2026-06-11T12:53:03.5654203+03:00" testType="13cdc9d9-ddb5-4fa4-a97d-d965ccfc6d4b" outcome="Passed" testListId="8c84fa94-04c1-424b-9868-57a2d4851a1d" relativeResultsDirectory="f236cb36-cb7e-4863-9043-a8b1ab7c39b4" />
    <UnitTestResult executionId="34ada10a-35c2-429c-8edf-fa11ee860876" testId="8d02a075-11f0-870d-a7f4-17d99c433d40" testName="PlantProcess.Analytics.Core.Tests.ValueHonestyLintTests.Compliant_text_passes(text: &quot;&quot;)" computerName="WAP174432" duration="00:00:00.0007429" startTime="2026-06-11T12:53:03.6020865+03:00" endTime="2026-06-11T12:53:03.6020866+03:00" testType="13cdc9d9-ddb5-4fa4-a97d-d965ccfc6d4b" outcome="Passed" testListId="8c84fa94-04c1-424b-9868-57a2d4851a1d" relativeResultsDirectory="34ada10a-35c2-429c-8edf-fa11ee860876" />
    <UnitTestResult executionId="806112b9-22ff-4d0a-ae28-e9b4888e729b" testId="c7bdf123-89f8-924f-319c-005a7f4cbdd1" testName="PlantProcess.Analytics.Core.Tests.ValueHonestyLintTests.Forbidden_phrases_are_rejected(text: &quot;This will save you money&quot;)" computerName="WAP174432" duration="00:00:00.0000450" startTime="2026-06-11T12:53:03.6082644+03:00" endTime="2026-06-11T12:53:03.6082645+03:00" testType="13cdc9d9-ddb5-4fa4-a97d-d965ccfc6d4b" outcome="Passed" testListId="8c84fa94-04c1-424b-9868-57a2d4851a1d" relativeResultsDirectory="806112b9-22ff-4d0a-ae28-e9b4888e729b" />
    <UnitTestResult executionId="9a8f8837-29fa-4007-8bca-9ea7bd0f2cd0" testId="a135dad5-d7b8-2e7f-8df6-2da38971deb9" testName="PlantProcess.Analytics.Core.Tests.P06_MethodSelectionTests.Numeric_numeric_monotonic_uses_spearman" computerName="WAP174432" duration="00:00:00.4397026" startTime="2026-06-11T12:53:03.5683413+03:00" endTime="2026-06-11T12:53:03.5683414+03:00" testType="13cdc9d9-ddb5-4fa4-a97d-d965ccfc6d4b" outcome="Passed" testListId="8c84fa94-04c1-424b-9868-57a2d4851a1d" relativeResultsDirectory="9a8f8837-29fa-4007-8bca-9ea7bd0f2cd0" />
    <UnitTestResult executionId="2a8de74a-1559-4e05-b43b-dead7927b740" testId="55d315f9-387e-bfec-2150-741efaa67b35" testName="PlantProcess.Analytics.Core.Tests.ValueImpactEngineTests.Downtime_term_uses_production_stop_minutes_not_raw_downtime" computerName="WAP174432" duration="00:00:00.0020906" startTime="2026-06-11T12:53:03.6180703+03:00" endTime="2026-06-11T12:53:03.6180704+03:00" testType="13cdc9d9-ddb5-4fa4-a97d-d965ccfc6d4b" outcome="Passed" testListId="8c84fa94-04c1-424b-9868-57a2d4851a1d" relativeResultsDirectory="2a8de74a-1559-4e05-b43b-dead7927b740" />
    <UnitTestResult executionId="3826d5f4-5eec-42a9-8645-21c71dce76fe" testId="b0e5de89-ff94-5b74-5641-e51f4db298c7" testName="PlantProcess.Analytics.Core.Tests.P05_KpiEngineTests.Invalid_formula_raises_typed_error" computerName="WAP174432" duration="00:00:00.4639293" startTime="2026-06-11T12:53:03.6090218+03:00" endTime="2026-06-11T12:53:03.6090219+03:00" testType="13cdc9d9-ddb5-4fa4-a97d-d965ccfc6d4b" outcome="Passed" testListId="8c84fa94-04c1-424b-9868-57a2d4851a1d" relativeResultsDirectory="3826d5f4-5eec-42a9-8645-21c71dce76fe" />
    <UnitTestResult executionId="0806fc60-d6c2-421f-92c1-7661db9ac891" testId="29faed79-25df-8ee8-1111-c759fd5cb748" testName="PlantProcess.Analytics.Core.Tests.P05_PrimitivesTests.Empty_and_single_and_zero_denominator_never_throw" computerName="WAP174432" duration="00:00:00.0127041" startTime="2026-06-11T12:53:03.6129074+03:00" endTime="2026-06-11T12:53:03.6129074+03:00" testType="13cdc9d9-ddb5-4fa4-a97d-d965ccfc6d4b" outcome="Passed" testListId="8c84fa94-04c1-424b-9868-57a2d4851a1d" relativeResultsDirectory="0806fc60-d6c2-421f-92c1-7661db9ac891" />
    <UnitTestResult executionId="f519112b-19cc-4c4d-a8a4-dcb429fb9764" testId="1b7724c4-da44-7bda-de52-e87993d91b01" testName="PlantProcess.Analytics.Core.Tests.P06_ReadinessGateTests.Every_dimension_has_a_reason" computerName="WAP174432" duration="00:00:00.0146067" startTime="2026-06-11T12:53:03.6119540+03:00" endTime="2026-06-11T12:53:03.6119541+03:00" testType="13cdc9d9-ddb5-4fa4-a97d-d965ccfc6d4b" outcome="Passed" testListId="8c84fa94-04c1-424b-9868-57a2d4851a1d" relativeResultsDirectory="f519112b-19cc-4c4d-a8a4-dcb429fb9764" />
    <UnitTestResult executionId="8f27ed3f-e5a7-48d6-842f-dc5320310e59" testId="e2b4ec46-0cbf-b6a1-e085-4057fbfc7a10" testName="PlantProcess.Analytics.Core.Tests.P05_PrimitivesTests.Every_result_carries_complete_metadata" computerName="WAP174432" duration="00:00:00.0025360" startTime="2026-06-11T12:53:03.6167124+03:00" endTime="2026-06-11T12:53:03.6167125+03:00" testType="13cdc9d9-ddb5-4fa4-a97d-d965ccfc6d4b" outcome="Passed" testListId="8c84fa94-04c1-424b-9868-57a2d4851a1d" relativeResultsDirectory="8f27ed3f-e5a7-48d6-842f-dc5320310e59" />
    <UnitTestResult executionId="0185d73d-a03b-47ba-a1ef-16ab8910e8af" testId="0a1f4501-a746-b153-c746-a0703fada5bc" testName="PlantProcess.Analytics.Core.Tests.P05_PrimitivesTests.Min_is_exact" computerName="WAP174432" duration="00:00:00.0008488" startTime="2026-06-11T12:53:03.6145809+03:00" endTime="2026-06-11T12:53:03.6145810+03:00" testType="13cdc9d9-ddb5-4fa4-a97d-d965ccfc6d4b" outcome="Passed" testListId="8c84fa94-04c1-424b-9868-57a2d4851a1d" relativeResultsDirectory="0185d73d-a03b-47ba-a1ef-16ab8910e8af" />
    <UnitTestResult executionId="7e40835e-78a2-48b2-9199-e9a718aa55ff" testId="5a60e4ff-7052-8a31-6943-5aed2ea75162" testName="PlantProcess.Analytics.Core.Tests.GroundingContractTests.Every_surfaced_number_traces_to_a_claim_handle" computerName="WAP174432" duration="00:00:00.0026212" startTime="2026-06-11T12:53:03.6168523+03:00" endTime="2026-06-11T12:53:03.6168524+03:00" testType="13cdc9d9-ddb5-4fa4-a97d-d965ccfc6d4b" outcome="Passed" testListId="8c84fa94-04c1-424b-9868-57a2d4851a1d" relativeResultsDirectory="7e40835e-78a2-48b2-9199-e9a718aa55ff" />
    <UnitTestResult executionId="8b7df925-9eea-4861-ac63-3cb6159c3418" testId="2e477dc5-62aa-f4d1-5f54-cd076ee0f3dd" testName="PlantProcess.Analytics.Core.Tests.RiskCalibrationServiceTests.Too_few_outcomes_abstains" computerName="WAP174432" duration="00:00:00.0002373" startTime="2026-06-11T12:53:03.6113410+03:00" endTime="2026-06-11T12:53:03.6113411+03:00" testType="13cdc9d9-ddb5-4fa4-a97d-d965ccfc6d4b" outcome="Passed" testListId="8c84fa94-04c1-424b-9868-57a2d4851a1d" relativeResultsDirectory="8b7df925-9eea-4861-ac63-3cb6159c3418" />
    <UnitTestResult executionId="1ea3f5fe-91ab-4459-be4f-aa480464c81c" testId="4b48c7c8-6d24-6f08-5ad7-d69a8b4fb45c" testName="PlantProcess.Analytics.Core.Tests.ValueImpactEngineTests.Every_term_exposes_inputs_and_a_resolvable_handle" computerName="WAP174432" duration="00:00:00.0008076" startTime="2026-06-11T12:53:03.6177115+03:00" endTime="2026-06-11T12:53:03.6177116+03:00" testType="13cdc9d9-ddb5-4fa4-a97d-d965ccfc6d4b" outcome="Passed" testListId="8c84fa94-04c1-424b-9868-57a2d4851a1d" relativeResultsDirectory="1ea3f5fe-91ab-4459-be4f-aa480464c81c" />
    <UnitTestResult executionId="49e1a7af-f4a7-477f-9758-8bae42aeed84" testId="33577265-1e25-7660-9292-399ec7994fa8" testName="PlantProcess.Analytics.Core.Tests.RiskCalibrationServiceTests.Reliability_buckets_are_correct" computerName="WAP174432" duration="00:00:00.0096782" startTime="2026-06-11T12:53:03.6102849+03:00" endTime="2026-06-11T12:53:03.6102850+03:00" testType="13cdc9d9-ddb5-4fa4-a97d-d965ccfc6d4b" outcome="Passed" testListId="8c84fa94-04c1-424b-9868-57a2d4851a1d" relativeResultsDirectory="49e1a7af-f4a7-477f-9758-8bae42aeed84" />
    <UnitTestResult executionId="68d9de9c-361c-417d-b863-84558d8c65a8" testId="0a82e8b7-bede-5cab-cfd3-e673f1c057b3" testName="PlantProcess.Analytics.Core.Tests.P05_PrimitivesTests.Count_is_exact" computerName="WAP174432" duration="00:00:00.0002199" startTime="2026-06-11T12:53:03.6141626+03:00" endTime="2026-06-11T12:53:03.6141627+03:00" testType="13cdc9d9-ddb5-4fa4-a97d-d965ccfc6d4b" outcome="Passed" testListId="8c84fa94-04c1-424b-9868-57a2d4851a1d" relativeResultsDirectory="68d9de9c-361c-417d-b863-84558d8c65a8" />
    <UnitTestResult executionId="6072952d-020c-485f-a7be-5b3c1e591cab" testId="e6154ab5-ecb2-a845-2f23-9440d4609fd1" testName="PlantProcess.Analytics.Core.Tests.P05_PrimitivesTests.Rate_per_thousand_is_exact" computerName="WAP174432" duration="00:00:00.0003800" startTime="2026-06-11T12:53:03.6153594+03:00" endTime="2026-06-11T12:53:03.6153595+03:00" testType="13cdc9d9-ddb5-4fa4-a97d-d965ccfc6d4b" outcome="Passed" testListId="8c84fa94-04c1-424b-9868-57a2d4851a1d" relativeResultsDirectory="6072952d-020c-485f-a7be-5b3c1e591cab" />
    <UnitTestResult executionId="628f10ed-0d2e-45d6-9178-7289a4706ed2" testId="32f9884e-becb-9484-f850-7cc3e836f5c1" testName="PlantProcess.Analytics.Core.Tests.P06_DisciplineTests.A_strong_true_signal_survives_fdr_amongst_nulls_and_q_is_reported" computerName="WAP174432" duration="00:00:00.0124109" startTime="2026-06-11T12:53:03.6133779+03:00" endTime="2026-06-11T12:53:03.6133780+03:00" testType="13cdc9d9-ddb5-4fa4-a97d-d965ccfc6d4b" outcome="Passed" testListId="8c84fa94-04c1-424b-9868-57a2d4851a1d" relativeResultsDirectory="628f10ed-0d2e-45d6-9178-7289a4706ed2" />
    <UnitTestResult executionId="65ba3d51-6f3f-4ea7-ab23-6820b81949a6" testId="be32ce72-3d83-e5a8-1af0-39f8860acad5" testName="PlantProcess.Analytics.Core.Tests.P06_DisciplineTests.Ranking_is_by_effect_size_not_p_value" computerName="WAP174432" duration="00:00:00.0128495" startTime="2026-06-11T12:53:03.6114505+03:00" endTime="2026-06-11T12:53:03.6114506+03:00" testType="13cdc9d9-ddb5-4fa4-a97d-d965ccfc6d4b" outcome="Passed" testListId="8c84fa94-04c1-424b-9868-57a2d4851a1d" relativeResultsDirectory="65ba3d51-6f3f-4ea7-ab23-6820b81949a6" />
    <UnitTestResult executionId="4e7aa321-3c11-43f6-896f-8e18b918c0d5" testId="4cf83695-7865-6db8-10ac-63f99e5e4c50" testName="PlantProcess.Analytics.Core.Tests.RiskCalibrationServiceTests.Same_input_is_reproducible" computerName="WAP174432" duration="00:00:00.0070858" startTime="2026-06-11T12:53:03.6117067+03:00" endTime="2026-06-11T12:53:03.6117068+03:00" testType="13cdc9d9-ddb5-4fa4-a97d-d965ccfc6d4b" outcome="Passed" testListId="8c84fa94-04c1-424b-9868-57a2d4851a1d" relativeResultsDirectory="4e7aa321-3c11-43f6-896f-8e18b918c0d5" />
    <UnitTestResult executionId="79f8ba01-5a0a-461b-b7b3-0a8a752be84b" testId="785a3516-0ba2-68d4-f345-e00fd4486d3b" testName="PlantProcess.Analytics.Core.Tests.P06_StatisticalMethodsTests.Lasso_drops_noise_features_and_keeps_informative" computerName="WAP174432" duration="00:00:00.0078170" startTime="2026-06-11T12:53:03.6169710+03:00" endTime="2026-06-11T12:53:03.6169711+03:00" testType="13cdc9d9-ddb5-4fa4-a97d-d965ccfc6d4b" outcome="Passed" testListId="8c84fa94-04c1-424b-9868-57a2d4851a1d" relativeResultsDirectory="79f8ba01-5a0a-461b-b7b3-0a8a752be84b" />
    <UnitTestResult executionId="cefd939f-461f-4b42-a9ba-79c44ffb889d" testId="94a48594-2f07-8927-84dc-36564847074e" testName="PlantProcess.Analytics.Core.Tests.P06_MethodSelectionTests.Many_collinear_predictors_use_lasso_vif" computerName="WAP174432" duration="00:00:00.0001615" startTime="2026-06-11T12:53:03.6072365+03:00" endTime="2026-06-11T12:53:03.6072366+03:00" testType="13cdc9d9-ddb5-4fa4-a97d-d965ccfc6d4b" outcome="Passed" testListId="8c84fa94-04c1-424b-9868-57a2d4851a1d" relativeResultsDirectory="cefd939f-461f-4b42-a9ba-79c44ffb889d" />
    <UnitTestResult executionId="0dc9a4ac-db30-4504-8163-addc4b8d2a12" testId="1d3f7a9f-e31a-e2e2-bdeb-cd03143a28ff" testName="PlantProcess.Analytics.Core.Tests.P06_ReadinessGateTests.Any_blocked_dimension_blocks_overall(heats: 60, events: 40, minority: 0.10000000000000001, fresh: 1, complete: 0.83999999999999997)" computerName="WAP174432" duration="00:00:00.0000200" startTime="2026-06-11T12:53:03.6132270+03:00" endTime="2026-06-11T12:53:03.6132271+03:00" testType="13cdc9d9-ddb5-4fa4-a97d-d965ccfc6d4b" outcome="Passed" testListId="8c84fa94-04c1-424b-9868-57a2d4851a1d" relativeResultsDirectory="0dc9a4ac-db30-4504-8163-addc4b8d2a12" />
    <UnitTestResult executionId="e496d52c-5e5c-4f10-a964-aa28b62a116c" testId="a7c75468-9d9d-ff4d-3c3f-f9bbbd1eb57b" testName="PlantProcess.Analytics.Core.Tests.P06_DisciplineTests.Bootstrap_marks_independent_pair_unstable_and_strong_pair_stable" computerName="WAP174432" duration="00:00:00.1384739" startTime="2026-06-11T12:53:03.7139238+03:00" endTime="2026-06-11T12:53:03.7139254+03:00" testType="13cdc9d9-ddb5-4fa4-a97d-d965ccfc6d4b" outcome="Passed" testListId="8c84fa94-04c1-424b-9868-57a2d4851a1d" relativeResultsDirectory="e496d52c-5e5c-4f10-a964-aa28b62a116c" />
    <UnitTestResult executionId="c9aafa75-f5b3-40fa-b6c2-07f969891f58" testId="35508598-f2ec-1ef8-3e68-b3990dc20647" testName="PlantProcess.Analytics.Core.Tests.ValueHonestyLintTests.Forbidden_phrases_are_rejected(text: &quot;This change is guaranteed to help&quot;)" computerName="WAP174432" duration="00:00:00.0030413" startTime="2026-06-11T12:53:03.6074559+03:00" endTime="2026-06-11T12:53:03.6074560+03:00" testType="13cdc9d9-ddb5-4fa4-a97d-d965ccfc6d4b" outcome="Passed" testListId="8c84fa94-04c1-424b-9868-57a2d4851a1d" relativeResultsDirectory="c9aafa75-f5b3-40fa-b6c2-07f969891f58" />
    <UnitTestResult executionId="b1e58d82-50a6-424a-971c-3f5ec691ec46" testId="6e003a91-7abc-da04-ff02-3bac5d7bdfaf" testName="PlantProcess.Analytics.Core.Tests.RiskCalibrationServiceTests.Brier_score_matches_hand_computed_value" computerName="WAP174432" duration="00:00:00.0016703" startTime="2026-06-11T12:53:03.6112103+03:00" endTime="2026-06-11T12:53:03.6112105+03:00" testType="13cdc9d9-ddb5-4fa4-a97d-d965ccfc6d4b" outcome="Passed" testListId="8c84fa94-04c1-424b-9868-57a2d4851a1d" relativeResultsDirectory="b1e58d82-50a6-424a-971c-3f5ec691ec46" />
    <UnitTestResult executionId="4993a87c-a55c-481e-b157-c8b726a8808b" testId="b279e9e1-544e-f804-15a9-e405e8a78092" testName="PlantProcess.Analytics.Core.Tests.SuggestionEngineTests.Confidence_rises_with_data_quality_sample_and_stability" computerName="WAP174432" duration="00:00:00.0004666" startTime="2026-06-11T12:53:03.6177857+03:00" endTime="2026-06-11T12:53:03.6177857+03:00" testType="13cdc9d9-ddb5-4fa4-a97d-d965ccfc6d4b" outcome="Passed" testListId="8c84fa94-04c1-424b-9868-57a2d4851a1d" relativeResultsDirectory="4993a87c-a55c-481e-b157-c8b726a8808b" />
    <UnitTestResult executionId="0d01d048-1712-40ce-9567-7d9e50dcd413" testId="9401c9cd-92d9-9610-76dc-c9985110a144" testName="PlantProcess.Analytics.Core.Tests.GroundingContractTests.Extractive_model_frames_associations_and_authorises_its_numbers" computerName="WAP174432" duration="00:00:00.4932677" startTime="2026-06-11T12:53:03.6155889+03:00" endTime="2026-06-11T12:53:03.6155890+03:00" testType="13cdc9d9-ddb5-4fa4-a97d-d965ccfc6d4b" outcome="Passed" testListId="8c84fa94-04c1-424b-9868-57a2d4851a1d" relativeResultsDirectory="0d01d048-1712-40ce-9567-7d9e50dcd413" />
    <UnitTestResult executionId="23e2dfa5-bf2d-4bd8-a183-ff2158f053b3" testId="df0eb905-82dd-8569-2ca7-85ebe23d35ec" testName="PlantProcess.Analytics.Core.Tests.P05_PrimitivesTests.Threshold_flags_breach_and_ok" computerName="WAP174432" duration="00:00:00.0007182" startTime="2026-06-11T12:53:03.6152400+03:00" endTime="2026-06-11T12:53:03.6152401+03:00" testType="13cdc9d9-ddb5-4fa4-a97d-d965ccfc6d4b" outcome="Passed" testListId="8c84fa94-04c1-424b-9868-57a2d4851a1d" relativeResultsDirectory="23e2dfa5-bf2d-4bd8-a183-ff2158f053b3" />
    <UnitTestResult executionId="dee2f3dc-d36c-4395-acf7-184e4cb36a77" testId="1b7bc332-6e11-af39-f597-c6f32b27a0a5" testName="PlantProcess.Analytics.Core.Tests.P05_PrimitivesTests.Status_rag_is_correct(value: 50, expected: &quot;Red&quot;)" computerName="WAP174432" duration="00:00:00.0000331" startTime="2026-06-11T12:53:03.6101824+03:00" endTime="2026-06-11T12:53:03.6101824+03:00" testType="13cdc9d9-ddb5-4fa4-a97d-d965ccfc6d4b" outcome="Passed" testListId="8c84fa94-04c1-424b-9868-57a2d4851a1d" relativeResultsDirectory="dee2f3dc-d36c-4395-acf7-184e4cb36a77" />
    <UnitTestResult executionId="e34e8ab4-8ace-424a-9605-712955a26324" testId="0f44864c-de13-4dba-4dc1-a46985f2741c" testName="PlantProcess.Analytics.Core.Tests.P05_KpiEngineTests.Sql_view_kpi_validates_then_uses_measured_value" computerName="WAP174432" duration="00:00:00.0136354" startTime="2026-06-11T12:53:03.6117598+03:00" endTime="2026-06-11T12:53:03.6117599+03:00" testType="13cdc9d9-ddb5-4fa4-a97d-d965ccfc6d4b" outcome="Passed" testListId="8c84fa94-04c1-424b-9868-57a2d4851a1d" relativeResultsDirectory="e34e8ab4-8ace-424a-9605-712955a26324" />
    <UnitTestResult executionId="7c4e5100-5a00-409d-a123-f65c666af4d6" testId="2ec6afa6-0fc8-bc78-a9e2-f124e0ea0952" testName="PlantProcess.Analytics.Core.Tests.P05_PrimitivesTests.Max_is_exact" computerName="WAP174432" duration="00:00:00.4523541" startTime="2026-06-11T12:53:03.6073487+03:00" endTime="2026-06-11T12:53:03.6073488+03:00" testType="13cdc9d9-ddb5-4fa4-a97d-d965ccfc6d4b" outcome="Passed" testListId="8c84fa94-04c1-424b-9868-57a2d4851a1d" relativeResultsDirectory="7c4e5100-5a00-409d-a123-f65c666af4d6" />
    <UnitTestResult executionId="7751d6f3-c961-474e-9a61-a85363e5bcac" testId="9149638a-99f4-7de7-07f8-b6058d0f2bfe" testName="PlantProcess.Analytics.Core.Tests.ValueImpactEngineTests.Identical_inputs_are_deterministic" computerName="WAP174432" duration="00:00:00.5065294" startTime="2026-06-11T12:53:03.6175426+03:00" endTime="2026-06-11T12:53:03.6175426+03:00" testType="13cdc9d9-ddb5-4fa4-a97d-d965ccfc6d4b" outcome="Passed" testListId="8c84fa94-04c1-424b-9868-57a2d4851a1d" relativeResultsDirectory="7751d6f3-c961-474e-9a61-a85363e5bcac" />
    <UnitTestResult executionId="123c1adf-4144-4559-863f-be2617283560" testId="d4149515-df67-2059-44d4-72075818e6bc" testName="PlantProcess.Analytics.Core.Tests.ValueHonestyLintTests.Forbidden_phrases_are_rejected(text: &quot;It is GUARANTEED&quot;)" computerName="WAP174432" duration="00:00:00.0000163" startTime="2026-06-11T12:53:03.6083740+03:00" endTime="2026-06-11T12:53:03.6083740+03:00" testType="13cdc9d9-ddb5-4fa4-a97d-d965ccfc6d4b" outcome="Passed" testListId="8c84fa94-04c1-424b-9868-57a2d4851a1d" relativeResultsDirectory="123c1adf-4144-4559-863f-be2617283560" />
    <UnitTestResult executionId="df71e466-bddc-4169-8d5f-014579798c9d" testId="01f7232f-90fd-fb52-4c80-1fd92656b5bc" testName="PlantProcess.Analytics.Core.Tests.P05_PrimitivesTests.Average_is_exact" computerName="WAP174432" duration="00:00:00.0013623" startTime="2026-06-11T12:53:03.6103871+03:00" endTime="2026-06-11T12:53:03.6103872+03:00" testType="13cdc9d9-ddb5-4fa4-a97d-d965ccfc6d4b" outcome="Passed" testListId="8c84fa94-04c1-424b-9868-57a2d4851a1d" relativeResultsDirectory="df71e466-bddc-4169-8d5f-014579798c9d" />
    <UnitTestResult executionId="f81e0da2-bf41-44db-b4a4-a486fb6b31d8" testId="bfe055a5-ff96-d11b-209b-79da420d464f" testName="PlantProcess.Analytics.Core.Tests.P06_GoldenGateTests.Engine_recovers_true_signals_and_rejects_decoys_with_correct_discipline" computerName="WAP174432" duration="00:00:00.7156893" startTime="2026-06-11T12:53:03.8156590+03:00" endTime="2026-06-11T12:53:03.8156605+03:00" testType="13cdc9d9-ddb5-4fa4-a97d-d965ccfc6d4b" outcome="Passed" testListId="8c84fa94-04c1-424b-9868-57a2d4851a1d" relativeResultsDirectory="f81e0da2-bf41-44db-b4a4-a486fb6b31d8" />
    <UnitTestResult executionId="198adaaf-752f-4de6-806b-e6a02d3b7f6b" testId="412e1905-8a71-5be0-1643-86607015b045" testName="PlantProcess.Analytics.Core.Tests.P05_PrimitivesTests.Distribution_quantiles_are_exact" computerName="WAP174432" duration="00:00:00.0007699" startTime="2026-06-11T12:53:03.6157549+03:00" endTime="2026-06-11T12:53:03.6157550+03:00" testType="13cdc9d9-ddb5-4fa4-a97d-d965ccfc6d4b" outcome="Passed" testListId="8c84fa94-04c1-424b-9868-57a2d4851a1d" relativeResultsDirectory="198adaaf-752f-4de6-806b-e6a02d3b7f6b" />
    <UnitTestResult executionId="0a41d46c-cca0-49a2-ab4d-455be81ce932" testId="0f193d0c-f872-3702-f964-39a9815934f3" testName="PlantProcess.Analytics.Core.Tests.P05_PrimitivesTests.Sum_is_exact" computerName="WAP174432" duration="00:00:00.0006115" startTime="2026-06-11T12:53:03.6145092+03:00" endTime="2026-06-11T12:53:03.6145093+03:00" testType="13cdc9d9-ddb5-4fa4-a97d-d965ccfc6d4b" outcome="Passed" testListId="8c84fa94-04c1-424b-9868-57a2d4851a1d" relativeResultsDirectory="0a41d46c-cca0-49a2-ab4d-455be81ce932" />
    <UnitTestResult executionId="74918a1a-63ef-4a86-bd22-3c2f11186594" testId="6b86eeb9-b4c4-6303-e078-bb6450b57098" testName="PlantProcess.Analytics.Core.Tests.P05_PrimitivesTests.Trend_recovers_unit_slope_and_direction" computerName="WAP174432" duration="00:00:00.0008621" startTime="2026-06-11T12:53:03.6143878+03:00" endTime="2026-06-11T12:53:03.6143878+03:00" testType="13cdc9d9-ddb5-4fa4-a97d-d965ccfc6d4b" outcome="Passed" testListId="8c84fa94-04c1-424b-9868-57a2d4851a1d" relativeResultsDirectory="74918a1a-63ef-4a86-bd22-3c2f11186594" />
    <UnitTestResult executionId="2111c064-03a3-46f5-9a36-3b47ca5ce275" testId="ff7f0814-a347-38e8-b086-a4e86569557e" testName="PlantProcess.Analytics.Core.Tests.SuggestionEngineTests.A_finding_with_no_evidence_or_a_seed_finding_is_refused" computerName="WAP174432" duration="00:00:00.4513552" startTime="2026-06-11T12:53:03.6066997+03:00" endTime="2026-06-11T12:53:03.6067003+03:00" testType="13cdc9d9-ddb5-4fa4-a97d-d965ccfc6d4b" outcome="Passed" testListId="8c84fa94-04c1-424b-9868-57a2d4851a1d" relativeResultsDirectory="2111c064-03a3-46f5-9a36-3b47ca5ce275" />
    <UnitTestResult executionId="4a405922-aa22-47c6-b5fa-8c620e1da6db" testId="dc0087df-68c4-0421-e961-29313546583d" testName="PlantProcess.Analytics.Core.Tests.ValueImpactEngineTests.DX51D_edge_crack_yields_expected_mid_and_band" computerName="WAP174432" duration="00:00:00.0002712" startTime="2026-06-11T12:53:03.6179507+03:00" endTime="2026-06-11T12:53:03.6179508+03:00" testType="13cdc9d9-ddb5-4fa4-a97d-d965ccfc6d4b" outcome="Passed" testListId="8c84fa94-04c1-424b-9868-57a2d4851a1d" relativeResultsDirectory="4a405922-aa22-47c6-b5fa-8c620e1da6db" />
    <UnitTestResult executionId="efec2c0f-1a6f-4991-8838-c0e2e9e620bc" testId="6bef5f5b-4261-9568-f25b-502a1592c0bf" testName="PlantProcess.Analytics.Core.Tests.P06_ReadinessGateTests.Heats_below_partial_is_blocked_and_cannot_run" computerName="WAP174432" duration="00:00:00.0002185" startTime="2026-06-11T12:53:03.6144583+03:00" endTime="2026-06-11T12:53:03.6144584+03:00" testType="13cdc9d9-ddb5-4fa4-a97d-d965ccfc6d4b" outcome="Passed" testListId="8c84fa94-04c1-424b-9868-57a2d4851a1d" relativeResultsDirectory="efec2c0f-1a6f-4991-8838-c0e2e9e620bc" />
    <UnitTestResult executionId="0702799a-4221-4efe-856e-697d09cd39e3" testId="f5c7a643-a7f2-e316-405b-57b6d27c3cfe" testName="PlantProcess.Analytics.Core.Tests.P06_StatisticalMethodsTests.Mutual_information_detects_nonlinearity_that_spearman_misses" computerName="WAP174432" duration="00:00:00.0453349" startTime="2026-06-11T12:53:03.6164301+03:00" endTime="2026-06-11T12:53:03.6164302+03:00" testType="13cdc9d9-ddb5-4fa4-a97d-d965ccfc6d4b" outcome="Passed" testListId="8c84fa94-04c1-424b-9868-57a2d4851a1d" relativeResultsDirectory="0702799a-4221-4efe-856e-697d09cd39e3" />
    <UnitTestResult executionId="9b9ebdf1-37da-4006-aa57-75f7d761901b" testId="d6e7c15a-534d-bf90-c2ed-a1a9f969b5db" testName="PlantProcess.Analytics.Core.Tests.P05_PrimitivesTests.Sample_stdev_matches_hand_computed" computerName="WAP174432" duration="00:00:00.0011106" startTime="2026-06-11T12:53:03.6133082+03:00" endTime="2026-06-11T12:53:03.6133083+03:00" testType="13cdc9d9-ddb5-4fa4-a97d-d965ccfc6d4b" outcome="Passed" testListId="8c84fa94-04c1-424b-9868-57a2d4851a1d" relativeResultsDirectory="9b9ebdf1-37da-4006-aa57-75f7d761901b" />
    <UnitTestResult executionId="68511285-5193-4e6b-9329-de3fb28065e4" testId="c72180bc-681c-e20e-4729-059345200160" testName="PlantProcess.Analytics.Core.Tests.P06_ReadinessGateTests.Any_blocked_dimension_blocks_overall(heats: 0, events: 14, minority: 0.10000000000000001, fresh: 1, complete: 0.94999999999999996)" computerName="WAP174432" duration="00:00:00.0000809" startTime="2026-06-11T12:53:03.6131726+03:00" endTime="2026-06-11T12:53:03.6131727+03:00" testType="13cdc9d9-ddb5-4fa4-a97d-d965ccfc6d4b" outcome="Passed" testListId="8c84fa94-04c1-424b-9868-57a2d4851a1d" relativeResultsDirectory="68511285-5193-4e6b-9329-de3fb28065e4" />
    <UnitTestResult executionId="ecb4a8ff-4d7a-4a7d-beb9-5e7790e330e3" testId="a3887b78-4824-9b83-f2c1-81343f336078" testName="PlantProcess.Analytics.Core.Tests.SuggestionEngineTests.Every_card_has_a_resolvable_handle_and_a_ranged_impact" computerName="WAP174432" duration="00:00:00.0013860" startTime="2026-06-11T12:53:03.6180218+03:00" endTime="2026-06-11T12:53:03.6180219+03:00" testType="13cdc9d9-ddb5-4fa4-a97d-d965ccfc6d4b" outcome="Passed" testListId="8c84fa94-04c1-424b-9868-57a2d4851a1d" relativeResultsDirectory="ecb4a8ff-4d7a-4a7d-beb9-5e7790e330e3" />
    <UnitTestResult executionId="70daa3a6-b500-4670-a432-dec4463ac26a" testId="57b1019c-a35e-c608-12da-5fd45b9b70ba" testName="PlantProcess.Analytics.Core.Tests.P05_KpiEngineTests.Invalid_sql_view_is_rejected_with_typed_error" computerName="WAP174432" duration="00:00:00.0058363" startTime="2026-06-11T12:53:03.6146522+03:00" endTime="2026-06-11T12:53:03.6146523+03:00" testType="13cdc9d9-ddb5-4fa4-a97d-d965ccfc6d4b" outcome="Passed" testListId="8c84fa94-04c1-424b-9868-57a2d4851a1d" relativeResultsDirectory="70daa3a6-b500-4670-a432-dec4463ac26a" />
    <UnitTestResult executionId="09145ed3-fb0d-4565-83b3-5ac747fb5965" testId="c67adf98-eb02-13f4-1f71-239f01944b24" testName="PlantProcess.Analytics.Core.Tests.P06_MethodSelectionTests.Binary_binary_uses_cramers_v" computerName="WAP174432" duration="00:00:00.0007829" startTime="2026-06-11T12:53:03.6027127+03:00" endTime="2026-06-11T12:53:03.6027128+03:00" testType="13cdc9d9-ddb5-4fa4-a97d-d965ccfc6d4b" outcome="Passed" testListId="8c84fa94-04c1-424b-9868-57a2d4851a1d" relativeResultsDirectory="09145ed3-fb0d-4565-83b3-5ac747fb5965" />
    <UnitTestResult executionId="d493c992-37a1-4069-9fd4-2ba9424100bf" testId="35af38bb-c71a-69ca-4aeb-f1fd2145b674" testName="PlantProcess.Analytics.Core.Tests.P06_MethodSelectionTests.Unsupported_shape_returns_not_applicable" computerName="WAP174432" duration="00:00:00.0022520" startTime="2026-06-11T12:53:03.6097877+03:00" endTime="2026-06-11T12:53:03.6097878+03:00" testType="13cdc9d9-ddb5-4fa4-a97d-d965ccfc6d4b" outcome="Passed" testListId="8c84fa94-04c1-424b-9868-57a2d4851a1d" relativeResultsDirectory="d493c992-37a1-4069-9fd4-2ba9424100bf" />
    <UnitTestResult executionId="ccc83374-a967-4ad4-8fe5-b5c973f6ddd8" testId="126308aa-4f87-25a2-b129-2ddd96770623" testName="PlantProcess.Analytics.Core.Tests.P06_MethodSelectionTests.Binary_numeric_uses_point_biserial_either_order" computerName="WAP174432" duration="00:00:00.0002730" startTime="2026-06-11T12:53:03.6021822+03:00" endTime="2026-06-11T12:53:03.6021823+03:00" testType="13cdc9d9-ddb5-4fa4-a97d-d965ccfc6d4b" outcome="Passed" testListId="8c84fa94-04c1-424b-9868-57a2d4851a1d" relativeResultsDirectory="ccc83374-a967-4ad4-8fe5-b5c973f6ddd8" />
    <UnitTestResult executionId="af95c63e-3363-4166-a4a9-d95c774e491c" testId="c8eaca88-5d62-116d-efe0-67b126c222f1" testName="PlantProcess.Analytics.Core.Tests.P06_StatisticalMethodsTests.Cramers_v_and_point_biserial_are_bounded_and_sensible" computerName="WAP174432" duration="00:00:00.0086183" startTime="2026-06-11T12:53:03.6181195+03:00" endTime="2026-06-11T12:53:03.6181198+03:00" testType="13cdc9d9-ddb5-4fa4-a97d-d965ccfc6d4b" outcome="Passed" testListId="8c84fa94-04c1-424b-9868-57a2d4851a1d" relativeResultsDirectory="af95c63e-3363-4166-a4a9-d95c774e491c" />
    <UnitTestResult executionId="0670e4d0-da81-46e6-b32e-d06c66e06581" testId="9eecbb99-1627-6e30-4bc8-eb0dbc92968d" testName="PlantProcess.Analytics.Core.Tests.ValueHonestyLintTests.Forbidden_phrases_are_rejected(text: &quot;This will   save money&quot;)" computerName="WAP174432" duration="00:00:00.0011256" startTime="2026-06-11T12:53:03.6075460+03:00" endTime="2026-06-11T12:53:03.6075460+03:00" testType="13cdc9d9-ddb5-4fa4-a97d-d965ccfc6d4b" outcome="Passed" testListId="8c84fa94-04c1-424b-9868-57a2d4851a1d" relativeResultsDirectory="0670e4d0-da81-46e6-b32e-d06c66e06581" />
    <UnitTestResult executionId="41bf04dc-bf2b-4945-abe4-9986f6e188f6" testId="003780e0-e4c6-88b2-41fb-2bf7cb8d2286" testName="PlantProcess.Analytics.Core.Tests.P05_KpiEngineTests.Fpsy_formula_computes_correctly" computerName="WAP174432" duration="00:00:00.0004867" startTime="2026-06-11T12:53:03.6168021+03:00" endTime="2026-06-11T12:53:03.6168024+03:00" testType="13cdc9d9-ddb5-4fa4-a97d-d965ccfc6d4b" outcome="Passed" testListId="8c84fa94-04c1-424b-9868-57a2d4851a1d" relativeResultsDirectory="41bf04dc-bf2b-4945-abe4-9986f6e188f6" />
    <UnitTestResult executionId="6ea4855b-72bd-4a05-b52f-5d119ed52f53" testId="e3bdc7a4-17ec-d227-7622-b2fa1d218e5f" testName="PlantProcess.Analytics.Core.Tests.ValueHonestyLintTests.Compliant_text_passes(text: &quot;Estimated impact range based on your assumptions.&quot;)" computerName="WAP174432" duration="00:00:00.0001823" startTime="2026-06-11T12:53:03.6024290+03:00" endTime="2026-06-11T12:53:03.6024291+03:00" testType="13cdc9d9-ddb5-4fa4-a97d-d965ccfc6d4b" outcome="Passed" testListId="8c84fa94-04c1-424b-9868-57a2d4851a1d" relativeResultsDirectory="6ea4855b-72bd-4a05-b52f-5d119ed52f53" />
    <UnitTestResult executionId="d52fbaf8-890c-4a27-b8b4-fbc1d866f6b4" testId="8fa2c23b-3277-bb11-9750-3b1ac63899b3" testName="PlantProcess.Analytics.Core.Tests.ValueHonestyLintTests.Compliant_text_passes(text: &quot;This may reduce downgrades; figures are a range, n&quot;···)" computerName="WAP174432" duration="00:00:00.4485995" startTime="2026-06-11T12:53:03.5718763+03:00" endTime="2026-06-11T12:53:03.5718766+03:00" testType="13cdc9d9-ddb5-4fa4-a97d-d965ccfc6d4b" outcome="Passed" testListId="8c84fa94-04c1-424b-9868-57a2d4851a1d" relativeResultsDirectory="d52fbaf8-890c-4a27-b8b4-fbc1d866f6b4" />
  </Results>
  <TestDefinitions>
    <UnitTest name="PlantProcess.Analytics.Core.Tests.P05_PrimitivesTests.Min_is_exact" storage="c:\workspace\plantprocess-iq\backend\tests\plantprocess.analytics.core.tests\bin\release\net9.0\plantprocess.analytics.core.tests.dll" id="0a1f4501-a746-b153-c746-a0703fada5bc">
      <Execution id="0185d73d-a03b-47ba-a1ef-16ab8910e8af" />
      <TestMethod codeBase="C:\Workspace\PlantProcess-IQ\Backend\tests\PlantProcess.Analytics.Core.Tests\bin\Release\net9.0\PlantProcess.Analytics.Core.Tests.dll" adapterTypeName="executor://xunit/VsTestRunner2/netcoreapp" className="PlantProcess.Analytics.Core.Tests.P05_PrimitivesTests" name="Min_is_exact" />
    </UnitTest>
    <UnitTest name="PlantProcess.Analytics.Core.Tests.P06_MethodSelectionTests.Binary_binary_uses_cramers_v" storage="c:\workspace\plantprocess-iq\backend\tests\plantprocess.analytics.core.tests\bin\release\net9.0\plantprocess.analytics.core.tests.dll" id="c67adf98-eb02-13f4-1f71-239f01944b24">
      <Execution id="09145ed3-fb0d-4565-83b3-5ac747fb5965" />
      <TestMethod codeBase="C:\Workspace\PlantProcess-IQ\Backend\tests\PlantProcess.Analytics.Core.Tests\bin\Release\net9.0\PlantProcess.Analytics.Core.Tests.dll" adapterTypeName="executor://xunit/VsTestRunner2/netcoreapp" className="PlantProcess.Analytics.Core.Tests.P06_MethodSelectionTests" name="Binary_binary_uses_cramers_v" />
    </UnitTest>
    <UnitTest name="PlantProcess.Analytics.Core.Tests.P05_KpiEngineTests.Threshold_breach_raises_alert_below_target" storage="c:\workspace\plantprocess-iq\backend\tests\plantprocess.analytics.core.tests\bin\release\net9.0\plantprocess.analytics.core.tests.dll" id="c2002c2c-06d3-cdd7-206f-6068e63e4260">
      <Execution id="8e0c9c1c-961c-4788-a42c-0e095345fb80" />
      <TestMethod codeBase="C:\Workspace\PlantProcess-IQ\Backend\tests\PlantProcess.Analytics.Core.Tests\bin\Release\net9.0\PlantProcess.Analytics.Core.Tests.dll" adapterTypeName="executor://xunit/VsTestRunner2/netcoreapp" className="PlantProcess.Analytics.Core.Tests.P05_KpiEngineTests" name="Threshold_breach_raises_alert_below_target" />
    </UnitTest>
    <UnitTest name="PlantProcess.Analytics.Core.Tests.GroundingContractTests.An_uncited_number_is_blocked_and_never_reaches_the_client" storage="c:\workspace\plantprocess-iq\backend\tests\plantprocess.analytics.core.tests\bin\release\net9.0\plantprocess.analytics.core.tests.dll" id="483216e8-7d2c-bdd1-a9e2-d3813f84371f">
      <Execution id="274d3a44-dcb8-4416-a2b2-5f48fa0ae82c" />
      <TestMethod codeBase="C:\Workspace\PlantProcess-IQ\Backend\tests\PlantProcess.Analytics.Core.Tests\bin\Release\net9.0\PlantProcess.Analytics.Core.Tests.dll" adapterTypeName="executor://xunit/VsTestRunner2/netcoreapp" className="PlantProcess.Analytics.Core.Tests.GroundingContractTests" name="An_uncited_number_is_blocked_and_never_reaches_the_client" />
    </UnitTest>
    <UnitTest name="PlantProcess.Analytics.Core.Tests.P06_ReadinessGateTests.Heats_below_partial_is_blocked_and_cannot_run" storage="c:\workspace\plantprocess-iq\backend\tests\plantprocess.analytics.core.tests\bin\release\net9.0\plantprocess.analytics.core.tests.dll" id="6bef5f5b-4261-9568-f25b-502a1592c0bf">
      <Execution id="efec2c0f-1a6f-4991-8838-c0e2e9e620bc" />
      <TestMethod codeBase="C:\Workspace\PlantProcess-IQ\Backend\tests\PlantProcess.Analytics.Core.Tests\bin\Release\net9.0\PlantProcess.Analytics.Core.Tests.dll" adapterTypeName="executor://xunit/VsTestRunner2/netcoreapp" className="PlantProcess.Analytics.Core.Tests.P06_ReadinessGateTests" name="Heats_below_partial_is_blocked_and_cannot_run" />
    </UnitTest>
    <UnitTest name="PlantProcess.Analytics.Core.Tests.P06_StatisticalMethodsTests.Vif_flags_planted_collinear_pair_only" storage="c:\workspace\plantprocess-iq\backend\tests\plantprocess.analytics.core.tests\bin\release\net9.0\plantprocess.analytics.core.tests.dll" id="e4798073-6c36-f605-ff5c-064c57362b65">
      <Execution id="207daa86-84ec-4ada-813b-ebb2ca2d7356" />
      <TestMethod codeBase="C:\Workspace\PlantProcess-IQ\Backend\tests\PlantProcess.Analytics.Core.Tests\bin\Release\net9.0\PlantProcess.Analytics.Core.Tests.dll" adapterTypeName="executor://xunit/VsTestRunner2/netcoreapp" className="PlantProcess.Analytics.Core.Tests.P06_StatisticalMethodsTests" name="Vif_flags_planted_collinear_pair_only" />
    </UnitTest>
    <UnitTest name="PlantProcess.Analytics.Core.Tests.P06_ReadinessGateTests.Any_blocked_dimension_blocks_overall(heats: 0, events: 14, minority: 0.10000000000000001, fresh: 1, complete: 0.94999999999999996)" storage="c:\workspace\plantprocess-iq\backend\tests\plantprocess.analytics.core.tests\bin\release\net9.0\plantprocess.analytics.core.tests.dll" id="c72180bc-681c-e20e-4729-059345200160">
      <Execution id="68511285-5193-4e6b-9329-de3fb28065e4" />
      <TestMethod codeBase="C:\Workspace\PlantProcess-IQ\Backend\tests\PlantProcess.Analytics.Core.Tests\bin\Release\net9.0\PlantProcess.Analytics.Core.Tests.dll" adapterTypeName="executor://xunit/VsTestRunner2/netcoreapp" className="PlantProcess.Analytics.Core.Tests.P06_ReadinessGateTests" name="Any_blocked_dimension_blocks_overall" />
    </UnitTest>
    <UnitTest name="PlantProcess.Analytics.Core.Tests.ValueImpactEngineTests.Downtime_term_uses_production_stop_minutes_not_raw_downtime" storage="c:\workspace\plantprocess-iq\backend\tests\plantprocess.analytics.core.tests\bin\release\net9.0\plantprocess.analytics.core.tests.dll" id="55d315f9-387e-bfec-2150-741efaa67b35">
      <Execution id="2a8de74a-1559-4e05-b43b-dead7927b740" />
      <TestMethod codeBase="C:\Workspace\PlantProcess-IQ\Backend\tests\PlantProcess.Analytics.Core.Tests\bin\Release\net9.0\PlantProcess.Analytics.Core.Tests.dll" adapterTypeName="executor://xunit/VsTestRunner2/netcoreapp" className="PlantProcess.Analytics.Core.Tests.ValueImpactEngineTests" name="Downtime_term_uses_production_stop_minutes_not_raw_downtime" />
    </UnitTest>
    <UnitTest name="PlantProcess.Analytics.Core.Tests.P05_PrimitivesTests.Status_rag_is_correct(value: 95, expected: &quot;Green&quot;)" storage="c:\workspace\plantprocess-iq\backend\tests\plantprocess.analytics.core.tests\bin\release\net9.0\plantprocess.analytics.core.tests.dll" id="39679fb2-d061-f9e4-b72b-6f4a49eb2519">
      <Execution id="e0e91fd9-e5dc-4807-8e50-cbbc1807bbf0" />
      <TestMethod codeBase="C:\Workspace\PlantProcess-IQ\Backend\tests\PlantProcess.Analytics.Core.Tests\bin\Release\net9.0\PlantProcess.Analytics.Core.Tests.dll" adapterTypeName="executor://xunit/VsTestRunner2/netcoreapp" className="PlantProcess.Analytics.Core.Tests.P05_PrimitivesTests" name="Status_rag_is_correct" />
    </UnitTest>
    <UnitTest name="PlantProcess.Analytics.Core.Tests.P06_DisciplineTests.Stratification_confirms_survival_when_consistent" storage="c:\workspace\plantprocess-iq\backend\tests\plantprocess.analytics.core.tests\bin\release\net9.0\plantprocess.analytics.core.tests.dll" id="b5fed4ab-4869-8f26-b8da-2edee30d6f24">
      <Execution id="55c19b8f-0cd1-429d-a762-10e0fed3c85e" />
      <TestMethod codeBase="C:\Workspace\PlantProcess-IQ\Backend\tests\PlantProcess.Analytics.Core.Tests\bin\Release\net9.0\PlantProcess.Analytics.Core.Tests.dll" adapterTypeName="executor://xunit/VsTestRunner2/netcoreapp" className="PlantProcess.Analytics.Core.Tests.P06_DisciplineTests" name="Stratification_confirms_survival_when_consistent" />
    </UnitTest>
    <UnitTest name="PlantProcess.Analytics.Core.Tests.P06_MethodSelectionTests.Many_collinear_predictors_use_lasso_vif" storage="c:\workspace\plantprocess-iq\backend\tests\plantprocess.analytics.core.tests\bin\release\net9.0\plantprocess.analytics.core.tests.dll" id="94a48594-2f07-8927-84dc-36564847074e">
      <Execution id="cefd939f-461f-4b42-a9ba-79c44ffb889d" />
      <TestMethod codeBase="C:\Workspace\PlantProcess-IQ\Backend\tests\PlantProcess.Analytics.Core.Tests\bin\Release\net9.0\PlantProcess.Analytics.Core.Tests.dll" adapterTypeName="executor://xunit/VsTestRunner2/netcoreapp" className="PlantProcess.Analytics.Core.Tests.P06_MethodSelectionTests" name="Many_collinear_predictors_use_lasso_vif" />
    </UnitTest>
    <UnitTest name="PlantProcess.Analytics.Core.Tests.P05_PrimitivesTests.Median_is_exact" storage="c:\workspace\plantprocess-iq\backend\tests\plantprocess.analytics.core.tests\bin\release\net9.0\plantprocess.analytics.core.tests.dll" id="c56302bf-2492-142f-3da4-12a69782346c">
      <Execution id="f3ad7ed1-0b2c-43c8-9d85-0806c7d269cd" />
      <TestMethod codeBase="C:\Workspace\PlantProcess-IQ\Backend\tests\PlantProcess.Analytics.Core.Tests\bin\Release\net9.0\PlantProcess.Analytics.Core.Tests.dll" adapterTypeName="executor://xunit/VsTestRunner2/netcoreapp" className="PlantProcess.Analytics.Core.Tests.P05_PrimitivesTests" name="Median_is_exact" />
    </UnitTest>
    <UnitTest name="PlantProcess.Analytics.Core.Tests.P05_KpiEngineTests.Invalid_sql_view_is_rejected_with_typed_error" storage="c:\workspace\plantprocess-iq\backend\tests\plantprocess.analytics.core.tests\bin\release\net9.0\plantprocess.analytics.core.tests.dll" id="57b1019c-a35e-c608-12da-5fd45b9b70ba">
      <Execution id="70daa3a6-b500-4670-a432-dec4463ac26a" />
      <TestMethod codeBase="C:\Workspace\PlantProcess-IQ\Backend\tests\PlantProcess.Analytics.Core.Tests\bin\Release\net9.0\PlantProcess.Analytics.Core.Tests.dll" adapterTypeName="executor://xunit/VsTestRunner2/netcoreapp" className="PlantProcess.Analytics.Core.Tests.P05_KpiEngineTests" name="Invalid_sql_view_is_rejected_with_typed_error" />
    </UnitTest>
    <UnitTest name="PlantProcess.Analytics.Core.Tests.GroundingContractTests.A_seed_backed_claim_is_never_surfaced" storage="c:\workspace\plantprocess-iq\backend\tests\plantprocess.analytics.core.tests\bin\release\net9.0\plantprocess.analytics.core.tests.dll" id="95637509-bd39-bd1f-39b7-467b2958ce4b">
      <Execution id="a99ad180-ebde-4945-8e9e-9f9415d78da8" />
      <TestMethod codeBase="C:\Workspace\PlantProcess-IQ\Backend\tests\PlantProcess.Analytics.Core.Tests\bin\Release\net9.0\PlantProcess.Analytics.Core.Tests.dll" adapterTypeName="executor://xunit/VsTestRunner2/netcoreapp" className="PlantProcess.Analytics.Core.Tests.GroundingContractTests" name="A_seed_backed_claim_is_never_surfaced" />
    </UnitTest>
    <UnitTest name="PlantProcess.Analytics.Core.Tests.SuggestionEngineTests.Every_card_has_a_resolvable_handle_and_a_ranged_impact" storage="c:\workspace\plantprocess-iq\backend\tests\plantprocess.analytics.core.tests\bin\release\net9.0\plantprocess.analytics.core.tests.dll" id="a3887b78-4824-9b83-f2c1-81343f336078">
      <Execution id="ecb4a8ff-4d7a-4a7d-beb9-5e7790e330e3" />
      <TestMethod codeBase="C:\Workspace\PlantProcess-IQ\Backend\tests\PlantProcess.Analytics.Core.Tests\bin\Release\net9.0\PlantProcess.Analytics.Core.Tests.dll" adapterTypeName="executor://xunit/VsTestRunner2/netcoreapp" className="PlantProcess.Analytics.Core.Tests.SuggestionEngineTests" name="Every_card_has_a_resolvable_handle_and_a_ranged_impact" />
    </UnitTest>
    <UnitTest name="PlantProcess.Analytics.Core.Tests.P06_ReadinessGateTests.Heats_just_below_ready_is_partial" storage="c:\workspace\plantprocess-iq\backend\tests\plantprocess.analytics.core.tests\bin\release\net9.0\plantprocess.analytics.core.tests.dll" id="f8d4ceb5-175c-e9e6-a35f-6c39fb2af151">
      <Execution id="37ad5e2d-8d87-4245-bf4f-f014cd92e8f0" />
      <TestMethod codeBase="C:\Workspace\PlantProcess-IQ\Backend\tests\PlantProcess.Analytics.Core.Tests\bin\Release\net9.0\PlantProcess.Analytics.Core.Tests.dll" adapterTypeName="executor://xunit/VsTestRunner2/netcoreapp" className="PlantProcess.Analytics.Core.Tests.P06_ReadinessGateTests" name="Heats_just_below_ready_is_partial" />
    </UnitTest>
    <UnitTest name="PlantProcess.Analytics.Core.Tests.P05_KpiEngineTests.Per_tenant_targets_isolate" storage="c:\workspace\plantprocess-iq\backend\tests\plantprocess.analytics.core.tests\bin\release\net9.0\plantprocess.analytics.core.tests.dll" id="76c4ee63-4fb4-4e2a-26bc-a6ea8c4a3dae">
      <Execution id="49103259-c498-4b34-a635-3ea4cb8933d6" />
      <TestMethod codeBase="C:\Workspace\PlantProcess-IQ\Backend\tests\PlantProcess.Analytics.Core.Tests\bin\Release\net9.0\PlantProcess.Analytics.Core.Tests.dll" adapterTypeName="executor://xunit/VsTestRunner2/netcoreapp" className="PlantProcess.Analytics.Core.Tests.P05_KpiEngineTests" name="Per_tenant_targets_isolate" />
    </UnitTest>
    <UnitTest name="PlantProcess.Analytics.Core.Tests.ValueHonestyLintTests.Forbidden_phrases_are_rejected(text: &quot;It is GUARANTEED&quot;)" storage="c:\workspace\plantprocess-iq\backend\tests\plantprocess.analytics.core.tests\bin\release\net9.0\plantprocess.analytics.core.tests.dll" id="d4149515-df67-2059-44d4-72075818e6bc">
      <Execution id="123c1adf-4144-4559-863f-be2617283560" />
      <TestMethod codeBase="C:\Workspace\PlantProcess-IQ\Backend\tests\PlantProcess.Analytics.Core.Tests\bin\Release\net9.0\PlantProcess.Analytics.Core.Tests.dll" adapterTypeName="executor://xunit/VsTestRunner2/netcoreapp" className="PlantProcess.Analytics.Core.Tests.ValueHonestyLintTests" name="Forbidden_phrases_are_rejected" />
    </UnitTest>
    <UnitTest name="PlantProcess.Analytics.Core.Tests.P06_StatisticalMethodsTests.Lasso_drops_noise_features_and_keeps_informative" storage="c:\workspace\plantprocess-iq\backend\tests\plantprocess.analytics.core.tests\bin\release\net9.0\plantprocess.analytics.core.tests.dll" id="785a3516-0ba2-68d4-f345-e00fd4486d3b">
      <Execution id="79f8ba01-5a0a-461b-b7b3-0a8a752be84b" />
      <TestMethod codeBase="C:\Workspace\PlantProcess-IQ\Backend\tests\PlantProcess.Analytics.Core.Tests\bin\Release\net9.0\PlantProcess.Analytics.Core.Tests.dll" adapterTypeName="executor://xunit/VsTestRunner2/netcoreapp" className="PlantProcess.Analytics.Core.Tests.P06_StatisticalMethodsTests" name="Lasso_drops_noise_features_and_keeps_informative" />
    </UnitTest>
    <UnitTest name="PlantProcess.Analytics.Core.Tests.P06_MethodSelectionTests.Numeric_numeric_monotonic_uses_spearman" storage="c:\workspace\plantprocess-iq\backend\tests\plantprocess.analytics.core.tests\bin\release\net9.0\plantprocess.analytics.core.tests.dll" id="a135dad5-d7b8-2e7f-8df6-2da38971deb9">
      <Execution id="9a8f8837-29fa-4007-8bca-9ea7bd0f2cd0" />
      <TestMethod codeBase="C:\Workspace\PlantProcess-IQ\Backend\tests\PlantProcess.Analytics.Core.Tests\bin\Release\net9.0\PlantProcess.Analytics.Core.Tests.dll" adapterTypeName="executor://xunit/VsTestRunner2/netcoreapp" className="PlantProcess.Analytics.Core.Tests.P06_MethodSelectionTests" name="Numeric_numeric_monotonic_uses_spearman" />
    </UnitTest>
    <UnitTest name="PlantProcess.Analytics.Core.Tests.P05_KpiEngineTests.Invalid_formula_raises_typed_error" storage="c:\workspace\plantprocess-iq\backend\tests\plantprocess.analytics.core.tests\bin\release\net9.0\plantprocess.analytics.core.tests.dll" id="b0e5de89-ff94-5b74-5641-e51f4db298c7">
      <Execution id="3826d5f4-5eec-42a9-8645-21c71dce76fe" />
      <TestMethod codeBase="C:\Workspace\PlantProcess-IQ\Backend\tests\PlantProcess.Analytics.Core.Tests\bin\Release\net9.0\PlantProcess.Analytics.Core.Tests.dll" adapterTypeName="executor://xunit/VsTestRunner2/netcoreapp" className="PlantProcess.Analytics.Core.Tests.P05_KpiEngineTests" name="Invalid_formula_raises_typed_error" />
    </UnitTest>
    <UnitTest name="PlantProcess.Analytics.Core.Tests.RiskCalibrationServiceTests.Too_few_outcomes_abstains" storage="c:\workspace\plantprocess-iq\backend\tests\plantprocess.analytics.core.tests\bin\release\net9.0\plantprocess.analytics.core.tests.dll" id="2e477dc5-62aa-f4d1-5f54-cd076ee0f3dd">
      <Execution id="8b7df925-9eea-4861-ac63-3cb6159c3418" />
      <TestMethod codeBase="C:\Workspace\PlantProcess-IQ\Backend\tests\PlantProcess.Analytics.Core.Tests\bin\Release\net9.0\PlantProcess.Analytics.Core.Tests.dll" adapterTypeName="executor://xunit/VsTestRunner2/netcoreapp" className="PlantProcess.Analytics.Core.Tests.RiskCalibrationServiceTests" name="Too_few_outcomes_abstains" />
    </UnitTest>
    <UnitTest name="PlantProcess.Analytics.Core.Tests.P06_ReadinessGateTests.Thresholds_are_overridable_per_tenant" storage="c:\workspace\plantprocess-iq\backend\tests\plantprocess.analytics.core.tests\bin\release\net9.0\plantprocess.analytics.core.tests.dll" id="664993d4-645c-79b0-4c8b-df527c465778">
      <Execution id="752ebe6a-bdf9-4468-b4d9-9776949ea6db" />
      <TestMethod codeBase="C:\Workspace\PlantProcess-IQ\Backend\tests\PlantProcess.Analytics.Core.Tests\bin\Release\net9.0\PlantProcess.Analytics.Core.Tests.dll" adapterTypeName="executor://xunit/VsTestRunner2/netcoreapp" className="PlantProcess.Analytics.Core.Tests.P06_ReadinessGateTests" name="Thresholds_are_overridable_per_tenant" />
    </UnitTest>
    <UnitTest name="PlantProcess.Analytics.Core.Tests.P05_PrimitivesTests.Sum_is_exact" storage="c:\workspace\plantprocess-iq\backend\tests\plantprocess.analytics.core.tests\bin\release\net9.0\plantprocess.analytics.core.tests.dll" id="0f193d0c-f872-3702-f964-39a9815934f3">
      <Execution id="0a41d46c-cca0-49a2-ab4d-455be81ce932" />
      <TestMethod codeBase="C:\Workspace\PlantProcess-IQ\Backend\tests\PlantProcess.Analytics.Core.Tests\bin\Release\net9.0\PlantProcess.Analytics.Core.Tests.dll" adapterTypeName="executor://xunit/VsTestRunner2/netcoreapp" className="PlantProcess.Analytics.Core.Tests.P05_PrimitivesTests" name="Sum_is_exact" />
    </UnitTest>
    <UnitTest name="PlantProcess.Analytics.Core.Tests.P06_GoldenGateTests.Advanced_result_contract_blocks_render_without_method_samplesize_or_caveat" storage="c:\workspace\plantprocess-iq\backend\tests\plantprocess.analytics.core.tests\bin\release\net9.0\plantprocess.analytics.core.tests.dll" id="2cbb8403-2799-553c-87cc-b933e78cedbd">
      <Execution id="85e59e74-82b2-4722-aec1-ad643cda46a0" />
      <TestMethod codeBase="C:\Workspace\PlantProcess-IQ\Backend\tests\PlantProcess.Analytics.Core.Tests\bin\Release\net9.0\PlantProcess.Analytics.Core.Tests.dll" adapterTypeName="executor://xunit/VsTestRunner2/netcoreapp" className="PlantProcess.Analytics.Core.Tests.P06_GoldenGateTests" name="Advanced_result_contract_blocks_render_without_method_samplesize_or_caveat" />
    </UnitTest>
    <UnitTest name="PlantProcess.Analytics.Core.Tests.P06_StatisticalMethodsTests.Spearman_recovers_planted_monotonic_relationship" storage="c:\workspace\plantprocess-iq\backend\tests\plantprocess.analytics.core.tests\bin\release\net9.0\plantprocess.analytics.core.tests.dll" id="dc43a36e-924c-1d14-0ee4-f8f7f6c61f4d">
      <Execution id="a51f9a70-81ba-4704-bb6f-0a8818429227" />
      <TestMethod codeBase="C:\Workspace\PlantProcess-IQ\Backend\tests\PlantProcess.Analytics.Core.Tests\bin\Release\net9.0\PlantProcess.Analytics.Core.Tests.dll" adapterTypeName="executor://xunit/VsTestRunner2/netcoreapp" className="PlantProcess.Analytics.Core.Tests.P06_StatisticalMethodsTests" name="Spearman_recovers_planted_monotonic_relationship" />
    </UnitTest>
    <UnitTest name="PlantProcess.Analytics.Core.Tests.P06_StatisticalMethodsTests.Mutual_information_detects_nonlinearity_that_spearman_misses" storage="c:\workspace\plantprocess-iq\backend\tests\plantprocess.analytics.core.tests\bin\release\net9.0\plantprocess.analytics.core.tests.dll" id="f5c7a643-a7f2-e316-405b-57b6d27c3cfe">
      <Execution id="0702799a-4221-4efe-856e-697d09cd39e3" />
      <TestMethod codeBase="C:\Workspace\PlantProcess-IQ\Backend\tests\PlantProcess.Analytics.Core.Tests\bin\Release\net9.0\PlantProcess.Analytics.Core.Tests.dll" adapterTypeName="executor://xunit/VsTestRunner2/netcoreapp" className="PlantProcess.Analytics.Core.Tests.P06_StatisticalMethodsTests" name="Mutual_information_detects_nonlinearity_that_spearman_misses" />
    </UnitTest>
    <UnitTest name="PlantProcess.Analytics.Core.Tests.P06_DisciplineTests.Many_nulls_produce_no_significant_findings_under_fdr" storage="c:\workspace\plantprocess-iq\backend\tests\plantprocess.analytics.core.tests\bin\release\net9.0\plantprocess.analytics.core.tests.dll" id="bea4ea6b-2a3c-cc85-ec0b-186150c5b879">
      <Execution id="9f7950f6-220e-41ee-ad83-4329eea04c0c" />
      <TestMethod codeBase="C:\Workspace\PlantProcess-IQ\Backend\tests\PlantProcess.Analytics.Core.Tests\bin\Release\net9.0\PlantProcess.Analytics.Core.Tests.dll" adapterTypeName="executor://xunit/VsTestRunner2/netcoreapp" className="PlantProcess.Analytics.Core.Tests.P06_DisciplineTests" name="Many_nulls_produce_no_significant_findings_under_fdr" />
    </UnitTest>
    <UnitTest name="PlantProcess.Analytics.Core.Tests.ValueHonestyLintTests.Forbidden_phrases_are_rejected(text: &quot;This will save you money&quot;)" storage="c:\workspace\plantprocess-iq\backend\tests\plantprocess.analytics.core.tests\bin\release\net9.0\plantprocess.analytics.core.tests.dll" id="c7bdf123-89f8-924f-319c-005a7f4cbdd1">
      <Execution id="806112b9-22ff-4d0a-ae28-e9b4888e729b" />
      <TestMethod codeBase="C:\Workspace\PlantProcess-IQ\Backend\tests\PlantProcess.Analytics.Core.Tests\bin\Release\net9.0\PlantProcess.Analytics.Core.Tests.dll" adapterTypeName="executor://xunit/VsTestRunner2/netcoreapp" className="PlantProcess.Analytics.Core.Tests.ValueHonestyLintTests" name="Forbidden_phrases_are_rejected" />
    </UnitTest>
    <UnitTest name="PlantProcess.Analytics.Core.Tests.GroundingContractTests.Insufficient_evidence_yields_an_honest_refusal_not_a_guess" storage="c:\workspace\plantprocess-iq\backend\tests\plantprocess.analytics.core.tests\bin\release\net9.0\plantprocess.analytics.core.tests.dll" id="b6d941a1-d168-88c0-0bff-7146368b4678">
      <Execution id="93ae82da-3555-4d0e-a572-89683012df0d" />
      <TestMethod codeBase="C:\Workspace\PlantProcess-IQ\Backend\tests\PlantProcess.Analytics.Core.Tests\bin\Release\net9.0\PlantProcess.Analytics.Core.Tests.dll" adapterTypeName="executor://xunit/VsTestRunner2/netcoreapp" className="PlantProcess.Analytics.Core.Tests.GroundingContractTests" name="Insufficient_evidence_yields_an_honest_refusal_not_a_guess" />
    </UnitTest>
    <UnitTest name="PlantProcess.Analytics.Core.Tests.P05_PrimitivesTests.Nulls_are_filtered_and_counted" storage="c:\workspace\plantprocess-iq\backend\tests\plantprocess.analytics.core.tests\bin\release\net9.0\plantprocess.analytics.core.tests.dll" id="d3878fa0-6f67-0d0e-f385-b1c656fd8673">
      <Execution id="91a6c1be-4c61-49c2-9b07-ad63f30c48f5" />
      <TestMethod codeBase="C:\Workspace\PlantProcess-IQ\Backend\tests\PlantProcess.Analytics.Core.Tests\bin\Release\net9.0\PlantProcess.Analytics.Core.Tests.dll" adapterTypeName="executor://xunit/VsTestRunner2/netcoreapp" className="PlantProcess.Analytics.Core.Tests.P05_PrimitivesTests" name="Nulls_are_filtered_and_counted" />
    </UnitTest>
    <UnitTest name="PlantProcess.Analytics.Core.Tests.SuggestionEngineTests.Identical_findings_produce_identical_cards_stable_ids_and_order" storage="c:\workspace\plantprocess-iq\backend\tests\plantprocess.analytics.core.tests\bin\release\net9.0\plantprocess.analytics.core.tests.dll" id="14691767-2f44-a798-ec15-fad42b812e2e">
      <Execution id="3b34c245-7e18-406e-a04a-d8cb06473716" />
      <TestMethod codeBase="C:\Workspace\PlantProcess-IQ\Backend\tests\PlantProcess.Analytics.Core.Tests\bin\Release\net9.0\PlantProcess.Analytics.Core.Tests.dll" adapterTypeName="executor://xunit/VsTestRunner2/netcoreapp" className="PlantProcess.Analytics.Core.Tests.SuggestionEngineTests" name="Identical_findings_produce_identical_cards_stable_ids_and_order" />
    </UnitTest>
    <UnitTest name="PlantProcess.Analytics.Core.Tests.P06_ReadinessGateTests.Any_blocked_dimension_blocks_overall(heats: 60, events: 40, minority: 0.02, fresh: 1, complete: 0.94999999999999996)" storage="c:\workspace\plantprocess-iq\backend\tests\plantprocess.analytics.core.tests\bin\release\net9.0\plantprocess.analytics.core.tests.dll" id="888c70d1-8590-4b6e-43b7-97e082a47f5d">
      <Execution id="b6d09d9f-faa1-4cf1-ac2e-6229a310b449" />
      <TestMethod codeBase="C:\Workspace\PlantProcess-IQ\Backend\tests\PlantProcess.Analytics.Core.Tests\bin\Release\net9.0\PlantProcess.Analytics.Core.Tests.dll" adapterTypeName="executor://xunit/VsTestRunner2/netcoreapp" className="PlantProcess.Analytics.Core.Tests.P06_ReadinessGateTests" name="Any_blocked_dimension_blocks_overall" />
    </UnitTest>
    <UnitTest name="PlantProcess.Analytics.Core.Tests.ValueImpactEngineTests.Missing_downgrade_cost_per_ton_abstains_with_named_assumption" storage="c:\workspace\plantprocess-iq\backend\tests\plantprocess.analytics.core.tests\bin\release\net9.0\plantprocess.analytics.core.tests.dll" id="200e41d5-7b6c-e6a3-61da-0914d0b6fd88">
      <Execution id="5af8c9e5-cb74-40cd-aced-4e2188fffa59" />
      <TestMethod codeBase="C:\Workspace\PlantProcess-IQ\Backend\tests\PlantProcess.Analytics.Core.Tests\bin\Release\net9.0\PlantProcess.Analytics.Core.Tests.dll" adapterTypeName="executor://xunit/VsTestRunner2/netcoreapp" className="PlantProcess.Analytics.Core.Tests.ValueImpactEngineTests" name="Missing_downgrade_cost_per_ton_abstains_with_named_assumption" />
    </UnitTest>
    <UnitTest name="PlantProcess.Analytics.Core.Tests.GroundingContractTests.A_root_cause_assertion_is_blocked" storage="c:\workspace\plantprocess-iq\backend\tests\plantprocess.analytics.core.tests\bin\release\net9.0\plantprocess.analytics.core.tests.dll" id="ea62f543-1464-1122-26a5-6a568f593c13">
      <Execution id="7137a53b-d63a-4feb-bba7-36427310d368" />
      <TestMethod codeBase="C:\Workspace\PlantProcess-IQ\Backend\tests\PlantProcess.Analytics.Core.Tests\bin\Release\net9.0\PlantProcess.Analytics.Core.Tests.dll" adapterTypeName="executor://xunit/VsTestRunner2/netcoreapp" className="PlantProcess.Analytics.Core.Tests.GroundingContractTests" name="A_root_cause_assertion_is_blocked" />
    </UnitTest>
    <UnitTest name="PlantProcess.Analytics.Core.Tests.RiskCalibrationServiceTests.Brier_score_matches_hand_computed_value" storage="c:\workspace\plantprocess-iq\backend\tests\plantprocess.analytics.core.tests\bin\release\net9.0\plantprocess.analytics.core.tests.dll" id="6e003a91-7abc-da04-ff02-3bac5d7bdfaf">
      <Execution id="b1e58d82-50a6-424a-971c-3f5ec691ec46" />
      <TestMethod codeBase="C:\Workspace\PlantProcess-IQ\Backend\tests\PlantProcess.Analytics.Core.Tests\bin\Release\net9.0\PlantProcess.Analytics.Core.Tests.dll" adapterTypeName="executor://xunit/VsTestRunner2/netcoreapp" className="PlantProcess.Analytics.Core.Tests.RiskCalibrationServiceTests" name="Brier_score_matches_hand_computed_value" />
    </UnitTest>
    <UnitTest name="PlantProcess.Analytics.Core.Tests.P06_ReadinessGateTests.All_at_ready_thresholds_is_ready" storage="c:\workspace\plantprocess-iq\backend\tests\plantprocess.analytics.core.tests\bin\release\net9.0\plantprocess.analytics.core.tests.dll" id="a6f569f6-79cb-7691-c9b1-6cc8824def32">
      <Execution id="e7afc210-98ac-433f-9216-a2b4f764ddca" />
      <TestMethod codeBase="C:\Workspace\PlantProcess-IQ\Backend\tests\PlantProcess.Analytics.Core.Tests\bin\Release\net9.0\PlantProcess.Analytics.Core.Tests.dll" adapterTypeName="executor://xunit/VsTestRunner2/netcoreapp" className="PlantProcess.Analytics.Core.Tests.P06_ReadinessGateTests" name="All_at_ready_thresholds_is_ready" />
    </UnitTest>
    <UnitTest name="PlantProcess.Analytics.Core.Tests.P06_ReadinessGateTests.Any_blocked_dimension_blocks_overall(heats: 60, events: 40, minority: 0.10000000000000001, fresh: 2.5, complete: 0.94999999999999996)" storage="c:\workspace\plantprocess-iq\backend\tests\plantprocess.analytics.core.tests\bin\release\net9.0\plantprocess.analytics.core.tests.dll" id="ceb84906-c69b-40b5-23fa-f88eb0a20056">
      <Execution id="67b5d404-8130-4fe7-8917-d45b0055e6f3" />
      <TestMethod codeBase="C:\Workspace\PlantProcess-IQ\Backend\tests\PlantProcess.Analytics.Core.Tests\bin\Release\net9.0\PlantProcess.Analytics.Core.Tests.dll" adapterTypeName="executor://xunit/VsTestRunner2/netcoreapp" className="PlantProcess.Analytics.Core.Tests.P06_ReadinessGateTests" name="Any_blocked_dimension_blocks_overall" />
    </UnitTest>
    <UnitTest name="PlantProcess.Analytics.Core.Tests.P06_MethodSelectionTests.Binary_numeric_uses_point_biserial_either_order" storage="c:\workspace\plantprocess-iq\backend\tests\plantprocess.analytics.core.tests\bin\release\net9.0\plantprocess.analytics.core.tests.dll" id="126308aa-4f87-25a2-b129-2ddd96770623">
      <Execution id="ccc83374-a967-4ad4-8fe5-b5c973f6ddd8" />
      <TestMethod codeBase="C:\Workspace\PlantProcess-IQ\Backend\tests\PlantProcess.Analytics.Core.Tests\bin\Release\net9.0\PlantProcess.Analytics.Core.Tests.dll" adapterTypeName="executor://xunit/VsTestRunner2/netcoreapp" className="PlantProcess.Analytics.Core.Tests.P06_MethodSelectionTests" name="Binary_numeric_uses_point_biserial_either_order" />
    </UnitTest>
    <UnitTest name="PlantProcess.Analytics.Core.Tests.ValueHonestyLintTests.Compliant_text_passes(text: &quot;Estimated impact range based on your assumptions.&quot;)" storage="c:\workspace\plantprocess-iq\backend\tests\plantprocess.analytics.core.tests\bin\release\net9.0\plantprocess.analytics.core.tests.dll" id="e3bdc7a4-17ec-d227-7622-b2fa1d218e5f">
      <Execution id="6ea4855b-72bd-4a05-b52f-5d119ed52f53" />
      <TestMethod codeBase="C:\Workspace\PlantProcess-IQ\Backend\tests\PlantProcess.Analytics.Core.Tests\bin\Release\net9.0\PlantProcess.Analytics.Core.Tests.dll" adapterTypeName="executor://xunit/VsTestRunner2/netcoreapp" className="PlantProcess.Analytics.Core.Tests.ValueHonestyLintTests" name="Compliant_text_passes" />
    </UnitTest>
    <UnitTest name="PlantProcess.Analytics.Core.Tests.P06_GoldenGateTests.Engine_recovers_true_signals_and_rejects_decoys_with_correct_discipline" storage="c:\workspace\plantprocess-iq\backend\tests\plantprocess.analytics.core.tests\bin\release\net9.0\plantprocess.analytics.core.tests.dll" id="bfe055a5-ff96-d11b-209b-79da420d464f">
      <Execution id="f81e0da2-bf41-44db-b4a4-a486fb6b31d8" />
      <TestMethod codeBase="C:\Workspace\PlantProcess-IQ\Backend\tests\PlantProcess.Analytics.Core.Tests\bin\Release\net9.0\PlantProcess.Analytics.Core.Tests.dll" adapterTypeName="executor://xunit/VsTestRunner2/netcoreapp" className="PlantProcess.Analytics.Core.Tests.P06_GoldenGateTests" name="Engine_recovers_true_signals_and_rejects_decoys_with_correct_discipline" />
    </UnitTest>
    <UnitTest name="PlantProcess.Analytics.Core.Tests.P06_DisciplineTests.Ranking_is_by_effect_size_not_p_value" storage="c:\workspace\plantprocess-iq\backend\tests\plantprocess.analytics.core.tests\bin\release\net9.0\plantprocess.analytics.core.tests.dll" id="be32ce72-3d83-e5a8-1af0-39f8860acad5">
      <Execution id="65ba3d51-6f3f-4ea7-ab23-6820b81949a6" />
      <TestMethod codeBase="C:\Workspace\PlantProcess-IQ\Backend\tests\PlantProcess.Analytics.Core.Tests\bin\Release\net9.0\PlantProcess.Analytics.Core.Tests.dll" adapterTypeName="executor://xunit/VsTestRunner2/netcoreapp" className="PlantProcess.Analytics.Core.Tests.P06_DisciplineTests" name="Ranking_is_by_effect_size_not_p_value" />
    </UnitTest>
    <UnitTest name="PlantProcess.Analytics.Core.Tests.RiskCalibrationServiceTests.Miscalibrated_model_abstains_instead_of_emitting_a_number" storage="c:\workspace\plantprocess-iq\backend\tests\plantprocess.analytics.core.tests\bin\release\net9.0\plantprocess.analytics.core.tests.dll" id="2c5997c5-b6fc-e50a-1a83-cbea7d13e84a">
      <Execution id="38ac4307-2d88-432b-b2c8-cd3ba583275a" />
      <TestMethod codeBase="C:\Workspace\PlantProcess-IQ\Backend\tests\PlantProcess.Analytics.Core.Tests\bin\Release\net9.0\PlantProcess.Analytics.Core.Tests.dll" adapterTypeName="executor://xunit/VsTestRunner2/netcoreapp" className="PlantProcess.Analytics.Core.Tests.RiskCalibrationServiceTests" name="Miscalibrated_model_abstains_instead_of_emitting_a_number" />
    </UnitTest>
    <UnitTest name="PlantProcess.Analytics.Core.Tests.ValueImpactEngineTests.DX51D_edge_crack_yields_expected_mid_and_band" storage="c:\workspace\plantprocess-iq\backend\tests\plantprocess.analytics.core.tests\bin\release\net9.0\plantprocess.analytics.core.tests.dll" id="dc0087df-68c4-0421-e961-29313546583d">
      <Execution id="4a405922-aa22-47c6-b5fa-8c620e1da6db" />
[...]
    </UnitTest>
    <UnitTest name="PlantProcess.Analytics.Core.Tests.P06_ReadinessGateTests.Any_blocked_dimension_blocks_overall(heats: 60, events: 40, minority: 0.10000000000000001, fresh: 1, complete: 0.83999999999999997)" storage="c:\workspace\plantprocess-iq\backend\tests\plantprocess.analytics.core.tests\bin\release\net9.0\plantprocess.analytics.core.tests.dll" id="1d3f7a9f-e31a-e2e2-bdeb-cd03143a28ff">
      <Execution id="0dc9a4ac-db30-4504-8163-addc4b8d2a12" />
      <TestMethod codeBase="C:\Workspace\PlantProcess-IQ\Backend\tests\PlantProcess.Analytics.Core.Tests\bin\Release\net9.0\PlantProcess.Analytics.Core.Tests.dll" adapterTypeName="executor://xunit/VsTestRunner2/netcoreapp" className="PlantProcess.Analytics.Core.Tests.P06_ReadinessGateTests" name="Any_blocked_dimension_blocks_overall" />
    </UnitTest>
    <UnitTest name="PlantProcess.Analytics.Core.Tests.ValueHonestyLintTests.Forbidden_phrases_are_rejected(text: &quot;This will   save money&quot;)" storage="c:\workspace\plantprocess-iq\backend\tests\plantprocess.analytics.core.tests\bin\release\net9.0\plantprocess.analytics.core.tests.dll" id="9eecbb99-1627-6e30-4bc8-eb0dbc92968d">
      <Execution id="0670e4d0-da81-46e6-b32e-d06c66e06581" />
      <TestMethod codeBase="C:\Workspace\PlantProcess-IQ\Backend\tests\PlantProcess.Analytics.Core.Tests\bin\Release\net9.0\PlantProcess.Analytics.Core.Tests.dll" adapterTypeName="executor://xunit/VsTestRunner2/netcoreapp" className="PlantProcess.Analytics.Core.Tests.ValueHonestyLintTests" name="Forbidden_phrases_are_rejected" />
    </UnitTest>
    <UnitTest name="PlantProcess.Analytics.Core.Tests.P06_StatisticalMethodsTests.Cramers_v_and_point_biserial_are_bounded_and_sensible" storage="c:\workspace\plantprocess-iq\backend\tests\plantprocess.analytics.core.tests\bin\release\net9.0\plantprocess.analytics.core.tests.dll" id="c8eaca88-5d62-116d-efe0-67b126c222f1">
      <Execution id="af95c63e-3363-4166-a4a9-d95c774e491c" />
      <TestMethod codeBase="C:\Workspace\PlantProcess-IQ\Backend\tests\PlantProcess.Analytics.Core.Tests\bin\Release\net9.0\PlantProcess.Analytics.Core.Tests.dll" adapterTypeName="executor://xunit/VsTestRunner2/netcoreapp" className="PlantProcess.Analytics.Core.Tests.P06_StatisticalMethodsTests" name="Cramers_v_and_point_biserial_are_bounded_and_sensible" />
    </UnitTest>
    <UnitTest name="PlantProcess.Analytics.Core.Tests.P05_PrimitivesTests.Max_is_exact" storage="c:\workspace\plantprocess-iq\backend\tests\plantprocess.analytics.core.tests\bin\release\net9.0\plantprocess.analytics.core.tests.dll" id="2ec6afa6-0fc8-bc78-a9e2-f124e0ea0952">
      <Execution id="7c4e5100-5a00-409d-a123-f65c666af4d6" />
      <TestMethod codeBase="C:\Workspace\PlantProcess-IQ\Backend\tests\PlantProcess.Analytics.Core.Tests\bin\Release\net9.0\PlantProcess.Analytics.Core.Tests.dll" adapterTypeName="executor://xunit/VsTestRunner2/netcoreapp" className="PlantProcess.Analytics.Core.Tests.P05_PrimitivesTests" name="Max_is_exact" />
    </UnitTest>
    <UnitTest name="PlantProcess.Analytics.Core.Tests.P05_KpiEngineTests.Sql_view_kpi_validates_then_uses_measured_value" storage="c:\workspace\plantprocess-iq\backend\tests\plantprocess.analytics.core.tests\bin\release\net9.0\plantprocess.analytics.core.tests.dll" id="0f44864c-de13-4dba-4dc1-a46985f2741c">
      <Execution id="e34e8ab4-8ace-424a-9605-712955a26324" />
      <TestMethod codeBase="C:\Workspace\PlantProcess-IQ\Backend\tests\PlantProcess.Analytics.Core.Tests\bin\Release\net9.0\PlantProcess.Analytics.Core.Tests.dll" adapterTypeName="executor://xunit/VsTestRunner2/netcoreapp" className="PlantProcess.Analytics.Core.Tests.P05_KpiEngineTests" name="Sql_view_kpi_validates_then_uses_measured_value" />
    </UnitTest>
    <UnitTest name="PlantProcess.Analytics.Core.Tests.P05_PrimitivesTests.Threshold_flags_breach_and_ok" storage="c:\workspace\plantprocess-iq\backend\tests\plantprocess.analytics.core.tests\bin\release\net9.0\plantprocess.analytics.core.tests.dll" id="df0eb905-82dd-8569-2ca7-85ebe23d35ec">
      <Execution id="23e2dfa5-bf2d-4bd8-a183-ff2158f053b3" />
      <TestMethod codeBase="C:\Workspace\PlantProcess-IQ\Backend\tests\PlantProcess.Analytics.Core.Tests\bin\Release\net9.0\PlantProcess.Analytics.Core.Tests.dll" adapterTypeName="executor://xunit/VsTestRunner2/netcoreapp" className="PlantProcess.Analytics.Core.Tests.P05_PrimitivesTests" name="Threshold_flags_breach_and_ok" />
    </UnitTest>
    <UnitTest name="PlantProcess.Analytics.Core.Tests.P05_PrimitivesTests.Average_is_exact" storage="c:\workspace\plantprocess-iq\backend\tests\plantprocess.analytics.core.tests\bin\release\net9.0\plantprocess.analytics.core.tests.dll" id="01f7232f-90fd-fb52-4c80-1fd92656b5bc">
      <Execution id="df71e466-bddc-4169-8d5f-014579798c9d" />
      <TestMethod codeBase="C:\Workspace\PlantProcess-IQ\Backend\tests\PlantProcess.Analytics.Core.Tests\bin\Release\net9.0\PlantProcess.Analytics.Core.Tests.dll" adapterTypeName="executor://xunit/VsTestRunner2/netcoreapp" className="PlantProcess.Analytics.Core.Tests.P05_PrimitivesTests" name="Average_is_exact" />
    </UnitTest>
  </TestDefinitions>
  <TestEntries>
    <TestEntry testId="c2002c2c-06d3-cdd7-206f-6068e63e4260" executionId="8e0c9c1c-961c-4788-a42c-0e095345fb80" testListId="8c84fa94-04c1-424b-9868-57a2d4851a1d" />
    <TestEntry testId="b0160f97-e645-fa77-6a15-6ad31b68c6ff" executionId="904524d3-ddab-491e-9937-d4093cc0d9af" testListId="8c84fa94-04c1-424b-9868-57a2d4851a1d" />
    <TestEntry testId="2c5997c5-b6fc-e50a-1a83-cbea7d13e84a" executionId="38ac4307-2d88-432b-b2c8-cd3ba583275a" testListId="8c84fa94-04c1-424b-9868-57a2d4851a1d" />
    <TestEntry testId="888c70d1-8590-4b6e-43b7-97e082a47f5d" executionId="b6d09d9f-faa1-4cf1-ac2e-6229a310b449" testListId="8c84fa94-04c1-424b-9868-57a2d4851a1d" />
    <TestEntry testId="4ea8939e-01af-0d0d-493f-de5c67a917eb" executionId="0001e5a8-7e94-4291-bac5-dce0f9f80ac1" testListId="8c84fa94-04c1-424b-9868-57a2d4851a1d" />
    <TestEntry testId="bea4ea6b-2a3c-cc85-ec0b-186150c5b879" executionId="9f7950f6-220e-41ee-ad83-4329eea04c0c" testListId="8c84fa94-04c1-424b-9868-57a2d4851a1d" />
    <TestEntry testId="b5fed4ab-4869-8f26-b8da-2edee30d6f24" executionId="55c19b8f-0cd1-429d-a762-10e0fed3c85e" testListId="8c84fa94-04c1-424b-9868-57a2d4851a1d" />
    <TestEntry testId="39679fb2-d061-f9e4-b72b-6f4a49eb2519" executionId="e0e91fd9-e5dc-4807-8e50-cbbc1807bbf0" testListId="8c84fa94-04c1-424b-9868-57a2d4851a1d" />
    <TestEntry testId="e4798073-6c36-f605-ff5c-064c57362b65" executionId="207daa86-84ec-4ada-813b-ebb2ca2d7356" testListId="8c84fa94-04c1-424b-9868-57a2d4851a1d" />
    <TestEntry testId="8cbfc6a8-e466-dbd2-1eec-d063ca8b7b01" executionId="aa1f50b2-f0d4-4b06-860d-3c8dd0a4ae22" testListId="8c84fa94-04c1-424b-9868-57a2d4851a1d" />
    <TestEntry testId="d3878fa0-6f67-0d0e-f385-b1c656fd8673" executionId="91a6c1be-4c61-49c2-9b07-ad63f30c48f5" testListId="8c84fa94-04c1-424b-9868-57a2d4851a1d" />
    <TestEntry testId="ceb84906-c69b-40b5-23fa-f88eb0a20056" executionId="67b5d404-8130-4fe7-8917-d45b0055e6f3" testListId="8c84fa94-04c1-424b-9868-57a2d4851a1d" />
    <TestEntry testId="200e41d5-7b6c-e6a3-61da-0914d0b6fd88" executionId="5af8c9e5-cb74-40cd-aced-4e2188fffa59" testListId="8c84fa94-04c1-424b-9868-57a2d4851a1d" />
    <TestEntry testId="483216e8-7d2c-bdd1-a9e2-d3813f84371f" executionId="274d3a44-dcb8-4416-a2b2-5f48fa0ae82c" testListId="8c84fa94-04c1-424b-9868-57a2d4851a1d" />
    <TestEntry testId="14691767-2f44-a798-ec15-fad42b812e2e" executionId="3b34c245-7e18-406e-a04a-d8cb06473716" testListId="8c84fa94-04c1-424b-9868-57a2d4851a1d" />
    <TestEntry testId="ea62f543-1464-1122-26a5-6a568f593c13" executionId="7137a53b-d63a-4feb-bba7-36427310d368" testListId="8c84fa94-04c1-424b-9868-57a2d4851a1d" />
    <TestEntry testId="0fe49582-0c1a-a793-110a-84b66047bb37" executionId="5012d22d-7a76-4bfb-842e-9eae3caa769c" testListId="8c84fa94-04c1-424b-9868-57a2d4851a1d" />
    <TestEntry testId="f8d4ceb5-175c-e9e6-a35f-6c39fb2af151" executionId="37ad5e2d-8d87-4245-bf4f-f014cd92e8f0" testListId="8c84fa94-04c1-424b-9868-57a2d4851a1d" />
    <TestEntry testId="b6d941a1-d168-88c0-0bff-7146368b4678" executionId="93ae82da-3555-4d0e-a572-89683012df0d" testListId="8c84fa94-04c1-424b-9868-57a2d4851a1d" />
    <TestEntry testId="c56302bf-2492-142f-3da4-12a69782346c" executionId="f3ad7ed1-0b2c-43c8-9d85-0806c7d269cd" testListId="8c84fa94-04c1-424b-9868-57a2d4851a1d" />
    <TestEntry testId="a6f569f6-79cb-7691-c9b1-6cc8824def32" executionId="e7afc210-98ac-433f-9216-a2b4f764ddca" testListId="8c84fa94-04c1-424b-9868-57a2d4851a1d" />
    <TestEntry testId="71c51724-360b-cc9b-b2ae-99020b315b79" executionId="79c46c55-8ae1-4f2b-9795-01ea894c30d4" testListId="8c84fa94-04c1-424b-9868-57a2d4851a1d" />
    <TestEntry testId="76c4ee63-4fb4-4e2a-26bc-a6ea8c4a3dae" executionId="49103259-c498-4b34-a635-3ea4cb8933d6" testListId="8c84fa94-04c1-424b-9868-57a2d4851a1d" />
    <TestEntry testId="4e4797a6-5970-3a68-e296-7fcce050a560" executionId="eeba0fc6-b8a0-4a18-8774-45b3104b3a05" testListId="8c84fa94-04c1-424b-9868-57a2d4851a1d" />
    <TestEntry testId="664993d4-645c-79b0-4c8b-df527c465778" executionId="752ebe6a-bdf9-4468-b4d9-9776949ea6db" testListId="8c84fa94-04c1-424b-9868-57a2d4851a1d" />
    <TestEntry testId="87328ad7-cb4e-3e14-4e54-4667a5d0fd2e" executionId="e903e93d-87a1-45b9-8fc2-7931fb420f10" testListId="8c84fa94-04c1-424b-9868-57a2d4851a1d" />
    <TestEntry testId="12997d20-a98e-a391-a8c0-5e0dc83a5dd4" executionId="fbf51c03-16ac-4d06-abb8-ba462db9b16c" testListId="8c84fa94-04c1-424b-9868-57a2d4851a1d" />
    <TestEntry testId="dc43a36e-924c-1d14-0ee4-f8f7f6c61f4d" executionId="a51f9a70-81ba-4704-bb6f-0a8818429227" testListId="8c84fa94-04c1-424b-9868-57a2d4851a1d" />
    <TestEntry testId="95637509-bd39-bd1f-39b7-467b2958ce4b" executionId="a99ad180-ebde-4945-8e9e-9f9415d78da8" testListId="8c84fa94-04c1-424b-9868-57a2d4851a1d" />
    <TestEntry testId="2cbb8403-2799-553c-87cc-b933e78cedbd" executionId="85e59e74-82b2-4722-aec1-ad643cda46a0" testListId="8c84fa94-04c1-424b-9868-57a2d4851a1d" />
    <TestEntry testId="ca9e6b8c-5ddc-aa98-0a0b-66ac65895fa4" executionId="f236cb36-cb7e-4863-9043-a8b1ab7c39b4" testListId="8c84fa94-04c1-424b-9868-57a2d4851a1d" />
    <TestEntry testId="8d02a075-11f0-870d-a7f4-17d99c433d40" executionId="34ada10a-35c2-429c-8edf-fa11ee860876" testListId="8c84fa94-04c1-424b-9868-57a2d4851a1d" />
    <TestEntry testId="c7bdf123-89f8-924f-319c-005a7f4cbdd1" executionId="806112b9-22ff-4d0a-ae28-e9b4888e729b" testListId="8c84fa94-04c1-424b-9868-57a2d4851a1d" />
    <TestEntry testId="a135dad5-d7b8-2e7f-8df6-2da38971deb9" executionId="9a8f8837-29fa-4007-8bca-9ea7bd0f2cd0" testListId="8c84fa94-04c1-424b-9868-57a2d4851a1d" />
    <TestEntry testId="55d315f9-387e-bfec-2150-741efaa67b35" executionId="2a8de74a-1559-4e05-b43b-dead7927b740" testListId="8c84fa94-04c1-424b-9868-57a2d4851a1d" />
    <TestEntry testId="b0e5de89-ff94-5b74-5641-e51f4db298c7" executionId="3826d5f4-5eec-42a9-8645-21c71dce76fe" testListId="8c84fa94-04c1-424b-9868-57a2d4851a1d" />
    <TestEntry testId="29faed79-25df-8ee8-1111-c759fd5cb748" executionId="0806fc60-d6c2-421f-92c1-7661db9ac891" testListId="8c84fa94-04c1-424b-9868-57a2d4851a1d" />
    <TestEntry testId="1b7724c4-da44-7bda-de52-e87993d91b01" executionId="f519112b-19cc-4c4d-a8a4-dcb429fb9764" testListId="8c84fa94-04c1-424b-9868-57a2d4851a1d" />
    <TestEntry testId="e2b4ec46-0cbf-b6a1-e085-4057fbfc7a10" executionId="8f27ed3f-e5a7-48d6-842f-dc5320310e59" testListId="8c84fa94-04c1-424b-9868-57a2d4851a1d" />
    <TestEntry testId="0a1f4501-a746-b153-c746-a0703fada5bc" executionId="0185d73d-a03b-47ba-a1ef-16ab8910e8af" testListId="8c84fa94-04c1-424b-9868-57a2d4851a1d" />
    <TestEntry testId="5a60e4ff-7052-8a31-6943-5aed2ea75162" executionId="7e40835e-78a2-48b2-9199-e9a718aa55ff" testListId="8c84fa94-04c1-424b-9868-57a2d4851a1d" />
    <TestEntry testId="2e477dc5-62aa-f4d1-5f54-cd076ee0f3dd" executionId="8b7df925-9eea-4861-ac63-3cb6159c3418" testListId="8c84fa94-04c1-424b-9868-57a2d4851a1d" />
    <TestEntry testId="4b48c7c8-6d24-6f08-5ad7-d69a8b4fb45c" executionId="1ea3f5fe-91ab-4459-be4f-aa480464c81c" testListId="8c84fa94-04c1-424b-9868-57a2d4851a1d" />
    <TestEntry testId="33577265-1e25-7660-9292-399ec7994fa8" executionId="49e1a7af-f4a7-477f-9758-8bae42aeed84" testListId="8c84fa94-04c1-424b-9868-57a2d4851a1d" />
    <TestEntry testId="0a82e8b7-bede-5cab-cfd3-e673f1c057b3" executionId="68d9de9c-361c-417d-b863-84558d8c65a8" testListId="8c84fa94-04c1-424b-9868-57a2d4851a1d" />
    <TestEntry testId="e6154ab5-ecb2-a845-2f23-9440d4609fd1" executionId="6072952d-020c-485f-a7be-5b3c1e591cab" testListId="8c84fa94-04c1-424b-9868-57a2d4851a1d" />
    <TestEntry testId="32f9884e-becb-9484-f850-7cc3e836f5c1" executionId="628f10ed-0d2e-45d6-9178-7289a4706ed2" testListId="8c84fa94-04c1-424b-9868-57a2d4851a1d" />
    <TestEntry testId="be32ce72-3d83-e5a8-1af0-39f8860acad5" executionId="65ba3d51-6f3f-4ea7-ab23-6820b81949a6" testListId="8c84fa94-04c1-424b-9868-57a2d4851a1d" />
    <TestEntry testId="4cf83695-7865-6db8-10ac-63f99e5e4c50" executionId="4e7aa321-3c11-43f6-896f-8e18b918c0d5" testListId="8c84fa94-04c1-424b-9868-57a2d4851a1d" />
    <TestEntry testId="785a3516-0ba2-68d4-f345-e00fd4486d3b" executionId="79f8ba01-5a0a-461b-b7b3-0a8a752be84b" testListId="8c84fa94-04c1-424b-9868-57a2d4851a1d" />
    <TestEntry testId="94a48594-2f07-8927-84dc-36564847074e" executionId="cefd939f-461f-4b42-a9ba-79c44ffb889d" testListId="8c84fa94-04c1-424b-9868-57a2d4851a1d" />
    <TestEntry testId="1d3f7a9f-e31a-e2e2-bdeb-cd03143a28ff" executionId="0dc9a4ac-db30-4504-8163-addc4b8d2a12" testListId="8c84fa94-04c1-424b-9868-57a2d4851a1d" />
    <TestEntry testId="a7c75468-9d9d-ff4d-3c3f-f9bbbd1eb57b" executionId="e496d52c-5e5c-4f10-a964-aa28b62a116c" testListId="8c84fa94-04c1-424b-9868-57a2d4851a1d" />
    <TestEntry testId="35508598-f2ec-1ef8-3e68-b3990dc20647" executionId="c9aafa75-f5b3-40fa-b6c2-07f969891f58" testListId="8c84fa94-04c1-424b-9868-57a2d4851a1d" />
    <TestEntry testId="6e003a91-7abc-da04-ff02-3bac5d7bdfaf" executionId="b1e58d82-50a6-424a-971c-3f5ec691ec46" testListId="8c84fa94-04c1-424b-9868-57a2d4851a1d" />
    <TestEntry testId="b279e9e1-544e-f804-15a9-e405e8a78092" executionId="4993a87c-a55c-481e-b157-c8b726a8808b" testListId="8c84fa94-04c1-424b-9868-57a2d4851a1d" />
    <TestEntry testId="9401c9cd-92d9-9610-76dc-c9985110a144" executionId="0d01d048-1712-40ce-9567-7d9e50dcd413" testListId="8c84fa94-04c1-424b-9868-57a2d4851a1d" />
    <TestEntry testId="df0eb905-82dd-8569-2ca7-85ebe23d35ec" executionId="23e2dfa5-bf2d-4bd8-a183-ff2158f053b3" testListId="8c84fa94-04c1-424b-9868-57a2d4851a1d" />
    <TestEntry testId="1b7bc332-6e11-af39-f597-c6f32b27a0a5" executionId="dee2f3dc-d36c-4395-acf7-184e4cb36a77" testListId="8c84fa94-04c1-424b-9868-57a2d4851a1d" />
    <TestEntry testId="0f44864c-de13-4dba-4dc1-a46985f2741c" executionId="e34e8ab4-8ace-424a-9605-712955a26324" testListId="8c84fa94-04c1-424b-9868-57a2d4851a1d" />
    <TestEntry testId="2ec6afa6-0fc8-bc78-a9e2-f124e0ea0952" executionId="7c4e5100-5a00-409d-a123-f65c666af4d6" testListId="8c84fa94-04c1-424b-9868-57a2d4851a1d" />
    <TestEntry testId="9149638a-99f4-7de7-07f8-b6058d0f2bfe" executionId="7751d6f3-c961-474e-9a61-a85363e5bcac" testListId="8c84fa94-04c1-424b-9868-57a2d4851a1d" />
    <TestEntry testId="d4149515-df67-2059-44d4-72075818e6bc" executionId="123c1adf-4144-4559-863f-be2617283560" testListId="8c84fa94-04c1-424b-9868-57a2d4851a1d" />
    <TestEntry testId="01f7232f-90fd-fb52-4c80-1fd92656b5bc" executionId="df71e466-bddc-4169-8d5f-014579798c9d" testListId="8c84fa94-04c1-424b-9868-57a2d4851a1d" />
    <TestEntry testId="bfe055a5-ff96-d11b-209b-79da420d464f" executionId="f81e0da2-bf41-44db-b4a4-a486fb6b31d8" testListId="8c84fa94-04c1-424b-9868-57a2d4851a1d" />
    <TestEntry testId="412e1905-8a71-5be0-1643-86607015b045" executionId="198adaaf-752f-4de6-806b-e6a02d3b7f6b" testListId="8c84fa94-04c1-424b-9868-57a2d4851a1d" />
    <TestEntry testId="0f193d0c-f872-3702-f964-39a9815934f3" executionId="0a41d46c-cca0-49a2-ab4d-455be81ce932" testListId="8c84fa94-04c1-424b-9868-57a2d4851a1d" />
    <TestEntry testId="6b86eeb9-b4c4-6303-e078-bb6450b57098" executionId="74918a1a-63ef-4a86-bd22-3c2f11186594" testListId="8c84fa94-04c1-424b-9868-57a2d4851a1d" />
    <TestEntry testId="ff7f0814-a347-38e8-b086-a4e86569557e" executionId="2111c064-03a3-46f5-9a36-3b47ca5ce275" testListId="8c84fa94-04c1-424b-9868-57a2d4851a1d" />
    <TestEntry testId="dc0087df-68c4-0421-e961-29313546583d" executionId="4a405922-aa22-47c6-b5fa-8c620e1da6db" testListId="8c84fa94-04c1-424b-9868-57a2d4851a1d" />
    <TestEntry testId="6bef5f5b-4261-9568-f25b-502a1592c0bf" executionId="efec2c0f-1a6f-4991-8838-c0e2e9e620bc" testListId="8c84fa94-04c1-424b-9868-57a2d4851a1d" />
    <TestEntry testId="f5c7a643-a7f2-e316-405b-57b6d27c3cfe" executionId="0702799a-4221-4efe-856e-697d09cd39e3" testListId="8c84fa94-04c1-424b-9868-57a2d4851a1d" />
    <TestEntry testId="d6e7c15a-534d-bf90-c2ed-a1a9f969b5db" executionId="9b9ebdf1-37da-4006-aa57-75f7d761901b" testListId="8c84fa94-04c1-424b-9868-57a2d4851a1d" />
    <TestEntry testId="c72180bc-681c-e20e-4729-059345200160" executionId="68511285-5193-4e6b-9329-de3fb28065e4" testListId="8c84fa94-04c1-424b-9868-57a2d4851a1d" />
    <TestEntry testId="a3887b78-4824-9b83-f2c1-81343f336078" executionId="ecb4a8ff-4d7a-4a7d-beb9-5e7790e330e3" testListId="8c84fa94-04c1-424b-9868-57a2d4851a1d" />
    <TestEntry testId="57b1019c-a35e-c608-12da-5fd45b9b70ba" executionId="70daa3a6-b500-4670-a432-dec4463ac26a" testListId="8c84fa94-04c1-424b-9868-57a2d4851a1d" />
    <TestEntry testId="c67adf98-eb02-13f4-1f71-239f01944b24" executionId="09145ed3-fb0d-4565-83b3-5ac747fb5965" testListId="8c84fa94-04c1-424b-9868-57a2d4851a1d" />
    <TestEntry testId="35af38bb-c71a-69ca-4aeb-f1fd2145b674" executionId="d493c992-37a1-4069-9fd4-2ba9424100bf" testListId="8c84fa94-04c1-424b-9868-57a2d4851a1d" />
    <TestEntry testId="126308aa-4f87-25a2-b129-2ddd96770623" executionId="ccc83374-a967-4ad4-8fe5-b5c973f6ddd8" testListId="8c84fa94-04c1-424b-9868-57a2d4851a1d" />
    <TestEntry testId="c8eaca88-5d62-116d-efe0-67b126c222f1" executionId="af95c63e-3363-4166-a4a9-d95c774e491c" testListId="8c84fa94-04c1-424b-9868-57a2d4851a1d" />
    <TestEntry testId="9eecbb99-1627-6e30-4bc8-eb0dbc92968d" executionId="0670e4d0-da81-46e6-b32e-d06c66e06581" testListId="8c84fa94-04c1-424b-9868-57a2d4851a1d" />
    <TestEntry testId="003780e0-e4c6-88b2-41fb-2bf7cb8d2286" executionId="41bf04dc-bf2b-4945-abe4-9986f6e188f6" testListId="8c84fa94-04c1-424b-9868-57a2d4851a1d" />
    <TestEntry testId="e3bdc7a4-17ec-d227-7622-b2fa1d218e5f" executionId="6ea4855b-72bd-4a05-b52f-5d119ed52f53" testListId="8c84fa94-04c1-424b-9868-57a2d4851a1d" />
    <TestEntry testId="8fa2c23b-3277-bb11-9750-3b1ac63899b3" executionId="d52fbaf8-890c-4a27-b8b4-fbc1d866f6b4" testListId="8c84fa94-04c1-424b-9868-57a2d4851a1d" />
  </TestEntries>
  <TestLists>
    <TestList name="Results Not in a List" id="8c84fa94-04c1-424b-9868-57a2d4851a1d" />
    <TestList name="All Loaded Results" id="19431567-8539-422a-85d7-44ee4e166bda" />
  </TestLists>
  <ResultSummary outcome="Completed">
    <Counters total="84" executed="84" passed="84" failed="0" error="0" timeout="0" aborted="0" inconclusive="0" passedButRunAborted="0" notRunnable="0" notExecuted="0" disconnected="0" warning="0" completed="0" inProgress="0" pending="0" />
    <Output>
      <StdOut>[xUnit.net 00:00:00.00] xUnit.net VSTest Adapter v2.8.2+699d445a1a (64-bit .NET 9.0.8)&#xD;
[xUnit.net 00:00:01.36]   Discovering: PlantProcess.Analytics.Core.Tests&#xD;
[xUnit.net 00:00:01.84]   Discovered:  PlantProcess.Analytics.Core.Tests&#xD;
[xUnit.net 00:00:01.85]   Starting:    PlantProcess.Analytics.Core.Tests&#xD;
[xUnit.net 00:00:02.66]   Finished:    PlantProcess.Analytics.Core.Tests&#xD;
</StdOut>
    </Output>
  </ResultSummary>
</TestRun>