{"numTotalTestSuites":17,"numPassedTestSuites":15,"numFailedTestSuites":2,"numPendingTestSuites":0,"numTotalTests":49,"numPassedTests":48,"numFailedTests":1,"numPendingTests":0,"numTodoTests":0,"snapshot":{"added":0,"failure":false,"filesAdded":0,"filesRemoved":0,"filesRemovedList":[],"filesUnmatched":0,"filesUpdated":0,"matched":0,"total":0,"unchecked":0,"uncheckedKeysByFile":[],"unmatched":0,"updated":0,"didUpdate":false},"startTime":1785917746426,"success":false,"testResults":[{"assertionResults":[{"ancestorTitles":["filter node"],"fullName":"filter node offers the server whitelist and nothing else","status":"passed","title":"offers the server whitelist and nothing else","duration":60.49629999999979,"failureMessages":[],"meta":{},"tags":[]},{"ancestorTitles":["filter node"],"fullName":"filter node feeds the column dropdown from the upstream lineage, never free text","status":"passed","title":"feeds the column dropdown from the upstream lineage, never free text","duration":12.384900000000016,"failureMessages":[],"meta":{},"tags":[]},{"ancestorTitles":["filter node"],"fullName":"filter node lists a derived field truthfully and refuses to let it be chosen","status":"passed","title":"lists a derived field truthfully and refuses to let it be chosen","duration":9.63879999999972,"failureMessages":[],"meta":{},"tags":[]},{"ancestorTitles":["filter node"],"fullName":"filter node removes the value field for a unary operator rather than disabling it","status":"passed","title":"removes the value field for a unary operator rather than disabling it","duration":15.717800000000352,"failureMessages":[],"meta":{},"tags":[]},{"ancestorTitles":["filter node"],"fullName":"filter node shows the status badge and the sentence on the node itself","status":"passed","title":"shows the status badge and the sentence on the node itself","duration":10.057000000000698,"failureMessages":[],"meta":{},"tags":[]},{"ancestorTitles":["filter node"],"fullName":"filter node reports every edit to the board, which owns the state","status":"passed","title":"reports every edit to the board, which owns the state","duration":347.10090000000037,"failureMessages":[],"meta":{},"tags":[]},{"ancestorTitles":["derived node"],"fullName":"derived node offers only the four arithmetic operators the server compiles","status":"passed","title":"offers only the four arithmetic operators the server compiles","duration":6.83469999999943,"failureMessages":[],"meta":{},"tags":[]},{"ancestorTitles":["derived node"],"fullName":"derived node shows a number field only while no second column is chosen","status":"passed","title":"shows a number field only while no second column is chosen","duration":9.800899999999274,"failureMessages":[],"meta":{},"tags":[]},{"ancestorTitles":["select node"],"fullName":"select node renders one toggle per upstream field and marks the chosen ones","status":"passed","title":"renders one toggle per upstream field and marks the chosen ones","duration":135.45259999999962,"failureMessages":[],"meta":{},"tags":[]},{"ancestorTitles":["select node"],"fullName":"select node says what to do when nothing is upstream, instead of showing an empty box","status":"passed","title":"says what to do when nothing is upstream, instead of showing an empty box","duration":3.503000000000611,"failureMessages":[],"meta":{},"tags":[]},{"ancestorTitles":["select node"],"fullName":"select node reports a toggle to the board","status":"passed","title":"reports a toggle to the board","duration":137.4403000000002,"failureMessages":[],"meta":{},"tags":[]},{"ancestorTitles":["ports, which the Handle mock cannot show"],"fullName":"ports, which the Handle mock cannot show every block declares one flow input and one flow output from the shared vocabulary","status":"failed","title":"every block declares one flow input and one flow output from the shared vocabulary","duration":22.87119999999959,"failureMessages":["AssertionError: expected '// PPIQ T-033 items 2 to 4. THE THREE…' to contain 'import { FLOW_IN, FLOW_OUT } from \"./…'\n    at C:/Workspace/PlantProcess-IQ/Frontend/PlantProcess.Web/src/authoring/blockNodes.test.tsx:126:20\n    at file:///C:/Workspace/PlantProcess-IQ/Frontend/PlantProcess.Web/node_modules/@vitest/runner/dist/chunk-artifact.js:302:11\n    at file:///C:/Workspace/PlantProcess-IQ/Frontend/PlantProcess.Web/node_modules/@vitest/runner/dist/chunk-artifact.js:1903:26\n    at file:///C:/Workspace/PlantProcess-IQ/Frontend/PlantProcess.Web/node_modules/@vitest/runner/dist/chunk-artifact.js:2326:20\n    at new Promise (<anonymous>)\n    at runWithCancel (file:///C:/Workspace/PlantProcess-IQ/Frontend/PlantProcess.Web/node_modules/@vitest/runner/dist/chunk-artifact.js:2323:10)\n    at file:///C:/Workspace/PlantProcess-IQ/Frontend/PlantProcess.Web/node_modules/@vitest/runner/dist/chunk-artifact.js:2305:20\n    at new Promise (<anonymous>)\n    at runWithTimeout (file:///C:/Workspace/PlantProcess-IQ/Frontend/PlantProcess.Web/node_modules/@vitest/runner/dist/chunk-artifact.js:2272:10)\n    at file:///C:/Workspace/PlantProcess-IQ/Frontend/PlantProcess.Web/node_modules/@vitest/runner/dist/chunk-artifact.js:2955:64"],"meta":{},"tags":[]},{"ancestorTitles":["ports, which the Handle mock cannot show"],"fullName":"ports, which the Handle mock cannot show declares no handle with a literal string, which would drift from the semantics","status":"passed","title":"declares no handle with a literal string, which would drift from the semantics","duration":0.5250000000005457,"failureMessages":[],"meta":{},"tags":[]}],"startTime":1785917752019,"endTime":1785917752792.525,"status":"failed","message":"","name":"C:/Workspace/PlantProcess-IQ/Frontend/PlantProcess.Web/src/authoring/blockNodes.test.tsx"},{"assertionResults":[{"ancestorTitles":["field references"],"fullName":"field references splits on the first dot and refuses a malformed reference","status":"passed","title":"splits on the first dot and refuses a malformed reference","duration":3.0733000000000175,"failureMessages":[],"meta":{},"tags":[]},{"ancestorTitles":["join lineage"],"fullName":"join lineage a joined cluster exposes every origin table explicitly","status":"passed","title":"a joined cluster exposes every origin table explicitly","duration":2.957399999999325,"failureMessages":[],"meta":{},"tags":[]},{"ancestorTitles":["join lineage"],"fullName":"join lineage a field that is not in the upstream output invalidates the block","status":"passed","title":"a field that is not in the upstream output invalidates the block","duration":0.6466000000000349,"failureMessages":[],"meta":{},"tags":[]},{"ancestorTitles":["join lineage"],"fullName":"join lineage a block wired to nothing is refused, and the sentence says what to do","status":"passed","title":"a block wired to nothing is refused, and the sentence says what to do","duration":0.35859999999956926,"failureMessages":[],"meta":{},"tags":[]},{"ancestorTitles":["filter block"],"fullName":"filter block refuses an operator outside the server whitelist","status":"passed","title":"refuses an operator outside the server whitelist","duration":0.3853999999992084,"failureMessages":[],"meta":{},"tags":[]},{"ancestorTitles":["filter block"],"fullName":"filter block requires a value for a binary operator and none for a unary one","status":"passed","title":"requires a value for a binary operator and none for a unary one","duration":0.42369999999937136,"failureMessages":[],"meta":{},"tags":[]},{"ancestorTitles":["filter block"],"fullName":"filter block serialises a unary filter with a null value","status":"passed","title":"serialises a unary filter with a null value","duration":0.7900999999983469,"failureMessages":[],"meta":{},"tags":[]},{"ancestorTitles":["derived block"],"fullName":"derived block refuses an alias that Ident would refuse on the server","status":"passed","title":"refuses an alias that Ident would refuse on the server","duration":0.34350000000267755,"failureMessages":[],"meta":{},"tags":[]},{"ancestorTitles":["derived block"],"fullName":"derived block needs a second column or a numeric constant","status":"passed","title":"needs a second column or a numeric constant","duration":0.5828000000001339,"failureMessages":[],"meta":{},"tags":[]},{"ancestorTitles":["derived block"],"fullName":"derived block always states the right-hand table rather than relying on the server fallback","status":"passed","title":"always states the right-hand table rather than relying on the server fallback","duration":0.5318000000006577,"failureMessages":[],"meta":{},"tags":[]},{"ancestorTitles":["derived block"],"fullName":"derived block publishes its alias into the downstream schema, with no physical lineage","status":"passed","title":"publishes its alias into the downstream schema, with no physical lineage","duration":0.557199999999284,"failureMessages":[],"meta":{},"tags":[]},{"ancestorTitles":["derived block"],"fullName":"derived block refuses a downstream block that addresses the alias, by name, rather than hiding it","status":"passed","title":"refuses a downstream block that addresses the alias, by name, rather than hiding it","duration":1.123700000000099,"failureMessages":[],"meta":{},"tags":[]},{"ancestorTitles":["derived block"],"fullName":"derived block survives a Select below it, because the server appends it after the projection","status":"passed","title":"survives a Select below it, because the server appends it after the projection","duration":0.4624000000003434,"failureMessages":[],"meta":{},"tags":[]},{"ancestorTitles":["select block"],"fullName":"select block an empty Select block is refused with the same sentence the server uses","status":"passed","title":"an empty Select block is refused with the same sentence the server uses","duration":0.20249999999941792,"failureMessages":[],"meta":{},"tags":[]},{"ancestorTitles":["select block"],"fullName":"select block narrows what a downstream block can see","status":"passed","title":"narrows what a downstream block can see","duration":0.3127999999996973,"failureMessages":[],"meta":{},"tags":[]},{"ancestorTitles":["select block"],"fullName":"select block no Select block leaves selects undefined, which keeps SELECT * on the server","status":"passed","title":"no Select block leaves selects undefined, which keeps SELECT * on the server","duration":0.24460000000181026,"failureMessages":[],"meta":{},"tags":[]},{"ancestorTitles":["select block"],"fullName":"select block the last Select in the chain is the projection","status":"passed","title":"the last Select in the chain is the projection","duration":0.4256999999997788,"failureMessages":[],"meta":{},"tags":[]},{"ancestorTitles":["ordering and refusal"],"fullName":"ordering and refusal applies blocks in chain order, not in node order","status":"passed","title":"applies blocks in chain order, not in node order","duration":0.5178999999989173,"failureMessages":[],"meta":{},"tags":[]},{"ancestorTitles":["ordering and refusal"],"fullName":"ordering and refusal a flow loop terminates the walk instead of spinning","status":"passed","title":"a flow loop terminates the walk instead of spinning","duration":0.21570000000065193,"failureMessages":[],"meta":{},"tags":[]},{"ancestorTitles":["ordering and refusal"],"fullName":"ordering and refusal an unjoined second table is reported, and serialisation refuses","status":"passed","title":"an unjoined second table is reported, and serialisation refuses","duration":0.3849000000009255,"failureMessages":[],"meta":{},"tags":[]},{"ancestorTitles":["ordering and refusal"],"fullName":"ordering and refusal a detached block never reaches the server","status":"passed","title":"a detached block never reaches the server","duration":0.31859999999869615,"failureMessages":[],"meta":{},"tags":[]}],"startTime":1785917766086,"endTime":1785917766102.385,"status":"passed","message":"","name":"C:/Workspace/PlantProcess-IQ/Frontend/PlantProcess.Web/src/authoring/graphSemantics.test.ts"},{"assertionResults":[{"ancestorTitles":["T-033: the interface operator lists equal the server whitelist"],"fullName":"T-033: the interface operator lists equal the server whitelist filter operators match BuildSafeSelect's FilterOps, in order","status":"passed","title":"filter operators match BuildSafeSelect's FilterOps, in order","duration":2.432299999996758,"failureMessages":[],"meta":{},"tags":[]},{"ancestorTitles":["T-033: the interface operator lists equal the server whitelist"],"fullName":"T-033: the interface operator lists equal the server whitelist derived-column operators match BuildSafeSelect's MathOps, in order","status":"passed","title":"derived-column operators match BuildSafeSelect's MathOps, in order","duration":0.5964999999996508,"failureMessages":[],"meta":{},"tags":[]},{"ancestorTitles":["T-033: the interface operator lists equal the server whitelist"],"fullName":"T-033: the interface operator lists equal the server whitelist the unary operators are the two the server emits without a bound value","status":"passed","title":"the unary operators are the two the server emits without a bound value","duration":0.9319999999970605,"failureMessages":[],"meta":{},"tags":[]},{"ancestorTitles":["T-033: the interface operator lists equal the server whitelist"],"fullName":"T-033: the interface operator lists equal the server whitelist every interface operator is one the server would accept","status":"passed","title":"every interface operator is one the server would accept","duration":2.72360000000117,"failureMessages":[],"meta":{},"tags":[]}],"startTime":1785917770463,"endTime":1785917770469.7236,"status":"passed","message":"","name":"C:/Workspace/PlantProcess-IQ/Frontend/PlantProcess.Web/src/authoring/operatorContract.test.ts"},{"assertionResults":[{"ancestorTitles":["T-032 part A: one authoring shell, no second authoring page"],"fullName":"T-032 part A: one authoring shell, no second authoring page the shell exists and is the only module exporting SharedAuthoringShell","status":"passed","title":"the shell exists and is the only module exporting SharedAuthoringShell","duration":411.3096000000005,"failureMessages":[],"meta":{},"tags":[]},{"ancestorTitles":["T-032 part A: one authoring shell, no second authoring page"],"fullName":"T-032 part A: one authoring shell, no second authoring page no page component owns an authoring board except those a later task converges","status":"passed","title":"no page component owns an authoring board except those a later task converges","duration":40.71639999999934,"failureMessages":[],"meta":{},"tags":[]},{"ancestorTitles":["T-032 part A: one authoring shell, no second authoring page"],"fullName":"T-032 part A: one authoring shell, no second authoring page the pending-convergence list is self-cleaning","status":"passed","title":"the pending-convergence list is self-cleaning","duration":3.197999999998501,"failureMessages":[],"meta":{},"tags":[]},{"ancestorTitles":["T-032 part A: one authoring shell, no second authoring page"],"fullName":"T-032 part A: one authoring shell, no second authoring page the retired S1 page is gone from the tree, not merely unrouted","status":"passed","title":"the retired S1 page is gone from the tree, not merely unrouted","duration":3.466899999999441,"failureMessages":[],"meta":{},"tags":[]},{"ancestorTitles":["T-032 part A: one authoring shell, no second authoring page"],"fullName":"T-032 part A: one authoring shell, no second authoring page the application routes the authoring surface to the shell","status":"passed","title":"the application routes the authoring surface to the shell","duration":1.2427000000006956,"failureMessages":[],"meta":{},"tags":[]},{"ancestorTitles":["T-032 part A: one authoring shell, no second authoring page"],"fullName":"T-032 part A: one authoring shell, no second authoring page the purpose registry carries all five purposes of section 5.2.1","status":"passed","title":"the purpose registry carries all five purposes of section 5.2.1","duration":0.47299999999995634,"failureMessages":[],"meta":{},"tags":[]},{"ancestorTitles":["T-032 part A: one authoring shell, no second authoring page"],"fullName":"T-032 part A: one authoring shell, no second authoring page the shell hardcodes no plant vocabulary","status":"passed","title":"the shell hardcodes no plant vocabulary","duration":4.609999999998763,"failureMessages":[],"meta":{},"tags":[]},{"ancestorTitles":["T-032 part B: the four regions render in every mode"],"fullName":"T-032 part B: the four regions render in every mode S1 renders mode bar, schema tree, board, toolbox and debug log","status":"passed","title":"S1 renders mode bar, schema tree, board, toolbox and debug log","duration":103.5643,"failureMessages":[],"meta":{},"tags":[]},{"ancestorTitles":["T-032 part B: the four regions render in every mode"],"fullName":"T-032 part B: the four regions render in every mode S2 renders the same four regions with its own palette","status":"passed","title":"S2 renders the same four regions with its own palette","duration":24.53310000000056,"failureMessages":[],"meta":{},"tags":[]},{"ancestorTitles":["T-032 part B: the four regions render in every mode"],"fullName":"T-032 part B: the four regions render in every mode SQL mode hides the toolbox entirely rather than disabling it","status":"passed","title":"SQL mode hides the toolbox entirely rather than disabling it","duration":1243.3391999999985,"failureMessages":[],"meta":{},"tags":[]},{"ancestorTitles":["T-032 part B: the four regions render in every mode"],"fullName":"T-032 part B: the four regions render in every mode Run is refused while the validity indicator reads Invalid","status":"passed","title":"Run is refused while the validity indicator reads Invalid","duration":995.6801999999989,"failureMessages":[],"meta":{},"tags":[]}],"startTime":1785917758608,"endTime":1785917761441.6802,"status":"passed","message":"","name":"C:/Workspace/PlantProcess-IQ/Frontend/PlantProcess.Web/src/authoring/sharedAuthoringShell.test.tsx"}]}