{"numTotalTestSuites":44,"numPassedTestSuites":44,"numFailedTestSuites":0,"numPendingTestSuites":0,"numTotalTests":138,"numPassedTests":138,"numFailedTests":0,"numPendingTests":0,"numTodoTests":0,"snapshot":{"added":0,"failure":false,"filesAdded":0,"filesRemoved":0,"filesRemovedList":[],"filesUnmatched":0,"filesUpdated":0,"matched":0,"total":0,"unchecked":0,"uncheckedKeysByFile":[],"unmatched":0,"updated":0,"didUpdate":false},"startTime":1785944959341,"success":true,"testResults":[{"assertionResults":[{"ancestorTitles":["what the tree shows"],"fullName":"what the tree shows puts nullability beside the type","status":"passed","title":"puts nullability beside the type","duration":45.749400000000605,"failureMessages":[],"meta":{},"tags":[]},{"ancestorTitles":["what the tree shows"],"fullName":"what the tree shows shows an approximate row count, and says when there is none","status":"passed","title":"shows an approximate row count, and says when there is none","duration":8.06989999999496,"failureMessages":[],"meta":{},"tags":[]},{"ancestorTitles":["what the tree shows"],"fullName":"what the tree shows says nothing matched instead of showing an empty panel","status":"passed","title":"says nothing matched instead of showing an empty panel","duration":4.0891000000046915,"failureMessages":[],"meta":{},"tags":[]},{"ancestorTitles":["search"],"fullName":"search narrows to the matching column and unfolds only the table holding it","status":"passed","title":"narrows to the matching column and unfolds only the table holding it","duration":4.384299999997893,"failureMessages":[],"meta":{},"tags":[]},{"ancestorTitles":["search"],"fullName":"search reports every keystroke to the surface that owns the query","status":"passed","title":"reports every keystroke to the surface that owns the query","duration":258.9505999999965,"failureMessages":[],"meta":{},"tags":[]},{"ancestorTitles":["multi-select"],"fullName":"multi-select marks a chosen column and reports a click to the surface","status":"passed","title":"marks a chosen column and reports a click to the surface","duration":130.98559999999998,"failureMessages":[],"meta":{},"tags":[]},{"ancestorTitles":["multi-select"],"fullName":"multi-select states the selection, including that a drag carries one table","status":"passed","title":"states the selection, including that a drag carries one table","duration":7.719499999999243,"failureMessages":[],"meta":{},"tags":[]},{"ancestorTitles":["drag"],"fullName":"drag a table row with nothing picked carries the whole table","status":"passed","title":"a table row with nothing picked carries the whole table","duration":5.631900000000314,"failureMessages":[],"meta":{},"tags":[]},{"ancestorTitles":["drag"],"fullName":"drag a table row with picked columns carries them as selection metadata","status":"passed","title":"a table row with picked columns carries them as selection metadata","duration":8.251799999998184,"failureMessages":[],"meta":{},"tags":[]},{"ancestorTitles":["drag"],"fullName":"drag an unpicked attribute carries only itself","status":"passed","title":"an unpicked attribute carries only itself","duration":7.561999999998079,"failureMessages":[],"meta":{},"tags":[]},{"ancestorTitles":["drag"],"fullName":"drag a picked attribute carries the whole selection of its table","status":"passed","title":"a picked attribute carries the whole selection of its table","duration":6.781200000004901,"failureMessages":[],"meta":{},"tags":[]},{"ancestorTitles":["drag"],"fullName":"drag a double-click still puts the table on the board, with what was picked","status":"passed","title":"a double-click still puts the table on the board, with what was picked","duration":131.10480000000098,"failureMessages":[],"meta":{},"tags":[]}],"startTime":1785944999563,"endTime":1785945000184.1047,"status":"passed","message":"","name":"C:/Workspace/PlantProcess-IQ/Frontend/PlantProcess.Web/src/authoring/authoringSchemaTree.test.tsx"},{"assertionResults":[{"ancestorTitles":["filter node"],"fullName":"filter node offers the server whitelist and nothing else","status":"passed","title":"offers the server whitelist and nothing else","duration":47.42179999999644,"failureMessages":[],"meta":{},"tags":[]},{"ancestorTitles":["filter node"],"fullName":"filter node feeds the column dropdown from the upstream lineage, never free text","status":"passed","title":"feeds the column dropdown from the upstream lineage, never free text","duration":6.411000000000058,"failureMessages":[],"meta":{},"tags":[]},{"ancestorTitles":["filter node"],"fullName":"filter node lists a derived field truthfully and refuses to let it be chosen","status":"passed","title":"lists a derived field truthfully and refuses to let it be chosen","duration":7.286200000002282,"failureMessages":[],"meta":{},"tags":[]},{"ancestorTitles":["filter node"],"fullName":"filter node removes the value field for a unary operator rather than disabling it","status":"passed","title":"removes the value field for a unary operator rather than disabling it","duration":7.533300000002782,"failureMessages":[],"meta":{},"tags":[]},{"ancestorTitles":["filter node"],"fullName":"filter node shows the status badge and the sentence on the node itself","status":"passed","title":"shows the status badge and the sentence on the node itself","duration":6.439899999997579,"failureMessages":[],"meta":{},"tags":[]},{"ancestorTitles":["filter node"],"fullName":"filter node reports every edit to the board, which owns the state","status":"passed","title":"reports every edit to the board, which owns the state","duration":251.8819999999978,"failureMessages":[],"meta":{},"tags":[]},{"ancestorTitles":["derived node"],"fullName":"derived node offers only the four arithmetic operators the server compiles","status":"passed","title":"offers only the four arithmetic operators the server compiles","duration":5.553599999999278,"failureMessages":[],"meta":{},"tags":[]},{"ancestorTitles":["derived node"],"fullName":"derived node shows a number field only while no second column is chosen","status":"passed","title":"shows a number field only while no second column is chosen","duration":5.677499999997963,"failureMessages":[],"meta":{},"tags":[]},{"ancestorTitles":["select node"],"fullName":"select node renders one toggle per upstream field and marks the chosen ones","status":"passed","title":"renders one toggle per upstream field and marks the chosen ones","duration":92.03510000000097,"failureMessages":[],"meta":{},"tags":[]},{"ancestorTitles":["select node"],"fullName":"select node says what to do when nothing is upstream, instead of showing an empty box","status":"passed","title":"says what to do when nothing is upstream, instead of showing an empty box","duration":1.9477999999944586,"failureMessages":[],"meta":{},"tags":[]},{"ancestorTitles":["select node"],"fullName":"select node reports a toggle to the board","status":"passed","title":"reports a toggle to the board","duration":107.27820000000065,"failureMessages":[],"meta":{},"tags":[]},{"ancestorTitles":["ports, which the Handle mock cannot show"],"fullName":"ports, which the Handle mock cannot show every block declares one flow input and one flow output from the shared vocabulary","status":"passed","title":"every block declares one flow input and one flow output from the shared vocabulary","duration":0.688399999999092,"failureMessages":[],"meta":{},"tags":[]},{"ancestorTitles":["ports, which the Handle mock cannot show"],"fullName":"ports, which the Handle mock cannot show declares no handle with a literal string, which would drift from the semantics","status":"passed","title":"declares no handle with a literal string, which would drift from the semantics","duration":0.1995999999999185,"failureMessages":[],"meta":{},"tags":[]}],"startTime":1785944994757,"endTime":1785944995298.6885,"status":"passed","message":"","name":"C:/Workspace/PlantProcess-IQ/Frontend/PlantProcess.Web/src/authoring/blockNodes.test.tsx"},{"assertionResults":[{"ancestorTitles":["field references"],"fullName":"field references splits on the first dot and refuses a malformed reference","status":"passed","title":"splits on the first dot and refuses a malformed reference","duration":2.478000000002794,"failureMessages":[],"meta":{},"tags":[]},{"ancestorTitles":["join lineage"],"fullName":"join lineage a joined cluster exposes every origin table explicitly","status":"passed","title":"a joined cluster exposes every origin table explicitly","duration":2.0747000000046683,"failureMessages":[],"meta":{},"tags":[]},{"ancestorTitles":["join lineage"],"fullName":"join lineage a field that is not in the upstream output invalidates the block","status":"passed","title":"a field that is not in the upstream output invalidates the block","duration":0.4521999999997206,"failureMessages":[],"meta":{},"tags":[]},{"ancestorTitles":["join lineage"],"fullName":"join lineage a block wired to nothing is refused, and the sentence says what to do","status":"passed","title":"a block wired to nothing is refused, and the sentence says what to do","duration":0.3882999999987078,"failureMessages":[],"meta":{},"tags":[]},{"ancestorTitles":["filter block"],"fullName":"filter block refuses an operator outside the server whitelist","status":"passed","title":"refuses an operator outside the server whitelist","duration":0.29940000000351574,"failureMessages":[],"meta":{},"tags":[]},{"ancestorTitles":["filter block"],"fullName":"filter block requires a value for a binary operator and none for a unary one","status":"passed","title":"requires a value for a binary operator and none for a unary one","duration":0.2474999999976717,"failureMessages":[],"meta":{},"tags":[]},{"ancestorTitles":["filter block"],"fullName":"filter block serialises a unary filter with a null value","status":"passed","title":"serialises a unary filter with a null value","duration":0.595500000003085,"failureMessages":[],"meta":{},"tags":[]},{"ancestorTitles":["derived block"],"fullName":"derived block refuses an alias that Ident would refuse on the server","status":"passed","title":"refuses an alias that Ident would refuse on the server","duration":0.2624999999970896,"failureMessages":[],"meta":{},"tags":[]},{"ancestorTitles":["derived block"],"fullName":"derived block needs a second column or a numeric constant","status":"passed","title":"needs a second column or a numeric constant","duration":0.43260000000009313,"failureMessages":[],"meta":{},"tags":[]},{"ancestorTitles":["derived block"],"fullName":"derived block always states the right-hand table rather than relying on the server fallback","status":"passed","title":"always states the right-hand table rather than relying on the server fallback","duration":0.40359999999782303,"failureMessages":[],"meta":{},"tags":[]},{"ancestorTitles":["derived block"],"fullName":"derived block publishes its alias into the downstream schema, with no physical lineage","status":"passed","title":"publishes its alias into the downstream schema, with no physical lineage","duration":0.4253000000026077,"failureMessages":[],"meta":{},"tags":[]},{"ancestorTitles":["derived block"],"fullName":"derived block refuses a downstream block that addresses the alias, by name, rather than hiding it","status":"passed","title":"refuses a downstream block that addresses the alias, by name, rather than hiding it","duration":0.8754000000044471,"failureMessages":[],"meta":{},"tags":[]},{"ancestorTitles":["derived block"],"fullName":"derived block survives a Select below it, because the server appends it after the projection","status":"passed","title":"survives a Select below it, because the server appends it after the projection","duration":0.6147999999957392,"failureMessages":[],"meta":{},"tags":[]},{"ancestorTitles":["select block"],"fullName":"select block an empty Select block is refused with the same sentence the server uses","status":"passed","title":"an empty Select block is refused with the same sentence the server uses","duration":0.2869000000064261,"failureMessages":[],"meta":{},"tags":[]},{"ancestorTitles":["select block"],"fullName":"select block narrows what a downstream block can see","status":"passed","title":"narrows what a downstream block can see","duration":0.4375,"failureMessages":[],"meta":{},"tags":[]},{"ancestorTitles":["select block"],"fullName":"select block no Select block leaves selects undefined, which keeps SELECT * on the server","status":"passed","title":"no Select block leaves selects undefined, which keeps SELECT * on the server","duration":0.45569999999861466,"failureMessages":[],"meta":{},"tags":[]},{"ancestorTitles":["select block"],"fullName":"select block the last Select in the chain is the projection","status":"passed","title":"the last Select in the chain is the projection","duration":0.71129999999539,"failureMessages":[],"meta":{},"tags":[]},{"ancestorTitles":["ordering and refusal"],"fullName":"ordering and refusal applies blocks in chain order, not in node order","status":"passed","title":"applies blocks in chain order, not in node order","duration":0.6257000000041444,"failureMessages":[],"meta":{},"tags":[]},{"ancestorTitles":["ordering and refusal"],"fullName":"ordering and refusal a flow loop terminates the walk instead of spinning","status":"passed","title":"a flow loop terminates the walk instead of spinning","duration":0.18110000000160653,"failureMessages":[],"meta":{},"tags":[]},{"ancestorTitles":["ordering and refusal"],"fullName":"ordering and refusal an unjoined second table is reported, and serialisation refuses","status":"passed","title":"an unjoined second table is reported, and serialisation refuses","duration":0.2994999999937136,"failureMessages":[],"meta":{},"tags":[]},{"ancestorTitles":["ordering and refusal"],"fullName":"ordering and refusal a detached block never reaches the server","status":"passed","title":"a detached block never reaches the server","duration":0.2408999999970547,"failureMessages":[],"meta":{},"tags":[]},{"ancestorTitles":["wiring refusal, the enumerated set of section 5.2.7"],"fullName":"wiring refusal, the enumerated set of section 5.2.7 accepts a legal key-to-key join and a legal dataset wire","status":"passed","title":"accepts a legal key-to-key join and a legal dataset wire","duration":0.5320999999967171,"failureMessages":[],"meta":{},"tags":[]},{"ancestorTitles":["wiring refusal, the enumerated set of section 5.2.7"],"fullName":"wiring refusal, the enumerated set of section 5.2.7 refuses a wire that does not land on a port","status":"passed","title":"refuses a wire that does not land on a port","duration":0.15009999999892898,"failureMessages":[],"meta":{},"tags":[]},{"ancestorTitles":["wiring refusal, the enumerated set of section 5.2.7"],"fullName":"wiring refusal, the enumerated set of section 5.2.7 refuses a block wired to itself","status":"passed","title":"refuses a block wired to itself","duration":0.22360000000480795,"failureMessages":[],"meta":{},"tags":[]},{"ancestorTitles":["wiring refusal, the enumerated set of section 5.2.7"],"fullName":"wiring refusal, the enumerated set of section 5.2.7 refuses rows into a column port, and says which end carries what","status":"passed","title":"refuses rows into a column port, and says which end carries what","duration":0.15929999999934807,"failureMessages":[],"meta":{},"tags":[]},{"ancestorTitles":["wiring refusal, the enumerated set of section 5.2.7"],"fullName":"wiring refusal, the enumerated set of section 5.2.7 refuses the same wire twice, in either orientation","status":"passed","title":"refuses the same wire twice, in either orientation","duration":0.1481999999959953,"failureMessages":[],"meta":{},"tags":[]},{"ancestorTitles":["wiring refusal, the enumerated set of section 5.2.7"],"fullName":"wiring refusal, the enumerated set of section 5.2.7 refuses a join between a table and a block, and points at the dataset port","status":"passed","title":"refuses a join between a table and a block, and points at the dataset port","duration":0.11080000000220025,"failureMessages":[],"meta":{},"tags":[]},{"ancestorTitles":["wiring refusal, the enumerated set of section 5.2.7"],"fullName":"wiring refusal, the enumerated set of section 5.2.7 refuses a type mismatch and names both types","status":"passed","title":"refuses a type mismatch and names both types","duration":0.3341000000000349,"failureMessages":[],"meta":{},"tags":[]},{"ancestorTitles":["wiring refusal, the enumerated set of section 5.2.7"],"fullName":"wiring refusal, the enumerated set of section 5.2.7 refuses a join that closes a loop, regardless of the direction it was dragged","status":"passed","title":"refuses a join that closes a loop, regardless of the direction it was dragged","duration":0.1503000000011525,"failureMessages":[],"meta":{},"tags":[]},{"ancestorTitles":["wiring refusal, the enumerated set of section 5.2.7"],"fullName":"wiring refusal, the enumerated set of section 5.2.7 refuses a dataset wire into a table, because a table is a source","status":"passed","title":"refuses a dataset wire into a table, because a table is a source","duration":0.1036999999996624,"failureMessages":[],"meta":{},"tags":[]},{"ancestorTitles":["wiring refusal, the enumerated set of section 5.2.7"],"fullName":"wiring refusal, the enumerated set of section 5.2.7 refuses a second dataset input on one block","status":"passed","title":"refuses a second dataset input on one block","duration":0.23300000000017462,"failureMessages":[],"meta":{},"tags":[]},{"ancestorTitles":["wiring refusal, the enumerated set of section 5.2.7"],"fullName":"wiring refusal, the enumerated set of section 5.2.7 refuses a second chain from one block, because serialisation walks one","status":"passed","title":"refuses a second chain from one block, because serialisation walks one","duration":0.13350000000355067,"failureMessages":[],"meta":{},"tags":[]},{"ancestorTitles":["wiring refusal, the enumerated set of section 5.2.7"],"fullName":"wiring refusal, the enumerated set of section 5.2.7 refuses a dataset wire that closes a loop","status":"passed","title":"refuses a dataset wire that closes a loop","duration":0.1143000000010943,"failureMessages":[],"meta":{},"tags":[]},{"ancestorTitles":["arrange"],"fullName":"arrange is deterministic: the same board arranges to the same placements twice","status":"passed","title":"is deterministic: the same board arranges to the same placements twice","duration":0.3870000000024447,"failureMessages":[],"meta":{},"tags":[]},{"ancestorTitles":["arrange"],"fullName":"arrange does not depend on the order the author dropped things","status":"passed","title":"does not depend on the order the author dropped things","duration":0.20390000000043074,"failureMessages":[],"meta":{},"tags":[]},{"ancestorTitles":["arrange"],"fullName":"arrange puts tables down the left and each chain to the right of its table","status":"passed","title":"puts tables down the left and each chain to the right of its table","duration":0.22650000000430737,"failureMessages":[],"meta":{},"tags":[]},{"ancestorTitles":["arrange"],"fullName":"arrange parks a block that hangs from nothing below everything, not behind it","status":"passed","title":"parks a block that hangs from nothing below everything, not behind it","duration":0.15769999999611173,"failureMessages":[],"meta":{},"tags":[]}],"startTime":1785945003837,"endTime":1785945003854.2266,"status":"passed","message":"","name":"C:/Workspace/PlantProcess-IQ/Frontend/PlantProcess.Web/src/authoring/graphSemantics.test.ts"},{"assertionResults":[{"ancestorTitles":["T-033: the interface operator lists equal the server whitelist"],"fullName":"T-033: the interface operator lists equal the server whitelist filter operators match BuildSafeSelect's FilterOps, in order","status":"passed","title":"filter operators match BuildSafeSelect's FilterOps, in order","duration":1.9919000000008964,"failureMessages":[],"meta":{},"tags":[]},{"ancestorTitles":["T-033: the interface operator lists equal the server whitelist"],"fullName":"T-033: the interface operator lists equal the server whitelist derived-column operators match BuildSafeSelect's MathOps, in order","status":"passed","title":"derived-column operators match BuildSafeSelect's MathOps, in order","duration":0.3482999999978347,"failureMessages":[],"meta":{},"tags":[]},{"ancestorTitles":["T-033: the interface operator lists equal the server whitelist"],"fullName":"T-033: the interface operator lists equal the server whitelist the unary operators are the two the server emits without a bound value","status":"passed","title":"the unary operators are the two the server emits without a bound value","duration":0.5491000000038184,"failureMessages":[],"meta":{},"tags":[]},{"ancestorTitles":["T-033: the interface operator lists equal the server whitelist"],"fullName":"T-033: the interface operator lists equal the server whitelist every interface operator is one the server would accept","status":"passed","title":"every interface operator is one the server would accept","duration":1.5910000000003492,"failureMessages":[],"meta":{},"tags":[]}],"startTime":1785945013187,"endTime":1785945013191.591,"status":"passed","message":"","name":"C:/Workspace/PlantProcess-IQ/Frontend/PlantProcess.Web/src/authoring/operatorContract.test.ts"},{"assertionResults":[{"ancestorTitles":["a valid preview"],"fullName":"a valid preview is a Success carrying the row count, the columns and the estimate","status":"passed","title":"is a Success carrying the row count, the columns and the estimate","duration":1.9553999999989173,"failureMessages":[],"meta":{},"tags":[]},{"ancestorTitles":["a valid preview"],"fullName":"a valid preview says the preview stopped at its limit instead of calling the cap a total","status":"passed","title":"says the preview stopped at its limit instead of calling the cap a total","duration":0.3573000000033062,"failureMessages":[],"meta":{},"tags":[]},{"ancestorTitles":["a valid preview"],"fullName":"a valid preview states only the numbers it was given","status":"passed","title":"states only the numbers it was given","duration":0.49100000000180444,"failureMessages":[],"meta":{},"tags":[]},{"ancestorTitles":["a valid preview"],"fullName":"a valid preview calls the estimate an estimate, never a runtime and never a cost in money","status":"passed","title":"calls the estimate an estimate, never a runtime and never a cost in money","duration":0.26709999999729916,"failureMessages":[],"meta":{},"tags":[]},{"ancestorTitles":["a preview that returns nothing"],"fullName":"a preview that returns nothing is a Warning, in the agreed wording","status":"passed","title":"is a Warning, in the agreed wording","duration":0.3007999999972526,"failureMessages":[],"meta":{},"tags":[]},{"ancestorTitles":["a preview that returns nothing"],"fullName":"a preview that returns nothing does not claim a cause the server cannot see","status":"passed","title":"does not claim a cause the server cannot see","duration":0.1661999999996624,"failureMessages":[],"meta":{},"tags":[]},{"ancestorTitles":["a rejected operator"],"fullName":"a rejected operator is an Error and the operator survives into the entry","status":"passed","title":"is an Error and the operator survives into the entry","duration":0.24510000000009313,"failureMessages":[],"meta":{},"tags":[]},{"ancestorTitles":["a rejected operator"],"fullName":"a rejected operator says so plainly when a refusal arrives with no reason","status":"passed","title":"says so plainly when a refusal arrives with no reason","duration":0.1569999999992433,"failureMessages":[],"meta":{},"tags":[]},{"ancestorTitles":["nothing an engineer cannot act on"],"fullName":"nothing an engineer cannot act on reads nothing at all from a thrown value","status":"passed","title":"reads nothing at all from a thrown value","duration":0.647900000003574,"failureMessages":[],"meta":{},"tags":[]},{"ancestorTitles":["nothing an engineer cannot act on"],"fullName":"nothing an engineer cannot act on gives every other action the same guarantee","status":"passed","title":"gives every other action the same guarantee","duration":0.3721999999979744,"failureMessages":[],"meta":{},"tags":[]},{"ancestorTitles":["nothing an engineer cannot act on"],"fullName":"nothing an engineer cannot act on uses none of the phrases the PPIQ-T09 contract forbids","status":"passed","title":"uses none of the phrases the PPIQ-T09 contract forbids","duration":0.3355999999985215,"failureMessages":[],"meta":{},"tags":[]}],"startTime":1785945017208,"endTime":1785945017214.3357,"status":"passed","message":"","name":"C:/Workspace/PlantProcess-IQ/Frontend/PlantProcess.Web/src/authoring/previewReport.test.ts"},{"assertionResults":[{"ancestorTitles":["wording for facts the catalogue may not have"],"fullName":"wording for facts the catalogue may not have states nullability beside the type when the server sent it","status":"passed","title":"states nullability beside the type when the server sent it","duration":1.7718000000022585,"failureMessages":[],"meta":{},"tags":[]},{"ancestorTitles":["wording for facts the catalogue may not have"],"fullName":"wording for facts the catalogue may not have shows the type alone rather than inventing not null","status":"passed","title":"shows the type alone rather than inventing not null","duration":0.4448000000047614,"failureMessages":[],"meta":{},"tags":[]},{"ancestorTitles":["wording for facts the catalogue may not have"],"fullName":"wording for facts the catalogue may not have says a table was never analysed instead of calling it empty","status":"passed","title":"says a table was never analysed instead of calling it empty","duration":0.5907999999981257,"failureMessages":[],"meta":{},"tags":[]},{"ancestorTitles":["search"],"fullName":"search narrows nothing and forces nothing open without a query","status":"passed","title":"narrows nothing and forces nothing open without a query","duration":1.5812000000005355,"failureMessages":[],"meta":{},"tags":[]},{"ancestorTitles":["search"],"fullName":"search keeps a whole schema when the schema name matches","status":"passed","title":"keeps a whole schema when the schema name matches","duration":0.5662000000011176,"failureMessages":[],"meta":{},"tags":[]},{"ancestorTitles":["search"],"fullName":"search keeps every column of a table whose NAME matched","status":"passed","title":"keeps every column of a table whose NAME matched","duration":0.22219999999651918,"failureMessages":[],"meta":{},"tags":[]},{"ancestorTitles":["search"],"fullName":"search narrows to the matching columns and opens ONLY the tables that hold them","status":"passed","title":"narrows to the matching columns and opens ONLY the tables that hold them","duration":0.4971999999979744,"failureMessages":[],"meta":{},"tags":[]},{"ancestorTitles":["search"],"fullName":"search does not force open a table that matched only by its own name","status":"passed","title":"does not force open a table that matched only by its own name","duration":0.39079999999376014,"failureMessages":[],"meta":{},"tags":[]},{"ancestorTitles":["search"],"fullName":"search is case insensitive and reports the schemas to unfold","status":"passed","title":"is case insensitive and reports the schemas to unfold","duration":0.49360000000160653,"failureMessages":[],"meta":{},"tags":[]},{"ancestorTitles":["search"],"fullName":"search returns nothing at all rather than everything when nothing matches","status":"passed","title":"returns nothing at all rather than everything when nothing matches","duration":0.25469999999768334,"failureMessages":[],"meta":{},"tags":[]},{"ancestorTitles":["multi-select"],"fullName":"multi-select adds, reports and removes without mutating what it was given","status":"passed","title":"adds, reports and removes without mutating what it was given","duration":0.45049999999901047,"failureMessages":[],"meta":{},"tags":[]},{"ancestorTitles":["multi-select"],"fullName":"multi-select drops a table from the selection rather than leaving it empty","status":"passed","title":"drops a table from the selection rather than leaving it empty","duration":0.12410000000090804,"failureMessages":[],"meta":{},"tags":[]},{"ancestorTitles":["multi-select"],"fullName":"multi-select keeps three columns of one table in the order they were chosen","status":"passed","title":"keeps three columns of one table in the order they were chosen","duration":0.15159999999741558,"failureMessages":[],"meta":{},"tags":[]},{"ancestorTitles":["multi-select"],"fullName":"multi-select says plainly that a drag carries one table when the selection spans two","status":"passed","title":"says plainly that a drag carries one table when the selection spans two","duration":0.32259999999951106,"failureMessages":[],"meta":{},"tags":[]},{"ancestorTitles":["multi-select"],"fullName":"multi-select names the single table and gets the singular right","status":"passed","title":"names the single table and gets the singular right","duration":0.20329999999376014,"failureMessages":[],"meta":{},"tags":[]},{"ancestorTitles":["drag payload"],"fullName":"drag payload round-trips a whole table and a set of attributes","status":"passed","title":"round-trips a whole table and a set of attributes","duration":0.29160000000410946,"failureMessages":[],"meta":{},"tags":[]},{"ancestorTitles":["drag payload"],"fullName":"drag payload fails closed on anything it did not write","status":"passed","title":"fails closed on anything it did not write","duration":0.3246999999973923,"failureMessages":[],"meta":{},"tags":[]},{"ancestorTitles":["drag payload"],"fullName":"drag payload resolves a drop against the catalogue and never invents the dataset","status":"passed","title":"resolves a drop against the catalogue and never invents the dataset","duration":0.15949999999429565,"failureMessages":[],"meta":{},"tags":[]},{"ancestorTitles":["drag payload"],"fullName":"drag payload carries one MIME type both sides agree on","status":"passed","title":"carries one MIME type both sides agree on","duration":0.08649999999761349,"failureMessages":[],"meta":{},"tags":[]}],"startTime":1785945006773,"endTime":1785945006783.3247,"status":"passed","message":"","name":"C:/Workspace/PlantProcess-IQ/Frontend/PlantProcess.Web/src/authoring/schemaTreeModel.test.ts"},{"assertionResults":[{"ancestorTitles":["T-032 part A: one authoring shell, no second authoring page"],"fullName":"T-032 part A: one authoring shell, no second authoring page the shell exists and is the only module exporting SharedAuthoringShell","status":"passed","title":"the shell exists and is the only module exporting SharedAuthoringShell","duration":598.3578999999991,"failureMessages":[],"meta":{},"tags":[]},{"ancestorTitles":["T-032 part A: one authoring shell, no second authoring page"],"fullName":"T-032 part A: one authoring shell, no second authoring page no page component owns an authoring board except those a later task converges","status":"passed","title":"no page component owns an authoring board except those a later task converges","duration":37.8166999999994,"failureMessages":[],"meta":{},"tags":[]},{"ancestorTitles":["T-032 part A: one authoring shell, no second authoring page"],"fullName":"T-032 part A: one authoring shell, no second authoring page the pending-convergence list is self-cleaning","status":"passed","title":"the pending-convergence list is self-cleaning","duration":2.2314000000005763,"failureMessages":[],"meta":{},"tags":[]},{"ancestorTitles":["T-032 part A: one authoring shell, no second authoring page"],"fullName":"T-032 part A: one authoring shell, no second authoring page the retired S1 page is gone from the tree, not merely unrouted","status":"passed","title":"the retired S1 page is gone from the tree, not merely unrouted","duration":2.2453999999997905,"failureMessages":[],"meta":{},"tags":[]},{"ancestorTitles":["T-032 part A: one authoring shell, no second authoring page"],"fullName":"T-032 part A: one authoring shell, no second authoring page the application routes the authoring surface to the shell","status":"passed","title":"the application routes the authoring surface to the shell","duration":0.8060000000004948,"failureMessages":[],"meta":{},"tags":[]},{"ancestorTitles":["T-032 part A: one authoring shell, no second authoring page"],"fullName":"T-032 part A: one authoring shell, no second authoring page the purpose registry carries all five purposes of section 5.2.1","status":"passed","title":"the purpose registry carries all five purposes of section 5.2.1","duration":0.30020000000149594,"failureMessages":[],"meta":{},"tags":[]},{"ancestorTitles":["T-032 part A: one authoring shell, no second authoring page"],"fullName":"T-032 part A: one authoring shell, no second authoring page the shell hardcodes no plant vocabulary","status":"passed","title":"the shell hardcodes no plant vocabulary","duration":2.5442000000002736,"failureMessages":[],"meta":{},"tags":[]},{"ancestorTitles":["T-032 part B: the four regions render in every mode"],"fullName":"T-032 part B: the four regions render in every mode S1 renders mode bar, schema tree, board, toolbox and debug log","status":"passed","title":"S1 renders mode bar, schema tree, board, toolbox and debug log","duration":66.94450000000143,"failureMessages":[],"meta":{},"tags":[]},{"ancestorTitles":["T-032 part B: the four regions render in every mode"],"fullName":"T-032 part B: the four regions render in every mode S2 renders the same four regions with its own palette","status":"passed","title":"S2 renders the same four regions with its own palette","duration":18.239599999997154,"failureMessages":[],"meta":{},"tags":[]},{"ancestorTitles":["T-032 part B: the four regions render in every mode"],"fullName":"T-032 part B: the four regions render in every mode SQL mode hides the toolbox entirely rather than disabling it","status":"passed","title":"SQL mode hides the toolbox entirely rather than disabling it","duration":1039.751400000001,"failureMessages":[],"meta":{},"tags":[]},{"ancestorTitles":["T-032 part B: the four regions render in every mode"],"fullName":"T-032 part B: the four regions render in every mode S1 enables exactly the three relational blocks the board implements","status":"passed","title":"S1 enables exactly the three relational blocks the board implements","duration":871.0810999999994,"failureMessages":[],"meta":{},"tags":[]},{"ancestorTitles":["T-032 part B: the four regions render in every mode"],"fullName":"T-032 part B: the four regions render in every mode the board actions are visible affordances, not key bindings only","status":"passed","title":"the board actions are visible affordances, not key bindings only","duration":787.0429000000004,"failureMessages":[],"meta":{},"tags":[]},{"ancestorTitles":["T-032 part B: the four regions render in every mode"],"fullName":"T-032 part B: the four regions render in every mode Run is refused while the validity indicator reads Invalid","status":"passed","title":"Run is refused while the validity indicator reads Invalid","duration":778.5895999999993,"failureMessages":[],"meta":{},"tags":[]}],"startTime":1785944975721,"endTime":1785944979927.5896,"status":"passed","message":"","name":"C:/Workspace/PlantProcess-IQ/Frontend/PlantProcess.Web/src/authoring/sharedAuthoringShell.test.tsx"},{"assertionResults":[{"ancestorTitles":["the invariant"],"fullName":"the invariant gives back exactly what it was given","status":"passed","title":"gives back exactly what it was given","duration":2.787500000000364,"failureMessages":[],"meta":{},"tags":[]},{"ancestorTitles":["the invariant"],"fullName":"the invariant covers every character exactly once","status":"passed","title":"covers every character exactly once","duration":0.6952999999994063,"failureMessages":[],"meta":{},"tags":[]},{"ancestorTitles":["what it distinguishes"],"fullName":"what it distinguishes marks keywords whatever their case","status":"passed","title":"marks keywords whatever their case","duration":1.3807999999989988,"failureMessages":[],"meta":{},"tags":[]},{"ancestorTitles":["what it distinguishes"],"fullName":"what it distinguishes leaves a keyword inside a string or a comment alone","status":"passed","title":"leaves a keyword inside a string or a comment alone","duration":0.41670000000158325,"failureMessages":[],"meta":{},"tags":[]},{"ancestorTitles":["what it distinguishes"],"fullName":"what it distinguishes does not split a word that merely contains a keyword","status":"passed","title":"does not split a word that merely contains a keyword","duration":0.3294999999998254,"failureMessages":[],"meta":{},"tags":[]},{"ancestorTitles":["what it distinguishes"],"fullName":"what it distinguishes marks quoted identifiers, numbers and strings apart","status":"passed","title":"marks quoted identifiers, numbers and strings apart","duration":0.3546999999998661,"failureMessages":[],"meta":{},"tags":[]},{"ancestorTitles":["what it distinguishes"],"fullName":"what it distinguishes says nothing about whether the statement is allowed to run","status":"passed","title":"says nothing about whether the statement is allowed to run","duration":0.23220000000037544,"failureMessages":[],"meta":{},"tags":[]},{"ancestorTitles":["the rendering"],"fullName":"the rendering shows the statement unchanged and marks its syntax","status":"passed","title":"shows the statement unchanged and marks its syntax","duration":31.066399999999703,"failureMessages":[],"meta":{},"tags":[]},{"ancestorTitles":["the rendering"],"fullName":"the rendering hides the copy that sits behind the editor from assistive technology","status":"passed","title":"hides the copy that sits behind the editor from assistive technology","duration":5.432700000001205,"failureMessages":[],"meta":{},"tags":[]}],"startTime":1785944969936,"endTime":1785944969979.4326,"status":"passed","message":"","name":"C:/Workspace/PlantProcess-IQ/Frontend/PlantProcess.Web/src/authoring/sqlHighlight.test.tsx"},{"assertionResults":[{"ancestorTitles":["reconstructability, which fails closed"],"fullName":"reconstructability, which fails closed proves the untouched case","status":"passed","title":"proves the untouched case","duration":1.4735000000000582,"failureMessages":[],"meta":{},"tags":[]},{"ancestorTitles":["reconstructability, which fails closed"],"fullName":"reconstructability, which fails closed forgives only line endings and outer whitespace","status":"passed","title":"forgives only line endings and outer whitespace","duration":0.3533999999999651,"failureMessages":[],"meta":{},"tags":[]},{"ancestorTitles":["reconstructability, which fails closed"],"fullName":"reconstructability, which fails closed refuses a reformat rather than claiming to understand it","status":"passed","title":"refuses a reformat rather than claiming to understand it","duration":0.28540000000066357,"failureMessages":[],"meta":{},"tags":[]},{"ancestorTitles":["reconstructability, which fails closed"],"fullName":"reconstructability, which fails closed refuses a case change, because it has no parser to say that is safe","status":"passed","title":"refuses a case change, because it has no parser to say that is safe","duration":0.22630000000208383,"failureMessages":[],"meta":{},"tags":[]},{"ancestorTitles":["reconstructability, which fails closed"],"fullName":"reconstructability, which fails closed refuses an edit","status":"passed","title":"refuses an edit","duration":0.16410000000178115,"failureMessages":[],"meta":{},"tags":[]},{"ancestorTitles":["reconstructability, which fails closed"],"fullName":"reconstructability, which fails closed refuses when there is no recorded origin at all","status":"passed","title":"refuses when there is no recorded origin at all","duration":0.26880000000528526,"failureMessages":[],"meta":{},"tags":[]},{"ancestorTitles":["reconstructability, which fails closed"],"fullName":"reconstructability, which fails closed warns in words that name the reason and the consequence","status":"passed","title":"warns in words that name the reason and the consequence","duration":0.3085999999966589,"failureMessages":[],"meta":{},"tags":[]},{"ancestorTitles":["completions, drawn from the live catalogue"],"fullName":"completions, drawn from the live catalogue reads the word under the caret","status":"passed","title":"reads the word under the caret","duration":1.3097999999954482,"failureMessages":[],"meta":{},"tags":[]},{"ancestorTitles":["completions, drawn from the live catalogue"],"fullName":"completions, drawn from the live catalogue offers only that table's columns after a qualifier","status":"passed","title":"offers only that table's columns after a qualifier","duration":1.0785000000032596,"failureMessages":[],"meta":{},"tags":[]},{"ancestorTitles":["completions, drawn from the live catalogue"],"fullName":"completions, drawn from the live catalogue offers schemas, tables and columns unqualified, and says where each came from","status":"passed","title":"offers schemas, tables and columns unqualified, and says where each came from","duration":0.7091000000000349,"failureMessages":[],"meta":{},"tags":[]},{"ancestorTitles":["completions, drawn from the live catalogue"],"fullName":"completions, drawn from the live catalogue returns nothing rather than everything when nothing matches","status":"passed","title":"returns nothing rather than everything when nothing matches","duration":0.2312999999994645,"failureMessages":[],"meta":{},"tags":[]},{"ancestorTitles":["completions, drawn from the live catalogue"],"fullName":"completions, drawn from the live catalogue is bounded, so a wide catalogue cannot flood the editor","status":"passed","title":"is bounded, so a wide catalogue cannot flood the editor","duration":0.27639999999519205,"failureMessages":[],"meta":{},"tags":[]},{"ancestorTitles":["the Run Test column report"],"fullName":"the Run Test column report pairs each column with the type the server measured","status":"passed","title":"pairs each column with the type the server measured","duration":0.484599999996135,"failureMessages":[],"meta":{},"tags":[]},{"ancestorTitles":["the Run Test column report"],"fullName":"the Run Test column report admits an absent type instead of inferring one from the sample","status":"passed","title":"admits an absent type instead of inferring one from the sample","duration":0.23739999999816064,"failureMessages":[],"meta":{},"tags":[]},{"ancestorTitles":["the Run Test column report"],"fullName":"the Run Test column report skips empty cells to find a representative sample","status":"passed","title":"skips empty cells to find a representative sample","duration":0.1944999999977881,"failureMessages":[],"meta":{},"tags":[]},{"ancestorTitles":["the Run Test column report"],"fullName":"the Run Test column report says so when there is nothing to sample","status":"passed","title":"says so when there is nothing to sample","duration":0.21580000000540167,"failureMessages":[],"meta":{},"tags":[]},{"ancestorTitles":["the Run Test column report"],"fullName":"the Run Test column report truncates a long value rather than filling the panel with it","status":"passed","title":"truncates a long value rather than filling the panel with it","duration":0.15789999999833526,"failureMessages":[],"meta":{},"tags":[]}],"startTime":1785945009843,"endTime":1785945009851.2373,"status":"passed","message":"","name":"C:/Workspace/PlantProcess-IQ/Frontend/PlantProcess.Web/src/authoring/sqlModeModel.test.ts"},{"assertionResults":[{"ancestorTitles":["section 5.2.12, the toolbox in SQL mode"],"fullName":"section 5.2.12, the toolbox in SQL mode is present in Block mode and GONE in SQL mode, not merely disabled","status":"passed","title":"is present in Block mode and GONE in SQL mode, not merely disabled","duration":1277.4732999999978,"failureMessages":[],"meta":{},"tags":[]},{"ancestorTitles":["section 5.2.12, the toolbox in SQL mode"],"fullName":"section 5.2.12, the toolbox in SQL mode keeps the schema tree in SQL mode, which the shell contract requires","status":"passed","title":"keeps the schema tree in SQL mode, which the shell contract requires","duration":913.7898999999998,"failureMessages":[],"meta":{},"tags":[]},{"ancestorTitles":["section 5.2.12, the toolbox in SQL mode"],"fullName":"section 5.2.12, the toolbox in SQL mode returns to the board without a prompt when nothing was ever authored","status":"passed","title":"returns to the board without a prompt when nothing was ever authored","duration":1015.332699999999,"failureMessages":[],"meta":{},"tags":[]}],"startTime":1785944986310,"endTime":1785944989517.3328,"status":"passed","message":"","name":"C:/Workspace/PlantProcess-IQ/Frontend/PlantProcess.Web/src/authoring/sqlModeShell.test.tsx"}]}