{"numTotalTestSuites":19,"numPassedTestSuites":19,"numFailedTestSuites":0,"numPendingTestSuites":0,"numTotalTests":65,"numPassedTests":65,"numFailedTests":0,"numPendingTests":0,"numTodoTests":0,"snapshot":{"added":0,"failure":false,"filesAdded":0,"filesRemoved":0,"filesRemovedList":[],"filesUnmatched":0,"filesUpdated":0,"matched":0,"total":0,"unchecked":0,"uncheckedKeysByFile":[],"unmatched":0,"updated":0,"didUpdate":false},"startTime":1785918485487,"success":true,"testResults":[{"assertionResults":[{"ancestorTitles":["filter node"],"fullName":"filter node offers the server whitelist and nothing else","status":"passed","title":"offers the server whitelist and nothing else","duration":46.669599999997445,"failureMessages":[],"meta":{},"tags":[]},{"ancestorTitles":["filter node"],"fullName":"filter node feeds the column dropdown from the upstream lineage, never free text","status":"passed","title":"feeds the column dropdown from the upstream lineage, never free text","duration":10.156100000000151,"failureMessages":[],"meta":{},"tags":[]},{"ancestorTitles":["filter node"],"fullName":"filter node lists a derived field truthfully and refuses to let it be chosen","status":"passed","title":"lists a derived field truthfully and refuses to let it be chosen","duration":8.924900000001799,"failureMessages":[],"meta":{},"tags":[]},{"ancestorTitles":["filter node"],"fullName":"filter node removes the value field for a unary operator rather than disabling it","status":"passed","title":"removes the value field for a unary operator rather than disabling it","duration":10.011599999997998,"failureMessages":[],"meta":{},"tags":[]},{"ancestorTitles":["filter node"],"fullName":"filter node shows the status badge and the sentence on the node itself","status":"passed","title":"shows the status badge and the sentence on the node itself","duration":7.081699999998818,"failureMessages":[],"meta":{},"tags":[]},{"ancestorTitles":["filter node"],"fullName":"filter node reports every edit to the board, which owns the state","status":"passed","title":"reports every edit to the board, which owns the state","duration":268.1374999999971,"failureMessages":[],"meta":{},"tags":[]},{"ancestorTitles":["derived node"],"fullName":"derived node offers only the four arithmetic operators the server compiles","status":"passed","title":"offers only the four arithmetic operators the server compiles","duration":7.753600000000006,"failureMessages":[],"meta":{},"tags":[]},{"ancestorTitles":["derived node"],"fullName":"derived node shows a number field only while no second column is chosen","status":"passed","title":"shows a number field only while no second column is chosen","duration":10.437799999999697,"failureMessages":[],"meta":{},"tags":[]},{"ancestorTitles":["select node"],"fullName":"select node renders one toggle per upstream field and marks the chosen ones","status":"passed","title":"renders one toggle per upstream field and marks the chosen ones","duration":126.28549999999814,"failureMessages":[],"meta":{},"tags":[]},{"ancestorTitles":["select node"],"fullName":"select node says what to do when nothing is upstream, instead of showing an empty box","status":"passed","title":"says what to do when nothing is upstream, instead of showing an empty box","duration":2.737600000000384,"failureMessages":[],"meta":{},"tags":[]},{"ancestorTitles":["select node"],"fullName":"select node reports a toggle to the board","status":"passed","title":"reports a toggle to the board","duration":118.87690000000293,"failureMessages":[],"meta":{},"tags":[]},{"ancestorTitles":["ports, which the Handle mock cannot show"],"fullName":"ports, which the Handle mock cannot show every block declares one flow input and one flow output from the shared vocabulary","status":"passed","title":"every block declares one flow input and one flow output from the shared vocabulary","duration":0.5112000000008265,"failureMessages":[],"meta":{},"tags":[]},{"ancestorTitles":["ports, which the Handle mock cannot show"],"fullName":"ports, which the Handle mock cannot show declares no handle with a literal string, which would drift from the semantics","status":"passed","title":"declares no handle with a literal string, which would drift from the semantics","duration":0.14069999999992433,"failureMessages":[],"meta":{},"tags":[]}],"startTime":1785918503816,"endTime":1785918504435.5112,"status":"passed","message":"","name":"C:/Workspace/PlantProcess-IQ/Frontend/PlantProcess.Web/src/authoring/blockNodes.test.tsx"},{"assertionResults":[{"ancestorTitles":["field references"],"fullName":"field references splits on the first dot and refuses a malformed reference","status":"passed","title":"splits on the first dot and refuses a malformed reference","duration":2.907200000001467,"failureMessages":[],"meta":{},"tags":[]},{"ancestorTitles":["join lineage"],"fullName":"join lineage a joined cluster exposes every origin table explicitly","status":"passed","title":"a joined cluster exposes every origin table explicitly","duration":2.2426999999988766,"failureMessages":[],"meta":{},"tags":[]},{"ancestorTitles":["join lineage"],"fullName":"join lineage a field that is not in the upstream output invalidates the block","status":"passed","title":"a field that is not in the upstream output invalidates the block","duration":0.5093000000015309,"failureMessages":[],"meta":{},"tags":[]},{"ancestorTitles":["join lineage"],"fullName":"join lineage a block wired to nothing is refused, and the sentence says what to do","status":"passed","title":"a block wired to nothing is refused, and the sentence says what to do","duration":0.3140000000021246,"failureMessages":[],"meta":{},"tags":[]},{"ancestorTitles":["filter block"],"fullName":"filter block refuses an operator outside the server whitelist","status":"passed","title":"refuses an operator outside the server whitelist","duration":0.3194000000003143,"failureMessages":[],"meta":{},"tags":[]},{"ancestorTitles":["filter block"],"fullName":"filter block requires a value for a binary operator and none for a unary one","status":"passed","title":"requires a value for a binary operator and none for a unary one","duration":0.25649999999950523,"failureMessages":[],"meta":{},"tags":[]},{"ancestorTitles":["filter block"],"fullName":"filter block serialises a unary filter with a null value","status":"passed","title":"serialises a unary filter with a null value","duration":0.6975999999995111,"failureMessages":[],"meta":{},"tags":[]},{"ancestorTitles":["derived block"],"fullName":"derived block refuses an alias that Ident would refuse on the server","status":"passed","title":"refuses an alias that Ident would refuse on the server","duration":0.2511000000013155,"failureMessages":[],"meta":{},"tags":[]},{"ancestorTitles":["derived block"],"fullName":"derived block needs a second column or a numeric constant","status":"passed","title":"needs a second column or a numeric constant","duration":0.4639999999999418,"failureMessages":[],"meta":{},"tags":[]},{"ancestorTitles":["derived block"],"fullName":"derived block always states the right-hand table rather than relying on the server fallback","status":"passed","title":"always states the right-hand table rather than relying on the server fallback","duration":0.4157000000013795,"failureMessages":[],"meta":{},"tags":[]},{"ancestorTitles":["derived block"],"fullName":"derived block publishes its alias into the downstream schema, with no physical lineage","status":"passed","title":"publishes its alias into the downstream schema, with no physical lineage","duration":0.4716000000007625,"failureMessages":[],"meta":{},"tags":[]},{"ancestorTitles":["derived block"],"fullName":"derived block refuses a downstream block that addresses the alias, by name, rather than hiding it","status":"passed","title":"refuses a downstream block that addresses the alias, by name, rather than hiding it","duration":0.9166000000004715,"failureMessages":[],"meta":{},"tags":[]},{"ancestorTitles":["derived block"],"fullName":"derived block survives a Select below it, because the server appends it after the projection","status":"passed","title":"survives a Select below it, because the server appends it after the projection","duration":0.3407000000006519,"failureMessages":[],"meta":{},"tags":[]},{"ancestorTitles":["select block"],"fullName":"select block an empty Select block is refused with the same sentence the server uses","status":"passed","title":"an empty Select block is refused with the same sentence the server uses","duration":0.15639999999984866,"failureMessages":[],"meta":{},"tags":[]},{"ancestorTitles":["select block"],"fullName":"select block narrows what a downstream block can see","status":"passed","title":"narrows what a downstream block can see","duration":0.3603000000002794,"failureMessages":[],"meta":{},"tags":[]},{"ancestorTitles":["select block"],"fullName":"select block no Select block leaves selects undefined, which keeps SELECT * on the server","status":"passed","title":"no Select block leaves selects undefined, which keeps SELECT * on the server","duration":0.26889999999912106,"failureMessages":[],"meta":{},"tags":[]},{"ancestorTitles":["select block"],"fullName":"select block the last Select in the chain is the projection","status":"passed","title":"the last Select in the chain is the projection","duration":0.47450000000026193,"failureMessages":[],"meta":{},"tags":[]},{"ancestorTitles":["ordering and refusal"],"fullName":"ordering and refusal applies blocks in chain order, not in node order","status":"passed","title":"applies blocks in chain order, not in node order","duration":0.6924999999973807,"failureMessages":[],"meta":{},"tags":[]},{"ancestorTitles":["ordering and refusal"],"fullName":"ordering and refusal a flow loop terminates the walk instead of spinning","status":"passed","title":"a flow loop terminates the walk instead of spinning","duration":0.5479000000013912,"failureMessages":[],"meta":{},"tags":[]},{"ancestorTitles":["ordering and refusal"],"fullName":"ordering and refusal an unjoined second table is reported, and serialisation refuses","status":"passed","title":"an unjoined second table is reported, and serialisation refuses","duration":0.4605999999985215,"failureMessages":[],"meta":{},"tags":[]},{"ancestorTitles":["ordering and refusal"],"fullName":"ordering and refusal a detached block never reaches the server","status":"passed","title":"a detached block never reaches the server","duration":0.29799999999886495,"failureMessages":[],"meta":{},"tags":[]},{"ancestorTitles":["wiring refusal, the enumerated set of section 5.2.7"],"fullName":"wiring refusal, the enumerated set of section 5.2.7 accepts a legal key-to-key join and a legal dataset wire","status":"passed","title":"accepts a legal key-to-key join and a legal dataset wire","duration":0.6287999999985914,"failureMessages":[],"meta":{},"tags":[]},{"ancestorTitles":["wiring refusal, the enumerated set of section 5.2.7"],"fullName":"wiring refusal, the enumerated set of section 5.2.7 refuses a wire that does not land on a port","status":"passed","title":"refuses a wire that does not land on a port","duration":0.14809999999852153,"failureMessages":[],"meta":{},"tags":[]},{"ancestorTitles":["wiring refusal, the enumerated set of section 5.2.7"],"fullName":"wiring refusal, the enumerated set of section 5.2.7 refuses a block wired to itself","status":"passed","title":"refuses a block wired to itself","duration":0.32070000000021537,"failureMessages":[],"meta":{},"tags":[]},{"ancestorTitles":["wiring refusal, the enumerated set of section 5.2.7"],"fullName":"wiring refusal, the enumerated set of section 5.2.7 refuses rows into a column port, and says which end carries what","status":"passed","title":"refuses rows into a column port, and says which end carries what","duration":0.2180999999982305,"failureMessages":[],"meta":{},"tags":[]},{"ancestorTitles":["wiring refusal, the enumerated set of section 5.2.7"],"fullName":"wiring refusal, the enumerated set of section 5.2.7 refuses the same wire twice, in either orientation","status":"passed","title":"refuses the same wire twice, in either orientation","duration":0.1768000000010943,"failureMessages":[],"meta":{},"tags":[]},{"ancestorTitles":["wiring refusal, the enumerated set of section 5.2.7"],"fullName":"wiring refusal, the enumerated set of section 5.2.7 refuses a join between a table and a block, and points at the dataset port","status":"passed","title":"refuses a join between a table and a block, and points at the dataset port","duration":0.15289999999731663,"failureMessages":[],"meta":{},"tags":[]},{"ancestorTitles":["wiring refusal, the enumerated set of section 5.2.7"],"fullName":"wiring refusal, the enumerated set of section 5.2.7 refuses a type mismatch and names both types","status":"passed","title":"refuses a type mismatch and names both types","duration":0.36899999999877764,"failureMessages":[],"meta":{},"tags":[]},{"ancestorTitles":["wiring refusal, the enumerated set of section 5.2.7"],"fullName":"wiring refusal, the enumerated set of section 5.2.7 refuses a join that closes a loop, regardless of the direction it was dragged","status":"passed","title":"refuses a join that closes a loop, regardless of the direction it was dragged","duration":0.1595000000015716,"failureMessages":[],"meta":{},"tags":[]},{"ancestorTitles":["wiring refusal, the enumerated set of section 5.2.7"],"fullName":"wiring refusal, the enumerated set of section 5.2.7 refuses a dataset wire into a table, because a table is a source","status":"passed","title":"refuses a dataset wire into a table, because a table is a source","duration":0.1176000000014028,"failureMessages":[],"meta":{},"tags":[]},{"ancestorTitles":["wiring refusal, the enumerated set of section 5.2.7"],"fullName":"wiring refusal, the enumerated set of section 5.2.7 refuses a second dataset input on one block","status":"passed","title":"refuses a second dataset input on one block","duration":0.22669999999925494,"failureMessages":[],"meta":{},"tags":[]},{"ancestorTitles":["wiring refusal, the enumerated set of section 5.2.7"],"fullName":"wiring refusal, the enumerated set of section 5.2.7 refuses a second chain from one block, because serialisation walks one","status":"passed","title":"refuses a second chain from one block, because serialisation walks one","duration":0.1455000000023574,"failureMessages":[],"meta":{},"tags":[]},{"ancestorTitles":["wiring refusal, the enumerated set of section 5.2.7"],"fullName":"wiring refusal, the enumerated set of section 5.2.7 refuses a dataset wire that closes a loop","status":"passed","title":"refuses a dataset wire that closes a loop","duration":0.15279999999984284,"failureMessages":[],"meta":{},"tags":[]},{"ancestorTitles":["arrange"],"fullName":"arrange is deterministic: the same board arranges to the same placements twice","status":"passed","title":"is deterministic: the same board arranges to the same placements twice","duration":0.3533999999999651,"failureMessages":[],"meta":{},"tags":[]},{"ancestorTitles":["arrange"],"fullName":"arrange does not depend on the order the author dropped things","status":"passed","title":"does not depend on the order the author dropped things","duration":0.251300000003539,"failureMessages":[],"meta":{},"tags":[]},{"ancestorTitles":["arrange"],"fullName":"arrange puts tables down the left and each chain to the right of its table","status":"passed","title":"puts tables down the left and each chain to the right of its table","duration":0.2620000000024447,"failureMessages":[],"meta":{},"tags":[]},{"ancestorTitles":["arrange"],"fullName":"arrange parks a block that hangs from nothing below everything, not behind it","status":"passed","title":"parks a block that hangs from nothing below everything, not behind it","duration":0.19199999999909778,"failureMessages":[],"meta":{},"tags":[]}],"startTime":1785918508939,"endTime":1785918508957.262,"status":"passed","message":"","name":"C:/Workspace/PlantProcess-IQ/Frontend/PlantProcess.Web/src/authoring/graphSemantics.test.ts"},{"assertionResults":[{"ancestorTitles":["T-033: the interface operator lists equal the server whitelist"],"fullName":"T-033: the interface operator lists equal the server whitelist filter operators match BuildSafeSelect's FilterOps, in order","status":"passed","title":"filter operators match BuildSafeSelect's FilterOps, in order","duration":3.112300000000687,"failureMessages":[],"meta":{},"tags":[]},{"ancestorTitles":["T-033: the interface operator lists equal the server whitelist"],"fullName":"T-033: the interface operator lists equal the server whitelist derived-column operators match BuildSafeSelect's MathOps, in order","status":"passed","title":"derived-column operators match BuildSafeSelect's MathOps, in order","duration":0.5394999999989523,"failureMessages":[],"meta":{},"tags":[]},{"ancestorTitles":["T-033: the interface operator lists equal the server whitelist"],"fullName":"T-033: the interface operator lists equal the server whitelist the unary operators are the two the server emits without a bound value","status":"passed","title":"the unary operators are the two the server emits without a bound value","duration":0.8591999999989639,"failureMessages":[],"meta":{},"tags":[]},{"ancestorTitles":["T-033: the interface operator lists equal the server whitelist"],"fullName":"T-033: the interface operator lists equal the server whitelist every interface operator is one the server would accept","status":"passed","title":"every interface operator is one the server would accept","duration":2.2868000000016764,"failureMessages":[],"meta":{},"tags":[]}],"startTime":1785918512474,"endTime":1785918512481.2869,"status":"passed","message":"","name":"C:/Workspace/PlantProcess-IQ/Frontend/PlantProcess.Web/src/authoring/operatorContract.test.ts"},{"assertionResults":[{"ancestorTitles":["T-032 part A: one authoring shell, no second authoring page"],"fullName":"T-032 part A: one authoring shell, no second authoring page the shell exists and is the only module exporting SharedAuthoringShell","status":"passed","title":"the shell exists and is the only module exporting SharedAuthoringShell","duration":902.384,"failureMessages":[],"meta":{},"tags":[]},{"ancestorTitles":["T-032 part A: one authoring shell, no second authoring page"],"fullName":"T-032 part A: one authoring shell, no second authoring page no page component owns an authoring board except those a later task converges","status":"passed","title":"no page component owns an authoring board except those a later task converges","duration":36.33460000000014,"failureMessages":[],"meta":{},"tags":[]},{"ancestorTitles":["T-032 part A: one authoring shell, no second authoring page"],"fullName":"T-032 part A: one authoring shell, no second authoring page the pending-convergence list is self-cleaning","status":"passed","title":"the pending-convergence list is self-cleaning","duration":1.9634000000005472,"failureMessages":[],"meta":{},"tags":[]},{"ancestorTitles":["T-032 part A: one authoring shell, no second authoring page"],"fullName":"T-032 part A: one authoring shell, no second authoring page the retired S1 page is gone from the tree, not merely unrouted","status":"passed","title":"the retired S1 page is gone from the tree, not merely unrouted","duration":3.3542000000015832,"failureMessages":[],"meta":{},"tags":[]},{"ancestorTitles":["T-032 part A: one authoring shell, no second authoring page"],"fullName":"T-032 part A: one authoring shell, no second authoring page the application routes the authoring surface to the shell","status":"passed","title":"the application routes the authoring surface to the shell","duration":1.561200000000099,"failureMessages":[],"meta":{},"tags":[]},{"ancestorTitles":["T-032 part A: one authoring shell, no second authoring page"],"fullName":"T-032 part A: one authoring shell, no second authoring page the purpose registry carries all five purposes of section 5.2.1","status":"passed","title":"the purpose registry carries all five purposes of section 5.2.1","duration":0.5200999999997293,"failureMessages":[],"meta":{},"tags":[]},{"ancestorTitles":["T-032 part A: one authoring shell, no second authoring page"],"fullName":"T-032 part A: one authoring shell, no second authoring page the shell hardcodes no plant vocabulary","status":"passed","title":"the shell hardcodes no plant vocabulary","duration":4.692900000000009,"failureMessages":[],"meta":{},"tags":[]},{"ancestorTitles":["T-032 part B: the four regions render in every mode"],"fullName":"T-032 part B: the four regions render in every mode S1 renders mode bar, schema tree, board, toolbox and debug log","status":"passed","title":"S1 renders mode bar, schema tree, board, toolbox and debug log","duration":91.67929999999978,"failureMessages":[],"meta":{},"tags":[]},{"ancestorTitles":["T-032 part B: the four regions render in every mode"],"fullName":"T-032 part B: the four regions render in every mode S2 renders the same four regions with its own palette","status":"passed","title":"S2 renders the same four regions with its own palette","duration":18.23989999999867,"failureMessages":[],"meta":{},"tags":[]},{"ancestorTitles":["T-032 part B: the four regions render in every mode"],"fullName":"T-032 part B: the four regions render in every mode SQL mode hides the toolbox entirely rather than disabling it","status":"passed","title":"SQL mode hides the toolbox entirely rather than disabling it","duration":1112.0486,"failureMessages":[],"meta":{},"tags":[]},{"ancestorTitles":["T-032 part B: the four regions render in every mode"],"fullName":"T-032 part B: the four regions render in every mode Run is refused while the validity indicator reads Invalid","status":"passed","title":"Run is refused while the validity indicator reads Invalid","duration":742.8837000000003,"failureMessages":[],"meta":{},"tags":[]}],"startTime":1785918495159,"endTime":1785918498075.8838,"status":"passed","message":"","name":"C:/Workspace/PlantProcess-IQ/Frontend/PlantProcess.Web/src/authoring/sharedAuthoringShell.test.tsx"}]}