{"numTotalTestSuites":29,"numPassedTestSuites":29,"numFailedTestSuites":0,"numPendingTestSuites":0,"numTotalTests":98,"numPassedTests":98,"numFailedTests":0,"numPendingTests":0,"numTodoTests":0,"snapshot":{"added":0,"failure":false,"filesAdded":0,"filesRemoved":0,"filesRemovedList":[],"filesUnmatched":0,"filesUpdated":0,"matched":0,"total":0,"unchecked":0,"uncheckedKeysByFile":[],"unmatched":0,"updated":0,"didUpdate":false},"startTime":1785929855746,"success":true,"testResults":[{"assertionResults":[{"ancestorTitles":["what the tree shows"],"fullName":"what the tree shows puts nullability beside the type","status":"passed","title":"puts nullability beside the type","duration":41.130199999999604,"failureMessages":[],"meta":{},"tags":[]},{"ancestorTitles":["what the tree shows"],"fullName":"what the tree shows shows an approximate row count, and says when there is none","status":"passed","title":"shows an approximate row count, and says when there is none","duration":7.70719999999892,"failureMessages":[],"meta":{},"tags":[]},{"ancestorTitles":["what the tree shows"],"fullName":"what the tree shows says nothing matched instead of showing an empty panel","status":"passed","title":"says nothing matched instead of showing an empty panel","duration":3.929200000000492,"failureMessages":[],"meta":{},"tags":[]},{"ancestorTitles":["search"],"fullName":"search narrows to the matching column and unfolds only the table holding it","status":"passed","title":"narrows to the matching column and unfolds only the table holding it","duration":4.621799999998984,"failureMessages":[],"meta":{},"tags":[]},{"ancestorTitles":["search"],"fullName":"search reports every keystroke to the surface that owns the query","status":"passed","title":"reports every keystroke to the surface that owns the query","duration":227.92540000000008,"failureMessages":[],"meta":{},"tags":[]},{"ancestorTitles":["multi-select"],"fullName":"multi-select marks a chosen column and reports a click to the surface","status":"passed","title":"marks a chosen column and reports a click to the surface","duration":94.1333999999988,"failureMessages":[],"meta":{},"tags":[]},{"ancestorTitles":["multi-select"],"fullName":"multi-select states the selection, including that a drag carries one table","status":"passed","title":"states the selection, including that a drag carries one table","duration":3.5825000000004366,"failureMessages":[],"meta":{},"tags":[]},{"ancestorTitles":["drag"],"fullName":"drag a table row with nothing picked carries the whole table","status":"passed","title":"a table row with nothing picked carries the whole table","duration":4.541400000000067,"failureMessages":[],"meta":{},"tags":[]},{"ancestorTitles":["drag"],"fullName":"drag a table row with picked columns carries them as selection metadata","status":"passed","title":"a table row with picked columns carries them as selection metadata","duration":4.535300000001371,"failureMessages":[],"meta":{},"tags":[]},{"ancestorTitles":["drag"],"fullName":"drag an unpicked attribute carries only itself","status":"passed","title":"an unpicked attribute carries only itself","duration":4.378600000000006,"failureMessages":[],"meta":{},"tags":[]},{"ancestorTitles":["drag"],"fullName":"drag a picked attribute carries the whole selection of its table","status":"passed","title":"a picked attribute carries the whole selection of its table","duration":3.451500000001033,"failureMessages":[],"meta":{},"tags":[]},{"ancestorTitles":["drag"],"fullName":"drag a double-click still puts the table on the board, with what was picked","status":"passed","title":"a double-click still puts the table on the board, with what was picked","duration":91.04429999999957,"failureMessages":[],"meta":{},"tags":[]}],"startTime":1785929869585,"endTime":1785929870077.0442,"status":"passed","message":"","name":"C:/Workspace/PlantProcess-IQ/Frontend/PlantProcess.Web/src/authoring/authoringSchemaTree.test.tsx"},{"assertionResults":[{"ancestorTitles":["filter node"],"fullName":"filter node offers the server whitelist and nothing else","status":"passed","title":"offers the server whitelist and nothing else","duration":43.86539999999877,"failureMessages":[],"meta":{},"tags":[]},{"ancestorTitles":["filter node"],"fullName":"filter node feeds the column dropdown from the upstream lineage, never free text","status":"passed","title":"feeds the column dropdown from the upstream lineage, never free text","duration":7.189700000002631,"failureMessages":[],"meta":{},"tags":[]},{"ancestorTitles":["filter node"],"fullName":"filter node lists a derived field truthfully and refuses to let it be chosen","status":"passed","title":"lists a derived field truthfully and refuses to let it be chosen","duration":5.25970000000234,"failureMessages":[],"meta":{},"tags":[]},{"ancestorTitles":["filter node"],"fullName":"filter node removes the value field for a unary operator rather than disabling it","status":"passed","title":"removes the value field for a unary operator rather than disabling it","duration":10.257900000000518,"failureMessages":[],"meta":{},"tags":[]},{"ancestorTitles":["filter node"],"fullName":"filter node shows the status badge and the sentence on the node itself","status":"passed","title":"shows the status badge and the sentence on the node itself","duration":7.894700000000739,"failureMessages":[],"meta":{},"tags":[]},{"ancestorTitles":["filter node"],"fullName":"filter node reports every edit to the board, which owns the state","status":"passed","title":"reports every edit to the board, which owns the state","duration":206.1911,"failureMessages":[],"meta":{},"tags":[]},{"ancestorTitles":["derived node"],"fullName":"derived node offers only the four arithmetic operators the server compiles","status":"passed","title":"offers only the four arithmetic operators the server compiles","duration":4.3144999999967695,"failureMessages":[],"meta":{},"tags":[]},{"ancestorTitles":["derived node"],"fullName":"derived node shows a number field only while no second column is chosen","status":"passed","title":"shows a number field only while no second column is chosen","duration":6.515400000000227,"failureMessages":[],"meta":{},"tags":[]},{"ancestorTitles":["select node"],"fullName":"select node renders one toggle per upstream field and marks the chosen ones","status":"passed","title":"renders one toggle per upstream field and marks the chosen ones","duration":85.9252000000015,"failureMessages":[],"meta":{},"tags":[]},{"ancestorTitles":["select node"],"fullName":"select node says what to do when nothing is upstream, instead of showing an empty box","status":"passed","title":"says what to do when nothing is upstream, instead of showing an empty box","duration":2.031599999998434,"failureMessages":[],"meta":{},"tags":[]},{"ancestorTitles":["select node"],"fullName":"select node reports a toggle to the board","status":"passed","title":"reports a toggle to the board","duration":106.14419999999882,"failureMessages":[],"meta":{},"tags":[]},{"ancestorTitles":["ports, which the Handle mock cannot show"],"fullName":"ports, which the Handle mock cannot show every block declares one flow input and one flow output from the shared vocabulary","status":"passed","title":"every block declares one flow input and one flow output from the shared vocabulary","duration":0.6257000000005064,"failureMessages":[],"meta":{},"tags":[]},{"ancestorTitles":["ports, which the Handle mock cannot show"],"fullName":"ports, which the Handle mock cannot show declares no handle with a literal string, which would drift from the semantics","status":"passed","title":"declares no handle with a literal string, which would drift from the semantics","duration":0.1834999999991851,"failureMessages":[],"meta":{},"tags":[]}],"startTime":1785929873480,"endTime":1785929873967.6257,"status":"passed","message":"","name":"C:/Workspace/PlantProcess-IQ/Frontend/PlantProcess.Web/src/authoring/blockNodes.test.tsx"},{"assertionResults":[{"ancestorTitles":["field references"],"fullName":"field references splits on the first dot and refuses a malformed reference","status":"passed","title":"splits on the first dot and refuses a malformed reference","duration":2.3218999999990046,"failureMessages":[],"meta":{},"tags":[]},{"ancestorTitles":["join lineage"],"fullName":"join lineage a joined cluster exposes every origin table explicitly","status":"passed","title":"a joined cluster exposes every origin table explicitly","duration":2.3834999999999127,"failureMessages":[],"meta":{},"tags":[]},{"ancestorTitles":["join lineage"],"fullName":"join lineage a field that is not in the upstream output invalidates the block","status":"passed","title":"a field that is not in the upstream output invalidates the block","duration":0.47379999999975553,"failureMessages":[],"meta":{},"tags":[]},{"ancestorTitles":["join lineage"],"fullName":"join lineage a block wired to nothing is refused, and the sentence says what to do","status":"passed","title":"a block wired to nothing is refused, and the sentence says what to do","duration":0.30539999999746215,"failureMessages":[],"meta":{},"tags":[]},{"ancestorTitles":["filter block"],"fullName":"filter block refuses an operator outside the server whitelist","status":"passed","title":"refuses an operator outside the server whitelist","duration":0.2848000000012689,"failureMessages":[],"meta":{},"tags":[]},{"ancestorTitles":["filter block"],"fullName":"filter block requires a value for a binary operator and none for a unary one","status":"passed","title":"requires a value for a binary operator and none for a unary one","duration":0.25860000000102445,"failureMessages":[],"meta":{},"tags":[]},{"ancestorTitles":["filter block"],"fullName":"filter block serialises a unary filter with a null value","status":"passed","title":"serialises a unary filter with a null value","duration":0.6410999999970954,"failureMessages":[],"meta":{},"tags":[]},{"ancestorTitles":["derived block"],"fullName":"derived block refuses an alias that Ident would refuse on the server","status":"passed","title":"refuses an alias that Ident would refuse on the server","duration":0.24710000000050059,"failureMessages":[],"meta":{},"tags":[]},{"ancestorTitles":["derived block"],"fullName":"derived block needs a second column or a numeric constant","status":"passed","title":"needs a second column or a numeric constant","duration":0.5285000000003492,"failureMessages":[],"meta":{},"tags":[]},{"ancestorTitles":["derived block"],"fullName":"derived block always states the right-hand table rather than relying on the server fallback","status":"passed","title":"always states the right-hand table rather than relying on the server fallback","duration":0.4418000000005122,"failureMessages":[],"meta":{},"tags":[]},{"ancestorTitles":["derived block"],"fullName":"derived block publishes its alias into the downstream schema, with no physical lineage","status":"passed","title":"publishes its alias into the downstream schema, with no physical lineage","duration":0.4444000000003143,"failureMessages":[],"meta":{},"tags":[]},{"ancestorTitles":["derived block"],"fullName":"derived block refuses a downstream block that addresses the alias, by name, rather than hiding it","status":"passed","title":"refuses a downstream block that addresses the alias, by name, rather than hiding it","duration":0.889500000001135,"failureMessages":[],"meta":{},"tags":[]},{"ancestorTitles":["derived block"],"fullName":"derived block survives a Select below it, because the server appends it after the projection","status":"passed","title":"survives a Select below it, because the server appends it after the projection","duration":0.3183000000026368,"failureMessages":[],"meta":{},"tags":[]},{"ancestorTitles":["select block"],"fullName":"select block an empty Select block is refused with the same sentence the server uses","status":"passed","title":"an empty Select block is refused with the same sentence the server uses","duration":0.2268000000003667,"failureMessages":[],"meta":{},"tags":[]},{"ancestorTitles":["select block"],"fullName":"select block narrows what a downstream block can see","status":"passed","title":"narrows what a downstream block can see","duration":0.2661999999982072,"failureMessages":[],"meta":{},"tags":[]},{"ancestorTitles":["select block"],"fullName":"select block no Select block leaves selects undefined, which keeps SELECT * on the server","status":"passed","title":"no Select block leaves selects undefined, which keeps SELECT * on the server","duration":0.18720000000030268,"failureMessages":[],"meta":{},"tags":[]},{"ancestorTitles":["select block"],"fullName":"select block the last Select in the chain is the projection","status":"passed","title":"the last Select in the chain is the projection","duration":0.3379000000022643,"failureMessages":[],"meta":{},"tags":[]},{"ancestorTitles":["ordering and refusal"],"fullName":"ordering and refusal applies blocks in chain order, not in node order","status":"passed","title":"applies blocks in chain order, not in node order","duration":0.37520000000222353,"failureMessages":[],"meta":{},"tags":[]},{"ancestorTitles":["ordering and refusal"],"fullName":"ordering and refusal a flow loop terminates the walk instead of spinning","status":"passed","title":"a flow loop terminates the walk instead of spinning","duration":0.15729999999894062,"failureMessages":[],"meta":{},"tags":[]},{"ancestorTitles":["ordering and refusal"],"fullName":"ordering and refusal an unjoined second table is reported, and serialisation refuses","status":"passed","title":"an unjoined second table is reported, and serialisation refuses","duration":0.27549999999973807,"failureMessages":[],"meta":{},"tags":[]},{"ancestorTitles":["ordering and refusal"],"fullName":"ordering and refusal a detached block never reaches the server","status":"passed","title":"a detached block never reaches the server","duration":0.22629999999844586,"failureMessages":[],"meta":{},"tags":[]},{"ancestorTitles":["wiring refusal, the enumerated set of section 5.2.7"],"fullName":"wiring refusal, the enumerated set of section 5.2.7 accepts a legal key-to-key join and a legal dataset wire","status":"passed","title":"accepts a legal key-to-key join and a legal dataset wire","duration":0.5128000000004249,"failureMessages":[],"meta":{},"tags":[]},{"ancestorTitles":["wiring refusal, the enumerated set of section 5.2.7"],"fullName":"wiring refusal, the enumerated set of section 5.2.7 refuses a wire that does not land on a port","status":"passed","title":"refuses a wire that does not land on a port","duration":0.11549999999988358,"failureMessages":[],"meta":{},"tags":[]},{"ancestorTitles":["wiring refusal, the enumerated set of section 5.2.7"],"fullName":"wiring refusal, the enumerated set of section 5.2.7 refuses a block wired to itself","status":"passed","title":"refuses a block wired to itself","duration":0.18999999999869033,"failureMessages":[],"meta":{},"tags":[]},{"ancestorTitles":["wiring refusal, the enumerated set of section 5.2.7"],"fullName":"wiring refusal, the enumerated set of section 5.2.7 refuses rows into a column port, and says which end carries what","status":"passed","title":"refuses rows into a column port, and says which end carries what","duration":0.3302000000003318,"failureMessages":[],"meta":{},"tags":[]},{"ancestorTitles":["wiring refusal, the enumerated set of section 5.2.7"],"fullName":"wiring refusal, the enumerated set of section 5.2.7 refuses the same wire twice, in either orientation","status":"passed","title":"refuses the same wire twice, in either orientation","duration":0.17299999999886495,"failureMessages":[],"meta":{},"tags":[]},{"ancestorTitles":["wiring refusal, the enumerated set of section 5.2.7"],"fullName":"wiring refusal, the enumerated set of section 5.2.7 refuses a join between a table and a block, and points at the dataset port","status":"passed","title":"refuses a join between a table and a block, and points at the dataset port","duration":0.16259999999965657,"failureMessages":[],"meta":{},"tags":[]},{"ancestorTitles":["wiring refusal, the enumerated set of section 5.2.7"],"fullName":"wiring refusal, the enumerated set of section 5.2.7 refuses a type mismatch and names both types","status":"passed","title":"refuses a type mismatch and names both types","duration":0.3480999999992491,"failureMessages":[],"meta":{},"tags":[]},{"ancestorTitles":["wiring refusal, the enumerated set of section 5.2.7"],"fullName":"wiring refusal, the enumerated set of section 5.2.7 refuses a join that closes a loop, regardless of the direction it was dragged","status":"passed","title":"refuses a join that closes a loop, regardless of the direction it was dragged","duration":0.247800000001007,"failureMessages":[],"meta":{},"tags":[]},{"ancestorTitles":["wiring refusal, the enumerated set of section 5.2.7"],"fullName":"wiring refusal, the enumerated set of section 5.2.7 refuses a dataset wire into a table, because a table is a source","status":"passed","title":"refuses a dataset wire into a table, because a table is a source","duration":0.12370000000009895,"failureMessages":[],"meta":{},"tags":[]},{"ancestorTitles":["wiring refusal, the enumerated set of section 5.2.7"],"fullName":"wiring refusal, the enumerated set of section 5.2.7 refuses a second dataset input on one block","status":"passed","title":"refuses a second dataset input on one block","duration":0.20930000000225846,"failureMessages":[],"meta":{},"tags":[]},{"ancestorTitles":["wiring refusal, the enumerated set of section 5.2.7"],"fullName":"wiring refusal, the enumerated set of section 5.2.7 refuses a second chain from one block, because serialisation walks one","status":"passed","title":"refuses a second chain from one block, because serialisation walks one","duration":0.13079999999899883,"failureMessages":[],"meta":{},"tags":[]},{"ancestorTitles":["wiring refusal, the enumerated set of section 5.2.7"],"fullName":"wiring refusal, the enumerated set of section 5.2.7 refuses a dataset wire that closes a loop","status":"passed","title":"refuses a dataset wire that closes a loop","duration":0.11529999999766005,"failureMessages":[],"meta":{},"tags":[]},{"ancestorTitles":["arrange"],"fullName":"arrange is deterministic: the same board arranges to the same placements twice","status":"passed","title":"is deterministic: the same board arranges to the same placements twice","duration":0.2831000000005588,"failureMessages":[],"meta":{},"tags":[]},{"ancestorTitles":["arrange"],"fullName":"arrange does not depend on the order the author dropped things","status":"passed","title":"does not depend on the order the author dropped things","duration":0.19839999999749125,"failureMessages":[],"meta":{},"tags":[]},{"ancestorTitles":["arrange"],"fullName":"arrange puts tables down the left and each chain to the right of its table","status":"passed","title":"puts tables down the left and each chain to the right of its table","duration":0.2059000000008382,"failureMessages":[],"meta":{},"tags":[]},{"ancestorTitles":["arrange"],"fullName":"arrange parks a block that hangs from nothing below everything, not behind it","status":"passed","title":"parks a block that hangs from nothing below everything, not behind it","duration":0.1514999999999418,"failureMessages":[],"meta":{},"tags":[]}],"startTime":1785929876817,"endTime":1785929876833.2832,"status":"passed","message":"","name":"C:/Workspace/PlantProcess-IQ/Frontend/PlantProcess.Web/src/authoring/graphSemantics.test.ts"},{"assertionResults":[{"ancestorTitles":["T-033: the interface operator lists equal the server whitelist"],"fullName":"T-033: the interface operator lists equal the server whitelist filter operators match BuildSafeSelect's FilterOps, in order","status":"passed","title":"filter operators match BuildSafeSelect's FilterOps, in order","duration":2.1957000000002154,"failureMessages":[],"meta":{},"tags":[]},{"ancestorTitles":["T-033: the interface operator lists equal the server whitelist"],"fullName":"T-033: the interface operator lists equal the server whitelist derived-column operators match BuildSafeSelect's MathOps, in order","status":"passed","title":"derived-column operators match BuildSafeSelect's MathOps, in order","duration":0.40060000000084983,"failureMessages":[],"meta":{},"tags":[]},{"ancestorTitles":["T-033: the interface operator lists equal the server whitelist"],"fullName":"T-033: the interface operator lists equal the server whitelist the unary operators are the two the server emits without a bound value","status":"passed","title":"the unary operators are the two the server emits without a bound value","duration":0.6368000000002212,"failureMessages":[],"meta":{},"tags":[]},{"ancestorTitles":["T-033: the interface operator lists equal the server whitelist"],"fullName":"T-033: the interface operator lists equal the server whitelist every interface operator is one the server would accept","status":"passed","title":"every interface operator is one the server would accept","duration":1.9485999999997148,"failureMessages":[],"meta":{},"tags":[]}],"startTime":1785929882296,"endTime":1785929882300.9485,"status":"passed","message":"","name":"C:/Workspace/PlantProcess-IQ/Frontend/PlantProcess.Web/src/authoring/operatorContract.test.ts"},{"assertionResults":[{"ancestorTitles":["wording for facts the catalogue may not have"],"fullName":"wording for facts the catalogue may not have states nullability beside the type when the server sent it","status":"passed","title":"states nullability beside the type when the server sent it","duration":1.573499999998603,"failureMessages":[],"meta":{},"tags":[]},{"ancestorTitles":["wording for facts the catalogue may not have"],"fullName":"wording for facts the catalogue may not have shows the type alone rather than inventing not null","status":"passed","title":"shows the type alone rather than inventing not null","duration":0.37659999999959837,"failureMessages":[],"meta":{},"tags":[]},{"ancestorTitles":["wording for facts the catalogue may not have"],"fullName":"wording for facts the catalogue may not have says a table was never analysed instead of calling it empty","status":"passed","title":"says a table was never analysed instead of calling it empty","duration":0.5745999999999185,"failureMessages":[],"meta":{},"tags":[]},{"ancestorTitles":["search"],"fullName":"search narrows nothing and forces nothing open without a query","status":"passed","title":"narrows nothing and forces nothing open without a query","duration":1.08100000000195,"failureMessages":[],"meta":{},"tags":[]},{"ancestorTitles":["search"],"fullName":"search keeps a whole schema when the schema name matches","status":"passed","title":"keeps a whole schema when the schema name matches","duration":0.3537999999971362,"failureMessages":[],"meta":{},"tags":[]},{"ancestorTitles":["search"],"fullName":"search keeps every column of a table whose NAME matched","status":"passed","title":"keeps every column of a table whose NAME matched","duration":0.194100000000617,"failureMessages":[],"meta":{},"tags":[]},{"ancestorTitles":["search"],"fullName":"search narrows to the matching columns and opens ONLY the tables that hold them","status":"passed","title":"narrows to the matching columns and opens ONLY the tables that hold them","duration":0.43959999999788124,"failureMessages":[],"meta":{},"tags":[]},{"ancestorTitles":["search"],"fullName":"search does not force open a table that matched only by its own name","status":"passed","title":"does not force open a table that matched only by its own name","duration":0.29100000000107684,"failureMessages":[],"meta":{},"tags":[]},{"ancestorTitles":["search"],"fullName":"search is case insensitive and reports the schemas to unfold","status":"passed","title":"is case insensitive and reports the schemas to unfold","duration":0.49209999999948195,"failureMessages":[],"meta":{},"tags":[]},{"ancestorTitles":["search"],"fullName":"search returns nothing at all rather than everything when nothing matches","status":"passed","title":"returns nothing at all rather than everything when nothing matches","duration":0.3198999999985972,"failureMessages":[],"meta":{},"tags":[]},{"ancestorTitles":["multi-select"],"fullName":"multi-select adds, reports and removes without mutating what it was given","status":"passed","title":"adds, reports and removes without mutating what it was given","duration":0.45720000000073924,"failureMessages":[],"meta":{},"tags":[]},{"ancestorTitles":["multi-select"],"fullName":"multi-select drops a table from the selection rather than leaving it empty","status":"passed","title":"drops a table from the selection rather than leaving it empty","duration":0.13550000000032014,"failureMessages":[],"meta":{},"tags":[]},{"ancestorTitles":["multi-select"],"fullName":"multi-select keeps three columns of one table in the order they were chosen","status":"passed","title":"keeps three columns of one table in the order they were chosen","duration":0.1624999999985448,"failureMessages":[],"meta":{},"tags":[]},{"ancestorTitles":["multi-select"],"fullName":"multi-select says plainly that a drag carries one table when the selection spans two","status":"passed","title":"says plainly that a drag carries one table when the selection spans two","duration":0.3161000000000058,"failureMessages":[],"meta":{},"tags":[]},{"ancestorTitles":["multi-select"],"fullName":"multi-select names the single table and gets the singular right","status":"passed","title":"names the single table and gets the singular right","duration":0.2253999999993539,"failureMessages":[],"meta":{},"tags":[]},{"ancestorTitles":["drag payload"],"fullName":"drag payload round-trips a whole table and a set of attributes","status":"passed","title":"round-trips a whole table and a set of attributes","duration":0.3169999999990978,"failureMessages":[],"meta":{},"tags":[]},{"ancestorTitles":["drag payload"],"fullName":"drag payload fails closed on anything it did not write","status":"passed","title":"fails closed on anything it did not write","duration":0.3563999999969383,"failureMessages":[],"meta":{},"tags":[]},{"ancestorTitles":["drag payload"],"fullName":"drag payload resolves a drop against the catalogue and never invents the dataset","status":"passed","title":"resolves a drop against the catalogue and never invents the dataset","duration":0.2136999999966065,"failureMessages":[],"meta":{},"tags":[]},{"ancestorTitles":["drag payload"],"fullName":"drag payload carries one MIME type both sides agree on","status":"passed","title":"carries one MIME type both sides agree on","duration":0.10139999999955762,"failureMessages":[],"meta":{},"tags":[]}],"startTime":1785929879534,"endTime":1785929879542.3564,"status":"passed","message":"","name":"C:/Workspace/PlantProcess-IQ/Frontend/PlantProcess.Web/src/authoring/schemaTreeModel.test.ts"},{"assertionResults":[{"ancestorTitles":["T-032 part A: one authoring shell, no second authoring page"],"fullName":"T-032 part A: one authoring shell, no second authoring page the shell exists and is the only module exporting SharedAuthoringShell","status":"passed","title":"the shell exists and is the only module exporting SharedAuthoringShell","duration":642.3346999999994,"failureMessages":[],"meta":{},"tags":[]},{"ancestorTitles":["T-032 part A: one authoring shell, no second authoring page"],"fullName":"T-032 part A: one authoring shell, no second authoring page no page component owns an authoring board except those a later task converges","status":"passed","title":"no page component owns an authoring board except those a later task converges","duration":25.268599999999424,"failureMessages":[],"meta":{},"tags":[]},{"ancestorTitles":["T-032 part A: one authoring shell, no second authoring page"],"fullName":"T-032 part A: one authoring shell, no second authoring page the pending-convergence list is self-cleaning","status":"passed","title":"the pending-convergence list is self-cleaning","duration":2.4902000000001863,"failureMessages":[],"meta":{},"tags":[]},{"ancestorTitles":["T-032 part A: one authoring shell, no second authoring page"],"fullName":"T-032 part A: one authoring shell, no second authoring page the retired S1 page is gone from the tree, not merely unrouted","status":"passed","title":"the retired S1 page is gone from the tree, not merely unrouted","duration":2.8593999999993684,"failureMessages":[],"meta":{},"tags":[]},{"ancestorTitles":["T-032 part A: one authoring shell, no second authoring page"],"fullName":"T-032 part A: one authoring shell, no second authoring page the application routes the authoring surface to the shell","status":"passed","title":"the application routes the authoring surface to the shell","duration":0.8510999999998603,"failureMessages":[],"meta":{},"tags":[]},{"ancestorTitles":["T-032 part A: one authoring shell, no second authoring page"],"fullName":"T-032 part A: one authoring shell, no second authoring page the purpose registry carries all five purposes of section 5.2.1","status":"passed","title":"the purpose registry carries all five purposes of section 5.2.1","duration":0.34609999999884167,"failureMessages":[],"meta":{},"tags":[]},{"ancestorTitles":["T-032 part A: one authoring shell, no second authoring page"],"fullName":"T-032 part A: one authoring shell, no second authoring page the shell hardcodes no plant vocabulary","status":"passed","title":"the shell hardcodes no plant vocabulary","duration":2.9763999999995576,"failureMessages":[],"meta":{},"tags":[]},{"ancestorTitles":["T-032 part B: the four regions render in every mode"],"fullName":"T-032 part B: the four regions render in every mode S1 renders mode bar, schema tree, board, toolbox and debug log","status":"passed","title":"S1 renders mode bar, schema tree, board, toolbox and debug log","duration":73.30179999999928,"failureMessages":[],"meta":{},"tags":[]},{"ancestorTitles":["T-032 part B: the four regions render in every mode"],"fullName":"T-032 part B: the four regions render in every mode S2 renders the same four regions with its own palette","status":"passed","title":"S2 renders the same four regions with its own palette","duration":18.843299999998635,"failureMessages":[],"meta":{},"tags":[]},{"ancestorTitles":["T-032 part B: the four regions render in every mode"],"fullName":"T-032 part B: the four regions render in every mode SQL mode hides the toolbox entirely rather than disabling it","status":"passed","title":"SQL mode hides the toolbox entirely rather than disabling it","duration":810.3341,"failureMessages":[],"meta":{},"tags":[]},{"ancestorTitles":["T-032 part B: the four regions render in every mode"],"fullName":"T-032 part B: the four regions render in every mode S1 enables exactly the three relational blocks the board implements","status":"passed","title":"S1 enables exactly the three relational blocks the board implements","duration":627.5876000000007,"failureMessages":[],"meta":{},"tags":[]},{"ancestorTitles":["T-032 part B: the four regions render in every mode"],"fullName":"T-032 part B: the four regions render in every mode the board actions are visible affordances, not key bindings only","status":"passed","title":"the board actions are visible affordances, not key bindings only","duration":570.6489000000001,"failureMessages":[],"meta":{},"tags":[]},{"ancestorTitles":["T-032 part B: the four regions render in every mode"],"fullName":"T-032 part B: the four regions render in every mode Run is refused while the validity indicator reads Invalid","status":"passed","title":"Run is refused while the validity indicator reads Invalid","duration":529.0944999999992,"failureMessages":[],"meta":{},"tags":[]}],"startTime":1785929862571,"endTime":1785929865879.0945,"status":"passed","message":"","name":"C:/Workspace/PlantProcess-IQ/Frontend/PlantProcess.Web/src/authoring/sharedAuthoringShell.test.tsx"}]}