{"numTotalTestSuites":44,"numPassedTestSuites":42,"numFailedTestSuites":2,"numPendingTestSuites":0,"numTotalTests":138,"numPassedTests":137,"numFailedTests":1,"numPendingTests":0,"numTodoTests":0,"snapshot":{"added":0,"failure":false,"filesAdded":0,"filesRemoved":0,"filesRemovedList":[],"filesUnmatched":0,"filesUpdated":0,"matched":0,"total":0,"unchecked":0,"uncheckedKeysByFile":[],"unmatched":0,"updated":0,"didUpdate":false},"startTime":1785944748419,"success":false,"testResults":[{"assertionResults":[{"ancestorTitles":["what the tree shows"],"fullName":"what the tree shows puts nullability beside the type","status":"passed","title":"puts nullability beside the type","duration":68.4603999999963,"failureMessages":[],"meta":{},"tags":[]},{"ancestorTitles":["what the tree shows"],"fullName":"what the tree shows shows an approximate row count, and says when there is none","status":"passed","title":"shows an approximate row count, and says when there is none","duration":15.691200000001118,"failureMessages":[],"meta":{},"tags":[]},{"ancestorTitles":["what the tree shows"],"fullName":"what the tree shows says nothing matched instead of showing an empty panel","status":"passed","title":"says nothing matched instead of showing an empty panel","duration":6.771099999998114,"failureMessages":[],"meta":{},"tags":[]},{"ancestorTitles":["search"],"fullName":"search narrows to the matching column and unfolds only the table holding it","status":"passed","title":"narrows to the matching column and unfolds only the table holding it","duration":11.427400000000489,"failureMessages":[],"meta":{},"tags":[]},{"ancestorTitles":["search"],"fullName":"search reports every keystroke to the surface that owns the query","status":"passed","title":"reports every keystroke to the surface that owns the query","duration":370.9204000000027,"failureMessages":[],"meta":{},"tags":[]},{"ancestorTitles":["multi-select"],"fullName":"multi-select marks a chosen column and reports a click to the surface","status":"passed","title":"marks a chosen column and reports a click to the surface","duration":151.47580000000016,"failureMessages":[],"meta":{},"tags":[]},{"ancestorTitles":["multi-select"],"fullName":"multi-select states the selection, including that a drag carries one table","status":"passed","title":"states the selection, including that a drag carries one table","duration":10.540000000008149,"failureMessages":[],"meta":{},"tags":[]},{"ancestorTitles":["drag"],"fullName":"drag a table row with nothing picked carries the whole table","status":"passed","title":"a table row with nothing picked carries the whole table","duration":11.179199999998673,"failureMessages":[],"meta":{},"tags":[]},{"ancestorTitles":["drag"],"fullName":"drag a table row with picked columns carries them as selection metadata","status":"passed","title":"a table row with picked columns carries them as selection metadata","duration":11.65690000000177,"failureMessages":[],"meta":{},"tags":[]},{"ancestorTitles":["drag"],"fullName":"drag an unpicked attribute carries only itself","status":"passed","title":"an unpicked attribute carries only itself","duration":6.7770999999920605,"failureMessages":[],"meta":{},"tags":[]},{"ancestorTitles":["drag"],"fullName":"drag a picked attribute carries the whole selection of its table","status":"passed","title":"a picked attribute carries the whole selection of its table","duration":9.507900000011432,"failureMessages":[],"meta":{},"tags":[]},{"ancestorTitles":["drag"],"fullName":"drag a double-click still puts the table on the board, with what was picked","status":"passed","title":"a double-click still puts the table on the board, with what was picked","duration":130.95249999999942,"failureMessages":[],"meta":{},"tags":[]}],"startTime":1785944821725,"endTime":1785944822531.9524,"status":"passed","message":"","name":"C:/Workspace/PlantProcess-IQ/Frontend/PlantProcess.Web/src/authoring/authoringSchemaTree.test.tsx"},{"assertionResults":[{"ancestorTitles":["filter node"],"fullName":"filter node offers the server whitelist and nothing else","status":"passed","title":"offers the server whitelist and nothing else","duration":96.70490000001155,"failureMessages":[],"meta":{},"tags":[]},{"ancestorTitles":["filter node"],"fullName":"filter node feeds the column dropdown from the upstream lineage, never free text","status":"passed","title":"feeds the column dropdown from the upstream lineage, never free text","duration":15.44869999999355,"failureMessages":[],"meta":{},"tags":[]},{"ancestorTitles":["filter node"],"fullName":"filter node lists a derived field truthfully and refuses to let it be chosen","status":"passed","title":"lists a derived field truthfully and refuses to let it be chosen","duration":16.430299999992712,"failureMessages":[],"meta":{},"tags":[]},{"ancestorTitles":["filter node"],"fullName":"filter node removes the value field for a unary operator rather than disabling it","status":"passed","title":"removes the value field for a unary operator rather than disabling it","duration":24.66459999998915,"failureMessages":[],"meta":{},"tags":[]},{"ancestorTitles":["filter node"],"fullName":"filter node shows the status badge and the sentence on the node itself","status":"passed","title":"shows the status badge and the sentence on the node itself","duration":13.73300000000745,"failureMessages":[],"meta":{},"tags":[]},{"ancestorTitles":["filter node"],"fullName":"filter node reports every edit to the board, which owns the state","status":"passed","title":"reports every edit to the board, which owns the state","duration":416.13270000000193,"failureMessages":[],"meta":{},"tags":[]},{"ancestorTitles":["derived node"],"fullName":"derived node offers only the four arithmetic operators the server compiles","status":"passed","title":"offers only the four arithmetic operators the server compiles","duration":12.381999999997788,"failureMessages":[],"meta":{},"tags":[]},{"ancestorTitles":["derived node"],"fullName":"derived node shows a number field only while no second column is chosen","status":"passed","title":"shows a number field only while no second column is chosen","duration":14.441500000000815,"failureMessages":[],"meta":{},"tags":[]},{"ancestorTitles":["select node"],"fullName":"select node renders one toggle per upstream field and marks the chosen ones","status":"passed","title":"renders one toggle per upstream field and marks the chosen ones","duration":154.90329999999085,"failureMessages":[],"meta":{},"tags":[]},{"ancestorTitles":["select node"],"fullName":"select node says what to do when nothing is upstream, instead of showing an empty box","status":"passed","title":"says what to do when nothing is upstream, instead of showing an empty box","duration":3.2189000000071246,"failureMessages":[],"meta":{},"tags":[]},{"ancestorTitles":["select node"],"fullName":"select node reports a toggle to the board","status":"passed","title":"reports a toggle to the board","duration":155.03789999999572,"failureMessages":[],"meta":{},"tags":[]},{"ancestorTitles":["ports, which the Handle mock cannot show"],"fullName":"ports, which the Handle mock cannot show every block declares one flow input and one flow output from the shared vocabulary","status":"passed","title":"every block declares one flow input and one flow output from the shared vocabulary","duration":1.1882000000041444,"failureMessages":[],"meta":{},"tags":[]},{"ancestorTitles":["ports, which the Handle mock cannot show"],"fullName":"ports, which the Handle mock cannot show declares no handle with a literal string, which would drift from the semantics","status":"passed","title":"declares no handle with a literal string, which would drift from the semantics","duration":0.3004999999975553,"failureMessages":[],"meta":{},"tags":[]}],"startTime":1785944831108,"endTime":1785944832034.3005,"status":"passed","message":"","name":"C:/Workspace/PlantProcess-IQ/Frontend/PlantProcess.Web/src/authoring/blockNodes.test.tsx"},{"assertionResults":[{"ancestorTitles":["field references"],"fullName":"field references splits on the first dot and refuses a malformed reference","status":"passed","title":"splits on the first dot and refuses a malformed reference","duration":5.127600000007078,"failureMessages":[],"meta":{},"tags":[]},{"ancestorTitles":["join lineage"],"fullName":"join lineage a joined cluster exposes every origin table explicitly","status":"passed","title":"a joined cluster exposes every origin table explicitly","duration":6.5350000000034925,"failureMessages":[],"meta":{},"tags":[]},{"ancestorTitles":["join lineage"],"fullName":"join lineage a field that is not in the upstream output invalidates the block","status":"passed","title":"a field that is not in the upstream output invalidates the block","duration":1.051900000005844,"failureMessages":[],"meta":{},"tags":[]},{"ancestorTitles":["join lineage"],"fullName":"join lineage a block wired to nothing is refused, and the sentence says what to do","status":"passed","title":"a block wired to nothing is refused, and the sentence says what to do","duration":0.4781000000075437,"failureMessages":[],"meta":{},"tags":[]},{"ancestorTitles":["filter block"],"fullName":"filter block refuses an operator outside the server whitelist","status":"passed","title":"refuses an operator outside the server whitelist","duration":0.5199999999895226,"failureMessages":[],"meta":{},"tags":[]},{"ancestorTitles":["filter block"],"fullName":"filter block requires a value for a binary operator and none for a unary one","status":"passed","title":"requires a value for a binary operator and none for a unary one","duration":0.6058999999950174,"failureMessages":[],"meta":{},"tags":[]},{"ancestorTitles":["filter block"],"fullName":"filter block serialises a unary filter with a null value","status":"passed","title":"serialises a unary filter with a null value","duration":1.4082000000053085,"failureMessages":[],"meta":{},"tags":[]},{"ancestorTitles":["derived block"],"fullName":"derived block refuses an alias that Ident would refuse on the server","status":"passed","title":"refuses an alias that Ident would refuse on the server","duration":0.42719999999098945,"failureMessages":[],"meta":{},"tags":[]},{"ancestorTitles":["derived block"],"fullName":"derived block needs a second column or a numeric constant","status":"passed","title":"needs a second column or a numeric constant","duration":0.8769000000029337,"failureMessages":[],"meta":{},"tags":[]},{"ancestorTitles":["derived block"],"fullName":"derived block always states the right-hand table rather than relying on the server fallback","status":"passed","title":"always states the right-hand table rather than relying on the server fallback","duration":0.9434000000037486,"failureMessages":[],"meta":{},"tags":[]},{"ancestorTitles":["derived block"],"fullName":"derived block publishes its alias into the downstream schema, with no physical lineage","status":"passed","title":"publishes its alias into the downstream schema, with no physical lineage","duration":0.8976000000111526,"failureMessages":[],"meta":{},"tags":[]},{"ancestorTitles":["derived block"],"fullName":"derived block refuses a downstream block that addresses the alias, by name, rather than hiding it","status":"passed","title":"refuses a downstream block that addresses the alias, by name, rather than hiding it","duration":2.2278000000078464,"failureMessages":[],"meta":{},"tags":[]},{"ancestorTitles":["derived block"],"fullName":"derived block survives a Select below it, because the server appends it after the projection","status":"passed","title":"survives a Select below it, because the server appends it after the projection","duration":0.8597000000008848,"failureMessages":[],"meta":{},"tags":[]},{"ancestorTitles":["select block"],"fullName":"select block an empty Select block is refused with the same sentence the server uses","status":"passed","title":"an empty Select block is refused with the same sentence the server uses","duration":0.4853999999904772,"failureMessages":[],"meta":{},"tags":[]},{"ancestorTitles":["select block"],"fullName":"select block narrows what a downstream block can see","status":"passed","title":"narrows what a downstream block can see","duration":1.0710000000108266,"failureMessages":[],"meta":{},"tags":[]},{"ancestorTitles":["select block"],"fullName":"select block no Select block leaves selects undefined, which keeps SELECT * on the server","status":"passed","title":"no Select block leaves selects undefined, which keeps SELECT * on the server","duration":0.6529999999911524,"failureMessages":[],"meta":{},"tags":[]},{"ancestorTitles":["select block"],"fullName":"select block the last Select in the chain is the projection","status":"passed","title":"the last Select in the chain is the projection","duration":1.3451999999961117,"failureMessages":[],"meta":{},"tags":[]},{"ancestorTitles":["ordering and refusal"],"fullName":"ordering and refusal applies blocks in chain order, not in node order","status":"passed","title":"applies blocks in chain order, not in node order","duration":1.3660999999992782,"failureMessages":[],"meta":{},"tags":[]},{"ancestorTitles":["ordering and refusal"],"fullName":"ordering and refusal a flow loop terminates the walk instead of spinning","status":"passed","title":"a flow loop terminates the walk instead of spinning","duration":0.34150000000954606,"failureMessages":[],"meta":{},"tags":[]},{"ancestorTitles":["ordering and refusal"],"fullName":"ordering and refusal an unjoined second table is reported, and serialisation refuses","status":"passed","title":"an unjoined second table is reported, and serialisation refuses","duration":0.7293999999965308,"failureMessages":[],"meta":{},"tags":[]},{"ancestorTitles":["ordering and refusal"],"fullName":"ordering and refusal a detached block never reaches the server","status":"passed","title":"a detached block never reaches the server","duration":0.49310000000696164,"failureMessages":[],"meta":{},"tags":[]},{"ancestorTitles":["wiring refusal, the enumerated set of section 5.2.7"],"fullName":"wiring refusal, the enumerated set of section 5.2.7 accepts a legal key-to-key join and a legal dataset wire","status":"passed","title":"accepts a legal key-to-key join and a legal dataset wire","duration":1.3277999999991152,"failureMessages":[],"meta":{},"tags":[]},{"ancestorTitles":["wiring refusal, the enumerated set of section 5.2.7"],"fullName":"wiring refusal, the enumerated set of section 5.2.7 refuses a wire that does not land on a port","status":"passed","title":"refuses a wire that does not land on a port","duration":0.2878999999957159,"failureMessages":[],"meta":{},"tags":[]},{"ancestorTitles":["wiring refusal, the enumerated set of section 5.2.7"],"fullName":"wiring refusal, the enumerated set of section 5.2.7 refuses a block wired to itself","status":"passed","title":"refuses a block wired to itself","duration":0.4121000000013737,"failureMessages":[],"meta":{},"tags":[]},{"ancestorTitles":["wiring refusal, the enumerated set of section 5.2.7"],"fullName":"wiring refusal, the enumerated set of section 5.2.7 refuses rows into a column port, and says which end carries what","status":"passed","title":"refuses rows into a column port, and says which end carries what","duration":0.2848999999987427,"failureMessages":[],"meta":{},"tags":[]},{"ancestorTitles":["wiring refusal, the enumerated set of section 5.2.7"],"fullName":"wiring refusal, the enumerated set of section 5.2.7 refuses the same wire twice, in either orientation","status":"passed","title":"refuses the same wire twice, in either orientation","duration":0.3812999999936437,"failureMessages":[],"meta":{},"tags":[]},{"ancestorTitles":["wiring refusal, the enumerated set of section 5.2.7"],"fullName":"wiring refusal, the enumerated set of section 5.2.7 refuses a join between a table and a block, and points at the dataset port","status":"passed","title":"refuses a join between a table and a block, and points at the dataset port","duration":0.25639999999839347,"failureMessages":[],"meta":{},"tags":[]},{"ancestorTitles":["wiring refusal, the enumerated set of section 5.2.7"],"fullName":"wiring refusal, the enumerated set of section 5.2.7 refuses a type mismatch and names both types","status":"passed","title":"refuses a type mismatch and names both types","duration":0.6762999999918975,"failureMessages":[],"meta":{},"tags":[]},{"ancestorTitles":["wiring refusal, the enumerated set of section 5.2.7"],"fullName":"wiring refusal, the enumerated set of section 5.2.7 refuses a join that closes a loop, regardless of the direction it was dragged","status":"passed","title":"refuses a join that closes a loop, regardless of the direction it was dragged","duration":0.27470000000903383,"failureMessages":[],"meta":{},"tags":[]},{"ancestorTitles":["wiring refusal, the enumerated set of section 5.2.7"],"fullName":"wiring refusal, the enumerated set of section 5.2.7 refuses a dataset wire into a table, because a table is a source","status":"passed","title":"refuses a dataset wire into a table, because a table is a source","duration":0.37490000000980217,"failureMessages":[],"meta":{},"tags":[]},{"ancestorTitles":["wiring refusal, the enumerated set of section 5.2.7"],"fullName":"wiring refusal, the enumerated set of section 5.2.7 refuses a second dataset input on one block","status":"passed","title":"refuses a second dataset input on one block","duration":0.8571999999985565,"failureMessages":[],"meta":{},"tags":[]},{"ancestorTitles":["wiring refusal, the enumerated set of section 5.2.7"],"fullName":"wiring refusal, the enumerated set of section 5.2.7 refuses a second chain from one block, because serialisation walks one","status":"passed","title":"refuses a second chain from one block, because serialisation walks one","duration":0.4233000000094762,"failureMessages":[],"meta":{},"tags":[]},{"ancestorTitles":["wiring refusal, the enumerated set of section 5.2.7"],"fullName":"wiring refusal, the enumerated set of section 5.2.7 refuses a dataset wire that closes a loop","status":"passed","title":"refuses a dataset wire that closes a loop","duration":0.4596999999921536,"failureMessages":[],"meta":{},"tags":[]},{"ancestorTitles":["arrange"],"fullName":"arrange is deterministic: the same board arranges to the same placements twice","status":"passed","title":"is deterministic: the same board arranges to the same placements twice","duration":0.7488000000012107,"failureMessages":[],"meta":{},"tags":[]},{"ancestorTitles":["arrange"],"fullName":"arrange does not depend on the order the author dropped things","status":"passed","title":"does not depend on the order the author dropped things","duration":0.4030999999959022,"failureMessages":[],"meta":{},"tags":[]},{"ancestorTitles":["arrange"],"fullName":"arrange puts tables down the left and each chain to the right of its table","status":"passed","title":"puts tables down the left and each chain to the right of its table","duration":0.6239999999961583,"failureMessages":[],"meta":{},"tags":[]},{"ancestorTitles":["arrange"],"fullName":"arrange parks a block that hangs from nothing below everything, not behind it","status":"passed","title":"parks a block that hangs from nothing below everything, not behind it","duration":0.46799999999348074,"failureMessages":[],"meta":{},"tags":[]}],"startTime":1785944838126,"endTime":1785944838165.468,"status":"passed","message":"","name":"C:/Workspace/PlantProcess-IQ/Frontend/PlantProcess.Web/src/authoring/graphSemantics.test.ts"},{"assertionResults":[{"ancestorTitles":["T-033: the interface operator lists equal the server whitelist"],"fullName":"T-033: the interface operator lists equal the server whitelist filter operators match BuildSafeSelect's FilterOps, in order","status":"passed","title":"filter operators match BuildSafeSelect's FilterOps, in order","duration":5.399300000004587,"failureMessages":[],"meta":{},"tags":[]},{"ancestorTitles":["T-033: the interface operator lists equal the server whitelist"],"fullName":"T-033: the interface operator lists equal the server whitelist derived-column operators match BuildSafeSelect's MathOps, in order","status":"passed","title":"derived-column operators match BuildSafeSelect's MathOps, in order","duration":0.7939000000042142,"failureMessages":[],"meta":{},"tags":[]},{"ancestorTitles":["T-033: the interface operator lists equal the server whitelist"],"fullName":"T-033: the interface operator lists equal the server whitelist the unary operators are the two the server emits without a bound value","status":"passed","title":"the unary operators are the two the server emits without a bound value","duration":1.3502999999909662,"failureMessages":[],"meta":{},"tags":[]},{"ancestorTitles":["T-033: the interface operator lists equal the server whitelist"],"fullName":"T-033: the interface operator lists equal the server whitelist every interface operator is one the server would accept","status":"passed","title":"every interface operator is one the server would accept","duration":3.1820000000006985,"failureMessages":[],"meta":{},"tags":[]}],"startTime":1785944859419,"endTime":1785944859430.182,"status":"passed","message":"","name":"C:/Workspace/PlantProcess-IQ/Frontend/PlantProcess.Web/src/authoring/operatorContract.test.ts"},{"assertionResults":[{"ancestorTitles":["a valid preview"],"fullName":"a valid preview is a Success carrying the row count, the columns and the estimate","status":"passed","title":"is a Success carrying the row count, the columns and the estimate","duration":3.7171999999991385,"failureMessages":[],"meta":{},"tags":[]},{"ancestorTitles":["a valid preview"],"fullName":"a valid preview says the preview stopped at its limit instead of calling the cap a total","status":"passed","title":"says the preview stopped at its limit instead of calling the cap a total","duration":0.6585000000050059,"failureMessages":[],"meta":{},"tags":[]},{"ancestorTitles":["a valid preview"],"fullName":"a valid preview states only the numbers it was given","status":"passed","title":"states only the numbers it was given","duration":0.8035999999992782,"failureMessages":[],"meta":{},"tags":[]},{"ancestorTitles":["a valid preview"],"fullName":"a valid preview calls the estimate an estimate, never a runtime and never a cost in money","status":"passed","title":"calls the estimate an estimate, never a runtime and never a cost in money","duration":0.43819999998959247,"failureMessages":[],"meta":{},"tags":[]},{"ancestorTitles":["a preview that returns nothing"],"fullName":"a preview that returns nothing is a Warning, in the agreed wording","status":"passed","title":"is a Warning, in the agreed wording","duration":0.5433999999950174,"failureMessages":[],"meta":{},"tags":[]},{"ancestorTitles":["a preview that returns nothing"],"fullName":"a preview that returns nothing does not claim a cause the server cannot see","status":"passed","title":"does not claim a cause the server cannot see","duration":0.45400000001245644,"failureMessages":[],"meta":{},"tags":[]},{"ancestorTitles":["a rejected operator"],"fullName":"a rejected operator is an Error and the operator survives into the entry","status":"passed","title":"is an Error and the operator survives into the entry","duration":0.4517000000050757,"failureMessages":[],"meta":{},"tags":[]},{"ancestorTitles":["a rejected operator"],"fullName":"a rejected operator says so plainly when a refusal arrives with no reason","status":"passed","title":"says so plainly when a refusal arrives with no reason","duration":0.27329999998619314,"failureMessages":[],"meta":{},"tags":[]},{"ancestorTitles":["nothing an engineer cannot act on"],"fullName":"nothing an engineer cannot act on reads nothing at all from a thrown value","status":"passed","title":"reads nothing at all from a thrown value","duration":0.8744999999908032,"failureMessages":[],"meta":{},"tags":[]},{"ancestorTitles":["nothing an engineer cannot act on"],"fullName":"nothing an engineer cannot act on gives every other action the same guarantee","status":"passed","title":"gives every other action the same guarantee","duration":0.46080000000074506,"failureMessages":[],"meta":{},"tags":[]},{"ancestorTitles":["nothing an engineer cannot act on"],"fullName":"nothing an engineer cannot act on uses none of the phrases the PPIQ-T09 contract forbids","status":"passed","title":"uses none of the phrases the PPIQ-T09 contract forbids","duration":0.467899999988731,"failureMessages":[],"meta":{},"tags":[]}],"startTime":1785944843997,"endTime":1785944844007.468,"status":"passed","message":"","name":"C:/Workspace/PlantProcess-IQ/Frontend/PlantProcess.Web/src/authoring/previewReport.test.ts"},{"assertionResults":[{"ancestorTitles":["wording for facts the catalogue may not have"],"fullName":"wording for facts the catalogue may not have states nullability beside the type when the server sent it","status":"passed","title":"states nullability beside the type when the server sent it","duration":5.498999999996158,"failureMessages":[],"meta":{},"tags":[]},{"ancestorTitles":["wording for facts the catalogue may not have"],"fullName":"wording for facts the catalogue may not have shows the type alone rather than inventing not null","status":"passed","title":"shows the type alone rather than inventing not null","duration":1.0063999999983935,"failureMessages":[],"meta":{},"tags":[]},{"ancestorTitles":["wording for facts the catalogue may not have"],"fullName":"wording for facts the catalogue may not have says a table was never analysed instead of calling it empty","status":"passed","title":"says a table was never analysed instead of calling it empty","duration":2.31699999999546,"failureMessages":[],"meta":{},"tags":[]},{"ancestorTitles":["search"],"fullName":"search narrows nothing and forces nothing open without a query","status":"passed","title":"narrows nothing and forces nothing open without a query","duration":3.6613999999972293,"failureMessages":[],"meta":{},"tags":[]},{"ancestorTitles":["search"],"fullName":"search keeps a whole schema when the schema name matches","status":"passed","title":"keeps a whole schema when the schema name matches","duration":1.2896999999938998,"failureMessages":[],"meta":{},"tags":[]},{"ancestorTitles":["search"],"fullName":"search keeps every column of a table whose NAME matched","status":"passed","title":"keeps every column of a table whose NAME matched","duration":0.7154999999911524,"failureMessages":[],"meta":{},"tags":[]},{"ancestorTitles":["search"],"fullName":"search narrows to the matching columns and opens ONLY the tables that hold them","status":"passed","title":"narrows to the matching columns and opens ONLY the tables that hold them","duration":1.4640999999974156,"failureMessages":[],"meta":{},"tags":[]},{"ancestorTitles":["search"],"fullName":"search does not force open a table that matched only by its own name","status":"passed","title":"does not force open a table that matched only by its own name","duration":0.8784000000014203,"failureMessages":[],"meta":{},"tags":[]},{"ancestorTitles":["search"],"fullName":"search is case insensitive and reports the schemas to unfold","status":"passed","title":"is case insensitive and reports the schemas to unfold","duration":1.2360000000044238,"failureMessages":[],"meta":{},"tags":[]},{"ancestorTitles":["search"],"fullName":"search returns nothing at all rather than everything when nothing matches","status":"passed","title":"returns nothing at all rather than everything when nothing matches","duration":0.4765999999945052,"failureMessages":[],"meta":{},"tags":[]},{"ancestorTitles":["multi-select"],"fullName":"multi-select adds, reports and removes without mutating what it was given","status":"passed","title":"adds, reports and removes without mutating what it was given","duration":0.8951999999990221,"failureMessages":[],"meta":{},"tags":[]},{"ancestorTitles":["multi-select"],"fullName":"multi-select drops a table from the selection rather than leaving it empty","status":"passed","title":"drops a table from the selection rather than leaving it empty","duration":0.25680000000284053,"failureMessages":[],"meta":{},"tags":[]},{"ancestorTitles":["multi-select"],"fullName":"multi-select keeps three columns of one table in the order they were chosen","status":"passed","title":"keeps three columns of one table in the order they were chosen","duration":0.3347000000067055,"failureMessages":[],"meta":{},"tags":[]},{"ancestorTitles":["multi-select"],"fullName":"multi-select says plainly that a drag carries one table when the selection spans two","status":"passed","title":"says plainly that a drag carries one table when the selection spans two","duration":0.6244999999908032,"failureMessages":[],"meta":{},"tags":[]},{"ancestorTitles":["multi-select"],"fullName":"multi-select names the single table and gets the singular right","status":"passed","title":"names the single table and gets the singular right","duration":0.41569999999774154,"failureMessages":[],"meta":{},"tags":[]},{"ancestorTitles":["drag payload"],"fullName":"drag payload round-trips a whole table and a set of attributes","status":"passed","title":"round-trips a whole table and a set of attributes","duration":0.5825000000040745,"failureMessages":[],"meta":{},"tags":[]},{"ancestorTitles":["drag payload"],"fullName":"drag payload fails closed on anything it did not write","status":"passed","title":"fails closed on anything it did not write","duration":1.0742000000027474,"failureMessages":[],"meta":{},"tags":[]},{"ancestorTitles":["drag payload"],"fullName":"drag payload resolves a drop against the catalogue and never invents the dataset","status":"passed","title":"resolves a drop against the catalogue and never invents the dataset","duration":0.694099999993341,"failureMessages":[],"meta":{},"tags":[]},{"ancestorTitles":["drag payload"],"fullName":"drag payload carries one MIME type both sides agree on","status":"passed","title":"carries one MIME type both sides agree on","duration":0.22370000000228174,"failureMessages":[],"meta":{},"tags":[]}],"startTime":1785944874671,"endTime":1785944874697.2236,"status":"passed","message":"","name":"C:/Workspace/PlantProcess-IQ/Frontend/PlantProcess.Web/src/authoring/schemaTreeModel.test.ts"},{"assertionResults":[{"ancestorTitles":["T-032 part A: one authoring shell, no second authoring page"],"fullName":"T-032 part A: one authoring shell, no second authoring page the shell exists and is the only module exporting SharedAuthoringShell","status":"passed","title":"the shell exists and is the only module exporting SharedAuthoringShell","duration":2339.316200000001,"failureMessages":[],"meta":{},"tags":[]},{"ancestorTitles":["T-032 part A: one authoring shell, no second authoring page"],"fullName":"T-032 part A: one authoring shell, no second authoring page no page component owns an authoring board except those a later task converges","status":"passed","title":"no page component owns an authoring board except those a later task converges","duration":94.89760000000024,"failureMessages":[],"meta":{},"tags":[]},{"ancestorTitles":["T-032 part A: one authoring shell, no second authoring page"],"fullName":"T-032 part A: one authoring shell, no second authoring page the pending-convergence list is self-cleaning","status":"passed","title":"the pending-convergence list is self-cleaning","duration":9.238900000000285,"failureMessages":[],"meta":{},"tags":[]},{"ancestorTitles":["T-032 part A: one authoring shell, no second authoring page"],"fullName":"T-032 part A: one authoring shell, no second authoring page the retired S1 page is gone from the tree, not merely unrouted","status":"passed","title":"the retired S1 page is gone from the tree, not merely unrouted","duration":8.861699999997654,"failureMessages":[],"meta":{},"tags":[]},{"ancestorTitles":["T-032 part A: one authoring shell, no second authoring page"],"fullName":"T-032 part A: one authoring shell, no second authoring page the application routes the authoring surface to the shell","status":"passed","title":"the application routes the authoring surface to the shell","duration":4.138699999999517,"failureMessages":[],"meta":{},"tags":[]},{"ancestorTitles":["T-032 part A: one authoring shell, no second authoring page"],"fullName":"T-032 part A: one authoring shell, no second authoring page the purpose registry carries all five purposes of section 5.2.1","status":"passed","title":"the purpose registry carries all five purposes of section 5.2.1","duration":2.26680000000124,"failureMessages":[],"meta":{},"tags":[]},{"ancestorTitles":["T-032 part A: one authoring shell, no second authoring page"],"fullName":"T-032 part A: one authoring shell, no second authoring page the shell hardcodes no plant vocabulary","status":"passed","title":"the shell hardcodes no plant vocabulary","duration":16.077900000000227,"failureMessages":[],"meta":{},"tags":[]},{"ancestorTitles":["T-032 part B: the four regions render in every mode"],"fullName":"T-032 part B: the four regions render in every mode S1 renders mode bar, schema tree, board, toolbox and debug log","status":"passed","title":"S1 renders mode bar, schema tree, board, toolbox and debug log","duration":264.3006999999998,"failureMessages":[],"meta":{},"tags":[]},{"ancestorTitles":["T-032 part B: the four regions render in every mode"],"fullName":"T-032 part B: the four regions render in every mode S2 renders the same four regions with its own palette","status":"passed","title":"S2 renders the same four regions with its own palette","duration":68.89789999999994,"failureMessages":[],"meta":{},"tags":[]},{"ancestorTitles":["T-032 part B: the four regions render in every mode"],"fullName":"T-032 part B: the four regions render in every mode SQL mode hides the toolbox entirely rather than disabling it","status":"passed","title":"SQL mode hides the toolbox entirely rather than disabling it","duration":3694.9279000000024,"failureMessages":[],"meta":{},"tags":[]},{"ancestorTitles":["T-032 part B: the four regions render in every mode"],"fullName":"T-032 part B: the four regions render in every mode S1 enables exactly the three relational blocks the board implements","status":"passed","title":"S1 enables exactly the three relational blocks the board implements","duration":2792.7818000000007,"failureMessages":[],"meta":{},"tags":[]},{"ancestorTitles":["T-032 part B: the four regions render in every mode"],"fullName":"T-032 part B: the four regions render in every mode the board actions are visible affordances, not key bindings only","status":"passed","title":"the board actions are visible affordances, not key bindings only","duration":2516.405399999996,"failureMessages":[],"meta":{},"tags":[]},{"ancestorTitles":["T-032 part B: the four regions render in every mode"],"fullName":"T-032 part B: the four regions render in every mode Run is refused while the validity indicator reads Invalid","status":"passed","title":"Run is refused while the validity indicator reads Invalid","duration":2229.061099999999,"failureMessages":[],"meta":{},"tags":[]}],"startTime":1785944770314,"endTime":1785944784358.061,"status":"passed","message":"","name":"C:/Workspace/PlantProcess-IQ/Frontend/PlantProcess.Web/src/authoring/sharedAuthoringShell.test.tsx"},{"assertionResults":[{"ancestorTitles":["the invariant"],"fullName":"the invariant gives back exactly what it was given","status":"passed","title":"gives back exactly what it was given","duration":8.109899999995832,"failureMessages":[],"meta":{},"tags":[]},{"ancestorTitles":["the invariant"],"fullName":"the invariant covers every character exactly once","status":"passed","title":"covers every character exactly once","duration":1.299799999993411,"failureMessages":[],"meta":{},"tags":[]},{"ancestorTitles":["what it distinguishes"],"fullName":"what it distinguishes marks keywords whatever their case","status":"passed","title":"marks keywords whatever their case","duration":2.1600999999936903,"failureMessages":[],"meta":{},"tags":[]},{"ancestorTitles":["what it distinguishes"],"fullName":"what it distinguishes leaves a keyword inside a string or a comment alone","status":"passed","title":"leaves a keyword inside a string or a comment alone","duration":0.8500999999960186,"failureMessages":[],"meta":{},"tags":[]},{"ancestorTitles":["what it distinguishes"],"fullName":"what it distinguishes does not split a word that merely contains a keyword","status":"passed","title":"does not split a word that merely contains a keyword","duration":1.1695999999938067,"failureMessages":[],"meta":{},"tags":[]},{"ancestorTitles":["what it distinguishes"],"fullName":"what it distinguishes marks quoted identifiers, numbers and strings apart","status":"passed","title":"marks quoted identifiers, numbers and strings apart","duration":0.5832000000082189,"failureMessages":[],"meta":{},"tags":[]},{"ancestorTitles":["what it distinguishes"],"fullName":"what it distinguishes says nothing about whether the statement is allowed to run","status":"failed","title":"says nothing about whether the statement is allowed to run","duration":9.858600000006845,"failureMessages":["AssertionError: expected false to be true // Object.is equality\n    at C:/Workspace/PlantProcess-IQ/Frontend/PlantProcess.Web/src/authoring/sqlHighlight.test.tsx:72:53\n    at file:///C:/Workspace/PlantProcess-IQ/Frontend/PlantProcess.Web/node_modules/@vitest/runner/dist/chunk-artifact.js:302:11\n    at file:///C:/Workspace/PlantProcess-IQ/Frontend/PlantProcess.Web/node_modules/@vitest/runner/dist/chunk-artifact.js:1903:26\n    at file:///C:/Workspace/PlantProcess-IQ/Frontend/PlantProcess.Web/node_modules/@vitest/runner/dist/chunk-artifact.js:2326:20\n    at new Promise (<anonymous>)\n    at runWithCancel (file:///C:/Workspace/PlantProcess-IQ/Frontend/PlantProcess.Web/node_modules/@vitest/runner/dist/chunk-artifact.js:2323:10)\n    at file:///C:/Workspace/PlantProcess-IQ/Frontend/PlantProcess.Web/node_modules/@vitest/runner/dist/chunk-artifact.js:2305:20\n    at new Promise (<anonymous>)\n    at runWithTimeout (file:///C:/Workspace/PlantProcess-IQ/Frontend/PlantProcess.Web/node_modules/@vitest/runner/dist/chunk-artifact.js:2272:10)\n    at file:///C:/Workspace/PlantProcess-IQ/Frontend/PlantProcess.Web/node_modules/@vitest/runner/dist/chunk-artifact.js:2955:64"],"meta":{},"tags":[]},{"ancestorTitles":["the rendering"],"fullName":"the rendering shows the statement unchanged and marks its syntax","status":"passed","title":"shows the statement unchanged and marks its syntax","duration":78.12840000000142,"failureMessages":[],"meta":{},"tags":[]},{"ancestorTitles":["the rendering"],"fullName":"the rendering hides the copy that sits behind the editor from assistive technology","status":"passed","title":"hides the copy that sits behind the editor from assistive technology","duration":13.423899999994319,"failureMessages":[],"meta":{},"tags":[]}],"startTime":1785944850545,"endTime":1785944850661.4238,"status":"failed","message":"","name":"C:/Workspace/PlantProcess-IQ/Frontend/PlantProcess.Web/src/authoring/sqlHighlight.test.tsx"},{"assertionResults":[{"ancestorTitles":["reconstructability, which fails closed"],"fullName":"reconstructability, which fails closed proves the untouched case","status":"passed","title":"proves the untouched case","duration":4.003100000001723,"failureMessages":[],"meta":{},"tags":[]},{"ancestorTitles":["reconstructability, which fails closed"],"fullName":"reconstructability, which fails closed forgives only line endings and outer whitespace","status":"passed","title":"forgives only line endings and outer whitespace","duration":1.0801999999966938,"failureMessages":[],"meta":{},"tags":[]},{"ancestorTitles":["reconstructability, which fails closed"],"fullName":"reconstructability, which fails closed refuses a reformat rather than claiming to understand it","status":"passed","title":"refuses a reformat rather than claiming to understand it","duration":0.8892999999952735,"failureMessages":[],"meta":{},"tags":[]},{"ancestorTitles":["reconstructability, which fails closed"],"fullName":"reconstructability, which fails closed refuses a case change, because it has no parser to say that is safe","status":"passed","title":"refuses a case change, because it has no parser to say that is safe","duration":0.6350999999995111,"failureMessages":[],"meta":{},"tags":[]},{"ancestorTitles":["reconstructability, which fails closed"],"fullName":"reconstructability, which fails closed refuses an edit","status":"passed","title":"refuses an edit","duration":0.33980000000155997,"failureMessages":[],"meta":{},"tags":[]},{"ancestorTitles":["reconstructability, which fails closed"],"fullName":"reconstructability, which fails closed refuses when there is no recorded origin at all","status":"passed","title":"refuses when there is no recorded origin at all","duration":0.508399999991525,"failureMessages":[],"meta":{},"tags":[]},{"ancestorTitles":["reconstructability, which fails closed"],"fullName":"reconstructability, which fails closed warns in words that name the reason and the consequence","status":"passed","title":"warns in words that name the reason and the consequence","duration":0.8718000000080792,"failureMessages":[],"meta":{},"tags":[]},{"ancestorTitles":["completions, drawn from the live catalogue"],"fullName":"completions, drawn from the live catalogue reads the word under the caret","status":"passed","title":"reads the word under the caret","duration":1.900099999998929,"failureMessages":[],"meta":{},"tags":[]},{"ancestorTitles":["completions, drawn from the live catalogue"],"fullName":"completions, drawn from the live catalogue offers only that table's columns after a qualifier","status":"passed","title":"offers only that table's columns after a qualifier","duration":1.2059000000008382,"failureMessages":[],"meta":{},"tags":[]},{"ancestorTitles":["completions, drawn from the live catalogue"],"fullName":"completions, drawn from the live catalogue offers schemas, tables and columns unqualified, and says where each came from","status":"passed","title":"offers schemas, tables and columns unqualified, and says where each came from","duration":1.058499999999185,"failureMessages":[],"meta":{},"tags":[]},{"ancestorTitles":["completions, drawn from the live catalogue"],"fullName":"completions, drawn from the live catalogue returns nothing rather than everything when nothing matches","status":"passed","title":"returns nothing rather than everything when nothing matches","duration":0.6873999999952503,"failureMessages":[],"meta":{},"tags":[]},{"ancestorTitles":["completions, drawn from the live catalogue"],"fullName":"completions, drawn from the live catalogue is bounded, so a wide catalogue cannot flood the editor","status":"passed","title":"is bounded, so a wide catalogue cannot flood the editor","duration":0.4688999999925727,"failureMessages":[],"meta":{},"tags":[]},{"ancestorTitles":["the Run Test column report"],"fullName":"the Run Test column report pairs each column with the type the server measured","status":"passed","title":"pairs each column with the type the server measured","duration":0.5579999999899883,"failureMessages":[],"meta":{},"tags":[]},{"ancestorTitles":["the Run Test column report"],"fullName":"the Run Test column report admits an absent type instead of inferring one from the sample","status":"passed","title":"admits an absent type instead of inferring one from the sample","duration":0.3720000000030268,"failureMessages":[],"meta":{},"tags":[]},{"ancestorTitles":["the Run Test column report"],"fullName":"the Run Test column report skips empty cells to find a representative sample","status":"passed","title":"skips empty cells to find a representative sample","duration":0.37010000000009313,"failureMessages":[],"meta":{},"tags":[]},{"ancestorTitles":["the Run Test column report"],"fullName":"the Run Test column report says so when there is nothing to sample","status":"passed","title":"says so when there is nothing to sample","duration":0.3766999999934342,"failureMessages":[],"meta":{},"tags":[]},{"ancestorTitles":["the Run Test column report"],"fullName":"the Run Test column report truncates a long value rather than filling the panel with it","status":"passed","title":"truncates a long value rather than filling the panel with it","duration":0.28299999999580905,"failureMessages":[],"meta":{},"tags":[]}],"startTime":1785944868066,"endTime":1785944868083.283,"status":"passed","message":"","name":"C:/Workspace/PlantProcess-IQ/Frontend/PlantProcess.Web/src/authoring/sqlModeModel.test.ts"},{"assertionResults":[{"ancestorTitles":["section 5.2.12, the toolbox in SQL mode"],"fullName":"section 5.2.12, the toolbox in SQL mode is present in Block mode and GONE in SQL mode, not merely disabled","status":"passed","title":"is present in Block mode and GONE in SQL mode, not merely disabled","duration":4011.5060999999987,"failureMessages":[],"meta":{},"tags":[]},{"ancestorTitles":["section 5.2.12, the toolbox in SQL mode"],"fullName":"section 5.2.12, the toolbox in SQL mode keeps the schema tree in SQL mode, which the shell contract requires","status":"passed","title":"keeps the schema tree in SQL mode, which the shell contract requires","duration":2306.4513000000006,"failureMessages":[],"meta":{},"tags":[]},{"ancestorTitles":["section 5.2.12, the toolbox in SQL mode"],"fullName":"section 5.2.12, the toolbox in SQL mode returns to the board without a prompt when nothing was ever authored","status":"passed","title":"returns to the board without a prompt when nothing was ever authored","duration":3109.074999999997,"failureMessages":[],"meta":{},"tags":[]}],"startTime":1785944800376,"endTime":1785944809803.075,"status":"passed","message":"","name":"C:/Workspace/PlantProcess-IQ/Frontend/PlantProcess.Web/src/authoring/sqlModeShell.test.tsx"}]}