{"numTotalTestSuites":40,"numPassedTestSuites":40,"numFailedTestSuites":0,"numPendingTestSuites":0,"numTotalTests":129,"numPassedTests":129,"numFailedTests":0,"numPendingTests":0,"numTodoTests":0,"snapshot":{"added":0,"failure":false,"filesAdded":0,"filesRemoved":0,"filesRemovedList":[],"filesUnmatched":0,"filesUpdated":0,"matched":0,"total":0,"unchecked":0,"uncheckedKeysByFile":[],"unmatched":0,"updated":0,"didUpdate":false},"startTime":1785944267213,"success":true,"testResults":[{"assertionResults":[{"ancestorTitles":["what the tree shows"],"fullName":"what the tree shows puts nullability beside the type","status":"passed","title":"puts nullability beside the type","duration":117.07889999999315,"failureMessages":[],"meta":{},"tags":[]},{"ancestorTitles":["what the tree shows"],"fullName":"what the tree shows shows an approximate row count, and says when there is none","status":"passed","title":"shows an approximate row count, and says when there is none","duration":19.888599999998405,"failureMessages":[],"meta":{},"tags":[]},{"ancestorTitles":["what the tree shows"],"fullName":"what the tree shows says nothing matched instead of showing an empty panel","status":"passed","title":"says nothing matched instead of showing an empty panel","duration":9.838299999995797,"failureMessages":[],"meta":{},"tags":[]},{"ancestorTitles":["search"],"fullName":"search narrows to the matching column and unfolds only the table holding it","status":"passed","title":"narrows to the matching column and unfolds only the table holding it","duration":13.133099999999104,"failureMessages":[],"meta":{},"tags":[]},{"ancestorTitles":["search"],"fullName":"search reports every keystroke to the surface that owns the query","status":"passed","title":"reports every keystroke to the surface that owns the query","duration":489.4282999999996,"failureMessages":[],"meta":{},"tags":[]},{"ancestorTitles":["multi-select"],"fullName":"multi-select marks a chosen column and reports a click to the surface","status":"passed","title":"marks a chosen column and reports a click to the surface","duration":222.10299999999552,"failureMessages":[],"meta":{},"tags":[]},{"ancestorTitles":["multi-select"],"fullName":"multi-select states the selection, including that a drag carries one table","status":"passed","title":"states the selection, including that a drag carries one table","duration":17.962399999996705,"failureMessages":[],"meta":{},"tags":[]},{"ancestorTitles":["drag"],"fullName":"drag a table row with nothing picked carries the whole table","status":"passed","title":"a table row with nothing picked carries the whole table","duration":19.424299999998766,"failureMessages":[],"meta":{},"tags":[]},{"ancestorTitles":["drag"],"fullName":"drag a table row with picked columns carries them as selection metadata","status":"passed","title":"a table row with picked columns carries them as selection metadata","duration":20.197000000000116,"failureMessages":[],"meta":{},"tags":[]},{"ancestorTitles":["drag"],"fullName":"drag an unpicked attribute carries only itself","status":"passed","title":"an unpicked attribute carries only itself","duration":17.311399999998685,"failureMessages":[],"meta":{},"tags":[]},{"ancestorTitles":["drag"],"fullName":"drag a picked attribute carries the whole selection of its table","status":"passed","title":"a picked attribute carries the whole selection of its table","duration":14.532200000001467,"failureMessages":[],"meta":{},"tags":[]},{"ancestorTitles":["drag"],"fullName":"drag a double-click still puts the table on the board, with what was picked","status":"passed","title":"a double-click still puts the table on the board, with what was picked","duration":194.3541000000041,"failureMessages":[],"meta":{},"tags":[]}],"startTime":1785944318040,"endTime":1785944319198.354,"status":"passed","message":"","name":"C:/Workspace/PlantProcess-IQ/Frontend/PlantProcess.Web/src/authoring/authoringSchemaTree.test.tsx"},{"assertionResults":[{"ancestorTitles":["filter node"],"fullName":"filter node offers the server whitelist and nothing else","status":"passed","title":"offers the server whitelist and nothing else","duration":96.16919999999664,"failureMessages":[],"meta":{},"tags":[]},{"ancestorTitles":["filter node"],"fullName":"filter node feeds the column dropdown from the upstream lineage, never free text","status":"passed","title":"feeds the column dropdown from the upstream lineage, never free text","duration":12.72439999999915,"failureMessages":[],"meta":{},"tags":[]},{"ancestorTitles":["filter node"],"fullName":"filter node lists a derived field truthfully and refuses to let it be chosen","status":"passed","title":"lists a derived field truthfully and refuses to let it be chosen","duration":13.120699999999488,"failureMessages":[],"meta":{},"tags":[]},{"ancestorTitles":["filter node"],"fullName":"filter node removes the value field for a unary operator rather than disabling it","status":"passed","title":"removes the value field for a unary operator rather than disabling it","duration":22.89940000000206,"failureMessages":[],"meta":{},"tags":[]},{"ancestorTitles":["filter node"],"fullName":"filter node shows the status badge and the sentence on the node itself","status":"passed","title":"shows the status badge and the sentence on the node itself","duration":18.995600000002014,"failureMessages":[],"meta":{},"tags":[]},{"ancestorTitles":["filter node"],"fullName":"filter node reports every edit to the board, which owns the state","status":"passed","title":"reports every edit to the board, which owns the state","duration":474.37740000000485,"failureMessages":[],"meta":{},"tags":[]},{"ancestorTitles":["derived node"],"fullName":"derived node offers only the four arithmetic operators the server compiles","status":"passed","title":"offers only the four arithmetic operators the server compiles","duration":10.8408999999956,"failureMessages":[],"meta":{},"tags":[]},{"ancestorTitles":["derived node"],"fullName":"derived node shows a number field only while no second column is chosen","status":"passed","title":"shows a number field only while no second column is chosen","duration":16.906699999999546,"failureMessages":[],"meta":{},"tags":[]},{"ancestorTitles":["select node"],"fullName":"select node renders one toggle per upstream field and marks the chosen ones","status":"passed","title":"renders one toggle per upstream field and marks the chosen ones","duration":233.7580999999991,"failureMessages":[],"meta":{},"tags":[]},{"ancestorTitles":["select node"],"fullName":"select node says what to do when nothing is upstream, instead of showing an empty box","status":"passed","title":"says what to do when nothing is upstream, instead of showing an empty box","duration":6.96650000000227,"failureMessages":[],"meta":{},"tags":[]},{"ancestorTitles":["select node"],"fullName":"select node reports a toggle to the board","status":"passed","title":"reports a toggle to the board","duration":206.27509999999893,"failureMessages":[],"meta":{},"tags":[]},{"ancestorTitles":["ports, which the Handle mock cannot show"],"fullName":"ports, which the Handle mock cannot show every block declares one flow input and one flow output from the shared vocabulary","status":"passed","title":"every block declares one flow input and one flow output from the shared vocabulary","duration":1.7406999999948312,"failureMessages":[],"meta":{},"tags":[]},{"ancestorTitles":["ports, which the Handle mock cannot show"],"fullName":"ports, which the Handle mock cannot show declares no handle with a literal string, which would drift from the semantics","status":"passed","title":"declares no handle with a literal string, which would drift from the semantics","duration":0.48849999999947613,"failureMessages":[],"meta":{},"tags":[]}],"startTime":1785944306265,"endTime":1785944307382.7407,"status":"passed","message":"","name":"C:/Workspace/PlantProcess-IQ/Frontend/PlantProcess.Web/src/authoring/blockNodes.test.tsx"},{"assertionResults":[{"ancestorTitles":["field references"],"fullName":"field references splits on the first dot and refuses a malformed reference","status":"passed","title":"splits on the first dot and refuses a malformed reference","duration":8.334199999997509,"failureMessages":[],"meta":{},"tags":[]},{"ancestorTitles":["join lineage"],"fullName":"join lineage a joined cluster exposes every origin table explicitly","status":"passed","title":"a joined cluster exposes every origin table explicitly","duration":7.586699999999837,"failureMessages":[],"meta":{},"tags":[]},{"ancestorTitles":["join lineage"],"fullName":"join lineage a field that is not in the upstream output invalidates the block","status":"passed","title":"a field that is not in the upstream output invalidates the block","duration":8.408100000000559,"failureMessages":[],"meta":{},"tags":[]},{"ancestorTitles":["join lineage"],"fullName":"join lineage a block wired to nothing is refused, and the sentence says what to do","status":"passed","title":"a block wired to nothing is refused, and the sentence says what to do","duration":1.58980000000156,"failureMessages":[],"meta":{},"tags":[]},{"ancestorTitles":["filter block"],"fullName":"filter block refuses an operator outside the server whitelist","status":"passed","title":"refuses an operator outside the server whitelist","duration":1.3496000000013737,"failureMessages":[],"meta":{},"tags":[]},{"ancestorTitles":["filter block"],"fullName":"filter block requires a value for a binary operator and none for a unary one","status":"passed","title":"requires a value for a binary operator and none for a unary one","duration":1.0898999999990338,"failureMessages":[],"meta":{},"tags":[]},{"ancestorTitles":["filter block"],"fullName":"filter block serialises a unary filter with a null value","status":"passed","title":"serialises a unary filter with a null value","duration":2.0569000000032247,"failureMessages":[],"meta":{},"tags":[]},{"ancestorTitles":["derived block"],"fullName":"derived block refuses an alias that Ident would refuse on the server","status":"passed","title":"refuses an alias that Ident would refuse on the server","duration":1.1022999999986496,"failureMessages":[],"meta":{},"tags":[]},{"ancestorTitles":["derived block"],"fullName":"derived block needs a second column or a numeric constant","status":"passed","title":"needs a second column or a numeric constant","duration":1.7788999999975204,"failureMessages":[],"meta":{},"tags":[]},{"ancestorTitles":["derived block"],"fullName":"derived block always states the right-hand table rather than relying on the server fallback","status":"passed","title":"always states the right-hand table rather than relying on the server fallback","duration":1.5007000000041444,"failureMessages":[],"meta":{},"tags":[]},{"ancestorTitles":["derived block"],"fullName":"derived block publishes its alias into the downstream schema, with no physical lineage","status":"passed","title":"publishes its alias into the downstream schema, with no physical lineage","duration":1.6322000000000116,"failureMessages":[],"meta":{},"tags":[]},{"ancestorTitles":["derived block"],"fullName":"derived block refuses a downstream block that addresses the alias, by name, rather than hiding it","status":"passed","title":"refuses a downstream block that addresses the alias, by name, rather than hiding it","duration":2.5987000000022817,"failureMessages":[],"meta":{},"tags":[]},{"ancestorTitles":["derived block"],"fullName":"derived block survives a Select below it, because the server appends it after the projection","status":"passed","title":"survives a Select below it, because the server appends it after the projection","duration":0.9608999999982188,"failureMessages":[],"meta":{},"tags":[]},{"ancestorTitles":["select block"],"fullName":"select block an empty Select block is refused with the same sentence the server uses","status":"passed","title":"an empty Select block is refused with the same sentence the server uses","duration":0.43699999999807915,"failureMessages":[],"meta":{},"tags":[]},{"ancestorTitles":["select block"],"fullName":"select block narrows what a downstream block can see","status":"passed","title":"narrows what a downstream block can see","duration":0.5716000000029453,"failureMessages":[],"meta":{},"tags":[]},{"ancestorTitles":["select block"],"fullName":"select block no Select block leaves selects undefined, which keeps SELECT * on the server","status":"passed","title":"no Select block leaves selects undefined, which keeps SELECT * on the server","duration":0.5218999999997322,"failureMessages":[],"meta":{},"tags":[]},{"ancestorTitles":["select block"],"fullName":"select block the last Select in the chain is the projection","status":"passed","title":"the last Select in the chain is the projection","duration":1.6059999999997672,"failureMessages":[],"meta":{},"tags":[]},{"ancestorTitles":["ordering and refusal"],"fullName":"ordering and refusal applies blocks in chain order, not in node order","status":"passed","title":"applies blocks in chain order, not in node order","duration":1.5293999999994412,"failureMessages":[],"meta":{},"tags":[]},{"ancestorTitles":["ordering and refusal"],"fullName":"ordering and refusal a flow loop terminates the walk instead of spinning","status":"passed","title":"a flow loop terminates the walk instead of spinning","duration":0.6459000000031665,"failureMessages":[],"meta":{},"tags":[]},{"ancestorTitles":["ordering and refusal"],"fullName":"ordering and refusal an unjoined second table is reported, and serialisation refuses","status":"passed","title":"an unjoined second table is reported, and serialisation refuses","duration":1.0144000000000233,"failureMessages":[],"meta":{},"tags":[]},{"ancestorTitles":["ordering and refusal"],"fullName":"ordering and refusal a detached block never reaches the server","status":"passed","title":"a detached block never reaches the server","duration":0.9222000000008848,"failureMessages":[],"meta":{},"tags":[]},{"ancestorTitles":["wiring refusal, the enumerated set of section 5.2.7"],"fullName":"wiring refusal, the enumerated set of section 5.2.7 accepts a legal key-to-key join and a legal dataset wire","status":"passed","title":"accepts a legal key-to-key join and a legal dataset wire","duration":2.022799999998824,"failureMessages":[],"meta":{},"tags":[]},{"ancestorTitles":["wiring refusal, the enumerated set of section 5.2.7"],"fullName":"wiring refusal, the enumerated set of section 5.2.7 refuses a wire that does not land on a port","status":"passed","title":"refuses a wire that does not land on a port","duration":0.48030000000289874,"failureMessages":[],"meta":{},"tags":[]},{"ancestorTitles":["wiring refusal, the enumerated set of section 5.2.7"],"fullName":"wiring refusal, the enumerated set of section 5.2.7 refuses a block wired to itself","status":"passed","title":"refuses a block wired to itself","duration":0.7297000000035041,"failureMessages":[],"meta":{},"tags":[]},{"ancestorTitles":["wiring refusal, the enumerated set of section 5.2.7"],"fullName":"wiring refusal, the enumerated set of section 5.2.7 refuses rows into a column port, and says which end carries what","status":"passed","title":"refuses rows into a column port, and says which end carries what","duration":0.5952000000033877,"failureMessages":[],"meta":{},"tags":[]},{"ancestorTitles":["wiring refusal, the enumerated set of section 5.2.7"],"fullName":"wiring refusal, the enumerated set of section 5.2.7 refuses the same wire twice, in either orientation","status":"passed","title":"refuses the same wire twice, in either orientation","duration":0.5366999999969266,"failureMessages":[],"meta":{},"tags":[]},{"ancestorTitles":["wiring refusal, the enumerated set of section 5.2.7"],"fullName":"wiring refusal, the enumerated set of section 5.2.7 refuses a join between a table and a block, and points at the dataset port","status":"passed","title":"refuses a join between a table and a block, and points at the dataset port","duration":0.4143000000040047,"failureMessages":[],"meta":{},"tags":[]},{"ancestorTitles":["wiring refusal, the enumerated set of section 5.2.7"],"fullName":"wiring refusal, the enumerated set of section 5.2.7 refuses a type mismatch and names both types","status":"passed","title":"refuses a type mismatch and names both types","duration":1.429100000001199,"failureMessages":[],"meta":{},"tags":[]},{"ancestorTitles":["wiring refusal, the enumerated set of section 5.2.7"],"fullName":"wiring refusal, the enumerated set of section 5.2.7 refuses a join that closes a loop, regardless of the direction it was dragged","status":"passed","title":"refuses a join that closes a loop, regardless of the direction it was dragged","duration":0.9633999999932712,"failureMessages":[],"meta":{},"tags":[]},{"ancestorTitles":["wiring refusal, the enumerated set of section 5.2.7"],"fullName":"wiring refusal, the enumerated set of section 5.2.7 refuses a dataset wire into a table, because a table is a source","status":"passed","title":"refuses a dataset wire into a table, because a table is a source","duration":0.7818000000042957,"failureMessages":[],"meta":{},"tags":[]},{"ancestorTitles":["wiring refusal, the enumerated set of section 5.2.7"],"fullName":"wiring refusal, the enumerated set of section 5.2.7 refuses a second dataset input on one block","status":"passed","title":"refuses a second dataset input on one block","duration":0.7355999999999767,"failureMessages":[],"meta":{},"tags":[]},{"ancestorTitles":["wiring refusal, the enumerated set of section 5.2.7"],"fullName":"wiring refusal, the enumerated set of section 5.2.7 refuses a second chain from one block, because serialisation walks one","status":"passed","title":"refuses a second chain from one block, because serialisation walks one","duration":0.5625,"failureMessages":[],"meta":{},"tags":[]},{"ancestorTitles":["wiring refusal, the enumerated set of section 5.2.7"],"fullName":"wiring refusal, the enumerated set of section 5.2.7 refuses a dataset wire that closes a loop","status":"passed","title":"refuses a dataset wire that closes a loop","duration":0.3849000000045635,"failureMessages":[],"meta":{},"tags":[]},{"ancestorTitles":["arrange"],"fullName":"arrange is deterministic: the same board arranges to the same placements twice","status":"passed","title":"is deterministic: the same board arranges to the same placements twice","duration":0.9060000000026776,"failureMessages":[],"meta":{},"tags":[]},{"ancestorTitles":["arrange"],"fullName":"arrange does not depend on the order the author dropped things","status":"passed","title":"does not depend on the order the author dropped things","duration":0.8302000000039698,"failureMessages":[],"meta":{},"tags":[]},{"ancestorTitles":["arrange"],"fullName":"arrange puts tables down the left and each chain to the right of its table","status":"passed","title":"puts tables down the left and each chain to the right of its table","duration":0.7710999999981141,"failureMessages":[],"meta":{},"tags":[]},{"ancestorTitles":["arrange"],"fullName":"arrange parks a block that hangs from nothing below everything, not behind it","status":"passed","title":"parks a block that hangs from nothing below everything, not behind it","duration":0.7418000000034226,"failureMessages":[],"meta":{},"tags":[]}],"startTime":1785944329208,"endTime":1785944329271.7417,"status":"passed","message":"","name":"C:/Workspace/PlantProcess-IQ/Frontend/PlantProcess.Web/src/authoring/graphSemantics.test.ts"},{"assertionResults":[{"ancestorTitles":["T-033: the interface operator lists equal the server whitelist"],"fullName":"T-033: the interface operator lists equal the server whitelist filter operators match BuildSafeSelect's FilterOps, in order","status":"passed","title":"filter operators match BuildSafeSelect's FilterOps, in order","duration":6.452000000004773,"failureMessages":[],"meta":{},"tags":[]},{"ancestorTitles":["T-033: the interface operator lists equal the server whitelist"],"fullName":"T-033: the interface operator lists equal the server whitelist derived-column operators match BuildSafeSelect's MathOps, in order","status":"passed","title":"derived-column operators match BuildSafeSelect's MathOps, in order","duration":1.3972000000067055,"failureMessages":[],"meta":{},"tags":[]},{"ancestorTitles":["T-033: the interface operator lists equal the server whitelist"],"fullName":"T-033: the interface operator lists equal the server whitelist the unary operators are the two the server emits without a bound value","status":"passed","title":"the unary operators are the two the server emits without a bound value","duration":2.025999999998021,"failureMessages":[],"meta":{},"tags":[]},{"ancestorTitles":["T-033: the interface operator lists equal the server whitelist"],"fullName":"T-033: the interface operator lists equal the server whitelist every interface operator is one the server would accept","status":"passed","title":"every interface operator is one the server would accept","duration":5.616499999989173,"failureMessages":[],"meta":{},"tags":[]}],"startTime":1785944366393,"endTime":1785944366409.6165,"status":"passed","message":"","name":"C:/Workspace/PlantProcess-IQ/Frontend/PlantProcess.Web/src/authoring/operatorContract.test.ts"},{"assertionResults":[{"ancestorTitles":["a valid preview"],"fullName":"a valid preview is a Success carrying the row count, the columns and the estimate","status":"passed","title":"is a Success carrying the row count, the columns and the estimate","duration":7.9156999999977415,"failureMessages":[],"meta":{},"tags":[]},{"ancestorTitles":["a valid preview"],"fullName":"a valid preview says the preview stopped at its limit instead of calling the cap a total","status":"passed","title":"says the preview stopped at its limit instead of calling the cap a total","duration":1.5016000000032363,"failureMessages":[],"meta":{},"tags":[]},{"ancestorTitles":["a valid preview"],"fullName":"a valid preview states only the numbers it was given","status":"passed","title":"states only the numbers it was given","duration":2.5926000000035856,"failureMessages":[],"meta":{},"tags":[]},{"ancestorTitles":["a valid preview"],"fullName":"a valid preview calls the estimate an estimate, never a runtime and never a cost in money","status":"passed","title":"calls the estimate an estimate, never a runtime and never a cost in money","duration":1.109599999996135,"failureMessages":[],"meta":{},"tags":[]},{"ancestorTitles":["a preview that returns nothing"],"fullName":"a preview that returns nothing is a Warning, in the agreed wording","status":"passed","title":"is a Warning, in the agreed wording","duration":1.3029999999998836,"failureMessages":[],"meta":{},"tags":[]},{"ancestorTitles":["a preview that returns nothing"],"fullName":"a preview that returns nothing does not claim a cause the server cannot see","status":"passed","title":"does not claim a cause the server cannot see","duration":0.890800000008312,"failureMessages":[],"meta":{},"tags":[]},{"ancestorTitles":["a rejected operator"],"fullName":"a rejected operator is an Error and the operator survives into the entry","status":"passed","title":"is an Error and the operator survives into the entry","duration":1.1261999999987893,"failureMessages":[],"meta":{},"tags":[]},{"ancestorTitles":["a rejected operator"],"fullName":"a rejected operator says so plainly when a refusal arrives with no reason","status":"passed","title":"says so plainly when a refusal arrives with no reason","duration":1.057199999995646,"failureMessages":[],"meta":{},"tags":[]},{"ancestorTitles":["nothing an engineer cannot act on"],"fullName":"nothing an engineer cannot act on reads nothing at all from a thrown value","status":"passed","title":"reads nothing at all from a thrown value","duration":2.2721999999921536,"failureMessages":[],"meta":{},"tags":[]},{"ancestorTitles":["nothing an engineer cannot act on"],"fullName":"nothing an engineer cannot act on gives every other action the same guarantee","status":"passed","title":"gives every other action the same guarantee","duration":1.4130999999906635,"failureMessages":[],"meta":{},"tags":[]},{"ancestorTitles":["nothing an engineer cannot act on"],"fullName":"nothing an engineer cannot act on uses none of the phrases the PPIQ-T09 contract forbids","status":"passed","title":"uses none of the phrases the PPIQ-T09 contract forbids","duration":0.821299999995972,"failureMessages":[],"meta":{},"tags":[]}],"startTime":1785944374235,"endTime":1785944374258.8213,"status":"passed","message":"","name":"C:/Workspace/PlantProcess-IQ/Frontend/PlantProcess.Web/src/authoring/previewReport.test.ts"},{"assertionResults":[{"ancestorTitles":["wording for facts the catalogue may not have"],"fullName":"wording for facts the catalogue may not have states nullability beside the type when the server sent it","status":"passed","title":"states nullability beside the type when the server sent it","duration":3.044399999998859,"failureMessages":[],"meta":{},"tags":[]},{"ancestorTitles":["wording for facts the catalogue may not have"],"fullName":"wording for facts the catalogue may not have shows the type alone rather than inventing not null","status":"passed","title":"shows the type alone rather than inventing not null","duration":0.6181000000069616,"failureMessages":[],"meta":{},"tags":[]},{"ancestorTitles":["wording for facts the catalogue may not have"],"fullName":"wording for facts the catalogue may not have says a table was never analysed instead of calling it empty","status":"passed","title":"says a table was never analysed instead of calling it empty","duration":0.9232000000047265,"failureMessages":[],"meta":{},"tags":[]},{"ancestorTitles":["search"],"fullName":"search narrows nothing and forces nothing open without a query","status":"passed","title":"narrows nothing and forces nothing open without a query","duration":1.9311999999918044,"failureMessages":[],"meta":{},"tags":[]},{"ancestorTitles":["search"],"fullName":"search keeps a whole schema when the schema name matches","status":"passed","title":"keeps a whole schema when the schema name matches","duration":0.7286999999923864,"failureMessages":[],"meta":{},"tags":[]},{"ancestorTitles":["search"],"fullName":"search keeps every column of a table whose NAME matched","status":"passed","title":"keeps every column of a table whose NAME matched","duration":0.5141999999905238,"failureMessages":[],"meta":{},"tags":[]},{"ancestorTitles":["search"],"fullName":"search narrows to the matching columns and opens ONLY the tables that hold them","status":"passed","title":"narrows to the matching columns and opens ONLY the tables that hold them","duration":1.017200000002049,"failureMessages":[],"meta":{},"tags":[]},{"ancestorTitles":["search"],"fullName":"search does not force open a table that matched only by its own name","status":"passed","title":"does not force open a table that matched only by its own name","duration":0.7070999999996275,"failureMessages":[],"meta":{},"tags":[]},{"ancestorTitles":["search"],"fullName":"search is case insensitive and reports the schemas to unfold","status":"passed","title":"is case insensitive and reports the schemas to unfold","duration":1.5820999999996275,"failureMessages":[],"meta":{},"tags":[]},{"ancestorTitles":["search"],"fullName":"search returns nothing at all rather than everything when nothing matches","status":"passed","title":"returns nothing at all rather than everything when nothing matches","duration":0.5702000000019325,"failureMessages":[],"meta":{},"tags":[]},{"ancestorTitles":["multi-select"],"fullName":"multi-select adds, reports and removes without mutating what it was given","status":"passed","title":"adds, reports and removes without mutating what it was given","duration":0.8689000000013039,"failureMessages":[],"meta":{},"tags":[]},{"ancestorTitles":["multi-select"],"fullName":"multi-select drops a table from the selection rather than leaving it empty","status":"passed","title":"drops a table from the selection rather than leaving it empty","duration":0.23410000000149012,"failureMessages":[],"meta":{},"tags":[]},{"ancestorTitles":["multi-select"],"fullName":"multi-select keeps three columns of one table in the order they were chosen","status":"passed","title":"keeps three columns of one table in the order they were chosen","duration":0.27980000000388827,"failureMessages":[],"meta":{},"tags":[]},{"ancestorTitles":["multi-select"],"fullName":"multi-select says plainly that a drag carries one table when the selection spans two","status":"passed","title":"says plainly that a drag carries one table when the selection spans two","duration":0.5376000000105705,"failureMessages":[],"meta":{},"tags":[]},{"ancestorTitles":["multi-select"],"fullName":"multi-select names the single table and gets the singular right","status":"passed","title":"names the single table and gets the singular right","duration":0.3708000000042375,"failureMessages":[],"meta":{},"tags":[]},{"ancestorTitles":["drag payload"],"fullName":"drag payload round-trips a whole table and a set of attributes","status":"passed","title":"round-trips a whole table and a set of attributes","duration":0.5467999999964377,"failureMessages":[],"meta":{},"tags":[]},{"ancestorTitles":["drag payload"],"fullName":"drag payload fails closed on anything it did not write","status":"passed","title":"fails closed on anything it did not write","duration":0.8451999999961117,"failureMessages":[],"meta":{},"tags":[]},{"ancestorTitles":["drag payload"],"fullName":"drag payload resolves a drop against the catalogue and never invents the dataset","status":"passed","title":"resolves a drop against the catalogue and never invents the dataset","duration":0.561600000000908,"failureMessages":[],"meta":{},"tags":[]},{"ancestorTitles":["drag payload"],"fullName":"drag payload carries one MIME type both sides agree on","status":"passed","title":"carries one MIME type both sides agree on","duration":0.30339999998977873,"failureMessages":[],"meta":{},"tags":[]}],"startTime":1785944338154,"endTime":1785944338172.3035,"status":"passed","message":"","name":"C:/Workspace/PlantProcess-IQ/Frontend/PlantProcess.Web/src/authoring/schemaTreeModel.test.ts"},{"assertionResults":[{"ancestorTitles":["T-032 part A: one authoring shell, no second authoring page"],"fullName":"T-032 part A: one authoring shell, no second authoring page the shell exists and is the only module exporting SharedAuthoringShell","status":"passed","title":"the shell exists and is the only module exporting SharedAuthoringShell","duration":1674.2698999999993,"failureMessages":[],"meta":{},"tags":[]},{"ancestorTitles":["T-032 part A: one authoring shell, no second authoring page"],"fullName":"T-032 part A: one authoring shell, no second authoring page no page component owns an authoring board except those a later task converges","status":"passed","title":"no page component owns an authoring board except those a later task converges","duration":65.38959999999861,"failureMessages":[],"meta":{},"tags":[]},{"ancestorTitles":["T-032 part A: one authoring shell, no second authoring page"],"fullName":"T-032 part A: one authoring shell, no second authoring page the pending-convergence list is self-cleaning","status":"passed","title":"the pending-convergence list is self-cleaning","duration":7.972299999997631,"failureMessages":[],"meta":{},"tags":[]},{"ancestorTitles":["T-032 part A: one authoring shell, no second authoring page"],"fullName":"T-032 part A: one authoring shell, no second authoring page the retired S1 page is gone from the tree, not merely unrouted","status":"passed","title":"the retired S1 page is gone from the tree, not merely unrouted","duration":6.673699999999371,"failureMessages":[],"meta":{},"tags":[]},{"ancestorTitles":["T-032 part A: one authoring shell, no second authoring page"],"fullName":"T-032 part A: one authoring shell, no second authoring page the application routes the authoring surface to the shell","status":"passed","title":"the application routes the authoring surface to the shell","duration":2.205600000001141,"failureMessages":[],"meta":{},"tags":[]},{"ancestorTitles":["T-032 part A: one authoring shell, no second authoring page"],"fullName":"T-032 part A: one authoring shell, no second authoring page the purpose registry carries all five purposes of section 5.2.1","status":"passed","title":"the purpose registry carries all five purposes of section 5.2.1","duration":0.8545999999987544,"failureMessages":[],"meta":{},"tags":[]},{"ancestorTitles":["T-032 part A: one authoring shell, no second authoring page"],"fullName":"T-032 part A: one authoring shell, no second authoring page the shell hardcodes no plant vocabulary","status":"passed","title":"the shell hardcodes no plant vocabulary","duration":9.334899999998015,"failureMessages":[],"meta":{},"tags":[]},{"ancestorTitles":["T-032 part B: the four regions render in every mode"],"fullName":"T-032 part B: the four regions render in every mode S1 renders mode bar, schema tree, board, toolbox and debug log","status":"passed","title":"S1 renders mode bar, schema tree, board, toolbox and debug log","duration":170.33269999999902,"failureMessages":[],"meta":{},"tags":[]},{"ancestorTitles":["T-032 part B: the four regions render in every mode"],"fullName":"T-032 part B: the four regions render in every mode S2 renders the same four regions with its own palette","status":"passed","title":"S2 renders the same four regions with its own palette","duration":37.64140000000043,"failureMessages":[],"meta":{},"tags":[]},{"ancestorTitles":["T-032 part B: the four regions render in every mode"],"fullName":"T-032 part B: the four regions render in every mode SQL mode hides the toolbox entirely rather than disabling it","status":"passed","title":"SQL mode hides the toolbox entirely rather than disabling it","duration":2207.8715999999986,"failureMessages":[],"meta":{},"tags":[]},{"ancestorTitles":["T-032 part B: the four regions render in every mode"],"fullName":"T-032 part B: the four regions render in every mode S1 enables exactly the three relational blocks the board implements","status":"passed","title":"S1 enables exactly the three relational blocks the board implements","duration":2015.383099999999,"failureMessages":[],"meta":{},"tags":[]},{"ancestorTitles":["T-032 part B: the four regions render in every mode"],"fullName":"T-032 part B: the four regions render in every mode the board actions are visible affordances, not key bindings only","status":"passed","title":"the board actions are visible affordances, not key bindings only","duration":1674.4980000000032,"failureMessages":[],"meta":{},"tags":[]},{"ancestorTitles":["T-032 part B: the four regions render in every mode"],"fullName":"T-032 part B: the four regions render in every mode Run is refused while the validity indicator reads Invalid","status":"passed","title":"Run is refused while the validity indicator reads Invalid","duration":1585.2645999999986,"failureMessages":[],"meta":{},"tags":[]}],"startTime":1785944285705,"endTime":1785944295164.2646,"status":"passed","message":"","name":"C:/Workspace/PlantProcess-IQ/Frontend/PlantProcess.Web/src/authoring/sharedAuthoringShell.test.tsx"},{"assertionResults":[{"ancestorTitles":["reconstructability, which fails closed"],"fullName":"reconstructability, which fails closed proves the untouched case","status":"passed","title":"proves the untouched case","duration":4.032300000006217,"failureMessages":[],"meta":{},"tags":[]},{"ancestorTitles":["reconstructability, which fails closed"],"fullName":"reconstructability, which fails closed forgives only line endings and outer whitespace","status":"passed","title":"forgives only line endings and outer whitespace","duration":1.0730000000039581,"failureMessages":[],"meta":{},"tags":[]},{"ancestorTitles":["reconstructability, which fails closed"],"fullName":"reconstructability, which fails closed refuses a reformat rather than claiming to understand it","status":"passed","title":"refuses a reformat rather than claiming to understand it","duration":1.0714000000007218,"failureMessages":[],"meta":{},"tags":[]},{"ancestorTitles":["reconstructability, which fails closed"],"fullName":"reconstructability, which fails closed refuses a case change, because it has no parser to say that is safe","status":"passed","title":"refuses a case change, because it has no parser to say that is safe","duration":0.7747000000090338,"failureMessages":[],"meta":{},"tags":[]},{"ancestorTitles":["reconstructability, which fails closed"],"fullName":"reconstructability, which fails closed refuses an edit","status":"passed","title":"refuses an edit","duration":0.5497000000032131,"failureMessages":[],"meta":{},"tags":[]},{"ancestorTitles":["reconstructability, which fails closed"],"fullName":"reconstructability, which fails closed refuses when there is no recorded origin at all","status":"passed","title":"refuses when there is no recorded origin at all","duration":0.8938000000052853,"failureMessages":[],"meta":{},"tags":[]},{"ancestorTitles":["reconstructability, which fails closed"],"fullName":"reconstructability, which fails closed warns in words that name the reason and the consequence","status":"passed","title":"warns in words that name the reason and the consequence","duration":0.9585000000079162,"failureMessages":[],"meta":{},"tags":[]},{"ancestorTitles":["completions, drawn from the live catalogue"],"fullName":"completions, drawn from the live catalogue reads the word under the caret","status":"passed","title":"reads the word under the caret","duration":2.3971000000019558,"failureMessages":[],"meta":{},"tags":[]},{"ancestorTitles":["completions, drawn from the live catalogue"],"fullName":"completions, drawn from the live catalogue offers only that table's columns after a qualifier","status":"passed","title":"offers only that table's columns after a qualifier","duration":1.4869999999937136,"failureMessages":[],"meta":{},"tags":[]},{"ancestorTitles":["completions, drawn from the live catalogue"],"fullName":"completions, drawn from the live catalogue offers schemas, tables and columns unqualified, and says where each came from","status":"passed","title":"offers schemas, tables and columns unqualified, and says where each came from","duration":1.0317999999970198,"failureMessages":[],"meta":{},"tags":[]},{"ancestorTitles":["completions, drawn from the live catalogue"],"fullName":"completions, drawn from the live catalogue returns nothing rather than everything when nothing matches","status":"passed","title":"returns nothing rather than everything when nothing matches","duration":0.3326999999990221,"failureMessages":[],"meta":{},"tags":[]},{"ancestorTitles":["completions, drawn from the live catalogue"],"fullName":"completions, drawn from the live catalogue is bounded, so a wide catalogue cannot flood the editor","status":"passed","title":"is bounded, so a wide catalogue cannot flood the editor","duration":0.43809999999939464,"failureMessages":[],"meta":{},"tags":[]},{"ancestorTitles":["the Run Test column report"],"fullName":"the Run Test column report pairs each column with the type the server measured","status":"passed","title":"pairs each column with the type the server measured","duration":0.8056999999971595,"failureMessages":[],"meta":{},"tags":[]},{"ancestorTitles":["the Run Test column report"],"fullName":"the Run Test column report admits an absent type instead of inferring one from the sample","status":"passed","title":"admits an absent type instead of inferring one from the sample","duration":0.3662999999942258,"failureMessages":[],"meta":{},"tags":[]},{"ancestorTitles":["the Run Test column report"],"fullName":"the Run Test column report skips empty cells to find a representative sample","status":"passed","title":"skips empty cells to find a representative sample","duration":0.2739000000001397,"failureMessages":[],"meta":{},"tags":[]},{"ancestorTitles":["the Run Test column report"],"fullName":"the Run Test column report says so when there is nothing to sample","status":"passed","title":"says so when there is nothing to sample","duration":0.4743000000016764,"failureMessages":[],"meta":{},"tags":[]},{"ancestorTitles":["the Run Test column report"],"fullName":"the Run Test column report truncates a long value rather than filling the panel with it","status":"passed","title":"truncates a long value rather than filling the panel with it","duration":0.3883999999961816,"failureMessages":[],"meta":{},"tags":[]}],"startTime":1785944344583,"endTime":1785944344602.3884,"status":"passed","message":"","name":"C:/Workspace/PlantProcess-IQ/Frontend/PlantProcess.Web/src/authoring/sqlModeModel.test.ts"},{"assertionResults":[{"ancestorTitles":["section 5.2.12, the toolbox in SQL mode"],"fullName":"section 5.2.12, the toolbox in SQL mode is present in Block mode and GONE in SQL mode, not merely disabled","status":"passed","title":"is present in Block mode and GONE in SQL mode, not merely disabled","duration":2405.2683000000106,"failureMessages":[],"meta":{},"tags":[]},{"ancestorTitles":["section 5.2.12, the toolbox in SQL mode"],"fullName":"section 5.2.12, the toolbox in SQL mode keeps the schema tree in SQL mode, which the shell contract requires","status":"passed","title":"keeps the schema tree in SQL mode, which the shell contract requires","duration":1504.1572999999917,"failureMessages":[],"meta":{},"tags":[]},{"ancestorTitles":["section 5.2.12, the toolbox in SQL mode"],"fullName":"section 5.2.12, the toolbox in SQL mode returns to the board without a prompt when nothing was ever authored","status":"passed","title":"returns to the board without a prompt when nothing was ever authored","duration":1779.4341999999888,"failureMessages":[],"meta":{},"tags":[]}],"startTime":1785944352982,"endTime":1785944358671.434,"status":"passed","message":"","name":"C:/Workspace/PlantProcess-IQ/Frontend/PlantProcess.Web/src/authoring/sqlModeShell.test.tsx"}]}