{"numTotalTestSuites":118,"numPassedTestSuites":118,"numFailedTestSuites":0,"numPendingTestSuites":0,"numTotalTests":304,"numPassedTests":304,"numFailedTests":0,"numPendingTests":0,"numTodoTests":0,"snapshot":{"added":0,"failure":false,"filesAdded":0,"filesRemoved":0,"filesRemovedList":[],"filesUnmatched":0,"filesUpdated":0,"matched":0,"total":0,"unchecked":0,"uncheckedKeysByFile":[],"unmatched":0,"updated":0,"didUpdate":false},"startTime":1786047553545,"success":true,"testResults":[{"assertionResults":[{"ancestorTitles":["what the tree shows"],"fullName":"what the tree shows puts nullability beside the type","status":"passed","title":"puts nullability beside the type","duration":48.43939999999566,"failureMessages":[],"meta":{},"tags":[]},{"ancestorTitles":["what the tree shows"],"fullName":"what the tree shows shows an approximate row count, and says when there is none","status":"passed","title":"shows an approximate row count, and says when there is none","duration":9.168799999999464,"failureMessages":[],"meta":{},"tags":[]},{"ancestorTitles":["what the tree shows"],"fullName":"what the tree shows says nothing matched instead of showing an empty panel","status":"passed","title":"says nothing matched instead of showing an empty panel","duration":4.655400000003283,"failureMessages":[],"meta":{},"tags":[]},{"ancestorTitles":["search"],"fullName":"search narrows to the matching column and unfolds only the table holding it","status":"passed","title":"narrows to the matching column and unfolds only the table holding it","duration":4.909800000001269,"failureMessages":[],"meta":{},"tags":[]},{"ancestorTitles":["search"],"fullName":"search reports every keystroke to the surface that owns the query","status":"passed","title":"reports every keystroke to the surface that owns the query","duration":263.95330000000104,"failureMessages":[],"meta":{},"tags":[]},{"ancestorTitles":["multi-select"],"fullName":"multi-select marks a chosen column and reports a click to the surface","status":"passed","title":"marks a chosen column and reports a click to the surface","duration":126.08529999999882,"failureMessages":[],"meta":{},"tags":[]},{"ancestorTitles":["multi-select"],"fullName":"multi-select states the selection, including that a drag carries one table","status":"passed","title":"states the selection, including that a drag carries one table","duration":6.5578999999997905,"failureMessages":[],"meta":{},"tags":[]},{"ancestorTitles":["drag"],"fullName":"drag a table row with nothing picked carries the whole table","status":"passed","title":"a table row with nothing picked carries the whole table","duration":7.669099999999162,"failureMessages":[],"meta":{},"tags":[]},{"ancestorTitles":["drag"],"fullName":"drag a table row with picked columns carries them as selection metadata","status":"passed","title":"a table row with picked columns carries them as selection metadata","duration":7.644100000004983,"failureMessages":[],"meta":{},"tags":[]},{"ancestorTitles":["drag"],"fullName":"drag an unpicked attribute carries only itself","status":"passed","title":"an unpicked attribute carries only itself","duration":6.918100000002596,"failureMessages":[],"meta":{},"tags":[]},{"ancestorTitles":["drag"],"fullName":"drag a picked attribute carries the whole selection of its table","status":"passed","title":"a picked attribute carries the whole selection of its table","duration":6.0230999999985215,"failureMessages":[],"meta":{},"tags":[]},{"ancestorTitles":["drag"],"fullName":"drag a double-click still puts the table on the board, with what was picked","status":"passed","title":"a double-click still puts the table on the board, with what was picked","duration":130.74789999999484,"failureMessages":[],"meta":{},"tags":[]}],"startTime":1786047612487,"endTime":1786047613111.7478,"status":"passed","message":"","name":"C:/Workspace/PlantProcess-IQ/Frontend/PlantProcess.Web/src/authoring/authoringSchemaTree.test.tsx"},{"assertionResults":[{"ancestorTitles":["T-040 the seven states resolve from real facts"],"fullName":"T-040 the seven states resolve from real facts declares exactly the seven the gate names, in G12 to G18 order","status":"passed","title":"declares exactly the seven the gate names, in G12 to G18 order","duration":2.8299000000001797,"failureMessages":[],"meta":{},"tags":[]},{"ancestorTitles":["T-040 the seven states resolve from real facts"],"fullName":"T-040 the seven states resolve from real facts reaches every one of the seven from some combination of facts","status":"passed","title":"reaches every one of the seven from some combination of facts","duration":1.0734999999999673,"failureMessages":[],"meta":{},"tags":[]},{"ancestorTitles":["T-040 the seven states resolve from real facts"],"fullName":"T-040 the seven states resolve from real facts puts a failure above everything, because nothing below it is known","status":"passed","title":"puts a failure above everything, because nothing below it is known","duration":0.6692000000002736,"failureMessages":[],"meta":{},"tags":[]},{"ancestorTitles":["T-040 the seven states resolve from real facts"],"fullName":"T-040 the seven states resolve from real facts puts a refusal above a blocker, because the server already answered","status":"passed","title":"puts a refusal above a blocker, because the server already answered","duration":0.7728000000001884,"failureMessages":[],"meta":{},"tags":[]},{"ancestorTitles":["T-040 the seven states resolve from real facts"],"fullName":"T-040 the seven states resolve from real facts shows loading rather than a result that is about to be replaced","status":"passed","title":"shows loading rather than a result that is about to be replaced","duration":0.33750000000009095,"failureMessages":[],"meta":{},"tags":[]},{"ancestorTitles":["T-040 the three required distinctions"],"fullName":"T-040 the three required distinctions EMPTY is not FILTERED-EMPTY, in state and in wording","status":"passed","title":"EMPTY is not FILTERED-EMPTY, in state and in wording","duration":1.8192000000003645,"failureMessages":[],"meta":{},"tags":[]},{"ancestorTitles":["T-040 the three required distinctions"],"fullName":"T-040 the three required distinctions BLOCKED is not REFUSED, and each says which it is","status":"passed","title":"BLOCKED is not REFUSED, and each says which it is","duration":0.866099999999733,"failureMessages":[],"meta":{},"tags":[]},{"ancestorTitles":["T-040 the three required distinctions"],"fullName":"T-040 the three required distinctions REFUSED is not FAILED: one is an answer, the other is the absence of one","status":"passed","title":"REFUSED is not FAILED: one is an answer, the other is the absence of one","duration":0.7225000000003092,"failureMessages":[],"meta":{},"tags":[]},{"ancestorTitles":["T-040 colour never carries the meaning"],"fullName":"T-040 colour never carries the meaning gives every non-populated state a sentence, not just a tone","status":"passed","title":"gives every non-populated state a sentence, not just a tone","duration":1.710700000000088,"failureMessages":[],"meta":{},"tags":[]},{"ancestorTitles":["T-040 colour never carries the meaning"],"fullName":"T-040 colour never carries the meaning tells the author what to do wherever there is something to do","status":"passed","title":"tells the author what to do wherever there is something to do","duration":0.8432999999999993,"failureMessages":[],"meta":{},"tags":[]},{"ancestorTitles":["T-040 colour never carries the meaning"],"fullName":"T-040 colour never carries the meaning renders the state as data, the wording as text, and never a bare outline","status":"passed","title":"renders the state as data, the wording as text, and never a bare outline","duration":33.50070000000005,"failureMessages":[],"meta":{},"tags":[]},{"ancestorTitles":["T-040 colour never carries the meaning"],"fullName":"T-040 colour never carries the meaning announces a failure to a screen reader rather than only colouring it","status":"passed","title":"announces a failure to a screen reader rather than only colouring it","duration":12.254999999999654,"failureMessages":[],"meta":{},"tags":[]},{"ancestorTitles":["T-040 colour never carries the meaning"],"fullName":"T-040 colour never carries the meaning renders every one of the seven without a missing heading","status":"passed","title":"renders every one of the seven without a missing heading","duration":18.05029999999988,"failureMessages":[],"meta":{},"tags":[]}],"startTime":1786047556317,"endTime":1786047556394.0503,"status":"passed","message":"","name":"C:/Workspace/PlantProcess-IQ/Frontend/PlantProcess.Web/src/authoring/authoringStates.test.tsx"},{"assertionResults":[{"ancestorTitles":["filter node"],"fullName":"filter node offers the server whitelist and nothing else","status":"passed","title":"offers the server whitelist and nothing else","duration":36.74829999999929,"failureMessages":[],"meta":{},"tags":[]},{"ancestorTitles":["filter node"],"fullName":"filter node feeds the column dropdown from the upstream lineage, never free text","status":"passed","title":"feeds the column dropdown from the upstream lineage, never free text","duration":7.680899999999383,"failureMessages":[],"meta":{},"tags":[]},{"ancestorTitles":["filter node"],"fullName":"filter node lists a derived field truthfully and refuses to let it be chosen","status":"passed","title":"lists a derived field truthfully and refuses to let it be chosen","duration":8.274199999999837,"failureMessages":[],"meta":{},"tags":[]},{"ancestorTitles":["filter node"],"fullName":"filter node removes the value field for a unary operator rather than disabling it","status":"passed","title":"removes the value field for a unary operator rather than disabling it","duration":12.834299999994982,"failureMessages":[],"meta":{},"tags":[]},{"ancestorTitles":["filter node"],"fullName":"filter node shows the status badge and the sentence on the node itself","status":"passed","title":"shows the status badge and the sentence on the node itself","duration":8.059400000005553,"failureMessages":[],"meta":{},"tags":[]},{"ancestorTitles":["filter node"],"fullName":"filter node reports every edit to the board, which owns the state","status":"passed","title":"reports every edit to the board, which owns the state","duration":199.59949999999662,"failureMessages":[],"meta":{},"tags":[]},{"ancestorTitles":["derived node"],"fullName":"derived node offers only the four arithmetic operators the server compiles","status":"passed","title":"offers only the four arithmetic operators the server compiles","duration":4.787100000001374,"failureMessages":[],"meta":{},"tags":[]},{"ancestorTitles":["derived node"],"fullName":"derived node shows a number field only while no second column is chosen","status":"passed","title":"shows a number field only while no second column is chosen","duration":6.882999999994354,"failureMessages":[],"meta":{},"tags":[]},{"ancestorTitles":["select node"],"fullName":"select node renders one toggle per upstream field and marks the chosen ones","status":"passed","title":"renders one toggle per upstream field and marks the chosen ones","duration":92.24809999999707,"failureMessages":[],"meta":{},"tags":[]},{"ancestorTitles":["select node"],"fullName":"select node says what to do when nothing is upstream, instead of showing an empty box","status":"passed","title":"says what to do when nothing is upstream, instead of showing an empty box","duration":2.5296000000016647,"failureMessages":[],"meta":{},"tags":[]},{"ancestorTitles":["select node"],"fullName":"select node reports a toggle to the board","status":"passed","title":"reports a toggle to the board","duration":91.78029999999853,"failureMessages":[],"meta":{},"tags":[]},{"ancestorTitles":["ports, which the Handle mock cannot show"],"fullName":"ports, which the Handle mock cannot show every block declares one flow input and one flow output from the shared vocabulary","status":"passed","title":"every block declares one flow input and one flow output from the shared vocabulary","duration":0.8531000000002678,"failureMessages":[],"meta":{},"tags":[]},{"ancestorTitles":["ports, which the Handle mock cannot show"],"fullName":"ports, which the Handle mock cannot show declares no handle with a literal string, which would drift from the semantics","status":"passed","title":"declares no handle with a literal string, which would drift from the semantics","duration":0.3165000000008149,"failureMessages":[],"meta":{},"tags":[]}],"startTime":1786047617340,"endTime":1786047617813.3164,"status":"passed","message":"","name":"C:/Workspace/PlantProcess-IQ/Frontend/PlantProcess.Web/src/authoring/blockNodes.test.tsx"},{"assertionResults":[{"ancestorTitles":["field references"],"fullName":"field references splits on the first dot and refuses a malformed reference","status":"passed","title":"splits on the first dot and refuses a malformed reference","duration":1.9325000000098953,"failureMessages":[],"meta":{},"tags":[]},{"ancestorTitles":["join lineage"],"fullName":"join lineage a joined cluster exposes every origin table explicitly","status":"passed","title":"a joined cluster exposes every origin table explicitly","duration":2.20329999999376,"failureMessages":[],"meta":{},"tags":[]},{"ancestorTitles":["join lineage"],"fullName":"join lineage a field that is not in the upstream output invalidates the block","status":"passed","title":"a field that is not in the upstream output invalidates the block","duration":0.49669999998877756,"failureMessages":[],"meta":{},"tags":[]},{"ancestorTitles":["join lineage"],"fullName":"join lineage a block wired to nothing is refused, and the sentence says what to do","status":"passed","title":"a block wired to nothing is refused, and the sentence says what to do","duration":0.3155000000115251,"failureMessages":[],"meta":{},"tags":[]},{"ancestorTitles":["filter block"],"fullName":"filter block refuses an operator outside the server whitelist","status":"passed","title":"refuses an operator outside the server whitelist","duration":0.31260000000474975,"failureMessages":[],"meta":{},"tags":[]},{"ancestorTitles":["filter block"],"fullName":"filter block requires a value for a binary operator and none for a unary one","status":"passed","title":"requires a value for a binary operator and none for a unary one","duration":0.2550000000046566,"failureMessages":[],"meta":{},"tags":[]},{"ancestorTitles":["filter block"],"fullName":"filter block serialises a unary filter with a null value","status":"passed","title":"serialises a unary filter with a null value","duration":0.6073000000033062,"failureMessages":[],"meta":{},"tags":[]},{"ancestorTitles":["derived block"],"fullName":"derived block refuses an alias that Ident would refuse on the server","status":"passed","title":"refuses an alias that Ident would refuse on the server","duration":0.2180999999982305,"failureMessages":[],"meta":{},"tags":[]},{"ancestorTitles":["derived block"],"fullName":"derived block needs a second column or a numeric constant","status":"passed","title":"needs a second column or a numeric constant","duration":0.4158000000024913,"failureMessages":[],"meta":{},"tags":[]},{"ancestorTitles":["derived block"],"fullName":"derived block always states the right-hand table rather than relying on the server fallback","status":"passed","title":"always states the right-hand table rather than relying on the server fallback","duration":0.33999999999650754,"failureMessages":[],"meta":{},"tags":[]},{"ancestorTitles":["derived block"],"fullName":"derived block publishes its alias into the downstream schema, with no physical lineage","status":"passed","title":"publishes its alias into the downstream schema, with no physical lineage","duration":0.35120000000461005,"failureMessages":[],"meta":{},"tags":[]},{"ancestorTitles":["derived block"],"fullName":"derived block refuses a downstream block that addresses the alias, by name, rather than hiding it","status":"passed","title":"refuses a downstream block that addresses the alias, by name, rather than hiding it","duration":0.7035000000032596,"failureMessages":[],"meta":{},"tags":[]},{"ancestorTitles":["derived block"],"fullName":"derived block survives a Select below it, because the server appends it after the projection","status":"passed","title":"survives a Select below it, because the server appends it after the projection","duration":0.24740000000747386,"failureMessages":[],"meta":{},"tags":[]},{"ancestorTitles":["select block"],"fullName":"select block an empty Select block is refused with the same sentence the server uses","status":"passed","title":"an empty Select block is refused with the same sentence the server uses","duration":0.14289999999164138,"failureMessages":[],"meta":{},"tags":[]},{"ancestorTitles":["select block"],"fullName":"select block narrows what a downstream block can see","status":"passed","title":"narrows what a downstream block can see","duration":0.43989999999757856,"failureMessages":[],"meta":{},"tags":[]},{"ancestorTitles":["select block"],"fullName":"select block no Select block leaves selects undefined, which keeps SELECT * on the server","status":"passed","title":"no Select block leaves selects undefined, which keeps SELECT * on the server","duration":0.1723000000056345,"failureMessages":[],"meta":{},"tags":[]},{"ancestorTitles":["select block"],"fullName":"select block the last Select in the chain is the projection","status":"passed","title":"the last Select in the chain is the projection","duration":0.3563999999896623,"failureMessages":[],"meta":{},"tags":[]},{"ancestorTitles":["ordering and refusal"],"fullName":"ordering and refusal applies blocks in chain order, not in node order","status":"passed","title":"applies blocks in chain order, not in node order","duration":0.3126999999949476,"failureMessages":[],"meta":{},"tags":[]},{"ancestorTitles":["ordering and refusal"],"fullName":"ordering and refusal a flow loop terminates the walk instead of spinning","status":"passed","title":"a flow loop terminates the walk instead of spinning","duration":0.13779999999678694,"failureMessages":[],"meta":{},"tags":[]},{"ancestorTitles":["ordering and refusal"],"fullName":"ordering and refusal an unjoined second table is reported, and serialisation refuses","status":"passed","title":"an unjoined second table is reported, and serialisation refuses","duration":0.22829999998793937,"failureMessages":[],"meta":{},"tags":[]},{"ancestorTitles":["ordering and refusal"],"fullName":"ordering and refusal a detached block never reaches the server","status":"passed","title":"a detached block never reaches the server","duration":0.18460000000777654,"failureMessages":[],"meta":{},"tags":[]},{"ancestorTitles":["wiring refusal, the enumerated set of section 5.2.7"],"fullName":"wiring refusal, the enumerated set of section 5.2.7 accepts a legal key-to-key join and a legal dataset wire","status":"passed","title":"accepts a legal key-to-key join and a legal dataset wire","duration":0.4245000000082655,"failureMessages":[],"meta":{},"tags":[]},{"ancestorTitles":["wiring refusal, the enumerated set of section 5.2.7"],"fullName":"wiring refusal, the enumerated set of section 5.2.7 refuses a wire that does not land on a port","status":"passed","title":"refuses a wire that does not land on a port","duration":0.11870000000635628,"failureMessages":[],"meta":{},"tags":[]},{"ancestorTitles":["wiring refusal, the enumerated set of section 5.2.7"],"fullName":"wiring refusal, the enumerated set of section 5.2.7 refuses a block wired to itself","status":"passed","title":"refuses a block wired to itself","duration":0.16910000001371372,"failureMessages":[],"meta":{},"tags":[]},{"ancestorTitles":["wiring refusal, the enumerated set of section 5.2.7"],"fullName":"wiring refusal, the enumerated set of section 5.2.7 refuses rows into a column port, and says which end carries what","status":"passed","title":"refuses rows into a column port, and says which end carries what","duration":0.12170000000332948,"failureMessages":[],"meta":{},"tags":[]},{"ancestorTitles":["wiring refusal, the enumerated set of section 5.2.7"],"fullName":"wiring refusal, the enumerated set of section 5.2.7 refuses the same wire twice, in either orientation","status":"passed","title":"refuses the same wire twice, in either orientation","duration":0.1172999999980675,"failureMessages":[],"meta":{},"tags":[]},{"ancestorTitles":["wiring refusal, the enumerated set of section 5.2.7"],"fullName":"wiring refusal, the enumerated set of section 5.2.7 refuses a join between a table and a block, and points at the dataset port","status":"passed","title":"refuses a join between a table and a block, and points at the dataset port","duration":0.0913999999902444,"failureMessages":[],"meta":{},"tags":[]},{"ancestorTitles":["wiring refusal, the enumerated set of section 5.2.7"],"fullName":"wiring refusal, the enumerated set of section 5.2.7 refuses a type mismatch and names both types","status":"passed","title":"refuses a type mismatch and names both types","duration":0.3261999999958789,"failureMessages":[],"meta":{},"tags":[]},{"ancestorTitles":["wiring refusal, the enumerated set of section 5.2.7"],"fullName":"wiring refusal, the enumerated set of section 5.2.7 refuses a join that closes a loop, regardless of the direction it was dragged","status":"passed","title":"refuses a join that closes a loop, regardless of the direction it was dragged","duration":0.30140000001119915,"failureMessages":[],"meta":{},"tags":[]},{"ancestorTitles":["wiring refusal, the enumerated set of section 5.2.7"],"fullName":"wiring refusal, the enumerated set of section 5.2.7 refuses a dataset wire into a table, because a table is a source","status":"passed","title":"refuses a dataset wire into a table, because a table is a source","duration":0.18380000001343433,"failureMessages":[],"meta":{},"tags":[]},{"ancestorTitles":["wiring refusal, the enumerated set of section 5.2.7"],"fullName":"wiring refusal, the enumerated set of section 5.2.7 refuses a second dataset input on one block","status":"passed","title":"refuses a second dataset input on one block","duration":0.32180000000516884,"failureMessages":[],"meta":{},"tags":[]},{"ancestorTitles":["wiring refusal, the enumerated set of section 5.2.7"],"fullName":"wiring refusal, the enumerated set of section 5.2.7 refuses a second chain from one block, because serialisation walks one","status":"passed","title":"refuses a second chain from one block, because serialisation walks one","duration":0.20899999998800922,"failureMessages":[],"meta":{},"tags":[]},{"ancestorTitles":["wiring refusal, the enumerated set of section 5.2.7"],"fullName":"wiring refusal, the enumerated set of section 5.2.7 refuses a dataset wire that closes a loop","status":"passed","title":"refuses a dataset wire that closes a loop","duration":0.18910000000323635,"failureMessages":[],"meta":{},"tags":[]},{"ancestorTitles":["arrange"],"fullName":"arrange is deterministic: the same board arranges to the same placements twice","status":"passed","title":"is deterministic: the same board arranges to the same placements twice","duration":0.5017999999981839,"failureMessages":[],"meta":{},"tags":[]},{"ancestorTitles":["arrange"],"fullName":"arrange does not depend on the order the author dropped things","status":"passed","title":"does not depend on the order the author dropped things","duration":0.3672000000078697,"failureMessages":[],"meta":{},"tags":[]},{"ancestorTitles":["arrange"],"fullName":"arrange puts tables down the left and each chain to the right of its table","status":"passed","title":"puts tables down the left and each chain to the right of its table","duration":0.33970000001136214,"failureMessages":[],"meta":{},"tags":[]},{"ancestorTitles":["arrange"],"fullName":"arrange parks a block that hangs from nothing below everything, not behind it","status":"passed","title":"parks a block that hangs from nothing below everything, not behind it","duration":0.2709999999933643,"failureMessages":[],"meta":{},"tags":[]}],"startTime":1786047636115,"endTime":1786047636130.3396,"status":"passed","message":"","name":"C:/Workspace/PlantProcess-IQ/Frontend/PlantProcess.Web/src/authoring/graphSemantics.test.ts"},{"assertionResults":[{"ancestorTitles":["T-033: the interface operator lists equal the server whitelist"],"fullName":"T-033: the interface operator lists equal the server whitelist filter operators match BuildSafeSelect's FilterOps, in order","status":"passed","title":"filter operators match BuildSafeSelect's FilterOps, in order","duration":2.4959000000089873,"failureMessages":[],"meta":{},"tags":[]},{"ancestorTitles":["T-033: the interface operator lists equal the server whitelist"],"fullName":"T-033: the interface operator lists equal the server whitelist derived-column operators match BuildSafeSelect's MathOps, in order","status":"passed","title":"derived-column operators match BuildSafeSelect's MathOps, in order","duration":0.4441999999980908,"failureMessages":[],"meta":{},"tags":[]},{"ancestorTitles":["T-033: the interface operator lists equal the server whitelist"],"fullName":"T-033: the interface operator lists equal the server whitelist the unary operators are the two the server emits without a bound value","status":"passed","title":"the unary operators are the two the server emits without a bound value","duration":0.6717000000062399,"failureMessages":[],"meta":{},"tags":[]},{"ancestorTitles":["T-033: the interface operator lists equal the server whitelist"],"fullName":"T-033: the interface operator lists equal the server whitelist every interface operator is one the server would accept","status":"passed","title":"every interface operator is one the server would accept","duration":1.940600000001723,"failureMessages":[],"meta":{},"tags":[]}],"startTime":1786047655111,"endTime":1786047655116.9407,"status":"passed","message":"","name":"C:/Workspace/PlantProcess-IQ/Frontend/PlantProcess.Web/src/authoring/operatorContract.test.ts"},{"assertionResults":[{"ancestorTitles":["a valid preview"],"fullName":"a valid preview is a Success carrying the row count, the columns and the estimate","status":"passed","title":"is a Success carrying the row count, the columns and the estimate","duration":2.178299999999581,"failureMessages":[],"meta":{},"tags":[]},{"ancestorTitles":["a valid preview"],"fullName":"a valid preview says the preview stopped at its limit instead of calling the cap a total","status":"passed","title":"says the preview stopped at its limit instead of calling the cap a total","duration":0.34329999999317806,"failureMessages":[],"meta":{},"tags":[]},{"ancestorTitles":["a valid preview"],"fullName":"a valid preview states only the numbers it was given","status":"passed","title":"states only the numbers it was given","duration":0.5115999999979977,"failureMessages":[],"meta":{},"tags":[]},{"ancestorTitles":["a valid preview"],"fullName":"a valid preview calls the estimate an estimate, never a runtime and never a cost in money","status":"passed","title":"calls the estimate an estimate, never a runtime and never a cost in money","duration":0.2844000000040978,"failureMessages":[],"meta":{},"tags":[]},{"ancestorTitles":["a preview that returns nothing"],"fullName":"a preview that returns nothing is a Warning, in the agreed wording","status":"passed","title":"is a Warning, in the agreed wording","duration":0.30989999999292195,"failureMessages":[],"meta":{},"tags":[]},{"ancestorTitles":["a preview that returns nothing"],"fullName":"a preview that returns nothing does not claim a cause the server cannot see","status":"passed","title":"does not claim a cause the server cannot see","duration":0.17089999999734573,"failureMessages":[],"meta":{},"tags":[]},{"ancestorTitles":["a rejected operator"],"fullName":"a rejected operator is an Error and the operator survives into the entry","status":"passed","title":"is an Error and the operator survives into the entry","duration":0.24839999999676365,"failureMessages":[],"meta":{},"tags":[]},{"ancestorTitles":["a rejected operator"],"fullName":"a rejected operator says so plainly when a refusal arrives with no reason","status":"passed","title":"says so plainly when a refusal arrives with no reason","duration":0.1569000000017695,"failureMessages":[],"meta":{},"tags":[]},{"ancestorTitles":["nothing an engineer cannot act on"],"fullName":"nothing an engineer cannot act on reads nothing at all from a thrown value","status":"passed","title":"reads nothing at all from a thrown value","duration":0.4581000000034692,"failureMessages":[],"meta":{},"tags":[]},{"ancestorTitles":["nothing an engineer cannot act on"],"fullName":"nothing an engineer cannot act on gives every other action the same guarantee","status":"passed","title":"gives every other action the same guarantee","duration":0.26309999999648426,"failureMessages":[],"meta":{},"tags":[]},{"ancestorTitles":["nothing an engineer cannot act on"],"fullName":"nothing an engineer cannot act on uses none of the phrases the PPIQ-T09 contract forbids","status":"passed","title":"uses none of the phrases the PPIQ-T09 contract forbids","duration":0.33299999999871943,"failureMessages":[],"meta":{},"tags":[]}],"startTime":1786047657920,"endTime":1786047657925.333,"status":"passed","message":"","name":"C:/Workspace/PlantProcess-IQ/Frontend/PlantProcess.Web/src/authoring/previewReport.test.ts"},{"assertionResults":[{"ancestorTitles":["T-037 the shared role-binding capability"],"fullName":"T-037 the shared role-binding capability presents the doctrine words and never shows the stored keys","status":"passed","title":"presents the doctrine words and never shows the stored keys","duration":49.51879999999801,"failureMessages":[],"meta":{},"tags":[]},{"ancestorTitles":["T-037 the shared role-binding capability"],"fullName":"T-037 the shared role-binding capability offers exactly the columns the query returned and nothing else","status":"passed","title":"offers exactly the columns the query returned and nothing else","duration":255.5827000000063,"failureMessages":[],"meta":{},"tags":[]},{"ancestorTitles":["T-037 the shared role-binding capability"],"fullName":"T-037 the shared role-binding capability persists an assignment under the STORED key, not under the word the author saw","status":"passed","title":"persists an assignment under the STORED key, not under the word the author saw","duration":116.89429999999993,"failureMessages":[],"meta":{},"tags":[]},{"ancestorTitles":["T-037 the shared role-binding capability"],"fullName":"T-037 the shared role-binding capability CLAUSE 1: the mappings survive a re-run of the same query unchanged","status":"passed","title":"CLAUSE 1: the mappings survive a re-run of the same query unchanged","duration":233.73099999999977,"failureMessages":[],"meta":{},"tags":[]},{"ancestorTitles":["T-037 the shared role-binding capability"],"fullName":"T-037 the shared role-binding capability preserves every other key already in the display options blob","status":"passed","title":"preserves every other key already in the display options blob","duration":112.6559000000052,"failureMessages":[],"meta":{},"tags":[]},{"ancestorTitles":["T-037 the shared role-binding capability"],"fullName":"T-037 the shared role-binding capability CLAUSE 2: a dropped column is reported BY NAME, not as a count","status":"passed","title":"CLAUSE 2: a dropped column is reported BY NAME, not as a count","duration":6.746400000003632,"failureMessages":[],"meta":{},"tags":[]},{"ancestorTitles":["T-037 the shared role-binding capability"],"fullName":"T-037 the shared role-binding capability CLAUSE 2: the stale role is left unbound rather than silently repointed","status":"passed","title":"CLAUSE 2: the stale role is left unbound rather than silently repointed","duration":6.279399999999441,"failureMessages":[],"meta":{},"tags":[]},{"ancestorTitles":["T-037 the shared role-binding capability"],"fullName":"T-037 the shared role-binding capability detection and wording agree, and both name the column","status":"passed","title":"detection and wording agree, and both name the column","duration":0.5179000000061933,"failureMessages":[],"meta":{},"tags":[]},{"ancestorTitles":["T-037 the shared role-binding capability"],"fullName":"T-037 the shared role-binding capability says nothing is stale while every mapped column is still returned","status":"passed","title":"says nothing is stale while every mapped column is still returned","duration":7.405999999995402,"failureMessages":[],"meta":{},"tags":[]}],"startTime":1786047605708,"endTime":1786047606497.406,"status":"passed","message":"","name":"C:/Workspace/PlantProcess-IQ/Frontend/PlantProcess.Web/src/authoring/roleBinding.test.tsx"},{"assertionResults":[{"ancestorTitles":["T-038 resolving one persisted role token"],"fullName":"T-038 resolving one persisted role token takes a code match as the current binding and rewrites nothing","status":"passed","title":"takes a code match as the current binding and rewrites nothing","duration":3.5459000000118976,"failureMessages":[],"meta":{},"tags":[]},{"ancestorTitles":["T-038 resolving one persisted role token"],"fullName":"T-038 resolving one persisted role token resolves a token that matches exactly one label to that column's code","status":"passed","title":"resolves a token that matches exactly one label to that column's code","duration":0.6402999999991152,"failureMessages":[],"meta":{},"tags":[]},{"ancestorTitles":["T-038 resolving one persisted role token"],"fullName":"T-038 resolving one persisted role token refuses to resolve a label two columns share","status":"passed","title":"refuses to resolve a label two columns share","duration":0.547999999995227,"failureMessages":[],"meta":{},"tags":[]},{"ancestorTitles":["T-038 resolving one persisted role token"],"fullName":"T-038 resolving one persisted role token reports a token that matches nothing as missing","status":"passed","title":"reports a token that matches nothing as missing","duration":0.5947000000014668,"failureMessages":[],"meta":{},"tags":[]},{"ancestorTitles":["T-038 resolving one persisted role token"],"fullName":"T-038 resolving one persisted role token treats an unbound role as nothing to resolve","status":"passed","title":"treats an unbound role as nothing to resolve","duration":0.2765999999974156,"failureMessages":[],"meta":{},"tags":[]},{"ancestorTitles":["T-038 resolving one persisted role token"],"fullName":"T-038 resolving one persisted role token matches exactly, never approximately","status":"passed","title":"matches exactly, never approximately","duration":0.4830999999976484,"failureMessages":[],"meta":{},"tags":[]},{"ancestorTitles":["T-038 resolving one persisted role token"],"fullName":"T-038 resolving one persisted role token never resolves by position","status":"passed","title":"never resolves by position","duration":0.3453000000008615,"failureMessages":[],"meta":{},"tags":[]},{"ancestorTitles":["T-038 normalising a whole binding"],"fullName":"T-038 normalising a whole binding rewrites only the legacy roles and leaves the code-bound ones alone","status":"passed","title":"rewrites only the legacy roles and leaves the code-bound ones alone","duration":0.3996999999944819,"failureMessages":[],"meta":{},"tags":[]},{"ancestorTitles":["T-038 normalising a whole binding"],"fullName":"T-038 normalising a whole binding leaves an ambiguous token exactly as it was found","status":"passed","title":"leaves an ambiguous token exactly as it was found","duration":0.6775000000052387,"failureMessages":[],"meta":{},"tags":[]},{"ancestorTitles":["T-038 normalising a whole binding"],"fullName":"T-038 normalising a whole binding changes nothing when there is nothing bound","status":"passed","title":"changes nothing when there is nothing bound","duration":0.26679999999760184,"failureMessages":[],"meta":{},"tags":[]},{"ancestorTitles":["T-038 normalising a whole binding"],"fullName":"T-038 normalising a whole binding says what it did in the doctrine words, naming both the label and the column","status":"passed","title":"says what it did in the doctrine words, naming both the label and the column","duration":0.44660000001022127,"failureMessages":[],"meta":{},"tags":[]},{"ancestorTitles":["T-038 normalising a whole binding"],"fullName":"T-038 normalising a whole binding says plainly that an ambiguous label was NOT resolved","status":"passed","title":"says plainly that an ambiguous label was NOT resolved","duration":0.2661999999982072,"failureMessages":[],"meta":{},"tags":[]}],"startTime":1786047669228,"endTime":1786047669237.4465,"status":"passed","message":"","name":"C:/Workspace/PlantProcess-IQ/Frontend/PlantProcess.Web/src/authoring/roleBindingCompat.test.ts"},{"assertionResults":[{"ancestorTitles":["T-038 the S2 catalogue comes from the server"],"fullName":"T-038 the S2 catalogue comes from the server offers the published chart types and nothing written into the product","status":"passed","title":"offers the published chart types and nothing written into the product","duration":623.9285999999993,"failureMessages":[],"meta":{},"tags":[]},{"ancestorTitles":["T-038 the S2 catalogue comes from the server"],"fullName":"T-038 the S2 catalogue comes from the server follows the chart type's declared support instead of assuming both","status":"passed","title":"follows the chart type's declared support instead of assuming both","duration":292.6772000000019,"failureMessages":[],"meta":{},"tags":[]},{"ancestorTitles":["T-038 the S2 catalogue comes from the server"],"fullName":"T-038 the S2 catalogue comes from the server asks for a parameter only when the chosen field declares it needs one","status":"passed","title":"asks for a parameter only when the chosen field declares it needs one","duration":341.52090000000317,"failureMessages":[],"meta":{},"tags":[]},{"ancestorTitles":["T-038 the S2 catalogue comes from the server"],"fullName":"T-038 the S2 catalogue comes from the server takes a filter value from its published catalogue when it has one","status":"passed","title":"takes a filter value from its published catalogue when it has one","duration":441.41569999999774,"failureMessages":[],"meta":{},"tags":[]},{"ancestorTitles":["T-038 the S2 catalogue comes from the server"],"fullName":"T-038 the S2 catalogue comes from the server carries a filter the author adds into the definition","status":"passed","title":"carries a filter the author adds into the definition","duration":563.8276000000005,"failureMessages":[],"meta":{},"tags":[]},{"ancestorTitles":["T-038 Run test executes the existing canonical expression contract"],"fullName":"T-038 Run test executes the existing canonical expression contract sends the authored expression and renders the returned columns","status":"passed","title":"sends the authored expression and renders the returned columns","duration":184.3181000000004,"failureMessages":[],"meta":{},"tags":[]},{"ancestorTitles":["T-038 Run test executes the existing canonical expression contract"],"fullName":"T-038 Run test executes the existing canonical expression contract reports zero rows without claiming a cause the server cannot see","status":"passed","title":"reports zero rows without claiming a cause the server cannot see","duration":174.28449999999793,"failureMessages":[],"meta":{},"tags":[]},{"ancestorTitles":["T-038 Run test executes the existing canonical expression contract"],"fullName":"T-038 Run test executes the existing canonical expression contract never puts the thrown value in front of a plant engineer","status":"passed","title":"never puts the thrown value in front of a plant engineer","duration":163.36219999999958,"failureMessages":[],"meta":{},"tags":[]},{"ancestorTitles":["T-038 the returned columns map to Axis, Value and Series"],"fullName":"T-038 the returned columns map to Axis, Value and Series offers the column CODES as the role choices, not their labels","status":"passed","title":"offers the column CODES as the role choices, not their labels","duration":254.02639999999883,"failureMessages":[],"meta":{},"tags":[]},{"ancestorTitles":["T-038 the returned columns map to Axis, Value and Series"],"fullName":"T-038 the returned columns map to Axis, Value and Series writes the assignment into the definition under the stored key","status":"passed","title":"writes the assignment into the definition under the stored key","duration":250.3280999999988,"failureMessages":[],"meta":{},"tags":[]},{"ancestorTitles":["T-038 the returned columns map to Axis, Value and Series"],"fullName":"T-038 the returned columns map to Axis, Value and Series names the vanished column in the Job Log when a mapped column stops being returned","status":"passed","title":"names the vanished column in the Job Log when a mapped column stops being returned","duration":174.84679999999935,"failureMessages":[],"meta":{},"tags":[]},{"ancestorTitles":["T-038 a widget bound under the old surface reopens correctly"],"fullName":"T-038 a widget bound under the old surface reopens correctly resolves a unique legacy label to its column and normalises the definition","status":"passed","title":"resolves a unique legacy label to its column and normalises the definition","duration":171.4318000000021,"failureMessages":[],"meta":{},"tags":[]},{"ancestorTitles":["T-038 a widget bound under the old surface reopens correctly"],"fullName":"T-038 a widget bound under the old surface reopens correctly refuses to resolve a label two returned columns share","status":"passed","title":"refuses to resolve a label two returned columns share","duration":176.28319999999803,"failureMessages":[],"meta":{},"tags":[]},{"ancestorTitles":["T-038 the S2 face stays on its own contract"],"fullName":"T-038 the S2 face stays on its own contract never reaches the preparation path or the staged catalogue","status":"passed","title":"never reaches the preparation path or the staged catalogue","duration":1.5069000000003143,"failureMessages":[],"meta":{},"tags":[]}],"startTime":1786047581273,"endTime":1786047585088.5068,"status":"passed","message":"","name":"C:/Workspace/PlantProcess-IQ/Frontend/PlantProcess.Web/src/authoring/s2QueryBinding.test.tsx"},{"assertionResults":[{"ancestorTitles":["T-038 S2 declares the query contract it already authors"],"fullName":"T-038 S2 declares the query contract it already authors names the widget query expression contract on S2","status":"passed","title":"names the widget query expression contract on S2","duration":1.8953000000037719,"failureMessages":[],"meta":{},"tags":[]},{"ancestorTitles":["T-038 S2 declares the query contract it already authors"],"fullName":"T-038 S2 declares the query contract it already authors declares no query contract on any other purpose","status":"passed","title":"declares no query contract on any other purpose","duration":0.996899999998277,"failureMessages":[],"meta":{},"tags":[]},{"ancestorTitles":["T-038 S2 declares the query contract it already authors"],"fullName":"T-038 S2 declares the query contract it already authors leaves every other purpose byte for byte as it was","status":"passed","title":"leaves every other purpose byte for byte as it was","duration":0.8732000000018161,"failureMessages":[],"meta":{},"tags":[]},{"ancestorTitles":["T-038 S2 declares the query contract it already authors"],"fullName":"T-038 S2 declares the query contract it already authors keeps the staged catalogue on S1 and off S2","status":"passed","title":"keeps the staged catalogue on S1 and off S2","duration":0.3294999999925494,"failureMessages":[],"meta":{},"tags":[]},{"ancestorTitles":["T-038 S2 declares the query contract it already authors"],"fullName":"T-038 S2 declares the query contract it already authors never calls the widget query expression by the name of another language","status":"passed","title":"never calls the widget query expression by the name of another language","duration":0.25080000000889413,"failureMessages":[],"meta":{},"tags":[]}],"startTime":1786047651218,"endTime":1786047651222.3296,"status":"passed","message":"","name":"C:/Workspace/PlantProcess-IQ/Frontend/PlantProcess.Web/src/authoring/s2QueryContract.test.ts"},{"assertionResults":[{"ancestorTitles":["T-038 the S2 shell offers saving, not board actions"],"fullName":"T-038 the S2 shell offers saving, not board actions shows Save widget where a preparation purpose shows Run and Publish","status":"passed","title":"shows Save widget where a preparation purpose shows Run and Publish","duration":1068.5319000000018,"failureMessages":[],"meta":{},"tags":[]},{"ancestorTitles":["T-038 the S2 shell offers saving, not board actions"],"fullName":"T-038 the S2 shell offers saving, not board actions loads the saved widget's title into the one name control","status":"passed","title":"loads the saved widget's title into the one name control","duration":34.52959999999803,"failureMessages":[],"meta":{},"tags":[]},{"ancestorTitles":["T-038 the S2 shell offers saving, not board actions"],"fullName":"T-038 the S2 shell offers saving, not board actions refuses to save a widget with nothing in it, and says which thing is missing","status":"passed","title":"refuses to save a widget with nothing in it, and says which thing is missing","duration":740.4655999999995,"failureMessages":[],"meta":{},"tags":[]},{"ancestorTitles":["T-038 Edit saves the same widget back"],"fullName":"T-038 Edit saves the same widget back updates by id and sends a definition equal to the one it opened","status":"passed","title":"updates by id and sends a definition equal to the one it opened","duration":1104.4854999999989,"failureMessages":[],"meta":{},"tags":[]},{"ancestorTitles":["T-038 Edit saves the same widget back"],"fullName":"T-038 Edit saves the same widget back tells the caller it saved and then closes","status":"passed","title":"tells the caller it saved and then closes","duration":714.2740999999987,"failureMessages":[],"meta":{},"tags":[]},{"ancestorTitles":["T-038 Add creates a widget the dashboard did not have"],"fullName":"T-038 Add creates a widget the dashboard did not have creates rather than updates when there is nothing to edit","status":"passed","title":"creates rather than updates when there is nothing to edit","duration":1137.447500000002,"failureMessages":[],"meta":{},"tags":[]},{"ancestorTitles":["T-038 the save never lies about what went wrong"],"fullName":"T-038 the save never lies about what went wrong shows no raw exception when the server refuses","status":"passed","title":"shows no raw exception when the server refuses","duration":719.8584999999985,"failureMessages":[],"meta":{},"tags":[]},{"ancestorTitles":["T-038 the save never lies about what went wrong"],"fullName":"T-038 the save never lies about what went wrong refuses without calling the server when it was opened with no dashboard","status":"passed","title":"refuses without calling the server when it was opened with no dashboard","duration":730.5377999999982,"failureMessages":[],"meta":{},"tags":[]}],"startTime":1786047570928,"endTime":1786047577179.5378,"status":"passed","message":"","name":"C:/Workspace/PlantProcess-IQ/Frontend/PlantProcess.Web/src/authoring/s2ShellSave.test.tsx"},{"assertionResults":[{"ancestorTitles":["wording for facts the catalogue may not have"],"fullName":"wording for facts the catalogue may not have states nullability beside the type when the server sent it","status":"passed","title":"states nullability beside the type when the server sent it","duration":1.8276999999943655,"failureMessages":[],"meta":{},"tags":[]},{"ancestorTitles":["wording for facts the catalogue may not have"],"fullName":"wording for facts the catalogue may not have shows the type alone rather than inventing not null","status":"passed","title":"shows the type alone rather than inventing not null","duration":0.3864999999932479,"failureMessages":[],"meta":{},"tags":[]},{"ancestorTitles":["wording for facts the catalogue may not have"],"fullName":"wording for facts the catalogue may not have says a table was never analysed instead of calling it empty","status":"passed","title":"says a table was never analysed instead of calling it empty","duration":0.5727999999944586,"failureMessages":[],"meta":{},"tags":[]},{"ancestorTitles":["search"],"fullName":"search narrows nothing and forces nothing open without a query","status":"passed","title":"narrows nothing and forces nothing open without a query","duration":0.9165999999968335,"failureMessages":[],"meta":{},"tags":[]},{"ancestorTitles":["search"],"fullName":"search keeps a whole schema when the schema name matches","status":"passed","title":"keeps a whole schema when the schema name matches","duration":0.5541999999986729,"failureMessages":[],"meta":{},"tags":[]},{"ancestorTitles":["search"],"fullName":"search keeps every column of a table whose NAME matched","status":"passed","title":"keeps every column of a table whose NAME matched","duration":0.5102999999944586,"failureMessages":[],"meta":{},"tags":[]},{"ancestorTitles":["search"],"fullName":"search narrows to the matching columns and opens ONLY the tables that hold them","status":"passed","title":"narrows to the matching columns and opens ONLY the tables that hold them","duration":0.5623999999952503,"failureMessages":[],"meta":{},"tags":[]},{"ancestorTitles":["search"],"fullName":"search does not force open a table that matched only by its own name","status":"passed","title":"does not force open a table that matched only by its own name","duration":0.9651999999914551,"failureMessages":[],"meta":{},"tags":[]},{"ancestorTitles":["search"],"fullName":"search is case insensitive and reports the schemas to unfold","status":"passed","title":"is case insensitive and reports the schemas to unfold","duration":6.317599999994854,"failureMessages":[],"meta":{},"tags":[]},{"ancestorTitles":["search"],"fullName":"search returns nothing at all rather than everything when nothing matches","status":"passed","title":"returns nothing at all rather than everything when nothing matches","duration":0.6736999999993714,"failureMessages":[],"meta":{},"tags":[]},{"ancestorTitles":["multi-select"],"fullName":"multi-select adds, reports and removes without mutating what it was given","status":"passed","title":"adds, reports and removes without mutating what it was given","duration":1.5029999999969732,"failureMessages":[],"meta":{},"tags":[]},{"ancestorTitles":["multi-select"],"fullName":"multi-select drops a table from the selection rather than leaving it empty","status":"passed","title":"drops a table from the selection rather than leaving it empty","duration":0.42190000000118744,"failureMessages":[],"meta":{},"tags":[]},{"ancestorTitles":["multi-select"],"fullName":"multi-select keeps three columns of one table in the order they were chosen","status":"passed","title":"keeps three columns of one table in the order they were chosen","duration":0.2592999999906169,"failureMessages":[],"meta":{},"tags":[]},{"ancestorTitles":["multi-select"],"fullName":"multi-select says plainly that a drag carries one table when the selection spans two","status":"passed","title":"says plainly that a drag carries one table when the selection spans two","duration":0.6505999999935739,"failureMessages":[],"meta":{},"tags":[]},{"ancestorTitles":["multi-select"],"fullName":"multi-select names the single table and gets the singular right","status":"passed","title":"names the single table and gets the singular right","duration":0.4912999999942258,"failureMessages":[],"meta":{},"tags":[]},{"ancestorTitles":["drag payload"],"fullName":"drag payload round-trips a whole table and a set of attributes","status":"passed","title":"round-trips a whole table and a set of attributes","duration":0.6484000000054948,"failureMessages":[],"meta":{},"tags":[]},{"ancestorTitles":["drag payload"],"fullName":"drag payload fails closed on anything it did not write","status":"passed","title":"fails closed on anything it did not write","duration":0.7715000000025611,"failureMessages":[],"meta":{},"tags":[]},{"ancestorTitles":["drag payload"],"fullName":"drag payload resolves a drop against the catalogue and never invents the dataset","status":"passed","title":"resolves a drop against the catalogue and never invents the dataset","duration":0.3380999999935739,"failureMessages":[],"meta":{},"tags":[]},{"ancestorTitles":["drag payload"],"fullName":"drag payload carries one MIME type both sides agree on","status":"passed","title":"carries one MIME type both sides agree on","duration":0.21859999999287538,"failureMessages":[],"meta":{},"tags":[]}],"startTime":1786047646307,"endTime":1786047646326.3381,"status":"passed","message":"","name":"C:/Workspace/PlantProcess-IQ/Frontend/PlantProcess.Web/src/authoring/schemaTreeModel.test.ts"},{"assertionResults":[{"ancestorTitles":["T-032 part A: one authoring shell, no second authoring page"],"fullName":"T-032 part A: one authoring shell, no second authoring page the shell exists and is the only module exporting SharedAuthoringShell","status":"passed","title":"the shell exists and is the only module exporting SharedAuthoringShell","duration":172.3759000000009,"failureMessages":[],"meta":{},"tags":[]},{"ancestorTitles":["T-032 part A: one authoring shell, no second authoring page"],"fullName":"T-032 part A: one authoring shell, no second authoring page no page component owns an authoring board except those a later task converges","status":"passed","title":"no page component owns an authoring board except those a later task converges","duration":33.797200000000885,"failureMessages":[],"meta":{},"tags":[]},{"ancestorTitles":["T-032 part A: one authoring shell, no second authoring page"],"fullName":"T-032 part A: one authoring shell, no second authoring page the pending-convergence list is self-cleaning","status":"passed","title":"the pending-convergence list is self-cleaning","duration":3.4372000000003027,"failureMessages":[],"meta":{},"tags":[]},{"ancestorTitles":["T-032 part A: one authoring shell, no second authoring page"],"fullName":"T-032 part A: one authoring shell, no second authoring page the retired S1 page is gone from the tree, not merely unrouted","status":"passed","title":"the retired S1 page is gone from the tree, not merely unrouted","duration":3.834100000000035,"failureMessages":[],"meta":{},"tags":[]},{"ancestorTitles":["T-032 part A: one authoring shell, no second authoring page"],"fullName":"T-032 part A: one authoring shell, no second authoring page the retired widget authoring surface is gone from the tree","status":"passed","title":"the retired widget authoring surface is gone from the tree","duration":2.761499999998705,"failureMessages":[],"meta":{},"tags":[]},{"ancestorTitles":["T-032 part A: one authoring shell, no second authoring page"],"fullName":"T-032 part A: one authoring shell, no second authoring page no module references the retired widget authoring surface","status":"passed","title":"no module references the retired widget authoring surface","duration":168.3760000000002,"failureMessages":[],"meta":{},"tags":[]},{"ancestorTitles":["T-032 part A: one authoring shell, no second authoring page"],"fullName":"T-032 part A: one authoring shell, no second authoring page the application routes the authoring surface to the shell","status":"passed","title":"the application routes the authoring surface to the shell","duration":1.364399999998568,"failureMessages":[],"meta":{},"tags":[]},{"ancestorTitles":["T-032 part A: one authoring shell, no second authoring page"],"fullName":"T-032 part A: one authoring shell, no second authoring page the purpose registry carries all five purposes of section 5.2.1","status":"passed","title":"the purpose registry carries all five purposes of section 5.2.1","duration":0.6460000000006403,"failureMessages":[],"meta":{},"tags":[]},{"ancestorTitles":["T-032 part A: one authoring shell, no second authoring page"],"fullName":"T-032 part A: one authoring shell, no second authoring page the shell hardcodes no plant vocabulary","status":"passed","title":"the shell hardcodes no plant vocabulary","duration":6.448500000000422,"failureMessages":[],"meta":{},"tags":[]},{"ancestorTitles":["T-032 part B: the four regions render in every mode"],"fullName":"T-032 part B: the four regions render in every mode S1 renders mode bar, schema tree, board, toolbox and debug log","status":"passed","title":"S1 renders mode bar, schema tree, board, toolbox and debug log","duration":118.4989999999998,"failureMessages":[],"meta":{},"tags":[]},{"ancestorTitles":["T-032 part B: the four regions render in every mode"],"fullName":"T-032 part B: the four regions render in every mode S2 renders the four regions with the query-binding face in the centre","status":"passed","title":"S2 renders the four regions with the query-binding face in the centre","duration":33.51900000000023,"failureMessages":[],"meta":{},"tags":[]},{"ancestorTitles":["T-032 part B: the four regions render in every mode"],"fullName":"T-032 part B: the four regions render in every mode S2 offers no control named after the preparation language","status":"passed","title":"S2 offers no control named after the preparation language","duration":1010.8351999999995,"failureMessages":[],"meta":{},"tags":[]},{"ancestorTitles":["T-032 part B: the four regions render in every mode"],"fullName":"T-032 part B: the four regions render in every mode S1 still offers both of its own modes","status":"passed","title":"S1 still offers both of its own modes","duration":824.5789999999997,"failureMessages":[],"meta":{},"tags":[]},{"ancestorTitles":["T-032 part B: the four regions render in every mode"],"fullName":"T-032 part B: the four regions render in every mode SQL mode hides the toolbox entirely rather than disabling it","status":"passed","title":"SQL mode hides the toolbox entirely rather than disabling it","duration":799.0450999999994,"failureMessages":[],"meta":{},"tags":[]},{"ancestorTitles":["T-032 part B: the four regions render in every mode"],"fullName":"T-032 part B: the four regions render in every mode S1 enables exactly the three relational blocks the board implements","status":"passed","title":"S1 enables exactly the three relational blocks the board implements","duration":785.8356999999996,"failureMessages":[],"meta":{},"tags":[]},{"ancestorTitles":["T-032 part B: the four regions render in every mode"],"fullName":"T-032 part B: the four regions render in every mode the board actions are visible affordances, not key bindings only","status":"passed","title":"the board actions are visible affordances, not key bindings only","duration":751.2795999999998,"failureMessages":[],"meta":{},"tags":[]},{"ancestorTitles":["T-032 part B: the four regions render in every mode"],"fullName":"T-032 part B: the four regions render in every mode Run is refused while the validity indicator reads Invalid","status":"passed","title":"Run is refused while the validity indicator reads Invalid","duration":555.3842999999997,"failureMessages":[],"meta":{},"tags":[]}],"startTime":1786047561595,"endTime":1786047566868.3843,"status":"passed","message":"","name":"C:/Workspace/PlantProcess-IQ/Frontend/PlantProcess.Web/src/authoring/sharedAuthoringShell.test.tsx"},{"assertionResults":[{"ancestorTitles":["the invariant"],"fullName":"the invariant gives back exactly what it was given","status":"passed","title":"gives back exactly what it was given","duration":3.1264000000082888,"failureMessages":[],"meta":{},"tags":[]},{"ancestorTitles":["the invariant"],"fullName":"the invariant covers every character exactly once","status":"passed","title":"covers every character exactly once","duration":0.7027999999991152,"failureMessages":[],"meta":{},"tags":[]},{"ancestorTitles":["what it distinguishes"],"fullName":"what it distinguishes marks keywords whatever their case","status":"passed","title":"marks keywords whatever their case","duration":1.2421999999933178,"failureMessages":[],"meta":{},"tags":[]},{"ancestorTitles":["what it distinguishes"],"fullName":"what it distinguishes leaves a keyword inside a string or a comment alone","status":"passed","title":"leaves a keyword inside a string or a comment alone","duration":0.2595000000001164,"failureMessages":[],"meta":{},"tags":[]},{"ancestorTitles":["what it distinguishes"],"fullName":"what it distinguishes does not split a word that merely contains a keyword","status":"passed","title":"does not split a word that merely contains a keyword","duration":0.2559999999939464,"failureMessages":[],"meta":{},"tags":[]},{"ancestorTitles":["what it distinguishes"],"fullName":"what it distinguishes marks quoted identifiers, numbers and strings apart","status":"passed","title":"marks quoted identifiers, numbers and strings apart","duration":0.25979999999981374,"failureMessages":[],"meta":{},"tags":[]},{"ancestorTitles":["what it distinguishes"],"fullName":"what it distinguishes says nothing about whether the statement is allowed to run","status":"passed","title":"says nothing about whether the statement is allowed to run","duration":0.1912000000011176,"failureMessages":[],"meta":{},"tags":[]},{"ancestorTitles":["the rendering"],"fullName":"the rendering shows the statement unchanged and marks its syntax","status":"passed","title":"shows the statement unchanged and marks its syntax","duration":29.52919999998994,"failureMessages":[],"meta":{},"tags":[]},{"ancestorTitles":["the rendering"],"fullName":"the rendering hides the copy that sits behind the editor from assistive technology","status":"passed","title":"hides the copy that sits behind the editor from assistive technology","duration":5.384200000000419,"failureMessages":[],"meta":{},"tags":[]}],"startTime":1786047630576,"endTime":1786047630617.3843,"status":"passed","message":"","name":"C:/Workspace/PlantProcess-IQ/Frontend/PlantProcess.Web/src/authoring/sqlHighlight.test.tsx"},{"assertionResults":[{"ancestorTitles":["reconstructability, which fails closed"],"fullName":"reconstructability, which fails closed proves the untouched case","status":"passed","title":"proves the untouched case","duration":1.6001000000105705,"failureMessages":[],"meta":{},"tags":[]},{"ancestorTitles":["reconstructability, which fails closed"],"fullName":"reconstructability, which fails closed forgives only line endings and outer whitespace","status":"passed","title":"forgives only line endings and outer whitespace","duration":0.33930000000691507,"failureMessages":[],"meta":{},"tags":[]},{"ancestorTitles":["reconstructability, which fails closed"],"fullName":"reconstructability, which fails closed refuses a reformat rather than claiming to understand it","status":"passed","title":"refuses a reformat rather than claiming to understand it","duration":0.41999999999825377,"failureMessages":[],"meta":{},"tags":[]},{"ancestorTitles":["reconstructability, which fails closed"],"fullName":"reconstructability, which fails closed refuses a case change, because it has no parser to say that is safe","status":"passed","title":"refuses a case change, because it has no parser to say that is safe","duration":0.21829999999317806,"failureMessages":[],"meta":{},"tags":[]},{"ancestorTitles":["reconstructability, which fails closed"],"fullName":"reconstructability, which fails closed refuses an edit","status":"passed","title":"refuses an edit","duration":0.25660000000789296,"failureMessages":[],"meta":{},"tags":[]},{"ancestorTitles":["reconstructability, which fails closed"],"fullName":"reconstructability, which fails closed refuses when there is no recorded origin at all","status":"passed","title":"refuses when there is no recorded origin at all","duration":0.5326999999961117,"failureMessages":[],"meta":{},"tags":[]},{"ancestorTitles":["reconstructability, which fails closed"],"fullName":"reconstructability, which fails closed warns in words that name the reason and the consequence","status":"passed","title":"warns in words that name the reason and the consequence","duration":0.5236000000004424,"failureMessages":[],"meta":{},"tags":[]},{"ancestorTitles":["completions, drawn from the live catalogue"],"fullName":"completions, drawn from the live catalogue reads the word under the caret","status":"passed","title":"reads the word under the caret","duration":1.6674999999959255,"failureMessages":[],"meta":{},"tags":[]},{"ancestorTitles":["completions, drawn from the live catalogue"],"fullName":"completions, drawn from the live catalogue offers only that table's columns after a qualifier","status":"passed","title":"offers only that table's columns after a qualifier","duration":0.9839000000065425,"failureMessages":[],"meta":{},"tags":[]},{"ancestorTitles":["completions, drawn from the live catalogue"],"fullName":"completions, drawn from the live catalogue offers schemas, tables and columns unqualified, and says where each came from","status":"passed","title":"offers schemas, tables and columns unqualified, and says where each came from","duration":0.6784999999945285,"failureMessages":[],"meta":{},"tags":[]},{"ancestorTitles":["completions, drawn from the live catalogue"],"fullName":"completions, drawn from the live catalogue returns nothing rather than everything when nothing matches","status":"passed","title":"returns nothing rather than everything when nothing matches","duration":0.5859999999956926,"failureMessages":[],"meta":{},"tags":[]},{"ancestorTitles":["completions, drawn from the live catalogue"],"fullName":"completions, drawn from the live catalogue is bounded, so a wide catalogue cannot flood the editor","status":"passed","title":"is bounded, so a wide catalogue cannot flood the editor","duration":0.33830000000307336,"failureMessages":[],"meta":{},"tags":[]},{"ancestorTitles":["the Run Test column report"],"fullName":"the Run Test column report pairs each column with the type the server measured","status":"passed","title":"pairs each column with the type the server measured","duration":0.3840000000054715,"failureMessages":[],"meta":{},"tags":[]},{"ancestorTitles":["the Run Test column report"],"fullName":"the Run Test column report admits an absent type instead of inferring one from the sample","status":"passed","title":"admits an absent type instead of inferring one from the sample","duration":0.20510000000649597,"failureMessages":[],"meta":{},"tags":[]},{"ancestorTitles":["the Run Test column report"],"fullName":"the Run Test column report skips empty cells to find a representative sample","status":"passed","title":"skips empty cells to find a representative sample","duration":0.14470000000437722,"failureMessages":[],"meta":{},"tags":[]},{"ancestorTitles":["the Run Test column report"],"fullName":"the Run Test column report says so when there is nothing to sample","status":"passed","title":"says so when there is nothing to sample","duration":0.2706000000034692,"failureMessages":[],"meta":{},"tags":[]},{"ancestorTitles":["the Run Test column report"],"fullName":"the Run Test column report truncates a long value rather than filling the panel with it","status":"passed","title":"truncates a long value rather than filling the panel with it","duration":0.16939999999885913,"failureMessages":[],"meta":{},"tags":[]}],"startTime":1786047662391,"endTime":1786047662401.2705,"status":"passed","message":"","name":"C:/Workspace/PlantProcess-IQ/Frontend/PlantProcess.Web/src/authoring/sqlModeModel.test.ts"},{"assertionResults":[{"ancestorTitles":["section 5.2.12, the toolbox in SQL mode"],"fullName":"section 5.2.12, the toolbox in SQL mode is present in Block mode and GONE in SQL mode, not merely disabled","status":"passed","title":"is present in Block mode and GONE in SQL mode, not merely disabled","duration":1431.1834999999992,"failureMessages":[],"meta":{},"tags":[]},{"ancestorTitles":["section 5.2.12, the toolbox in SQL mode"],"fullName":"section 5.2.12, the toolbox in SQL mode keeps the schema tree in SQL mode, which the shell contract requires","status":"passed","title":"keeps the schema tree in SQL mode, which the shell contract requires","duration":850.511599999998,"failureMessages":[],"meta":{},"tags":[]},{"ancestorTitles":["section 5.2.12, the toolbox in SQL mode"],"fullName":"section 5.2.12, the toolbox in SQL mode returns to the board without a prompt when nothing was ever authored","status":"passed","title":"returns to the board without a prompt when nothing was ever authored","duration":1001.0478000000003,"failureMessages":[],"meta":{},"tags":[]}],"startTime":1786047589698,"endTime":1786047592981.0479,"status":"passed","message":"","name":"C:/Workspace/PlantProcess-IQ/Frontend/PlantProcess.Web/src/authoring/sqlModeShell.test.tsx"},{"assertionResults":[{"ancestorTitles":["T-038 the round-trip invariant: load, edit nothing, compile"],"fullName":"T-038 the round-trip invariant: load, edit nothing, compile keeps the widget identity and the code it was saved under","status":"passed","title":"keeps the widget identity and the code it was saved under","duration":2.705900000000838,"failureMessages":[],"meta":{},"tags":[]},{"ancestorTitles":["T-038 the round-trip invariant: load, edit nothing, compile"],"fullName":"T-038 the round-trip invariant: load, edit nothing, compile keeps the title, chart type and configuration","status":"passed","title":"keeps the title, chart type and configuration","duration":0.8607000000047265,"failureMessages":[],"meta":{},"tags":[]},{"ancestorTitles":["T-038 the round-trip invariant: load, edit nothing, compile"],"fullName":"T-038 the round-trip invariant: load, edit nothing, compile keeps the query expression, and reopens the widget as a query","status":"passed","title":"keeps the query expression, and reopens the widget as a query","duration":0.5503999999928055,"failureMessages":[],"meta":{},"tags":[]},{"ancestorTitles":["T-038 the round-trip invariant: load, edit nothing, compile"],"fullName":"T-038 the round-trip invariant: load, edit nothing, compile keeps the filters as the same set, not as the same string","status":"passed","title":"keeps the filters as the same set, not as the same string","duration":0.47220000000379514,"failureMessages":[],"meta":{},"tags":[]},{"ancestorTitles":["T-038 the round-trip invariant: load, edit nothing, compile"],"fullName":"T-038 the round-trip invariant: load, edit nothing, compile keeps the role binding and every unrelated display option beside it","status":"passed","title":"keeps the role binding and every unrelated display option beside it","duration":0.38659999999799766,"failureMessages":[],"meta":{},"tags":[]},{"ancestorTitles":["T-038 loading a saved definition"],"fullName":"T-038 loading a saved definition reads a catalogue-bound widget back as catalogue-bound","status":"passed","title":"reads a catalogue-bound widget back as catalogue-bound","duration":0.3575999999884516,"failureMessages":[],"meta":{},"tags":[]},{"ancestorTitles":["T-038 loading a saved definition"],"fullName":"T-038 loading a saved definition starts empty when there is nothing to load","status":"passed","title":"starts empty when there is nothing to load","duration":0.4470000000001164,"failureMessages":[],"meta":{},"tags":[]},{"ancestorTitles":["T-038 loading a saved definition"],"fullName":"T-038 loading a saved definition treats a malformed filter blob as no filters rather than losing the widget","status":"passed","title":"treats a malformed filter blob as no filters rather than losing the widget","duration":0.3393999999971129,"failureMessages":[],"meta":{},"tags":[]},{"ancestorTitles":["T-038 loading a saved definition"],"fullName":"T-038 loading a saved definition drops a filter that has no value, in and out","status":"passed","title":"drops a filter that has no value, in and out","duration":0.7261999999900581,"failureMessages":[],"meta":{},"tags":[]},{"ancestorTitles":["T-038 the catalogue decides, not the surface"],"fullName":"T-038 the catalogue decides, not the surface follows the chart type's declared support rather than assuming both","status":"passed","title":"follows the chart type's declared support rather than assuming both","duration":0.514100000000326,"failureMessages":[],"meta":{},"tags":[]},{"ancestorTitles":["T-038 the catalogue decides, not the surface"],"fullName":"T-038 the catalogue decides, not the surface leaves both open before a chart type is chosen, and for one it does not know","status":"passed","title":"leaves both open before a chart type is chosen, and for one it does not know","duration":0.27479999999923166,"failureMessages":[],"meta":{},"tags":[]},{"ancestorTitles":["T-038 the catalogue decides, not the surface"],"fullName":"T-038 the catalogue decides, not the surface asks for a parameter only when a chosen field declares it needs one","status":"passed","title":"asks for a parameter only when a chosen field declares it needs one","duration":0.20570000000589062,"failureMessages":[],"meta":{},"tags":[]},{"ancestorTitles":["T-038 the catalogue decides, not the surface"],"fullName":"T-038 the catalogue decides, not the surface keeps a parameter code the definition needs, and carries none it does not","status":"passed","title":"keeps a parameter code the definition needs, and carries none it does not","duration":0.35640000000421423,"failureMessages":[],"meta":{},"tags":[]},{"ancestorTitles":["T-038 the catalogue decides, not the surface"],"fullName":"T-038 the catalogue decides, not the surface files a new widget under the chart type's own category","status":"passed","title":"files a new widget under the chart type's own category","duration":0.22400000000197906,"failureMessages":[],"meta":{},"tags":[]},{"ancestorTitles":["T-038 creating a widget that does not exist yet"],"fullName":"T-038 creating a widget that does not exist yet derives a code from the title with the suffix the caller supplied","status":"passed","title":"derives a code from the title with the suffix the caller supplied","duration":0.4070999999967171,"failureMessages":[],"meta":{},"tags":[]},{"ancestorTitles":["T-038 creating a widget that does not exist yet"],"fullName":"T-038 creating a widget that does not exist yet never changes the code of a widget that already has one","status":"passed","title":"never changes the code of a widget that already has one","duration":0.19739999999001157,"failureMessages":[],"meta":{},"tags":[]},{"ancestorTitles":["T-038 creating a widget that does not exist yet"],"fullName":"T-038 creating a widget that does not exist yet writes no role binding for a catalogue-bound widget","status":"passed","title":"writes no role binding for a catalogue-bound widget","duration":0.2813000000023749,"failureMessages":[],"meta":{},"tags":[]},{"ancestorTitles":["T-038 the refusal speaks in the words the author already reads"],"fullName":"T-038 the refusal speaks in the words the author already reads names the missing title first","status":"passed","title":"names the missing title first","duration":0.18740000000980217,"failureMessages":[],"meta":{},"tags":[]},{"ancestorTitles":["T-038 the refusal speaks in the words the author already reads"],"fullName":"T-038 the refusal speaks in the words the author already reads names the missing chart type next","status":"passed","title":"names the missing chart type next","duration":0.14230000000679865,"failureMessages":[],"meta":{},"tags":[]},{"ancestorTitles":["T-038 the refusal speaks in the words the author already reads"],"fullName":"T-038 the refusal speaks in the words the author already reads asks for something to show when the chart type uses a measure","status":"passed","title":"asks for something to show when the chart type uses a measure","duration":0.17220000000088476,"failureMessages":[],"meta":{},"tags":[]},{"ancestorTitles":["T-038 the refusal speaks in the words the author already reads"],"fullName":"T-038 the refusal speaks in the words the author already reads does not refuse a saved definition that was already valid","status":"passed","title":"does not refuse a saved definition that was already valid","duration":0.16849999999976717,"failureMessages":[],"meta":{},"tags":[]}],"startTime":1786047642431,"endTime":1786047642442.1875,"status":"passed","message":"","name":"C:/Workspace/PlantProcess-IQ/Frontend/PlantProcess.Web/src/authoring/widgetDefinitionModel.test.ts"},{"assertionResults":[{"ancestorTitles":["T-038 Add and Edit reach the one authoring surface"],"fullName":"T-038 Add and Edit reach the one authoring surface Add Widget opens the shared shell in S2 with no widget loaded","status":"passed","title":"Add Widget opens the shared shell in S2 with no widget loaded","duration":614.6789999999964,"failureMessages":[],"meta":{},"tags":[]},{"ancestorTitles":["T-038 Add and Edit reach the one authoring surface"],"fullName":"T-038 Add and Edit reach the one authoring surface Edit Widget opens the SAME surface with the existing definition loaded","status":"passed","title":"Edit Widget opens the SAME surface with the existing definition loaded","duration":333.7352000000028,"failureMessages":[],"meta":{},"tags":[]},{"ancestorTitles":["T-038 Add and Edit reach the one authoring surface"],"fullName":"T-038 Add and Edit reach the one authoring surface hands the shell the dashboard to save into, and something to do when it closes","status":"passed","title":"hands the shell the dashboard to save into, and something to do when it closes","duration":131.7795000000042,"failureMessages":[],"meta":{},"tags":[]},{"ancestorTitles":["T-038 Add and Edit reach the one authoring surface"],"fullName":"T-038 Add and Edit reach the one authoring surface opens exactly one authoring surface, never two","status":"passed","title":"opens exactly one authoring surface, never two","duration":119.87320000000182,"failureMessages":[],"meta":{},"tags":[]},{"ancestorTitles":["T-038 Add and Edit reach the one authoring surface"],"fullName":"T-038 Add and Edit reach the one authoring surface shows no authoring surface until an entry point is used","status":"passed","title":"shows no authoring surface until an entry point is used","duration":13.844399999994494,"failureMessages":[],"meta":{},"tags":[]},{"ancestorTitles":["T-038 the page carries no trace of what was retired"],"fullName":"T-038 the page carries no trace of what was retired does not reference the retired widget authoring surface","status":"passed","title":"does not reference the retired widget authoring surface","duration":0.504399999997986,"failureMessages":[],"meta":{},"tags":[]},{"ancestorTitles":["T-038 the page carries no trace of what was retired"],"fullName":"T-038 the page carries no trace of what was retired uses the word the design uses for the open state","status":"passed","title":"uses the word the design uses for the open state","duration":0.36649999999644933,"failureMessages":[],"meta":{},"tags":[]}],"startTime":1786047598660,"endTime":1786047599876.3665,"status":"passed","message":"","name":"C:/Workspace/PlantProcess-IQ/Frontend/PlantProcess.Web/src/authoring/workspaceEntryPoints.test.tsx"},{"assertionResults":[{"ancestorTitles":["M1-11: one assistant, wired through the api client"],"fullName":"M1-11: one assistant, wired through the api client the orphaned GroundedAssistantPage is gone","status":"passed","title":"the orphaned GroundedAssistantPage is gone","duration":1.6146000000007916,"failureMessages":[],"meta":{},"tags":[]},{"ancestorTitles":["M1-11: one assistant, wired through the api client"],"fullName":"M1-11: one assistant, wired through the api client the live assistant page mounts AssistantChat","status":"passed","title":"the live assistant page mounts AssistantChat","duration":1.5359000000025844,"failureMessages":[],"meta":{},"tags":[]},{"ancestorTitles":["M1-11: one assistant, wired through the api client"],"fullName":"M1-11: one assistant, wired through the api client AssistantChat does not redeclare the wire types","status":"passed","title":"AssistantChat does not redeclare the wire types","duration":1.426900000005844,"failureMessages":[],"meta":{},"tags":[]},{"ancestorTitles":["M1-11: one assistant, wired through the api client"],"fullName":"M1-11: one assistant, wired through the api client nothing calls the ask endpoint outside the a
[...]
end/PlantProcess.Web/src/test/architecture/journeyProfessionalUi.contract.test.ts"},{"assertionResults":[{"ancestorTitles":["PPIQ-T15 JourneyRail is the canonical journey"],"fullName":"PPIQ-T15 JourneyRail is the canonical journey declares exactly fifteen stages","status":"passed","title":"declares exactly fifteen stages","duration":4.4821999999985565,"failureMessages":[],"meta":{},"tags":[]},{"ancestorTitles":["PPIQ-T15 JourneyRail is the canonical journey"],"fullName":"PPIQ-T15 JourneyRail is the canonical journey uses the Chapter 2 3.3.1 labels, verbatim and in order","status":"passed","title":"uses the Chapter 2 3.3.1 labels, verbatim and in order","duration":2.7765000000072177,"failureMessages":[],"meta":{},"tags":[]},{"ancestorTitles":["PPIQ-T15 JourneyRail is the canonical journey"],"fullName":"PPIQ-T15 JourneyRail is the canonical journey numbers the stages 1 to 15 in order","status":"passed","title":"numbers the stages 1 to 15 in order","duration":1.8325000000040745,"failureMessages":[],"meta":{},"tags":[]},{"ancestorTitles":["PPIQ-T15 JourneyRail is the canonical journey"],"fullName":"PPIQ-T15 JourneyRail is the canonical journey gives every match prefix to exactly one stage, so no stage is unreachable","status":"passed","title":"gives every match prefix to exactly one stage, so no stage is unreachable","duration":1.6104000000050291,"failureMessages":[],"meta":{},"tags":[]},{"ancestorTitles":["PPIQ-T15 JourneyRail is the canonical journey"],"fullName":"PPIQ-T15 JourneyRail is the canonical journey every non-commissioned stage can become current","status":"passed","title":"every non-commissioned stage can become current","duration":1.3039999999891734,"failureMessages":[],"meta":{},"tags":[]},{"ancestorTitles":["PPIQ-T15 JourneyRail is the canonical journey"],"fullName":"PPIQ-T15 JourneyRail is the canonical journey targets no route that is out of the presented inventory","status":"passed","title":"targets no route that is out of the presented inventory","duration":0.9496000000071945,"failureMessages":[],"meta":{},"tags":[]},{"ancestorTitles":["PPIQ-T15 JourneyRail is the canonical journey"],"fullName":"PPIQ-T15 JourneyRail is the canonical journey marks J1 to J3 as commissioning so the step count is honest","status":"passed","title":"marks J1 to J3 as commissioning so the step count is honest","duration":0.999100000000908,"failureMessages":[],"meta":{},"tags":[]}],"startTime":1786047637274,"endTime":1786047637287.999,"status":"passed","message":"","name":"C:/Workspace/PlantProcess-IQ/Frontend/PlantProcess.Web/src/test/architecture/journeyRailCanonical.test.ts"},{"assertionResults":[{"ancestorTitles":["C3/C4 large file architecture boundaries"],"fullName":"C3/C4 large file architecture boundaries implementation facades should stay small","status":"passed","title":"implementation facades should stay small","duration":247.24690000000555,"failureMessages":[],"meta":{},"tags":[]},{"ancestorTitles":["C3/C4 large file architecture boundaries"],"fullName":"C3/C4 large file architecture boundaries implementation files should not be imported directly by unrelated modules","status":"passed","title":"implementation files should not be imported directly by unrelated modules","duration":195.22170000000187,"failureMessages":[],"meta":{},"tags":[]},{"ancestorTitles":["C3/C4 large file architecture boundaries"],"fullName":"C3/C4 large file architecture boundaries retired legacy API client name must not return in runtime source","status":"passed","title":"retired legacy API client name must not return in runtime source","duration":223.92919999999867,"failureMessages":[],"meta":{},"tags":[]}],"startTime":1786047607599,"endTime":1786047608264.9292,"status":"passed","message":"","name":"C:/Workspace/PlantProcess-IQ/Frontend/PlantProcess.Web/src/test/architecture/largeFileBoundaries.test.ts"},{"assertionResults":[{"ancestorTitles":["PPIQ-T12 navigation contract"],"fullName":"PPIQ-T12 navigation contract declares navigation entries at all","status":"passed","title":"declares navigation entries at all","duration":2.6217000000033295,"failureMessages":[],"meta":{},"tags":[]},{"ancestorTitles":["PPIQ-T12 navigation contract"],"fullName":"PPIQ-T12 navigation contract routes no navigation entry to a phase-token path","status":"passed","title":"routes no navigation entry to a phase-token path","duration":1.4923000000126194,"failureMessages":[],"meta":{},"tags":[]},{"ancestorTitles":["PPIQ-T12 navigation contract"],"fullName":"PPIQ-T12 navigation contract keeps internal engineering tokens out of customer-visible strings","status":"passed","title":"keeps internal engineering tokens out of customer-visible strings","duration":1.9600999999966007,"failureMessages":[],"meta":{},"tags":[]}],"startTime":1786047663374,"endTime":1786047663379.9602,"status":"passed","message":"","name":"C:/Workspace/PlantProcess-IQ/Frontend/PlantProcess.Web/src/test/architecture/navigationContract.test.ts"},{"assertionResults":[{"ancestorTitles":["PPIQ Phase-3 no-debris"],"fullName":"PPIQ Phase-3 no-debris no committed *.bak_* files","status":"passed","title":"no committed *.bak_* files","duration":3.7630000000062864,"failureMessages":[],"meta":{},"tags":[]},{"ancestorTitles":["PPIQ Phase-3 no-debris"],"fullName":"PPIQ Phase-3 no-debris no _legacy_ folders","status":"passed","title":"no _legacy_ folders","duration":1.823099999994156,"failureMessages":[],"meta":{},"tags":[]},{"ancestorTitles":["PPIQ Phase-3 no-debris"],"fullName":"PPIQ Phase-3 no-debris no .runtime/.runtime.generated shim siblings","status":"passed","title":"no .runtime/.runtime.generated shim siblings","duration":1.543600000004517,"failureMessages":[],"meta":{},"tags":[]}],"startTime":1786047665336,"endTime":1786047665343.5437,"status":"passed","message":"","name":"C:/Workspace/PlantProcess-IQ/Frontend/PlantProcess.Web/src/test/architecture/noDebris.test.ts"},{"assertionResults":[{"ancestorTitles":["PPIQ-T14 Golden Rule: no hardcoded demo pages"],"fullName":"PPIQ-T14 Golden Rule: no hardcoded demo pages the Golden-Rule guard script is present","status":"passed","title":"the Golden-Rule guard script is present","duration":2.404999999998836,"failureMessages":[],"meta":{},"tags":[]},{"ancestorTitles":["PPIQ-T14 Golden Rule: no hardcoded demo pages"],"fullName":"PPIQ-T14 Golden Rule: no hardcoded demo pages no demo page is hardcoded as a React route","status":"passed","title":"no demo page is hardcoded as a React route","duration":511.00450000000274,"failureMessages":[],"meta":{},"tags":[]}],"startTime":1786047594027,"endTime":1786047594540.0044,"status":"passed","message":"","name":"C:/Workspace/PlantProcess-IQ/Frontend/PlantProcess.Web/src/test/architecture/noHardcodedDemoPages.test.ts"},{"assertionResults":[{"ancestorTitles":["frontend architecture guard"],"fullName":"frontend architecture guard retired legacy API files must stay deleted","status":"passed","title":"retired legacy API files must stay deleted","duration":3.0843000000022585,"failureMessages":[],"meta":{},"tags":[]},{"ancestorTitles":["frontend architecture guard"],"fullName":"frontend architecture guard product API client spine must exist","status":"passed","title":"product API client spine must exist","duration":3.5961999999999534,"failureMessages":[],"meta":{},"tags":[]},{"ancestorTitles":["frontend architecture guard"],"fullName":"frontend architecture guard product API client spine must not reintroduce retired legacy API references","status":"passed","title":"product API client spine must not reintroduce retired legacy API references","duration":2.095599999986007,"failureMessages":[],"meta":{},"tags":[]}],"startTime":1786047638522,"endTime":1786047638531.0957,"status":"passed","message":"","name":"C:/Workspace/PlantProcess-IQ/Frontend/PlantProcess.Web/src/test/architecture/noLegacyApiGrowth.test.ts"},{"assertionResults":[{"ancestorTitles":["encoding: no mojibake in source"],"fullName":"encoding: no mojibake in source no source file contains UTF-8-as-cp1252 corruption","status":"passed","title":"no source file contains UTF-8-as-cp1252 corruption","duration":248.65669999999955,"failureMessages":[],"meta":{},"tags":[]},{"ancestorTitles":["encoding: no mojibake in backend C# sources"],"fullName":"encoding: no mojibake in backend C# sources no .cs file contains UTF-8-as-cp1252 corruption","status":"passed","title":"no .cs file contains UTF-8-as-cp1252 corruption","duration":519.4028000000035,"failureMessages":[],"meta":{},"tags":[]}],"startTime":1786047600969,"endTime":1786047601737.4028,"status":"passed","message":"","name":"C:/Workspace/PlantProcess-IQ/Frontend/PlantProcess.Web/src/test/architecture/noMojibake.test.ts"},{"assertionResults":[{"ancestorTitles":["M1-08 Naming Golden Rule: zero phase tokens on the demo path"],"fullName":"M1-08 Naming Golden Rule: zero phase tokens on the demo path the assistant api file is not phase-named","status":"passed","title":"the assistant api file is not phase-named","duration":3.4906000000046333,"failureMessages":[],"meta":{},"tags":[]},{"ancestorTitles":["M1-08 Naming Golden Rule: zero phase tokens on the demo path"],"fullName":"M1-08 Naming Golden Rule: zero phase tokens on the demo path no canonical route path contains a phase token","status":"passed","title":"no canonical route path contains a phase token","duration":4.034199999994598,"failureMessages":[],"meta":{},"tags":[]},{"ancestorTitles":["M1-08 Naming Golden Rule: zero phase tokens on the demo path"],"fullName":"M1-08 Naming Golden Rule: zero phase tokens on the demo path no loading label announces a phase number","status":"passed","title":"no loading label announces a phase number","duration":2.0029000000067754,"failureMessages":[],"meta":{},"tags":[]},{"ancestorTitles":["M1-08 Naming Golden Rule: zero phase tokens on the demo path"],"fullName":"M1-08 Naming Golden Rule: zero phase tokens on the demo path no nav target or nav label carries a phase token","status":"passed","title":"no nav target or nav label carries a phase token","duration":2.60920000000624,"failureMessages":[],"meta":{},"tags":[]},{"ancestorTitles":["M1-08 Naming Golden Rule: zero phase tokens on the demo path"],"fullName":"M1-08 Naming Golden Rule: zero phase tokens on the demo path the legacy phase paths still redirect (no broken bookmarks)","status":"passed","title":"the legacy phase paths still redirect (no broken bookmarks)","duration":2.6955999999918276,"failureMessages":[],"meta":{},"tags":[]},{"ancestorTitles":["M1-08 Naming Golden Rule: zero phase tokens on the demo path"],"fullName":"M1-08 Naming Golden Rule: zero phase tokens on the demo path the canonical descriptive routes exist","status":"passed","title":"the canonical descriptive routes exist","duration":2.19890000000305,"failureMessages":[],"meta":{},"tags":[]},{"ancestorTitles":["Step 2: the 8 customer-facing pages carry no phase or pack tokens"],"fullName":"Step 2: the 8 customer-facing pages carry no phase or pack tokens no <h1> announces a phase number","status":"passed","title":"no <h1> announces a phase number","duration":10.052800000004936,"failureMessages":[],"meta":{},"tags":[]},{"ancestorTitles":["Step 2: the 8 customer-facing pages carry no phase or pack tokens"],"fullName":"Step 2: the 8 customer-facing pages carry no phase or pack tokens no data-testid carries a phase token","status":"passed","title":"no data-testid carries a phase token","duration":14.440300000002026,"failureMessages":[],"meta":{},"tags":[]},{"ancestorTitles":["Step 2: the 8 customer-facing pages carry no phase or pack tokens"],"fullName":"Step 2: the 8 customer-facing pages carry no phase or pack tokens no Pack/T-id kicker survives","status":"passed","title":"no Pack/T-id kicker survives","duration":8.577399999994668,"failureMessages":[],"meta":{},"tags":[]},{"ancestorTitles":["Step 2: the 8 customer-facing pages carry no phase or pack tokens"],"fullName":"Step 2: the 8 customer-facing pages carry no phase or pack tokens the advisory pages no longer live under a PhaseNN directory","status":"passed","title":"the advisory pages no longer live under a PhaseNN directory","duration":3.5139000000053784,"failureMessages":[],"meta":{},"tags":[]},{"ancestorTitles":["Step 3b: repo-wide page content carries no phase, pack or task tokens"],"fullName":"Step 3b: repo-wide page content carries no phase, pack or task tokens no page displays a Pack/P-nn task kicker","status":"passed","title":"no page displays a Pack/P-nn task kicker","duration":65.10749999999825,"failureMessages":[],"meta":{},"tags":[]},{"ancestorTitles":["Step 3b: repo-wide page content carries no phase, pack or task tokens"],"fullName":"Step 3b: repo-wide page content carries no phase, pack or task tokens no page title announces a phase number","status":"passed","title":"no page title announces a phase number","duration":53.80329999999958,"failureMessages":[],"meta":{},"tags":[]},{"ancestorTitles":["Step 3b: repo-wide page content carries no phase, pack or task tokens"],"fullName":"Step 3b: repo-wide page content carries no phase, pack or task tokens the /license demo route and page are gone; the real license page remains","status":"passed","title":"the /license demo route and page are gone; the real license page remains","duration":1.4622999999992317,"failureMessages":[],"meta":{},"tags":[]},{"ancestorTitles":["Step 3b: repo-wide page content carries no phase, pack or task tokens"],"fullName":"Step 3b: repo-wide page content carries no phase, pack or task tokens the recommendation approver is the logged-in user, never a fabricated identity","status":"passed","title":"the recommendation approver is the logged-in user, never a fabricated identity","duration":0.8096000000077765,"failureMessages":[],"meta":{},"tags":[]},{"ancestorTitles":["Step 3b: repo-wide page content carries no phase, pack or task tokens"],"fullName":"Step 3b: repo-wide page content carries no phase, pack or task tokens sample data is disclosed where a canned request is loaded","status":"passed","title":"sample data is disclosed where a canned request is loaded","duration":1.2589000000007218,"failureMessages":[],"meta":{},"tags":[]},{"ancestorTitles":["user-visible strings carry no phase tokens"],"fullName":"user-visible strings carry no phase tokens no rendered text node contains a standalone phase token (P06-P15)","status":"passed","title":"no rendered text node contains a standalone phase token (P06-P15)","duration":48.29279999999562,"failureMessages":[],"meta":{},"tags":[]},{"ancestorTitles":["user-visible strings carry no phase tokens"],"fullName":"user-visible strings carry no phase tokens no aria-label, title or placeholder announces a phase number","status":"passed","title":"no aria-label, title or placeholder announces a phase number","duration":55.67960000000312,"failureMessages":[],"meta":{},"tags":[]},{"ancestorTitles":["no phase token survives inside a string literal"],"fullName":"no phase token survives inside a string literal no src file keys on a /phaseN/ path","status":"passed","title":"no src file keys on a /phaseN/ path","duration":265.758799999996,"failureMessages":[],"meta":{},"tags":[]}],"startTime":1786047619041,"endTime":1786047619588.7588,"status":"passed","message":"","name":"C:/Workspace/PlantProcess-IQ/Frontend/PlantProcess.Web/src/test/architecture/noPhaseTokensOnDemoPath.test.ts"},{"assertionResults":[{"ancestorTitles":["PPIQ-T09 no silent failure"],"fullName":"PPIQ-T09 no silent failure renders the DataFetchBoundary instead of raw load-error strings","status":"passed","title":"renders the DataFetchBoundary instead of raw load-error strings","duration":88.16969999999856,"failureMessages":[],"meta":{},"tags":[]}],"startTime":1786047623340,"endTime":1786047623428.1697,"status":"passed","message":"","name":"C:/Workspace/PlantProcess-IQ/Frontend/PlantProcess.Web/src/test/architecture/noRawErrorStrings.test.ts"},{"assertionResults":[{"ancestorTitles":["PPIQ-T11 design-system enforcement"],"fullName":"PPIQ-T11 design-system enforcement scans at least one page/component (guard is actually wired)","status":"passed","title":"scans at least one page/component (guard is actually wired)","duration":2.4884999999922,"failureMessages":[],"meta":{},"tags":[]},{"ancestorTitles":["PPIQ-T11 design-system enforcement"],"fullName":"PPIQ-T11 design-system enforcement uses StandardButton / StandardTable instead of raw <button>/<table>","status":"passed","title":"uses StandardButton / StandardTable instead of raw <button>/<table>","duration":47.798299999994924,"failureMessages":[],"meta":{},"tags":[]}],"startTime":1786047626894,"endTime":1786047626944.7983,"status":"passed","message":"","name":"C:/Workspace/PlantProcess-IQ/Frontend/PlantProcess.Web/src/test/architecture/noRawStandardElements.test.ts"},{"assertionResults":[{"ancestorTitles":["PPIQ Phase-3 no rename-tombstone shims"],"fullName":"PPIQ Phase-3 no rename-tombstone shims no .tsx is a thin re-export fronting a .runtime/.runtime.generated tombstone","status":"passed","title":"no .tsx is a thin re-export fronting a .runtime/.runtime.generated tombstone","duration":93.84230000000389,"failureMessages":[],"meta":{},"tags":[]}],"startTime":1786047624575,"endTime":1786047624668.8423,"status":"passed","message":"","name":"C:/Workspace/PlantProcess-IQ/Frontend/PlantProcess.Web/src/test/architecture/noThinReExports.test.ts"},{"assertionResults":[{"ancestorTitles":["PPIQ-202 error-boundary discipline"],"fullName":"PPIQ-202 error-boundary discipline the standard boundaries exist","status":"passed","title":"the standard boundaries exist","duration":2.229299999991781,"failureMessages":[],"meta":{},"tags":[]},{"ancestorTitles":["PPIQ-202 error-boundary discipline"],"fullName":"PPIQ-202 error-boundary discipline no catch block under src/pages renders JSX inline","status":"passed","title":"no catch block under src/pages renders JSX inline","duration":46.07799999999406,"failureMessages":[],"meta":{},"tags":[]}],"startTime":1786047625687,"endTime":1786047625735.078,"status":"passed","message":"","name":"C:/Workspace/PlantProcess-IQ/Frontend/PlantProcess.Web/src/test/architecture/P2Close.errorBoundaryDiscipline.test.ts"},{"assertionResults":[{"ancestorTitles":["UI conformance ratchet (D1 raw controls / D2 inline styles)"],"fullName":"UI conformance ratchet (D1 raw controls / D2 inline styles) no file exceeds its baseline; no new file introduces violations","status":"passed","title":"no file exceeds its baseline; no new file introduces violations","duration":141.37020000000484,"failureMessages":[],"meta":{},"tags":[]}],"startTime":1786047622143,"endTime":1786047622284.37,"status":"passed","message":"","name":"C:/Workspace/PlantProcess-IQ/Frontend/PlantProcess.Web/src/test/architecture/uiConformanceRatchet.test.ts"},{"assertionResults":[{"ancestorTitles":["PPIQ-T14 architecture tests declare their environment"],"fullName":"PPIQ-T14 architecture tests declare their environment finds architecture test files to check","status":"passed","title":"finds architecture test files to check","duration":1.8900999999896158,"failureMessages":[],"meta":{},"tags":[]},{"ancestorTitles":["PPIQ-T14 architecture tests declare their environment"],"fullName":"PPIQ-T14 architecture tests declare their environment every architecture test file declares @vitest-environment","status":"passed","title":"every architecture test file declares @vitest-environment","duration":7.551600000006147,"failureMessages":[],"meta":{},"tags":[]},{"ancestorTitles":["PPIQ-T14 architecture tests declare their environment"],"fullName":"PPIQ-T14 architecture tests declare their environment declares node unless the file actually touches the DOM","status":"passed","title":"declares node unless the file actually touches the DOM","duration":5.041900000011083,"failureMessages":[],"meta":{},"tags":[]}],"startTime":1786047631645,"endTime":1786047631660.042,"status":"passed","message":"","name":"C:/Workspace/PlantProcess-IQ/Frontend/PlantProcess.Web/src/test/architecture/vitestEnvironmentContract.test.ts"}]}