<?xml version="1.0" encoding="utf-8"?>
<TestRun id="b21a99f9-23de-415e-83a1-38b68b74731c" name="elka01@WAP174432 2026-06-11 23:49:48" runUser="SMS-GROUP\elka01" xmlns="http://microsoft.com/schemas/VisualStudio/TeamTest/2010">
  <Times creation="2026-06-11T23:49:48.6053301+03:00" queuing="2026-06-11T23:49:48.6053315+03:00" start="2026-06-11T23:49:00.2187807+03:00" finish="2026-06-12T00:27:16.6800601+03:00" />
  <TestSettings name="default" id="343ca545-dd18-4a3e-9e94-e333edaf4291">
    <Deployment runDeploymentRoot="elka01_WAP174432_2026-06-11_23_49_48" />
  </TestSettings>
  <Results>
    <UnitTestResult executionId="d5b9481d-f0e7-43f8-b741-f653927f7bc3" testId="bc174feb-3203-c354-176f-53cbe65b993a" testName="PlantProcess.Api.IntegrationTests.Health.HealthEndpointTests.Health_endpoint_should_return_success" computerName="WAP174432" duration="00:00:09.4292157" startTime="2026-06-11T23:51:15.2072737+03:00" endTime="2026-06-11T23:51:15.2072746+03:00" testType="13cdc9d9-ddb5-4fa4-a97d-d965ccfc6d4b" outcome="Passed" testListId="8c84fa94-04c1-424b-9868-57a2d4851a1d" relativeResultsDirectory="d5b9481d-f0e7-43f8-b741-f653927f7bc3" />
    <UnitTestResult executionId="a30fea0b-2e7e-46f9-a8e9-1c964c3a4704" testId="81baf7e1-77a6-25d6-b18b-be01b4d0eecb" testName="PlantProcess.Api.IntegrationTests.Connectors.ConnectorTruthContractTests.Untested_or_not_demo_ready_connectors_should_remain_planned(providerType: &quot;SqlServer&quot;)" computerName="WAP174432" duration="00:00:01.6352459" startTime="2026-06-11T23:51:56.2726472+03:00" endTime="2026-06-11T23:51:56.2726482+03:00" testType="13cdc9d9-ddb5-4fa4-a97d-d965ccfc6d4b" outcome="Failed" testListId="8c84fa94-04c1-424b-9868-57a2d4851a1d" relativeResultsDirectory="a30fea0b-2e7e-46f9-a8e9-1c964c3a4704">
      <Output>
        <ErrorInfo>
          <Message>Expected response.StatusCode to be HttpStatusCode.OK {value: 200}, but found HttpStatusCode.Forbidden {value: 403}.</Message>
          <StackTrace>   at FluentAssertions.Primitives.EnumAssertions`2.Be(TEnum expected, String because, Object[] becauseArgs)&#xD;
   at PlantProcess.Api.IntegrationTests.Connectors.ConnectorTruthContractTests.GetProvidersAsync(HttpClient client) in C:\Workspace\PlantProcess-IQ\Backend\tests\PlantProcess.Api.IntegrationTests\Connectors\ConnectorTruthContractTests.cs:line 102&#xD;
   at PlantProcess.Api.IntegrationTests.Connectors.ConnectorTruthContractTests.Untested_or_not_demo_ready_connectors_should_remain_planned(String providerType) in C:\Workspace\PlantProcess-IQ\Backend\tests\PlantProcess.Api.IntegrationTests\Connectors\ConnectorTruthContractTests.cs:line 64&#xD;
--- End of stack trace from previous location ---</StackTrace>
        </ErrorInfo>
      </Output>
    </UnitTestResult>
    <UnitTestResult executionId="2028767a-6b93-4ee0-a32b-864c135a8963" testId="730d1364-5935-6ff9-f70e-fb7aa7017ad7" testName="PlantProcess.Api.IntegrationTests.Smoke.ApiSmokeEndpointTests.Smoke_endpoint_should_return_success(url: &quot;/admin/jobs-monitor&quot;)" computerName="WAP174432" duration="00:00:00.4107777" startTime="2026-06-12T00:27:15.3708170+03:00" endTime="2026-06-12T00:27:15.3708173+03:00" testType="13cdc9d9-ddb5-4fa4-a97d-d965ccfc6d4b" outcome="Failed" testListId="8c84fa94-04c1-424b-9868-57a2d4851a1d" relativeResultsDirectory="2028767a-6b93-4ee0-a32b-864c135a8963">
      <Output>
        <ErrorInfo>
          <Message>Expected response.StatusCode to be HttpStatusCode.OK {value: 200} because /admin/jobs-monitor must be reachable for the configured integration-test Admin user, but found HttpStatusCode.Forbidden {value: 403}.</Message>
          <StackTrace>   at FluentAssertions.Primitives.EnumAssertions`2.Be(TEnum expected, String because, Object[] becauseArgs)&#xD;
   at PlantProcess.Api.IntegrationTests.Smoke.ApiSmokeEndpointTests.Smoke_endpoint_should_return_success(String url) in C:\Workspace\PlantProcess-IQ\Backend\tests\PlantProcess.Api.IntegrationTests\Smoke\ApiSmokeEndpointTests.cs:line 29&#xD;
--- End of stack trace from previous location ---</StackTrace>
        </ErrorInfo>
      </Output>
    </UnitTestResult>
    <UnitTestResult executionId="7172d2c1-062f-4d00-9b24-e91fac4b22ff" testId="4c31fe46-9a50-139f-e10f-02ecb1f0af26" testName="PlantProcess.Api.IntegrationTests.Smoke.ApiEndpointCatalogSmokeTests.Authenticated_stable_get_endpoint_should_not_return_server_error(name: &quot;Dashboard metadata&quot;, url: &quot;/analytics/dashboard/metadata&quot;)" computerName="WAP174432" duration="00:00:01.0158112" startTime="2026-06-11T23:50:18.6381858+03:00" endTime="2026-06-11T23:50:18.6381862+03:00" testType="13cdc9d9-ddb5-4fa4-a97d-d965ccfc6d4b" outcome="Passed" testListId="8c84fa94-04c1-424b-9868-57a2d4851a1d" relativeResultsDirectory="7172d2c1-062f-4d00-9b24-e91fac4b22ff" />
    <UnitTestResult executionId="b7777328-2bdd-4769-bfe4-384d65b712dd" testId="0eb95cf1-f5c2-d3fa-38ae-79ac3edd3e37" testName="PlantProcess.Api.IntegrationTests.Security.AuthGateMatrixTests.Login_gate_should_reject_wrong_password" computerName="WAP174432" duration="00:00:01.0370851" startTime="2026-06-11T23:50:54.2888958+03:00" endTime="2026-06-11T23:50:54.2888966+03:00" testType="13cdc9d9-ddb5-4fa4-a97d-d965ccfc6d4b" outcome="Passed" testListId="8c84fa94-04c1-424b-9868-57a2d4851a1d" relativeResultsDirectory="b7777328-2bdd-4769-bfe4-384d65b712dd" />
    <UnitTestResult executionId="f99c30f4-3ece-479d-8ac0-a8f98e8ce059" testId="4ba1b2cc-2ab1-7d3a-8129-09015769cc9e" testName="PlantProcess.Api.IntegrationTests.Connectors.ConnectorTruthContractTests.Untested_or_not_demo_ready_connectors_should_remain_planned(providerType: &quot;OpcUaHistorian&quot;)" computerName="WAP174432" duration="00:00:00.8850731" startTime="2026-06-11T23:51:54.6247885+03:00" endTime="2026-06-11T23:51:54.6247888+03:00" testType="13cdc9d9-ddb5-4fa4-a97d-d965ccfc6d4b" outcome="Failed" testListId="8c84fa94-04c1-424b-9868-57a2d4851a1d" relativeResultsDirectory="f99c30f4-3ece-479d-8ac0-a8f98e8ce059">
      <Output>
        <ErrorInfo>
          <Message>Expected response.StatusCode to be HttpStatusCode.OK {value: 200}, but found HttpStatusCode.Forbidden {value: 403}.</Message>
          <StackTrace>   at FluentAssertions.Primitives.EnumAssertions`2.Be(TEnum expected, String because, Object[] becauseArgs)&#xD;
   at PlantProcess.Api.IntegrationTests.Connectors.ConnectorTruthContractTests.GetProvidersAsync(HttpClient client) in C:\Workspace\PlantProcess-IQ\Backend\tests\PlantProcess.Api.IntegrationTests\Connectors\ConnectorTruthContractTests.cs:line 102&#xD;
   at PlantProcess.Api.IntegrationTests.Connectors.ConnectorTruthContractTests.Untested_or_not_demo_ready_connectors_should_remain_planned(String providerType) in C:\Workspace\PlantProcess-IQ\Backend\tests\PlantProcess.Api.IntegrationTests\Connectors\ConnectorTruthContractTests.cs:line 64&#xD;
--- End of stack trace from previous location ---</StackTrace>
        </ErrorInfo>
      </Output>
    </UnitTestResult>
    <UnitTestResult executionId="738249a5-60da-4caf-9f71-684f695680ff" testId="46f87f17-8e59-f5f1-e2f8-cf033def025d" testName="PlantProcess.Api.IntegrationTests.Security.AuthGateMatrixTests.Protected_admin_endpoint_should_accept_admin_token" computerName="WAP174432" duration="00:00:01.0310976" startTime="2026-06-11T23:50:57.5453634+03:00" endTime="2026-06-11T23:50:57.5453641+03:00" testType="13cdc9d9-ddb5-4fa4-a97d-d965ccfc6d4b" outcome="Failed" testListId="8c84fa94-04c1-424b-9868-57a2d4851a1d" relativeResultsDirectory="738249a5-60da-4caf-9f71-684f695680ff">
      <Output>
        <ErrorInfo>
          <Message>Expected response.StatusCode to be HttpStatusCode.OK {value: 200}, but found HttpStatusCode.Forbidden {value: 403}.</Message>
          <StackTrace>   at FluentAssertions.Primitives.EnumAssertions`2.Be(TEnum expected, String because, Object[] becauseArgs)&#xD;
   at PlantProcess.Api.IntegrationTests.Security.AuthGateMatrixTests.Protected_admin_endpoint_should_accept_admin_token() in C:\Workspace\PlantProcess-IQ\Backend\tests\PlantProcess.Api.IntegrationTests\Security\AuthGateMatrixTests.cs:line 94&#xD;
--- End of stack trace from previous location ---</StackTrace>
        </ErrorInfo>
      </Output>
    </UnitTestResult>
    <UnitTestResult executionId="962d0fb5-bc30-4bb6-b360-85736cccc32c" testId="0077b338-134b-d36c-d7e6-3d9107671a61" testName="PlantProcess.Api.IntegrationTests.Smoke.ApiEndpointCatalogSmokeTests.Authenticated_stable_get_endpoint_should_not_return_server_error(name: &quot;Dashboard definitions&quot;, url: &quot;/analytics/dashboard/definitions?includeInactive=f&quot;···)" computerName="WAP174432" duration="00:00:03.2836130" startTime="2026-06-11T23:50:03.5139504+03:00" endTime="2026-06-11T23:50:03.5139511+03:00" testType="13cdc9d9-ddb5-4fa4-a97d-d965ccfc6d4b" outcome="Passed" testListId="8c84fa94-04c1-424b-9868-57a2d4851a1d" relativeResultsDirectory="962d0fb5-bc30-4bb6-b360-85736cccc32c" />
    <UnitTestResult executionId="5028a9b7-c208-4a15-9b40-3a950b461729" testId="4841cda2-cd9f-e3b4-0810-7d95413fd9ce" testName="PlantProcess.Api.IntegrationTests.Smoke.ApiEndpointCatalogSmokeTests.Authenticated_stable_get_endpoint_should_not_return_server_error(name: &quot;Schema configuration summary&quot;, url: &quot;/admin/schema-configuration/summary&quot;)" computerName="WAP174432" duration="00:00:00.9098433" startTime="2026-06-11T23:50:17.6218678+03:00" endTime="2026-06-11T23:50:17.6218686+03:00" testType="13cdc9d9-ddb5-4fa4-a97d-d965ccfc6d4b" outcome="Failed" testListId="8c84fa94-04c1-424b-9868-57a2d4851a1d" relativeResultsDirectory="5028a9b7-c208-4a15-9b40-3a950b461729">
      <Output>
        <ErrorInfo>
          <Message>Expected response.StatusCode not to be HttpStatusCode.Forbidden {value: 403} because Schema configuration summary must accept authenticated admin user role/policy. Body: {"error":"admin_mfa_required","message":"PPIQ-T009: Admin endpoints require verified MFA."}, but it is.</Message>
          <StackTrace>   at FluentAssertions.Primitives.EnumAssertions`2.NotBe(TEnum unexpected, String because, Object[] becauseArgs)&#xD;
   at PlantProcess.Api.IntegrationTests.Smoke.ApiEndpointCatalogSmokeTests.Authenticated_stable_get_endpoint_should_not_return_server_error(String name, String url) in C:\Workspace\PlantProcess-IQ\Backend\tests\PlantProcess.Api.IntegrationTests\Smoke\ApiEndpointCatalogSmokeTests.cs:line 100&#xD;
--- End of stack trace from previous location ---</StackTrace>
        </ErrorInfo>
      </Output>
    </UnitTestResult>
    <UnitTestResult executionId="a28426d2-ab7f-4ea8-aaa0-ce3354f74b17" testId="86724deb-6a28-4847-fe2f-7437b5da0af5" testName="PlantProcess.Api.IntegrationTests.Smoke.ApiEndpointCatalogSmokeTests.Authenticated_stable_get_endpoint_should_not_return_server_error(name: &quot;Data quality scan preview&quot;, url: &quot;/data-quality/scan-preview&quot;)" computerName="WAP174432" duration="00:00:02.0318391" startTime="2026-06-11T23:50:07.4370410+03:00" endTime="2026-06-11T23:50:07.4370420+03:00" testType="13cdc9d9-ddb5-4fa4-a97d-d965ccfc6d4b" outcome="Passed" testListId="8c84fa94-04c1-424b-9868-57a2d4851a1d" relativeResultsDirectory="a28426d2-ab7f-4ea8-aaa0-ce3354f74b17" />
    <UnitTestResult executionId="079e6b51-185a-4a2a-aa21-efcb32b3555f" testId="d57d3187-7abd-6acf-15aa-eb1a02dbdd55" testName="PlantProcess.Api.IntegrationTests.Analytics.MlLearningCoreIntegrationTests.Ml_learning_core_should_expose_status_jobs_run_results_and_provider_proof" computerName="WAP174432" duration="00:34:39.7433591" startTime="2026-06-12T00:26:56.0120455+03:00" endTime="2026-06-12T00:26:56.0120461+03:00" testType="13cdc9d9-ddb5-4fa4-a97d-d965ccfc6d4b" outcome="Passed" testListId="8c84fa94-04c1-424b-9868-57a2d4851a1d" relativeResultsDirectory="079e6b51-185a-4a2a-aa21-efcb32b3555f" />
    <UnitTestResult executionId="1634eeed-68bb-4cf2-955e-71ec49911367" testId="4dd5efcb-83cb-d460-18ff-05428bcd969e" testName="PlantProcess.Api.IntegrationTests.Analytics.MlLearningCoreIntegrationTests.Ml_results_endpoint_should_keep_honest_positioning_language" computerName="WAP174432" duration="00:00:12.2928304" startTime="2026-06-11T23:52:16.1784689+03:00" endTime="2026-06-11T23:52:16.1784694+03:00" testType="13cdc9d9-ddb5-4fa4-a97d-d965ccfc6d4b" outcome="Passed" testListId="8c84fa94-04c1-424b-9868-57a2d4851a1d" relativeResultsDirectory="1634eeed-68bb-4cf2-955e-71ec49911367" />
    <UnitTestResult executionId="15ce238c-e0f7-45fb-931f-48b2ff96424d" testId="9103bc6b-85fd-0e13-223f-7206f8c3a710" testName="PlantProcess.Api.IntegrationTests.Auth.AuthLifecycleTests.Login_session_refresh_logout_then_refresh_is_rejected" computerName="WAP174432" duration="00:00:36.8788194" startTime="2026-06-11T23:49:48.3997966+03:00" endTime="2026-06-11T23:49:48.3998458+03:00" testType="13cdc9d9-ddb5-4fa4-a97d-d965ccfc6d4b" outcome="Failed" testListId="8c84fa94-04c1-424b-9868-57a2d4851a1d" relativeResultsDirectory="15ce238c-e0f7-45fb-931f-48b2ff96424d">
      <Output>
        <ErrorInfo>
          <Message>refresh status 401</Message>
          <StackTrace>   at PlantProcess.Api.IntegrationTests.Auth.AuthLifecycleTests.Login_session_refresh_logout_then_refresh_is_rejected() in C:\Workspace\PlantProcess-IQ\Backend\tests\PlantProcess.Api.IntegrationTests\Auth\AuthLifecycleTests.cs:line 56&#xD;
--- End of stack trace from previous location ---</StackTrace>
        </ErrorInfo>
      </Output>
    </UnitTestResult>
    <UnitTestResult executionId="44a8bfcf-cbd7-4aca-bbf0-07bd62a17604" testId="5d120841-011c-c310-28f4-e43909c17670" testName="PlantProcess.Api.IntegrationTests.Smoke.ApiEndpointCatalogSmokeTests.Authenticated_stable_get_endpoint_should_not_return_server_error(name: &quot;Admin jobs monitor&quot;, url: &quot;/admin/jobs-monitor&quot;)" computerName="WAP174432" duration="00:00:01.2391805" startTime="2026-06-11T23:50:08.6876169+03:00" endTime="2026-06-11T23:50:08.6876174+03:00" testType="13cdc9d9-ddb5-4fa4-a97d-d965ccfc6d4b" outcome="Failed" testListId="8c84fa94-04c1-424b-9868-57a2d4851a1d" relativeResultsDirectory="44a8bfcf-cbd7-4aca-bbf0-07bd62a17604">
      <Output>
        <ErrorInfo>
          <Message>Expected response.StatusCode not to be HttpStatusCode.Forbidden {value: 403} because Admin jobs monitor must accept authenticated admin user role/policy. Body: {"error":"admin_mfa_required","message":"PPIQ-T009: Admin endpoints require verified MFA."}, but it is.</Message>
          <StackTrace>   at FluentAssertions.Primitives.EnumAssertions`2.NotBe(TEnum unexpected, String because, Object[] becauseArgs)&#xD;
   at PlantProcess.Api.IntegrationTests.Smoke.ApiEndpointCatalogSmokeTests.Authenticated_stable_get_endpoint_should_not_return_server_error(String name, String url) in C:\Workspace\PlantProcess-IQ\Backend\tests\PlantProcess.Api.IntegrationTests\Smoke\ApiEndpointCatalogSmokeTests.cs:line 100&#xD;
--- End of stack trace from previous location ---</StackTrace>
        </ErrorInfo>
      </Output>
    </UnitTestResult>
    <UnitTestResult executionId="0819cb92-2ec5-4f59-8d1a-6bd675f44441" testId="e4a4721f-0e9a-2826-826f-c84e92811ff3" testName="PlantProcess.Api.IntegrationTests.ErrorHandling.GlobalExceptionHandlerTests.Unhandled_exception_maps_to_500_problem_json_with_traceId_and_no_stack_in_production" computerName="WAP174432" duration="00:00:00.0029396" startTime="2026-06-11T23:50:28.7079870+03:00" endTime="2026-06-11T23:50:28.7079879+03:00" testType="13cdc9d9-ddb5-4fa4-a97d-d965ccfc6d4b" outcome="Passed" testListId="8c84fa94-04c1-424b-9868-57a2d4851a1d" relativeResultsDirectory="0819cb92-2ec5-4f59-8d1a-6bd675f44441" />
    <UnitTestResult executionId="c350003f-d29b-4679-a8b2-5c726f2f2b20" testId="beea474e-e082-673c-56a0-890f5c34b8eb" testName="PlantProcess.Api.IntegrationTests.Smoke.ApiEndpointCatalogSmokeTests.Authenticated_stable_get_endpoint_should_not_return_server_error(name: &quot;Data quality issues&quot;, url: &quot;/data-quality/issues&quot;)" computerName="WAP174432" duration="00:00:01.7302119" startTime="2026-06-11T23:50:10.4163473+03:00" endTime="2026-06-11T23:50:10.4163482+03:00" testType="13cdc9d9-ddb5-4fa4-a97d-d965ccfc6d4b" outcome="Passed" testListId="8c84fa94-04c1-424b-9868-57a2d4851a1d" relativeResultsDirectory="c350003f-d29b-4679-a8b2-5c726f2f2b20" />
    <UnitTestResult executionId="e6af07aa-a134-4170-ae2f-e19ff6c46049" testId="a25028da-fdfe-cc37-65d1-a2e263d0b19b" testName="PlantProcess.Api.IntegrationTests.Smoke.ApiEndpointCatalogSmokeTests.Authenticated_stable_get_endpoint_should_not_return_server_error(name: &quot;Admin overview&quot;, url: &quot;/admin/overview&quot;)" computerName="WAP174432" duration="00:00:00.9533900" startTime="2026-06-11T23:50:11.3883071+03:00" endTime="2026-06-11T23:50:11.3883075+03:00" testType="13cdc9d9-ddb5-4fa4-a97d-d965ccfc6d4b" outcome="Failed" testListId="8c84fa94-04c1-424b-9868-57a2d4851a1d" relativeResultsDirectory="e6af07aa-a134-4170-ae2f-e19ff6c46049">
      <Output>
        <ErrorInfo>
          <Message>Expected response.StatusCode not to be HttpStatusCode.Forbidden {value: 403} because Admin overview must accept authenticated admin user role/policy. Body: {"error":"admin_mfa_required","message":"PPIQ-T009: Admin endpoints require verified MFA."}, but it is.</Message>
          <StackTrace>   at FluentAssertions.Primitives.EnumAssertions`2.NotBe(TEnum unexpected, String because, Object[] becauseArgs)&#xD;
   at PlantProcess.Api.IntegrationTests.Smoke.ApiEndpointCatalogSmokeTests.Authenticated_stable_get_endpoint_should_not_return_server_error(String name, String url) in C:\Workspace\PlantProcess-IQ\Backend\tests\PlantProcess.Api.IntegrationTests\Smoke\ApiEndpointCatalogSmokeTests.cs:line 100&#xD;
--- End of stack trace from previous location ---</StackTrace>
        </ErrorInfo>
      </Output>
    </UnitTestResult>
    <UnitTestResult executionId="7aeee1cc-3a4b-4d3d-8708-b90e738dd745" testId="d6c06970-9a06-55a8-cebc-893435ef7cc4" testName="PlantProcess.Api.IntegrationTests.Security.SchemaConfigurationSafetyEndpointTests.Ad_hoc_preview_endpoint_should_reject_unsafe_sql(sqlText: &quot;SELECT pg_read_file('/etc/passwd', 0, 1000);&quot;)" computerName="WAP174432" duration="00:00:00.8787743" startTime="2026-06-11T23:50:39.4976744+03:00" endTime="2026-06-11T23:50:39.4976748+03:00" testType="13cdc9d9-ddb5-4fa4-a97d-d965ccfc6d4b" outcome="Failed" testListId="8c84fa94-04c1-424b-9868-57a2d4851a1d" relativeResultsDirectory="7aeee1cc-3a4b-4d3d-8708-b90e738dd745">
      <Output>
        <ErrorInfo>
          <Message>Expected response.StatusCode to be HttpStatusCode.BadRequest {value: 400}, but found HttpStatusCode.Forbidden {value: 403}.</Message>
          <StackTrace>   at FluentAssertions.Primitives.EnumAssertions`2.Be(TEnum expected, String because, Object[] becauseArgs)&#xD;
   at PlantProcess.Api.IntegrationTests.Security.SchemaConfigurationSafetyEndpointTests.Ad_hoc_preview_endpoint_should_reject_unsafe_sql(String sqlText) in C:\Workspace\PlantProcess-IQ\Backend\tests\PlantProcess.Api.IntegrationTests\Security\SchemaConfigurationSafetyEndpointTests.cs:line 52&#xD;
--- End of stack trace from previous location ---</StackTrace>
        </ErrorInfo>
      </Output>
    </UnitTestResult>
    <UnitTestResult executionId="ed72e45b-c283-4758-9daa-ce8e79154ee3" testId="b0cd4b0a-18a6-ee9c-c483-484280232d86" testName="PlantProcess.Api.IntegrationTests.Security.SchemaConfigurationSafetyEndpointTests.Ad_hoc_preview_endpoint_should_reject_unsafe_sql(sqlText: &quot;SELECT * FROM material_units, audit_log_entries;&quot;)" computerName="WAP174432" duration="00:00:00.9477533" startTime="2026-06-11T23:50:40.4536923+03:00" endTime="2026-06-11T23:50:40.4536931+03:00" testType="13cdc9d9-ddb5-4fa4-a97d-d965ccfc6d4b" outcome="Failed" testListId="8c84fa94-04c1-424b-9868-57a2d4851a1d" relativeResultsDirectory="ed72e45b-c283-4758-9daa-ce8e79154ee3">
      <Output>
        <ErrorInfo>
          <Message>Expected response.StatusCode to be HttpStatusCode.BadRequest {value: 400}, but found HttpStatusCode.Forbidden {value: 403}.</Message>
          <StackTrace>   at FluentAssertions.Primitives.EnumAssertions`2.Be(TEnum expected, String because, Object[] becauseArgs)&#xD;
   at PlantProcess.Api.IntegrationTests.Security.SchemaConfigurationSafetyEndpointTests.Ad_hoc_preview_endpoint_should_reject_unsafe_sql(String sqlText) in C:\Workspace\PlantProcess-IQ\Backend\tests\PlantProcess.Api.IntegrationTests\Security\SchemaConfigurationSafetyEndpointTests.cs:line 52&#xD;
--- End of stack trace from previous location ---</StackTrace>
        </ErrorInfo>
      </Output>
    </UnitTestResult>
    <UnitTestResult executionId="05309e51-ca4c-455d-a4d0-d541a2be6403" testId="3f9e10ce-4718-b996-53f4-714482e89c23" testName="PlantProcess.Api.IntegrationTests.ErrorHandling.GlobalExceptionHandlerTests.BadHttpRequestException_maps_to_400_problem_json" computerName="WAP174432" duration="00:00:00.0129088" startTime="2026-06-11T23:50:28.7043471+03:00" endTime="2026-06-11T23:50:28.7043481+03:00" testType="13cdc9d9-ddb5-4fa4-a97d-d965ccfc6d4b" outcome="Passed" testListId="8c84fa94-04c1-424b-9868-57a2d4851a1d" relativeResultsDirectory="05309e51-ca4c-455d-a4d0-d541a2be6403" />
    <UnitTestResult executionId="39893272-1d15-4b46-a071-555613dde7bd" testId="6264760e-947d-cbd9-5f78-2baf53386d0e" testName="PlantProcess.Api.IntegrationTests.Security.AuthEndpointTests.Protected_endpoint_should_reject_anonymous_request" computerName="WAP174432" duration="00:00:00.0300566" startTime="2026-06-11T23:51:05.0155205+03:00" endTime="2026-06-11T23:51:05.0155214+03:00" testType="13cdc9d9-ddb5-4fa4-a97d-d965ccfc6d4b" outcome="Passed" testListId="8c84fa94-04c1-424b-9868-57a2d4851a1d" relativeResultsDirectory="39893272-1d15-4b46-a071-555613dde7bd" />
    <UnitTestResult executionId="34f8b68f-5868-44e8-b96d-e041d0698dc6" testId="5ede757e-d224-8287-49ad-699fab8cb293" testName="PlantProcess.Api.IntegrationTests.Smoke.ApiEndpointCatalogSmokeTests.Authenticated_stable_get_endpoint_should_not_return_server_error(name: &quot;Connector provider types&quot;, url: &quot;/admin/connectors/provider-types&quot;)" computerName="WAP174432" duration="00:00:00.8485842" startTime="2026-06-11T23:50:19.4939197+03:00" endTime="2026-06-11T23:50:19.4939204+03:00" testType="13cdc9d9-ddb5-4fa4-a97d-d965ccfc6d4b" outcome="Failed" testListId="8c84fa94-04c1-424b-9868-57a2d4851a1d" relativeResultsDirectory="34f8b68f-5868-44e8-b96d-e041d0698dc6">
      <Output>
        <ErrorInfo>
          <Message>Expected response.StatusCode not to be HttpStatusCode.Forbidden {value: 403} because Connector provider types must accept authenticated admin user role/policy. Body: {"error":"admin_mfa_required","message":"PPIQ-T009: Admin endpoints require verified MFA."}, but it is.</Message>
          <StackTrace>   at FluentAssertions.Primitives.EnumAssertions`2.NotBe(TEnum unexpected, String because, Object[] becauseArgs)&#xD;
   at PlantProcess.Api.IntegrationTests.Smoke.ApiEndpointCatalogSmokeTests.Authenticated_stable_get_endpoint_should_not_return_server_error(String name, String url) in C:\Workspace\PlantProcess-IQ\Backend\tests\PlantProcess.Api.IntegrationTests\Smoke\ApiEndpointCatalogSmokeTests.cs:line 100&#xD;
--- End of stack trace from previous location ---</StackTrace>
        </ErrorInfo>
      </Output>
    </UnitTestResult>
    <UnitTestResult executionId="6749bcc9-93b7-4626-9bf1-26f26f2c0dfe" testId="94163104-5d5c-ccdd-6ec1-287d320e3c73" testName="PlantProcess.Api.IntegrationTests.Security.SchemaConfigurationSafetyEndpointTests.Ad_hoc_preview_endpoint_should_reject_unsafe_sql(sqlText: &quot;SELECT * FROM material_units m JOIN audit_log_entr&quot;···)" computerName="WAP174432" duration="00:00:00.9128973" startTime="2026-06-11T23:50:41.3938742+03:00" endTime="2026-06-11T23:50:41.3938755+03:00" testType="13cdc9d9-ddb5-4fa4-a97d-d965ccfc6d4b" outcome="Failed" testListId="8c84fa94-04c1-424b-9868-57a2d4851a1d" relativeResultsDirectory="6749bcc9-93b7-4626-9bf1-26f26f2c0dfe">
      <Output>
        <ErrorInfo>
          <Message>Expected response.StatusCode to be HttpStatusCode.BadRequest {value: 400}, but found HttpStatusCode.Forbidden {value: 403}.</Message>
          <StackTrace>   at FluentAssertions.Primitives.EnumAssertions`2.Be(TEnum expected, String because, Object[] becauseArgs)&#xD;
   at PlantProcess.Api.IntegrationTests.Security.SchemaConfigurationSafetyEndpointTests.Ad_hoc_preview_endpoint_should_reject_unsafe_sql(String sqlText) in C:\Workspace\PlantProcess-IQ\Backend\tests\PlantProcess.Api.IntegrationTests\Security\SchemaConfigurationSafetyEndpointTests.cs:line 52&#xD;
--- End of stack trace from previous location ---</StackTrace>
        </ErrorInfo>
      </Output>
    </UnitTestResult>
    <UnitTestResult executionId="b58bb512-074b-4fb3-b1b0-06013488f529" testId="a7bd2322-ef36-5d05-4025-5e06cd3a248b" testName="PlantProcess.Api.IntegrationTests.Security.SchemaConfigurationSafetyEndpointTests.Ad_hoc_preview_endpoint_should_reject_unsafe_sql(sqlText: &quot;UPDATE material_units SET material_code = 'tampere&quot;···)" computerName="WAP174432" duration="00:00:00.9497998" startTime="2026-06-11T23:50:42.3526849+03:00" endTime="2026-06-11T23:50:42.3526854+03:00" testType="13cdc9d9-ddb5-4fa4-a97d-d965ccfc6d4b" outcome="Failed" testListId="8c84fa94-04c1-424b-9868-57a2d4851a1d" relativeResultsDirectory="b58bb512-074b-4fb3-b1b0-06013488f529">
      <Output>
        <ErrorInfo>
          <Message>Expected response.StatusCode to be HttpStatusCode.BadRequest {value: 400}, but found HttpStatusCode.Forbidden {value: 403}.</Message>
          <StackTrace>   at FluentAssertions.Primitives.EnumAssertions`2.Be(TEnum expected, String because, Object[] becauseArgs)&#xD;
   at PlantProcess.Api.IntegrationTests.Security.SchemaConfigurationSafetyEndpointTests.Ad_hoc_preview_endpoint_should_reject_unsafe_sql(String sqlText) in C:\Workspace\PlantProcess-IQ\Backend\tests\PlantProcess.Api.IntegrationTests\Security\SchemaConfigurationSafetyEndpointTests.cs:line 52&#xD;
--- End of stack trace from previous location ---</StackTrace>
        </ErrorInfo>
      </Output>
    </UnitTestResult>
    <UnitTestResult executionId="8cdab18f-2c56-4b72-8a19-4eca439d40cc" testId="76f4bd21-72dc-a198-1e66-42b4b099e6a4" testName="PlantProcess.Api.IntegrationTests.Smoke.ApiEndpointCatalogSmokeTests.Lightweight_endpoint_should_not_return_server_error(name: &quot;DB health&quot;, url: &quot;/db-health&quot;)" computerName="WAP174432" duration="00:00:02.0718469" startTime="2026-06-11T23:50:00.2283058+03:00" endTime="2026-06-11T23:50:00.2283066+03:00" testType="13cdc9d9-ddb5-4fa4-a97d-d965ccfc6d4b" outcome="Passed" testListId="8c84fa94-04c1-424b-9868-57a2d4851a1d" relativeResultsDirectory="8cdab18f-2c56-4b72-8a19-4eca439d40cc" />
    <UnitTestResult executionId="8b549e62-426c-4b9f-b842-eae3acdffa16" testId="783f25af-ac3c-892d-760d-76f2d0628087" testName="PlantProcess.Api.IntegrationTests.OpenApi.OpenApiContractTests.Swagger_document_should_include_critical_endpoint_groups" computerName="WAP174432" duration="00:00:11.5234647" startTime="2026-06-11T23:51:26.7372835+03:00" endTime="2026-06-11T23:51:26.7372846+03:00" testType="13cdc9d9-ddb5-4fa4-a97d-d965ccfc6d4b" outcome="Passed" testListId="8c84fa94-04c1-424b-9868-57a2d4851a1d" relativeResultsDirectory="8b549e62-426c-4b9f-b842-eae3acdffa16" />
    <UnitTestResult executionId="4767b200-f7b2-4388-ab1e-d4a094179f6f" testId="70f69a82-4ff5-2f8d-512d-f7c5030be5ba" testName="PlantProcess.Api.IntegrationTests.Security.SchemaConfigurationSafetyEndpointTests.Ad_hoc_preview_endpoint_should_require_sql_text" computerName="WAP174432" duration="00:00:00.9239640" startTime="2026-06-11T23:50:46.9489149+03:00" endTime="2026-06-11T23:50:46.9489158+03:00" testType="13cdc9d9-ddb5-4fa4-a97d-d965ccfc6d4b" outcome="Failed" testListId="8c84fa94-04c1-424b-9868-57a2d4851a1d" relativeResultsDirectory="4767b200-f7b2-4388-ab1e-d4a094179f6f">
      <Output>
        <ErrorInfo>
          <Message>Expected response.StatusCode to be HttpStatusCode.BadRequest {value: 400}, but found HttpStatusCode.Forbidden {value: 403}.</Message>
          <StackTrace>   at FluentAssertions.Primitives.EnumAssertions`2.Be(TEnum expected, String because, Object[] becauseArgs)&#xD;
   at PlantProcess.Api.IntegrationTests.Security.SchemaConfigurationSafetyEndpointTests.Ad_hoc_preview_endpoint_should_require_sql_text() in C:\Workspace\PlantProcess-IQ\Backend\tests\PlantProcess.Api.IntegrationTests\Security\SchemaConfigurationSafetyEndpointTests.cs:line 73&#xD;
--- End of stack trace from previous location ---</StackTrace>
        </ErrorInfo>
      </Output>
    </UnitTestResult>
    <UnitTestResult executionId="c08b4cfe-1e5f-400d-ad7c-d60f480d9c97" testId="21cfb34e-67df-0d7a-4270-a45b1f492f6b" testName="PlantProcess.Api.IntegrationTests.Connectors.ConnectorTruthContractTests.Untested_or_not_demo_ready_connectors_should_remain_planned(providerType: &quot;MySql&quot;)" computerName="WAP174432" duration="00:00:09.9451478" startTime="2026-06-11T23:51:53.7350810+03:00" endTime="2026-06-11T23:51:53.7350818+03:00" testType="13cdc9d9-ddb5-4fa4-a97d-d965ccfc6d4b" outcome="Failed" testListId="8c84fa94-04c1-424b-9868-57a2d4851a1d" relativeResultsDirectory="c08b4cfe-1e5f-400d-ad7c-d60f480d9c97">
      <Output>
        <ErrorInfo>
          <Message>Expected response.StatusCode to be HttpStatusCode.OK {value: 200}, but found HttpStatusCode.Forbidden {value: 403}.</Message>
          <StackTrace>   at FluentAssertions.Primitives.EnumAssertions`2.Be(TEnum expected, String because, Object[] becauseArgs)&#xD;
   at PlantProcess.Api.IntegrationTests.Connectors.ConnectorTruthContractTests.GetProvidersAsync(HttpClient client) in C:\Workspace\PlantProcess-IQ\Backend\tests\PlantProcess.Api.IntegrationTests\Connectors\ConnectorTruthContractTests.cs:line 102&#xD;
   at PlantProcess.Api.IntegrationTests.Connectors.ConnectorTruthContractTests.Untested_or_not_demo_ready_connectors_should_remain_planned(String providerType) in C:\Workspace\PlantProcess-IQ\Backend\tests\PlantProcess.Api.IntegrationTests\Connectors\ConnectorTruthContractTests.cs:line 64&#xD;
--- End of stack trace from previous location ---</StackTrace>
        </ErrorInfo>
      </Output>
    </UnitTestResult>
    <UnitTestResult executionId="79327421-aca6-4766-a121-6d967df9fde8" testId="8c11e4be-25cb-7999-6053-fb2f635aea4e" testName="PlantProcess.Api.IntegrationTests.Connectors.ConnectorTruthContractTests.Untested_or_not_demo_ready_connectors_should_remain_planned(providerType: &quot;PostgreSql&quot;)" computerName="WAP174432" duration="00:00:01.3081219" startTime="2026-06-11T23:51:57.5868211+03:00" endTime="2026-06-11T23:51:57.5868218+03:00" testType="13cdc9d9-ddb5-4fa4-a97d-d965ccfc6d4b" outcome="Failed" testListId="8c84fa94-04c1-424b-9868-57a2d4851a1d" relativeResultsDirectory="79327421-aca6-4766-a121-6d967df9fde8">
      <Output>
        <ErrorInfo>
          <Message>Expected response.StatusCode to be HttpStatusCode.OK {value: 200}, but found HttpStatusCode.Forbidden {value: 403}.</Message>
          <StackTrace>   at FluentAssertions.Primitives.EnumAssertions`2.Be(TEnum expected, String because, Object[] becauseArgs)&#xD;
   at PlantProcess.Api.IntegrationTests.Connectors.ConnectorTruthContractTests.GetProvidersAsync(HttpClient client) in C:\Workspace\PlantProcess-IQ\Backend\tests\PlantProcess.Api.IntegrationTests\Connectors\ConnectorTruthContractTests.cs:line 102&#xD;
   at PlantProcess.Api.IntegrationTests.Connectors.ConnectorTruthContractTests.Untested_or_not_demo_ready_connectors_should_remain_planned(String providerType) in C:\Workspace\PlantProcess-IQ\Backend\tests\PlantProcess.Api.IntegrationTests\Connectors\ConnectorTruthContractTests.cs:line 64&#xD;
--- End of stack trace from previous location ---</StackTrace>
        </ErrorInfo>
      </Output>
    </UnitTestResult>
    <UnitTestResult executionId="ca9dee3b-056b-45c0-b176-d9ba7c4f0808" testId="00875744-fad2-13f9-8656-767aa622b064" testName="PlantProcess.Api.IntegrationTests.Security.AuthGateMatrixTests.Login_gate_should_issue_admin_token_with_expected_claim_surface" computerName="WAP174432" duration="00:00:02.1730269" startTime="2026-06-11T23:50:56.5077992+03:00" endTime="2026-06-11T23:50:56.5077999+03:00" testType="13cdc9d9-ddb5-4fa4-a97d-d965ccfc6d4b" outcome="Passed" testListId="8c84fa94-04c1-424b-9868-57a2d4851a1d" relativeResultsDirectory="ca9dee3b-056b-45c0-b176-d9ba7c4f0808" />
    <UnitTestResult executionId="cc9008f2-8041-481e-96a8-e36b29693ec6" testId="0f61cdfd-028c-a749-0d0b-fa4511d76481" testName="PlantProcess.Api.IntegrationTests.Security.SchemaConfigurationSafetyEndpointTests.Ad_hoc_preview_endpoint_should_reject_unsafe_sql(sqlText: &quot;DROP TABLE material_units;&quot;)" computerName="WAP174432" duration="00:00:01.0255745" startTime="2026-06-11T23:50:45.1580947+03:00" endTime="2026-06-11T23:50:45.1580952+03:00" testType="13cdc9d9-ddb5-4fa4-a97d-d965ccfc6d4b" outcome="Failed" testListId="8c84fa94-04c1-424b-9868-57a2d4851a1d" relativeResultsDirectory="cc9008f2-8041-481e-96a8-e36b29693ec6">
      <Output>
        <ErrorInfo>
          <Message>Expected response.StatusCode to be HttpStatusCode.BadRequest {value: 400}, but found HttpStatusCode.Forbidden {value: 403}.</Message>
          <StackTrace>   at FluentAssertions.Primitives.EnumAssertions`2.Be(TEnum expected, String because, Object[] becauseArgs)&#xD;
   at PlantProcess.Api.IntegrationTests.Security.SchemaConfigurationSafetyEndpointTests.Ad_hoc_preview_endpoint_should_reject_unsafe_sql(String sqlText) in C:\Workspace\PlantProcess-IQ\Backend\tests\PlantProcess.Api.IntegrationTests\Security\SchemaConfigurationSafetyEndpointTests.cs:line 52&#xD;
--- End of stack trace from previous location ---</StackTrace>
        </ErrorInfo>
      </Output>
    </UnitTestResult>
    <UnitTestResult executionId="100c0b83-e8d2-4bd6-9815-14b666dabd2b" testId="4d73d59d-36c1-c865-23c5-93a1a990f659" testName="PlantProcess.Api.IntegrationTests.Connectors.ConnectorTruthContractTests.Untested_or_not_demo_ready_connectors_should_remain_planned(providerType: &quot;RestApi&quot;)" computerName="WAP174432" duration="00:00:01.7405148" startTime="2026-06-11T23:51:59.3670125+03:00" endTime="2026-06-11T23:51:59.3670141+03:00" testType="13cdc9d9-ddb5-4fa4-a97d-d965ccfc6d4b" outcome="Failed" testListId="8c84fa94-04c1-424b-9868-57a2d4851a1d" relativeResultsDirectory="100c0b83-e8d2-4bd6-9815-14b666dabd2b">
      <Output>
        <ErrorInfo>
          <Message>Expected response.StatusCode to be HttpStatusCode.OK {value: 200}, but found HttpStatusCode.Forbidden {value: 403}.</Message>
          <StackTrace>   at FluentAssertions.Primitives.EnumAssertions`2.Be(TEnum expected, String because, Object[] becauseArgs)&#xD;
   at PlantProcess.Api.IntegrationTests.Connectors.ConnectorTruthContractTests.GetProvidersAsync(HttpClient client) in C:\Workspace\PlantProcess-IQ\Backend\tests\PlantProcess.Api.IntegrationTests\Connectors\ConnectorTruthContractTests.cs:line 102&#xD;
   at PlantProcess.Api.IntegrationTests.Connectors.ConnectorTruthContractTests.Untested_or_not_demo_ready_connectors_should_remain_planned(String providerType) in C:\Workspace\PlantProcess-IQ\Backend\tests\PlantProcess.Api.IntegrationTests\Connectors\ConnectorTruthContractTests.cs:line 64&#xD;
--- End of stack trace from previous location ---</StackTrace>
        </ErrorInfo>
      </Output>
    </UnitTestResult>
    <UnitTestResult executionId="85a2cab5-b42a-47e9-886b-f063726bff06" testId="d2c96383-58c4-2820-24b5-093177af9e03" testName="PlantProcess.Api.IntegrationTests.Smoke.ApiSmokeEndpointTests.Smoke_endpoint_should_return_success(url: &quot;/admin/schema-configuration/summary&quot;)" computerName="WAP174432" duration="00:00:00.6006133" startTime="2026-06-12T00:27:14.9591553+03:00" endTime="2026-06-12T00:27:14.9591555+03:00" testType="13cdc9d9-ddb5-4fa4-a97d-d965ccfc6d4b" outcome="Failed" testListId="8c84fa94-04c1-424b-9868-57a2d4851a1d" relativeResultsDirectory="85a2cab5-b42a-47e9-886b-f063726bff06">
      <Output>
        <ErrorInfo>
          <Message>Expected response.StatusCode to be HttpStatusCode.OK {value: 200} because /admin/schema-configuration/summary must be reachable for the configured integration-test Admin user, but found HttpStatusCode.Forbidden {value: 403}.</Message>
          <StackTrace>   at FluentAssertions.Primitives.EnumAssertions`2.Be(TEnum expected, String because, Object[] becauseArgs)&#xD;
   at PlantProcess.Api.IntegrationTests.Smoke.ApiSmokeEndpointTests.Smoke_endpoint_should_return_success(String url) in C:\Workspace\PlantProcess-IQ\Backend\tests\PlantProcess.Api.IntegrationTests\Smoke\ApiSmokeEndpointTests.cs:line 29&#xD;
--- End of stack trace from previous location ---</StackTrace>
        </ErrorInfo>
      </Output>
    </UnitTestResult>
    <UnitTestResult executionId="cd609c6e-5c47-47b1-947c-15a1797f9f51" testId="2a3a23df-2109-c0ad-8dff-05cd4a88a2cc" testName="PlantProcess.Api.IntegrationTests.Genealogy.GenealogyGoldenThreadTests.Genealogy_graph_safety_check_is_callable" computerName="WAP174432" duration="00:00:00.0062687" startTime="2026-06-11T23:50:28.7252642+03:00" endTime="2026-06-11T23:50:28.7252650+03:00" testType="13cdc9d9-ddb5-4fa4-a97d-d965ccfc6d4b" outcome="Failed" testListId="8c84fa94-04c1-424b-9868-57a2d4851a1d" relativeResultsDirectory="cd609c6e-5c47-47b1-947c-15a1797f9f51">
      <Output>
        <ErrorInfo>
          <Message>System.InvalidOperationException : PPIQ_TEST_CONNECTION_STRING not set.</Message>
          <StackTrace>   at PlantProcess.Api.IntegrationTests.Genealogy.GenealogyGoldenThreadTests.get_Conn() in C:\Workspace\PlantProcess-IQ\Backend\tests\PlantProcess.Api.IntegrationTests\Genealogy\GenealogyGoldenThreadTests.cs:line 21&#xD;
   at PlantProcess.Api.IntegrationTests.Genealogy.GenealogyGoldenThreadTests.OpenAsync() in C:\Workspace\PlantProcess-IQ\Backend\tests\PlantProcess.Api.IntegrationTests\Genealogy\GenealogyGoldenThreadTests.cs:line 26&#xD;
   at PlantProcess.Api.IntegrationTests.Genealogy.GenealogyGoldenThreadTests.Genealogy_graph_safety_check_is_callable() in C:\Workspace\PlantProcess-IQ\Backend\tests\PlantProcess.Api.IntegrationTests\Genealogy\GenealogyGoldenThreadTests.cs:line 147&#xD;
--- End of stack trace from previous location ---</StackTrace>
        </ErrorInfo>
      </Output>
    </UnitTestResult>
    <UnitTestResult executionId="166afad8-f0ad-4323-ad98-b8f8137f299d" testId="3fd061c5-9614-8aa1-2b7c-9c58c97abcc4" testName="PlantProcess.Api.IntegrationTests.OpenApi.OpenApiContractTests.Swagger_document_should_be_generated_in_development_or_test_mode" computerName="WAP174432" duration="00:00:01.5000430" startTime="2026-06-11T23:51:28.2407230+03:00" endTime="2026-06-11T23:51:28.2407238+03:00" testType="13cdc9d9-ddb5-4fa4-a97d-d965ccfc6d4b" outcome="Passed" testListId="8c84fa94-04c1-424b-9868-57a2d4851a1d" relativeResultsDirectory="166afad8-f0ad-4323-ad98-b8f8137f299d" />
    <UnitTestResult executionId="9cf4baba-70b2-4d4e-9e87-02fde4ab2b05" testId="3ca5f783-0399-88d5-4e18-abb85c7b2aec" testName="PlantProcess.Api.IntegrationTests.Security.SchemaConfigurationSafetyEndpointTests.Ad_hoc_preview_endpoint_should_reject_unsafe_sql(sqlText: &quot;SELECT * FROM information_schema.tables;&quot;)" computerName="WAP174432" duration="00:00:00.9159781" startTime="2026-06-11T23:50:43.2648997+03:00" endTime="2026-06-11T23:50:43.2649000+03:00" testType="13cdc9d9-ddb5-4fa4-a97d-d965ccfc6d4b" outcome="Failed" testListId="8c84fa94-04c1-424b-9868-57a2d4851a1d" relativeResultsDirectory="9cf4baba-70b2-4d4e-9e87-02fde4ab2b05">
      <Output>
        <ErrorInfo>
          <Message>Expected response.StatusCode to be HttpStatusCode.BadRequest {value: 400}, but found HttpStatusCode.Forbidden {value: 403}.</Message>
          <StackTrace>   at FluentAssertions.Primitives.EnumAssertions`2.Be(TEnum expected, String because, Object[] becauseArgs)&#xD;
   at PlantProcess.Api.IntegrationTests.Security.SchemaConfigurationSafetyEndpointTests.Ad_hoc_preview_endpoint_should_reject_unsafe_sql(String sqlText) in C:\Workspace\PlantProcess-IQ\Backend\tests\PlantProcess.Api.IntegrationTests\Security\SchemaConfigurationSafetyEndpointTests.cs:line 52&#xD;
--- End of stack trace from previous location ---</StackTrace>
        </ErrorInfo>
      </Output>
    </UnitTestResult>
    <UnitTestResult executionId="a129ce13-0a4a-4bb8-b745-4d22140a7c5b" testId="6818a3d5-684b-37a5-424d-aac5a8f25e12" testName="PlantProcess.Api.IntegrationTests.Security.ProductionDevEndpointGuardTests.Program_maps_dev_seed_endpoints_only_inside_development_gate" computerName="WAP174432" duration="00:00:00.2538065" startTime="2026-06-11T23:50:47.2089711+03:00" endTime="2026-06-11T23:50:47.2089721+03:00" testType="13cdc9d9-ddb5-4fa4-a97d-d965ccfc6d4b" outcome="Passed" testListId="8c84fa94-04c1-424b-9868-57a2d4851a1d" relativeResultsDirectory="a129ce13-0a4a-4bb8-b745-4d22140a7c5b" />
    <UnitTestResult executionId="58545c49-749d-41d4-8eb2-9530da47d937" testId="f0b4eb14-903f-b941-b8a8-ec7ae80bbfef" testName="PlantProcess.Api.IntegrationTests.Security.TenantAccessorTests.Returns_tenant_from_claim" computerName="WAP174432" duration="00:00:00.0102595" startTime="2026-06-11T23:50:28.7520969+03:00" endTime="2026-06-11T23:50:28.7520979+03:00" testType="13cdc9d9-ddb5-4fa4-a97d-d965ccfc6d4b" outcome="Passed" testListId="8c84fa94-04c1-424b-9868-57a2d4851a1d" relativeResultsDirectory="58545c49-749d-41d4-8eb2-9530da47d937" />
    <UnitTestResult executionId="b6fd271e-eef4-4698-b191-d28a502f6a87" testId="7fe5da0c-c5bf-2f01-f729-2db37c580a8e" testName="PlantProcess.Api.IntegrationTests.Smoke.ApiSmokeEndpointTests.Smoke_endpoint_should_return_success(url: &quot;/swagger/v1/swagger.json&quot;)" computerName="WAP174432" duration="00:00:00.5474178" startTime="2026-06-12T00:27:15.9189142+03:00" endTime="2026-06-12T00:27:15.9189148+03:00" testType="13cdc9d9-ddb5-4fa4-a97d-d965ccfc6d4b" outcome="Passed" testListId="8c84fa94-04c1-424b-9868-57a2d4851a1d" relativeResultsDirectory="b6fd271e-eef4-4698-b191-d28a502f6a87" />
    <UnitTestResult executionId="2de1dac1-ea48-41aa-968f-234c9292a131" testId="7a8a4dc5-f097-c9eb-912e-1e754d8a5709" testName="PlantProcess.Api.IntegrationTests.OpenApi.OpenApiMlAndDynamicEndpointContractTests.Swagger_document_should_include_ml_learning_and_dynamic_page_surfaces" computerName="WAP174432" duration="00:00:09.0848413" startTime="2026-06-11T23:50:28.6276098+03:00" endTime="2026-06-11T23:50:28.6276108+03:00" testType="13cdc9d9-ddb5-4fa4-a97d-d965ccfc6d4b" outcome="Passed" testListId="8c84fa94-04c1-424b-9868-57a2d4851a1d" relativeResultsDirectory="2de1dac1-ea48-41aa-968f-234c9292a131" />
    <UnitTestResult executionId="c68e279a-e77a-4947-9a40-43cb5b14ddb6" testId="9731b65b-930f-e0cb-ab95-92931d67f2c6" testName="PlantProcess.Api.IntegrationTests.Middleware.SecurityHeadersMiddlewareTests.Sets_baseline_security_headers" computerName="WAP174432" duration="00:00:00.0093196" startTime="2026-06-11T23:50:19.5086774+03:00" endTime="2026-06-11T23:50:19.5086780+03:00" testType="13cdc9d9-ddb5-4fa4-a97d-d965ccfc6d4b" outcome="Passed" testListId="8c84fa94-04c1-424b-9868-57a2d4851a1d" relativeResultsDirectory="c68e279a-e77a-4947-9a40-43cb5b14ddb6" />
    <UnitTestResult executionId="26ab070d-7999-4e79-8829-fddd53843c20" testId="4a42511e-79ee-3fb1-4d61-c695d96e8cd4" testName="PlantProcess.Api.IntegrationTests.Connectors.ConnectorTruthContractTests.Connector_provider_types_should_return_single_truth_catalog" computerName="WAP174432" duration="00:00:01.1384498" startTime="2026-06-11T23:52:03.8858649+03:00" endTime="2026-06-11T23:52:03.8858653+03:00" testType="13cdc9d9-ddb5-4fa4-a97d-d965ccfc6d4b" outcome="Failed" testListId="8c84fa94-04c1-424b-9868-57a2d4851a1d" relativeResultsDirectory="26ab070d-7999-4e79-8829-fddd53843c20">
      <Output>
        <ErrorInfo>
          <Message>Expected response.StatusCode to be HttpStatusCode.OK {value: 200}, but found HttpStatusCode.Forbidden {value: 403}.</Message>
          <StackTrace>   at FluentAssertions.Primitives.EnumAssertions`2.Be(TEnum expected, String because, Object[] becauseArgs)&#xD;
   at PlantProcess.Api.IntegrationTests.Connectors.ConnectorTruthContractTests.Connector_provider_types_should_return_single_truth_catalog() in C:\Workspace\PlantProcess-IQ\Backend\tests\PlantProcess.Api.IntegrationTests\Connectors\ConnectorTruthContractTests.cs:line 23&#xD;
--- End of stack trace from previous location ---</StackTrace>
        </ErrorInfo>
      </Output>
    </UnitTestResult>
    <UnitTestResult executionId="9a25cc65-80b0-473e-93ec-115f81a52c8e" testId="05e7c941-4684-39b5-ff83-20b5a9242de5" testName="PlantProcess.Api.IntegrationTests.Connectors.ConnectorTruthContractTests.Provider_catalog_should_expose_honest_capabilities" computerName="WAP174432" duration="00:00:01.2776025" startTime="2026-06-11T23:52:01.8203673+03:00" endTime="2026-06-11T23:52:01.8203681+03:00" testType="13cdc9d9-ddb5-4fa4-a97d-d965ccfc6d4b" outcome="Failed" testListId="8c84fa94-04c1-424b-9868-57a2d4851a1d" relativeResultsDirectory="9a25cc65-80b0-473e-93ec-115f81a52c8e">
      <Output>
        <ErrorInfo>
          <Message>Expected response.StatusCode to be HttpStatusCode.OK {value: 200}, but found HttpStatusCode.Forbidden {value: 403}.</Message>
          <StackTrace>   at FluentAssertions.Primitives.EnumAssertions`2.Be(TEnum expected, String because, Object[] becauseArgs)&#xD;
   at PlantProcess.Api.IntegrationTests.Connectors.ConnectorTruthContractTests.GetProvidersAsync(HttpClient client) in C:\Workspace\PlantProcess-IQ\Backend\tests\PlantProcess.Api.IntegrationTests\Connectors\ConnectorTruthContractTests.cs:line 102&#xD;
   at PlantProcess.Api.IntegrationTests.Connectors.ConnectorTruthContractTests.Provider_catalog_should_expose_honest_capabilities() in C:\Workspace\PlantProcess-IQ\Backend\tests\PlantProcess.Api.IntegrationTests\Connectors\ConnectorTruthContractTests.cs:line 77&#xD;
--- End of stack trace from previous location ---</StackTrace>
        </ErrorInfo>
      </Output>
    </UnitTestResult>
    <UnitTestResult executionId="2bded1b1-48c9-4ea3-8f76-01df29d3e264" testId="84de3e23-3967-ece2-e91b-b46be44ddc40" testName="PlantProcess.Api.IntegrationTests.Security.AuthGateMatrixTests.Login_gate_should_reject_empty_payload" computerName="WAP174432" duration="00:00:00.0368386" startTime="2026-06-11T23:50:57.5813893+03:00" endTime="2026-06-11T23:50:57.5813900+03:00" testType="13cdc9d9-ddb5-4fa4-a97d-d965ccfc6d4b" outcome="Passed" testListId="8c84fa94-04c1-424b-9868-57a2d4851a1d" relativeResultsDirectory="2bded1b1-48c9-4ea3-8f76-01df29d3e264" />
    <UnitTestResult executionId="3e8e8319-1690-4e34-ac46-d594aa10fbc8" testId="c61bb231-1d2d-a7fc-7844-530496ebedbd" testName="PlantProcess.Api.IntegrationTests.Security.SchemaConfigurationSafetyEndpointTests.Ad_hoc_preview_endpoint_should_reject_unsafe_sql(sqlText: &quot;SELECT * FROM pg_catalog.pg_user;&quot;)" computerName="WAP174432" duration="00:00:01.0666016" startTime="2026-06-11T23:50:38.6120464+03:00" endTime="2026-06-11T23:50:38.6120471+03:00" testType="13cdc9d9-ddb5-4fa4-a97d-d965ccfc6d4b" outcome="Failed" testListId="8c84fa94-04c1-424b-9868-57a2d4851a1d" relativeResultsDirectory="3e8e8319-1690-4e34-ac46-d594aa10fbc8">
      <Output>
        <ErrorInfo>
          <Message>Expected response.StatusCode to be HttpStatusCode.BadRequest {value: 400}, but found HttpStatusCode.Forbidden {value: 403}.</Message>
          <StackTrace>   at FluentAssertions.Primitives.EnumAssertions`2.Be(TEnum expected, String because, Object[] becauseArgs)&#xD;
   at PlantProcess.Api.IntegrationTests.Security.SchemaConfigurationSafetyEndpointTests.Ad_hoc_preview_endpoint_should_reject_unsafe_sql(String sqlText) in C:\Workspace\PlantProcess-IQ\Backend\tests\PlantProcess.Api.IntegrationTests\Security\SchemaConfigurationSafetyEndpointTests.cs:line 52&#xD;
--- End of stack trace from previous location ---</StackTrace>
        </ErrorInfo>
      </Output>
    </UnitTestResult>
    <UnitTestResult executionId="ccfe5585-6cfe-476d-a62e-2afe895c97eb" testId="5a4aa6af-1120-cf7f-c92a-89d6f944e403" testName="PlantProcess.Api.IntegrationTests.Smoke.ApiEndpointCatalogSmokeTests.Authenticated_stable_get_endpoint_should_not_return_server_error(name: &quot;Admin two-stage import model&quot;, url: &quot;/admin/two-stage-import-model&quot;)" computerName="WAP174432" duration="00:00:00.8817436" startTime="2026-06-11T23:50:12.2674808+03:00" endTime="2026-06-11T23:50:12.2674814+03:00" testType="13cdc9d9-ddb5-4fa4-a97d-d965ccfc6d4b" outcome="Failed" testListId="8c84fa94-04c1-424b-9868-57a2d4851a1d" relativeResultsDirectory="ccfe5585-6cfe-476d-a62e-2afe895c97eb">
      <Output>
        <ErrorInfo>
          <Message>Expected response.StatusCode not to be HttpStatusCode.Forbidden {value: 403} because Admin two-stage import model must accept authenticated admin user role/policy. Body: {"error":"admin_mfa_required","message":"PPIQ-T009: Admin endpoints require verified MFA."}, but it is.</Message>
          <StackTrace>   at FluentAssertions.Primitives.EnumAssertions`2.NotBe(TEnum unexpected, String because, Object[] becauseArgs)&#xD;
   at PlantProcess.Api.IntegrationTests.Smoke.ApiEndpointCatalogSmokeTests.Authenticated_stable_get_endpoint_should_not_return_server_error(String name, String url) in C:\Workspace\PlantProcess-IQ\Backend\tests\PlantProcess.Api.IntegrationTests\Smoke\ApiEndpointCatalogSmokeTests.cs:line 100&#xD;
--- End of stack trace from previous location ---</StackTrace>
        </ErrorInfo>
      </Output>
    </UnitTestResult>
    <UnitTestResult executionId="0d76f512-3494-47fe-a3b6-4b9b0ffd4334" testId="54e42d95-333c-1252-9395-5a1d37c02208" testName="PlantProcess.Api.IntegrationTests.Demo.Phase2DemoLifecycleContractTests.Demo_lifecycle_exposes_complete_customer_journey_steps" computerName="WAP174432" duration="00:00:01.2008341" startTime="2026-06-12T00:27:09.1285387+03:00" endTime="2026-06-12T00:27:09.1285393+03:00" testType="13cdc9d9-ddb5-4fa4-a97d-d965ccfc6d4b" outcome="Passed" testListId="8c84fa94-04c1-424b-9868-57a2d4851a1d" relativeResultsDirectory="0d76f512-3494-47fe-a3b6-4b9b0ffd4334" />
    <UnitTestResult executionId="b8b4cffa-7ce4-423d-978f-814d6cd89fbe" testId="47b2bdb4-211b-aa72-9cba-8411fa001417" testName="PlantProcess.Api.IntegrationTests.Smoke.ApiSmokeEndpointTests.Smoke_endpoint_should_return_success(url: &quot;/admin/two-stage-import-model&quot;)" computerName="WAP174432" duration="00:00:03.1080386" startTime="2026-06-12T00:27:12.2402657+03:00" endTime="2026-06-12T00:27:12.2402660+03:00" testType="13cdc9d9-ddb5-4fa4-a97d-d965ccfc6d4b" outcome="Failed" testListId="8c84fa94-04c1-424b-9868-57a2d4851a1d" relativeResultsDirectory="b8b4cffa-7ce4-423d-978f-814d6cd89fbe">
      <Output>
        <ErrorInfo>
          <Message>Expected response.StatusCode to be HttpStatusCode.OK {value: 200} because /admin/two-stage-import-model must be reachable for the configured integration-test Admin user, but found HttpStatusCode.Forbidden {value: 403}.</Message>
          <StackTrace>   at FluentAssertions.Primitives.EnumAssertions`2.Be(TEnum expected, String because, Object[] becauseArgs)&#xD;
   at PlantProcess.Api.IntegrationTests.Smoke.ApiSmokeEndpointTests.Smoke_endpoint_should_return_success(String url) in C:\Workspace\PlantProcess-IQ\Backend\tests\PlantProcess.Api.IntegrationTests\Smoke\ApiSmokeEndpointTests.cs:line 29&#xD;
--- End of stack trace from previous location ---</StackTrace>
        </ErrorInfo>
      </Output>
    </UnitTestResult>
    <UnitTestResult executionId="7fd80409-2a8d-4de0-8954-2dc17d4c026a" testId="1f1ec840-b151-d26e-f30b-939418a12f38" testName="PlantProcess.Api.IntegrationTests.Security.AuthEndpointTests.Login_should_reject_invalid_credentials" computerName="WAP174432" duration="00:00:00.7520457" startTime="2026-06-11T23:51:05.7694210+03:00" endTime="2026-06-11T23:51:05.7694219+03:00" testType="13cdc9d9-ddb5-4fa4-a97d-d965ccfc6d4b" outcome="Passed" testListId="8c84fa94-04c1-424b-9868-57a2d4851a1d" relativeResultsDirectory="7fd80409-2a8d-4de0-8954-2dc17d4c026a" />
    <UnitTestResult executionId="7bd78176-ac98-4398-be71-df2d1262a026" testId="8e64c650-fea4-7478-fb8c-d9a8700fb7f2" testName="PlantProcess.Api.IntegrationTests.Security.AuthGateMatrixTests.Malformed_bearer_token_should_not_be_accepted" computerName="WAP174432" duration="00:00:00.0356404" startTime="2026-06-11T23:50:54.3328477+03:00" endTime="2026-06-11T23:50:54.3328484+03:00" testType="13cdc9d9-ddb5-4fa4-a97d-d965ccfc6d4b" outcome="Passed" testListId="8c84fa94-04c1-424b-9868-57a2d4851a1d" relativeResultsDirectory="7bd78176-ac98-4398-be71-df2d1262a026" />
    <UnitTestResult executionId="6e28a473-f5f3-4092-a8cd-e35aa6f30c96" testId="5faae667-0649-91f2-14fd-9b049c5e933e" testName="PlantProcess.Api.IntegrationTests.Smoke.ApiEndpointCatalogSmokeTests.Authenticated_stable_get_endpoint_should_not_return_server_error(name: &quot;Connection profiles&quot;, url: &quot;/admin/connectors/connection-profiles?includeInact&quot;···)" computerName="WAP174432" duration="00:00:00.9164945" startTime="2026-06-11T23:50:16.7118397+03:00" endTime="2026-06-11T23:50:16.7118405+03:00" testType="13cdc9d9-ddb5-4fa4-a97d-d965ccfc6d4b" outcome="Failed" testListId="8c84fa94-04c1-424b-9868-57a2d4851a1d" relativeResultsDirectory="6e28a473-f5f3-4092-a8cd-e35aa6f30c96">
      <Output>
        <ErrorInfo>
          <Message>Expected response.StatusCode not to be HttpStatusCode.Forbidden {value: 403} because Connection profiles must accept authenticated admin user role/policy. Body: {"error":"admin_mfa_required","message":"PPIQ-T009: Admin endpoints require verified MFA."}, but it is.</Message>
          <StackTrace>   at FluentAssertions.Primitives.EnumAssertions`2.NotBe(TEnum unexpected, String because, Object[] becauseArgs)&#xD;
   at PlantProcess.Api.IntegrationTests.Smoke.ApiEndpointCatalogSmokeTests.Authenticated_stable_get_endpoint_should_not_return_server_error(String name, String url) in C:\Workspace\PlantProcess-IQ\Backend\tests\PlantProcess.Api.IntegrationTests\Smoke\ApiEndpointCatalogSmokeTests.cs:line 100&#xD;
--- End of stack trace from previous location ---</StackTrace>
        </ErrorInfo>
      </Output>
    </UnitTestResult>
    <UnitTestResult executionId="8a1cfdaf-b805-4d3b-9ba2-1656b835fbd9" testId="b9792dc8-993a-1592-17c1-ba8870e7ab54" testName="PlantProcess.Api.IntegrationTests.Connectors.ConnectorTruthContractTests.Csv_and_excel_should_be_available_now_because_smoke_tests_exist" computerName="WAP174432" duration="00:00:00.9197671" startTime="2026-06-11T23:52:02.7442395+03:00" endTime="2026-06-11T23:52:02.7442398+03:00" testType="13cdc9d9-ddb5-4fa4-a97d-d965ccfc6d4b" outcome="Failed" testListId="8c84fa94-04c1-424b-9868-57a2d4851a1d" relativeResultsDirectory="8a1cfdaf-b805-4d3b-9ba2-1656b835fbd9">
      <Output>
        <ErrorInfo>
          <Message>Expected response.StatusCode to be HttpStatusCode.OK {value: 200}, but found HttpStatusCode.Forbidden {value: 403}.</Message>
          <StackTrace>   at FluentAssertions.Primitives.EnumAssertions`2.Be(TEnum expected, String because, Object[] becauseArgs)&#xD;
   at PlantProcess.Api.IntegrationTests.Connectors.ConnectorTruthContractTests.GetProvidersAsync(HttpClient client) in C:\Workspace\PlantProcess-IQ\Backend\tests\PlantProcess.Api.IntegrationTests\Connectors\ConnectorTruthContractTests.cs:line 102&#xD;
   at PlantProcess.Api.IntegrationTests.Connectors.ConnectorTruthContractTests.Csv_and_excel_should_be_available_now_because_smoke_tests_exist() in C:\Workspace\PlantProcess-IQ\Backend\tests\PlantProcess.Api.IntegrationTests\Connectors\ConnectorTruthContractTests.cs:line 40&#xD;
--- End of stack trace from previous location ---</StackTrace>
        </ErrorInfo>
      </Output>
    </UnitTestResult>
    <UnitTestResult executionId="44e0ae9e-fc24-48e1-8f01-265be895e5a5" testId="7b4f20d0-3108-ab40-0b5b-03a9019c9fb7" testName="PlantProcess.Api.IntegrationTests.Security.TenantIsolationMatrixTests.Cross_tenant_access_is_denied_or_empty_for_every_sensitive_domain" computerName="WAP174432" duration="00:00:00.0049649" startTime="2026-06-11T23:50:28.6358027+03:00" endTime="2026-06-11T23:50:28.6358036+03:00" testType="13cdc9d9-ddb5-4fa4-a97d-d965ccfc6d4b" outcome="Passed" testListId="8c84fa94-04c1-424b-9868-57a2d4851a1d" relativeResultsDirectory="44e0ae9e-fc24-48e1-8f01-265be895e5a5" />
    <UnitTestResult executionId="2c3c9711-2e6d-4580-b1fb-c27da29e2bdc" testId="6ce71489-1952-18d5-29f3-8e9b624e54a0" testName="PlantProcess.Api.IntegrationTests.Security.TenantAccessorTests.Fails_closed_when_claim_absent" computerName="WAP174432" duration="00:00:00.0009150" startTime="2026-06-11T23:50:28.7414642+03:00" endTime="2026-06-11T23:50:28.7414647+03:00" testType="13cdc9d9-ddb5-4fa4-a97d-d965ccfc6d4b" outcome="Passed" testListId="8c84fa94-04c1-424b-9868-57a2d4851a1d" relativeResultsDirectory="2c3c9711-2e6d-4580-b1fb-c27da29e2bdc" />
    <UnitTestResult executionId="b6eb7057-f8b5-4b0b-9d9b-1d6ee50e03cd" testId="b9b1a812-8f61-e541-5eda-58fba90bdf8e" testName="PlantProcess.Api.IntegrationTests.Mapping.MappingLifecycleProofTests.Mapping_lifecycle_proof_validates_publishes_and_rolls_back" computerName="WAP174432" duration="00:00:00.0066806" startTime="2026-06-11T23:50:19.5373985+03:00" endTime="2026-06-11T23:50:19.5373993+03:00" testType="13cdc9d9-ddb5-4fa4-a97d-d965ccfc6d4b" outcome="Failed" testListId="8c84fa94-04c1-424b-9868-57a2d4851a1d" relativeResultsDirectory="b6eb7057-f8b5-4b0b-9d9b-1d6ee50e03cd">
      <Output>
        <ErrorInfo>
          <Message>System.InvalidOperationException : PPIQ_TEST_CONNECTION_STRING not set.</Message>
          <StackTrace>   at PlantProcess.Api.IntegrationTests.Mapping.MappingLifecycleProofTests.get_Conn() in C:\Workspace\PlantProcess-IQ\Backend\tests\PlantProcess.Api.IntegrationTests\Mapping\MappingLifecycleProofTests.cs:line 18&#xD;
   at PlantProcess.Api.IntegrationTests.Mapping.MappingLifecycleProofTests.OpenAsync() in C:\Workspace\PlantProcess-IQ\Backend\tests\PlantProcess.Api.IntegrationTests\Mapping\MappingLifecycleProofTests.cs:line 23&#xD;
   at PlantProcess.Api.IntegrationTests.Mapping.MappingLifecycleProofTests.Mapping_lifecycle_proof_validates_publishes_and_rolls_back() in C:\Workspace\PlantProcess-IQ\Backend\tests\PlantProcess.Api.IntegrationTests\Mapping\MappingLifecycleProofTests.cs:line 47&#xD;
--- End of stack trace from previous location ---</StackTrace>
        </ErrorInfo>
      </Output>
    </UnitTestResult>
    <UnitTestResult executionId="ed14e3ed-8c59-4027-b5b4-48d49d14a542" testId="3d2340fe-df83-cef0-e5ad-643e995aef2a" testName="PlantProcess.Api.IntegrationTests.Smoke.ApiSmokeEndpointTests.Smoke_endpoint_should_return_success(url: &quot;/health&quot;)" computerName="WAP174432" duration="00:00:00.6159075" startTime="2026-06-12T00:27:14.3557856+03:00" endTime="2026-06-12T00:27:14.3557863+03:00" testType="13cdc9d9-ddb5-4fa4-a97d-d965ccfc6d4b" outcome="Passed" testListId="8c84fa94-04c1-424b-9868-57a2d4851a1d" relativeResultsDirectory="ed14e3ed-8c59-4027-b5b4-48d49d14a542" />
    <UnitTestResult executionId="22ccc78c-f40c-4195-9d1c-b9a16840a75d" testId="33a2b173-8f83-a505-ea4e-1e4de3fd891e" testName="PlantProcess.Api.IntegrationTests.Demo.Phase2DemoLifecycleContractTests.Demo_reset_endpoint_returns_controlled_status_or_authorization_boundary" computerName="WAP174432" duration="00:00:11.8870011" startTime="2026-06-12T00:27:07.9264025+03:00" endTime="2026-06-12T00:27:07.9264031+03:00" testType="13cdc9d9-ddb5-4fa4-a97d-d965ccfc6d4b" outcome="Passed" testListId="8c84fa94-04c1-424b-9868-57a2d4851a1d" relativeResultsDirectory="22ccc78c-f40c-4195-9d1c-b9a16840a75d" />
    <UnitTestResult executionId="762bfdd8-9337-4ba2-9197-0a8a741cb819" testId="e88dca07-4343-71db-4bb4-93b8e989d8c4" testName="PlantProcess.Api.IntegrationTests.Genealogy.GenealogyGoldenThreadTests.Walk_resolves_a_connected_bidirectional_thread_on_demo_data" computerName="WAP174432" duration="00:00:00.0062371" startTime="2026-06-11T23:50:28.7199005+03:00" endTime="2026-06-11T23:50:28.7199022+03:00" testType="13cdc9d9-ddb5-4fa4-a97d-d965ccfc6d4b" outcome="Failed" testListId="8c84fa94-04c1-424b-9868-57a2d4851a1d" relativeResultsDirectory="762bfdd8-9337-4ba2-9197-0a8a741cb819">
      <Output>
        <ErrorInfo>
          <Message>System.InvalidOperationException : PPIQ_TEST_CONNECTION_STRING not set.</Message>
          <StackTrace>   at PlantProcess.Api.IntegrationTests.Genealogy.GenealogyGoldenThreadTests.get_Conn() in C:\Workspace\PlantProcess-IQ\Backend\tests\PlantProcess.Api.IntegrationTests\Genealogy\GenealogyGoldenThreadTests.cs:line 21&#xD;
   at PlantProcess.Api.IntegrationTests.Genealogy.GenealogyGoldenThreadTests.OpenAsync() in C:\Workspace\PlantProcess-IQ\Backend\tests\PlantProcess.Api.IntegrationTests\Genealogy\GenealogyGoldenThreadTests.cs:line 26&#xD;
   at PlantProcess.Api.IntegrationTests.Genealogy.GenealogyGoldenThreadTests.Walk_resolves_a_connected_bidirectional_thread_on_demo_data() in C:\Workspace\PlantProcess-IQ\Backend\tests\PlantProcess.Api.IntegrationTests\Genealogy\GenealogyGoldenThreadTests.cs:line 104&#xD;
--- End of stack trace from previous location ---</StackTrace>
        </ErrorInfo>
      </Output>
    </UnitTestResult>
    <UnitTestResult executionId="433448c7-c233-445e-b3f5-5a0282244eed" testId="3787f7e6-cb9d-fb5b-6ec0-e11131e55b31" testName="PlantProcess.Api.IntegrationTests.Security.AuthEndpointTests.Login_should_return_access_token_for_valid_admin_credentials" computerName="WAP174432" duration="00:00:07.3983624" startTime="2026-06-11T23:51:04.9840661+03:00" endTime="2026-06-11T23:51:04.9840670+03:00" testType="13cdc9d9-ddb5-4fa4-a97d-d965ccfc6d4b" outcome="Passed" testListId="8c84fa94-04c1-424b-9868-57a2d4851a1d" relativeResultsDirectory="433448c7-c233-445e-b3f5-5a0282244eed" />
    <UnitTestResult executionId="988dc083-ebbf-473a-8aa8-289278db8cc8" testId="e8712f4d-96f1-1392-60c8-9dd69f8f2818" testName="PlantProcess.Api.IntegrationTests.Security.Phase04TenantIsolationProofTests.Phase04TenantIsolationProofAssetsExist" computerName="WAP174432" duration="00:00:00.0027868" startTime="2026-06-11T23:50:19.5411174+03:00" endTime="2026-06-11T23:50:19.5411181+03:00" testType="13cdc9d9-ddb5-4fa4-a97d-d965ccfc6d4b" outcome="Passed" testListId="8c84fa94-04c1-424b-9868-57a2d4851a1d" relativeResultsDirectory="988dc083-ebbf-473a-8aa8-289278db8cc8" />
    <UnitTestResult executionId="c769e3db-5fda-4780-95dd-572928863c72" testId="88c3f321-52a8-75f1-57f9-07e169df11a1" testName="PlantProcess.Api.IntegrationTests.Genealogy.GenealogyGoldenThreadTests.Walk_respects_depth_bound_and_rejects_invalid_direction" computerName="WAP174432" duration="00:00:00.0057857" startTime="2026-06-11T23:50:28.7327233+03:00" endTime="2026-06-11T23:50:28.7327243+03:00" testType="13cdc9d9-ddb5-4fa4-a97d-d965ccfc6d4b" outcome="Failed" testListId="8c84fa94-04c1-424b-9868-57a2d4851a1d" relativeResultsDirectory="c769e3db-5fda-4780-95dd-572928863c72">
      <Output>
        <ErrorInfo>
          <Message>System.InvalidOperationException : PPIQ_TEST_CONNECTION_STRING not set.</Message>
          <StackTrace>   at PlantProcess.Api.IntegrationTests.Genealogy.GenealogyGoldenThreadTests.get_Conn() in C:\Workspace\PlantProcess-IQ\Backend\tests\PlantProcess.Api.IntegrationTests\Genealogy\GenealogyGoldenThreadTests.cs:line 21&#xD;
   at PlantProcess.Api.IntegrationTests.Genealogy.GenealogyGoldenThreadTests.OpenAsync() in C:\Workspace\PlantProcess-IQ\Backend\tests\PlantProcess.Api.IntegrationTests\Genealogy\GenealogyGoldenThreadTests.cs:line 26&#xD;
   at PlantProcess.Api.IntegrationTests.Genealogy.GenealogyGoldenThreadTests.Walk_respects_depth_bound_and_rejects_invalid_direction() in C:\Workspace\PlantProcess-IQ\Backend\tests\PlantProcess.Api.IntegrationTests\Genealogy\GenealogyGoldenThreadTests.cs:line 130&#xD;
--- End of stack trace from previous location ---</StackTrace>
        </ErrorInfo>
      </Output>
    </UnitTestResult>
    <UnitTestResult executionId="247bb88f-7138-41cf-8bbc-93b30d13f7b6" testId="cbd870ea-5438-02e8-75c4-7078be0272ef" testName="PlantProcess.Api.IntegrationTests.Security.TenantAccessorTests.Fails_closed_when_no_principal" computerName="WAP174432" duration="00:00:00.0012376" startTime="2026-06-11T23:50:28.7537748+03:00" endTime="2026-06-11T23:50:28.7537759+03:00" testType="13cdc9d9-ddb5-4fa4-a97d-d965ccfc6d4b" outcome="Passed" testListId="8c84fa94-04c1-424b-9868-57a2d4851a1d" relativeResultsDirectory="247bb88f-7138-41cf-8bbc-93b30d13f7b6" />
    <UnitTestResult executionId="7e81f1bc-1bff-4817-ab2e-9245c01dbcb9" testId="968f5a57-73d5-dd4a-aad3-c9898927dd16" testName="PlantProcess.Api.IntegrationTests.Security.TenantAccessorTests.Fails_closed_when_claim_malformed" computerName="WAP174432" duration="00:00:00.0064744" startTime="2026-06-11T23:50:28.7400079+03:00" endTime="2026-06-11T23:50:28.7400090+03:00" testType="13cdc9d9-ddb5-4fa4-a97d-d965ccfc6d4b" outcome="Passed" testListId="8c84fa94-04c1-424b-9868-57a2d4851a1d" relativeResultsDirectory="7e81f1bc-1bff-4817-ab2e-9245c01dbcb9" />
    <UnitTestResult executionId="e5f1b93e-2c81-412e-93db-010af858381c" testId="4650671f-c2a5-ff76-7b13-3cb7d4786ef1" testName="PlantProcess.Api.IntegrationTests.Import.DeltaImportResumabilityTests.TwoStageDeltaImport_RejectsAnonymousAccess_WhenOptInEnabled" computerName="WAP174432" duration="00:00:00.0015833" startTime="2026-06-11T23:49:48.6914339+03:00" endTime="2026-06-11T23:49:48.6914341+03:00" testType="13cdc9d9-ddb5-4fa4-a97d-d965ccfc6d4b" outcome="Passed" testListId="8c84fa94-04c1-424b-9868-57a2d4851a1d" relativeResultsDirectory="e5f1b93e-2c81-412e-93db-010af858381c" />
    <UnitTestResult executionId="9bfaeab3-0f14-441e-941c-51e4f2dca85e" testId="aee08416-e4dc-fdf3-e0eb-cd3b5f789a12" testName="PlantProcess.Api.IntegrationTests.Smoke.ApiSmokeEndpointTests.Smoke_endpoint_should_return_success(url: &quot;/admin/overview&quot;)" computerName="WAP174432" duration="00:00:00.5806194" startTime="2026-06-12T00:27:16.5017949+03:00" endTime="2026-06-12T00:27:16.5017954+03:00" testType="13cdc9d9-ddb5-4fa4-a97d-d965ccfc6d4b" outcome="Failed" testListId="8c84fa94-04c1-424b-9868-57a2d4851a1d" relativeResultsDirectory="9bfaeab3-0f14-441e-941c-51e4f2dca85e">
      <Output>
        <ErrorInfo>
          <Message>Expected response.StatusCode to be HttpStatusCode.OK {value: 200} because /admin/overview must be reachable for the configured integration-test Admin user, but found HttpStatusCode.Forbidden {value: 403}.</Message>
          <StackTrace>   at FluentAssertions.Primitives.EnumAssertions`2.Be(TEnum expected, String because, Object[] becauseArgs)&#xD;
   at PlantProcess.Api.IntegrationTests.Smoke.ApiSmokeEndpointTests.Smoke_endpoint_should_return_success(String url) in C:\Workspace\PlantProcess-IQ\Backend\tests\PlantProcess.Api.IntegrationTests\Smoke\ApiSmokeEndpointTests.cs:line 29&#xD;
--- End of stack trace from previous location ---</StackTrace>
        </ErrorInfo>
      </Output>
    </UnitTestResult>
    <UnitTestResult executionId="75e818a3-5fcf-4417-8c87-832ca41eb912" testId="f05e9cf7-a11a-984a-2cec-cec17c6eac98" testName="PlantProcess.Api.IntegrationTests.Smoke.ApiEndpointCatalogSmokeTests.Authenticated_stable_get_endpoint_should_not_return_server_error(name: &quot;Source datasets&quot;, url: &quot;/admin/connectors/datasets?includeInactive=true&quot;)" computerName="WAP174432" duration="00:00:00.8488835" startTime="2026-06-11T23:50:14.8643870+03:00" endTime="2026-06-11T23:50:14.8643875+03:00" testType="13cdc9d9-ddb5-4fa4-a97d-d965ccfc6d4b" outcome="Failed" testListId="8c84fa94-04c1-424b-9868-57a2d4851a1d" relativeResultsDirectory="75e818a3-5fcf-4417-8c87-832ca41eb912">
      <Output>
        <ErrorInfo>
          <Message>Expected response.StatusCode not to be HttpStatusCode.Forbidden {value: 403} because Source datasets must accept authenticated admin user role/policy. Body: {"error":"admin_mfa_required","message":"PPIQ-T009: Admin endpoints require verified MFA."}, but it is.</Message>
          <StackTrace>   at FluentAssertions.Primitives.EnumAssertions`2.NotBe(TEnum unexpected, String because, Object[] becauseArgs)&#xD;
   at PlantProcess.Api.IntegrationTests.Smoke.ApiEndpointCatalogSmokeTests.Authenticated_stable_get_endpoint_should_not_return_server_error(String name, String url) in C:\Workspace\PlantProcess-IQ\Backend\tests\PlantProcess.Api.IntegrationTests\Smoke\ApiEndpointCatalogSmokeTests.cs:line 100&#xD;
--- End of stack trace from previous location ---</StackTrace>
        </ErrorInfo>
      </Output>
    </UnitTestResult>
    <UnitTestResult executionId="a2556c44-4429-4355-a09f-ccc7a9722c65" testId="4e1fc1d9-f338-f151-d51f-777e6e28b17a" testName="PlantProcess.Api.IntegrationTests.Mapping.MappingLifecycleProofTests.Safe_sql_gate_rejects_dangerous_sql" computerName="WAP174432" duration="00:00:00.0149357" startTime="2026-06-11T23:50:19.5308708+03:00" endTime="2026-06-11T23:50:19.5308716+03:00" testType="13cdc9d9-ddb5-4fa4-a97d-d965ccfc6d4b" outcome="Failed" testListId="8c84fa94-04c1-424b-9868-57a2d4851a1d" relativeResultsDirectory="a2556c44-4429-4355-a09f-ccc7a9722c65">
      <Output>
        <ErrorInfo>
          <Message>System.InvalidOperationException : PPIQ_TEST_CONNECTION_STRING not set.</Message>
          <StackTrace>   at PlantProcess.Api.IntegrationTests.Mapping.MappingLifecycleProofTests.get_Conn() in C:\Workspace\PlantProcess-IQ\Backend\tests\PlantProcess.Api.IntegrationTests\Mapping\MappingLifecycleProofTests.cs:line 18&#xD;
   at PlantProcess.Api.IntegrationTests.Mapping.MappingLifecycleProofTests.OpenAsync() in C:\Workspace\PlantProcess-IQ\Backend\tests\PlantProcess.Api.IntegrationTests\Mapping\MappingLifecycleProofTests.cs:line 23&#xD;
   at PlantProcess.Api.IntegrationTests.Mapping.MappingLifecycleProofTests.Safe_sql_gate_rejects_dangerous_sql() in C:\Workspace\PlantProcess-IQ\Backend\tests\PlantProcess.Api.IntegrationTests\Mapping\MappingLifecycleProofTests.cs:line 71&#xD;
--- End of stack trace from previous location ---</StackTrace>
        </ErrorInfo>
      </Output>
    </UnitTestResult>
    <UnitTestResult executionId="82455912-ebd5-4fd5-9e04-39f509826d49" testId="d864eb12-6d0f-ad61-415c-52bc8be32fcf" testName="PlantProcess.Api.IntegrationTests.Import.DeltaImportResumabilityTests.TwoStageDeltaImport_MaxRowsSmallBatch_DoesNotBreakWatermarks_WhenOptInEnabled" computerName="WAP174432" duration="00:00:00.0028704" startTime="2026-06-11T23:49:48.6893254+03:00" endTime="2026-06-11T23:49:48.6893258+03:00" testType="13cdc9d9-ddb5-4fa4-a97d-d965ccfc6d4b" outcome="Passed" testListId="8c84fa94-04c1-424b-9868-57a2d4851a1d" relativeResultsDirectory="82455912-ebd5-4fd5-9e04-39f509826d49" />
    <UnitTestResult executionId="5ca54255-57e8-4b20-acd1-e65bb6732425" testId="98fdbba6-5e09-8376-e58b-6fa8c8e659a9" testName="PlantProcess.Api.IntegrationTests.Import.DeltaImportResumabilityTests.TwoStageDeltaImport_Stage1Stage2AndFullCycle_AreIdempotent_WhenOptInEnabled" computerName="WAP174432" duration="00:00:00.2469196" startTime="2026-06-11T23:49:48.6868067+03:00" endTime="2026-06-11T23:49:48.6868077+03:00" testType="13cdc9d9-ddb5-4fa4-a97d-d965ccfc6d4b" outcome="Passed" testListId="8c84fa94-04c1-424b-9868-57a2d4851a1d" relativeResultsDirectory="5ca54255-57e8-4b20-acd1-e65bb6732425" />
    <UnitTestResult executionId="cf12e44c-690b-4e4b-b7d7-461a2341a65f" testId="282eb18a-9afd-7ef5-661f-4d9229761378" testName="PlantProcess.Api.IntegrationTests.Smoke.ApiSmokeEndpointTests.Smoke_endpoint_should_return_success(url: &quot;/admin/db-configuration/summary&quot;)" computerName="WAP174432" duration="00:00:01.4973406" startTime="2026-06-12T00:27:13.7397678+03:00" endTime="2026-06-12T00:27:13.7397683+03:00" testType="13cdc9d9-ddb5-4fa4-a97d-d965ccfc6d4b" outcome="Failed" testListId="8c84fa94-04c1-424b-9868-57a2d4851a1d" relativeResultsDirectory="cf12e44c-690b-4e4b-b7d7-461a2341a65f">
      <Output>
        <ErrorInfo>
          <Message>Expected response.StatusCode to be HttpStatusCode.OK {value: 200} because /admin/db-configuration/summary must be reachable for the configured integration-test Admin user, but found HttpStatusCode.Forbidden {value: 403}.</Message>
          <StackTrace>   at FluentAssertions.Primitives.EnumAssertions`2.Be(TEnum expected, String because, Object[] becauseArgs)&#xD;
   at PlantProcess.Api.IntegrationTests.Smoke.ApiSmokeEndpointTests.Smoke_endpoint_should_return_success(String url) in C:\Workspace\PlantProcess-IQ\Backend\tests\PlantProcess.Api.IntegrationTests\Smoke\ApiSmokeEndpointTests.cs:line 29&#xD;
--- End of stack trace from previous location ---</StackTrace>
        </ErrorInfo>
      </Output>
    </UnitTestResult>
    <UnitTestResult executionId="dceca5c8-1d7f-4499-8dfa-1add1cb44b08" testId="97b442c8-ac86-6cd2-d775-f847b1187579" testName="PlantProcess.Api.IntegrationTests.Smoke.ApiEndpointCatalogSmokeTests.Lightweight_endpoint_should_not_return_server_error(name: &quot;Health&quot;, url: &quot;/health&quot;)" computerName="WAP174432" duration="00:00:09.4565332" startTime="2026-06-11T23:49:58.1541418+03:00" endTime="2026-06-11T23:49:58.1541425+03:00" testType="13cdc9d9-ddb5-4fa4-a97d-d965ccfc6d4b" outcome="Passed" testListId="8c84fa94-04c1-424b-9868-57a2d4851a1d" relativeResultsDirectory="dceca5c8-1d7f-4499-8dfa-1add1cb44b08" />
    <UnitTestResult executionId="3b13bc9c-c2e9-4d6c-b340-40ed211e9712" testId="89f525f0-c73b-fd84-34d9-fb29fdd285c5" testName="PlantProcess.Api.IntegrationTests.Security.SchemaConfigurationSafetyEndpointTests.Ad_hoc_preview_endpoint_should_reject_unsafe_sql(sqlText: &quot;DELETE FROM material_units;&quot;)" computerName="WAP174432" duration="00:00:00.8624051" startTime="2026-06-11T23:50:44.1302903+03:00" endTime="2026-06-11T23:50:44.1302909+03:00" testType="13cdc9d9-ddb5-4fa4-a97d-d965ccfc6d4b" outcome="Failed" testListId="8c84fa94-04c1-424b-9868-57a2d4851a1d" relativeResultsDirectory="3b13bc9c-c2e9-4d6c-b340-40ed211e9712">
      <Output>
        <ErrorInfo>
          <Message>Expected response.StatusCode to be HttpStatusCode.BadRequest {value: 400}, but found HttpStatusCode.Forbidden {value: 403}.</Message>
          <StackTrace>   at FluentAssertions.Primitives.EnumAssertions`2.Be(TEnum expected, String because, Object[] becauseArgs)&#xD;
   at PlantProcess.Api.IntegrationTests.Security.SchemaConfigurationSafetyEndpointTests.Ad_hoc_preview_endpoint_should_reject_unsafe_sql(String sqlText) in C:\Workspace\PlantProcess-IQ\Backend\tests\PlantProcess.Api.IntegrationTests\Security\SchemaConfigurationSafetyEndpointTests.cs:line 52&#xD;
--- End of stack trace from previous location ---</StackTrace>
        </ErrorInfo>
      </Output>
    </UnitTestResult>
    <UnitTestResult executionId="9dc0bb74-53ac-4d67-8d4a-0f40c14f7948" testId="e0810746-3401-52df-a19e-bc4fb1716ea3" testName="PlantProcess.Api.IntegrationTests.Security.SchemaConfigurationSafetyEndpointTests.Ad_hoc_preview_endpoint_should_reject_unsafe_sql(sqlText: &quot;SELECT pg_sleep(30);&quot;)" computerName="WAP174432" duration="00:00:08.7756516" startTime="2026-06-11T23:50:37.5453464+03:00" endTime="2026-06-11T23:50:37.5453472+03:00" testType="13cdc9d9-ddb5-4fa4-a97d-d965ccfc6d4b" outcome="Failed" testListId="8c84fa94-04c1-424b-9868-57a2d4851a1d" relativeResultsDirectory="9dc0bb74-53ac-4d67-8d4a-0f40c14f7948">
      <Output>
        <ErrorInfo>
          <Message>Expected response.StatusCode to be HttpStatusCode.BadRequest {value: 400}, but found HttpStatusCode.Forbidden {value: 403}.</Message>
          <StackTrace>   at FluentAssertions.Primitives.EnumAssertions`2.Be(TEnum expected, String because, Object[] becauseArgs)&#xD;
   at PlantProcess.Api.IntegrationTests.Security.SchemaConfigurationSafetyEndpointTests.Ad_hoc_preview_endpoint_should_reject_unsafe_sql(String sqlText) in C:\Workspace\PlantProcess-IQ\Backend\tests\PlantProcess.Api.IntegrationTests\Security\SchemaConfigurationSafetyEndpointTests.cs:line 52&#xD;
--- End of stack trace from previous location ---</StackTrace>
        </ErrorInfo>
      </Output>
    </UnitTestResult>
    <UnitTestResult executionId="9aa6cb1b-ad75-4718-8cae-25a7518f021f" testId="ed38087f-489a-a071-59ba-ad065d5a00d7" testName="PlantProcess.Api.IntegrationTests.Security.SchemaConfigurationSafetyEndpointTests.Ad_hoc_preview_endpoint_should_reject_unsafe_sql(sqlText: &quot;WITH RECURSIVE x AS (SELECT 1 AS n UNION ALL SELEC&quot;···)" computerName="WAP174432" duration="00:00:00.8625052" startTime="2026-06-11T23:50:46.0242055+03:00" endTime="2026-06-11T23:50:46.0242064+03:00" testType="13cdc9d9-ddb5-4fa4-a97d-d965ccfc6d4b" outcome="Failed" testListId="8c84fa94-04c1-424b-9868-57a2d4851a1d" relativeResultsDirectory="9aa6cb1b-ad75-4718-8cae-25a7518f021f">
      <Output>
        <ErrorInfo>
          <Message>Expected response.StatusCode to be HttpStatusCode.BadRequest {value: 400}, but found HttpStatusCode.Forbidden {value: 403}.</Message>
          <StackTrace>   at FluentAssertions.Primitives.EnumAssertions`2.Be(TEnum expected, String because, Object[] becauseArgs)&#xD;
   at PlantProcess.Api.IntegrationTests.Security.SchemaConfigurationSafetyEndpointTests.Ad_hoc_preview_endpoint_should_reject_unsafe_sql(String sqlText) in C:\Workspace\PlantProcess-IQ\Backend\tests\PlantProcess.Api.IntegrationTests\Security\SchemaConfigurationSafetyEndpointTests.cs:line 52&#xD;
--- End of stack trace from previous location ---</StackTrace>
        </ErrorInfo>
      </Output>
    </UnitTestResult>
    <UnitTestResult executionId="bb4f7559-9d80-4a8c-ab18-7a85e589c19b" testId="1bc60ded-08cf-9c84-de40-5104c8a406c2" testName="PlantProcess.Api.IntegrationTests.Smoke.ApiEndpointCatalogSmokeTests.Authenticated_stable_get_endpoint_should_not_return_server_error(name: &quot;Dashboard overview&quot;, url: &quot;/analytics/dashboard/overview&quot;)" computerName="WAP174432" duration="00:00:01.7385299" startTime="2026-06-11T23:50:14.0070284+03:00" endTime="2026-06-11T23:50:14.0070291+03:00" testType="13cdc9d9-ddb5-4fa4-a97d-d965ccfc6d4b" outcome="Passed" testListId="8c84fa94-04c1-424b-9868-57a2d4851a1d" relativeResultsDirectory="bb4f7559-9d80-4a8c-ab18-7a85e589c19b" />
    <UnitTestResult executionId="c4e5a057-28f1-42b1-94ce-f438d55cf10c" testId="3192d555-6be6-9e20-cd45-c13800db249a" testName="PlantProcess.Api.IntegrationTests.Smoke.ApiEndpointCatalogSmokeTests.Authenticated_stable_get_endpoint_should_not_return_server_error(name: &quot;Dashboard risk&quot;, url: &quot;/analytics/dashboard/risk&quot;)" computerName="WAP174432" duration="00:00:01.8865686" startTime="2026-06-11T23:50:05.4021391+03:00" endTime="2026-06-11T23:50:05.4021401+03:00" testType="13cdc9d9-ddb5-4fa4-a97d-d965ccfc6d4b" outcome="Passed" testListId="8c84fa94-04c1-424b-9868-57a2d4851a1d" relativeResultsDirectory="c4e5a057-28f1-42b1-94ce-f438d55cf10c" />
    <UnitTestResult executionId="653eb2f4-a650-4eda-84cb-fc81ed9a4df7" testId="b8098c6e-6a31-30d9-00a3-eb19ee23bfec" testName="PlantProcess.Api.IntegrationTests.Connectors.ConnectorTruthContractTests.Untested_or_not_demo_ready_connectors_should_remain_planned(providerType: &quot;Oracle&quot;)" computerName="WAP174432" duration="00:00:01.1475271" startTime="2026-06-11T23:52:00.5278498+03:00" endTime="2026-06-11T23:52:00.5278503+03:00" testType="13cdc9d9-ddb5-4fa4-a97d-d965ccfc6d4b" outcome="Failed" testListId="8c84fa94-04c1-424b-9868-57a2d4851a1d" relativeResultsDirectory="653eb2f4-a650-4eda-84cb-fc81ed9a4df7">
      <Output>
        <ErrorInfo>
          <Message>Expected response.StatusCode to be HttpStatusCode.OK {value: 200}, but found HttpStatusCode.Forbidden {value: 403}.</Message>
          <StackTrace>   at FluentAssertions.Primitives.EnumAssertions`2.Be(TEnum expected, String because, Object[] becauseArgs)&#xD;
   at PlantProcess.Api.IntegrationTests.Connectors.ConnectorTruthContractTests.GetProvidersAsync(HttpClient client) in C:\Workspace\PlantProcess-IQ\Backend\tests\PlantProcess.Api.IntegrationTests\Connectors\ConnectorTruthContractTests.cs:line 102&#xD;
[...]
[00:27:15 VRB] 06bc9c129c054c2b95b43cef2cdad384 HTTP request trace finished. RequestId=0HNM7VBPLV656, Method=POST, Path=/auth/login, StatusCode=200, ElapsedMs=403&#xD;
[00:27:15 VRB] 69b6f67e39a1419c9cc9ec95c9446b27 No X-Correlation-ID header found. Generated new CorrelationId=69b6f67e39a1419c9cc9ec95c9446b27&#xD;
[00:27:15 VRB] 69b6f67e39a1419c9cc9ec95c9446b27 HTTP request trace started. RequestId=0HNM7VBPLV657, Method=GET, Path=/admin/jobs-monitor, QueryString=&#xD;
[00:27:15 DBG] 69b6f67e39a1419c9cc9ec95c9446b27 HTTP request received. RequestId=0HNM7VBPLV657, Method=GET, Path=/admin/jobs-monitor, QueryString=, ContentType=null, ContentLength=null&#xD;
[00:27:15 WRN] 69b6f67e39a1419c9cc9ec95c9446b27 HTTP request completed with client error. RequestId=0HNM7VBPLV657, Method=GET, Path=/admin/jobs-monitor, StatusCode=403, ElapsedMs=0&#xD;
[00:27:15 VRB] 69b6f67e39a1419c9cc9ec95c9446b27 HTTP request trace finished. RequestId=0HNM7VBPLV657, Method=GET, Path=/admin/jobs-monitor, StatusCode=403, ElapsedMs=0&#xD;
[00:27:15 VRB] 712284c129dd4cc7b9fb3008b878d27e No X-Correlation-ID header found. Generated new CorrelationId=712284c129dd4cc7b9fb3008b878d27e&#xD;
[xUnit.net 00:38:07.77]       Expected response.StatusCode to be HttpStatusCode.OK {value: 200} because /admin/jobs-monitor must be reachable for the configured integration-test Admin user, but found HttpStatusCode.Forbidden {value: 403}.&#xD;
[xUnit.net 00:38:07.77]       Stack Trace:&#xD;
[xUnit.net 00:38:07.77]            at FluentAssertions.Primitives.EnumAssertions`2.Be(TEnum expected, String because, Object[] becauseArgs)&#xD;
[00:27:15 VRB] 712284c129dd4cc7b9fb3008b878d27e HTTP request trace started. RequestId=0HNM7VBPLV658, Method=POST, Path=/auth/login, QueryString=&#xD;
[00:27:15 DBG] 712284c129dd4cc7b9fb3008b878d27e HTTP request received. RequestId=0HNM7VBPLV658, Method=POST, Path=/auth/login, QueryString=, ContentType=application/json; charset=utf-8, ContentLength=null&#xD;
[xUnit.net 00:38:07.77]         C:\Workspace\PlantProcess-IQ\Backend\tests\PlantProcess.Api.IntegrationTests\Smoke\ApiSmokeEndpointTests.cs(29,0): at PlantProcess.Api.IntegrationTests.Smoke.ApiSmokeEndpointTests.Smoke_endpoint_should_return_success(String url)&#xD;
[xUnit.net 00:38:07.77]         --- End of stack trace from previous location ---&#xD;
[00:27:15 INF] 712284c129dd4cc7b9fb3008b878d27e Login succeeded for admin. Role=SuperAdmin, Tenant=default-demo, ExpiresAtUtc=06/11/2026 22:27:15&#xD;
[00:27:15 DBG] 712284c129dd4cc7b9fb3008b878d27e PostgreSQL tenant GUC set. TenantId=00000000-0000-0000-0000-000000000001&#xD;
[00:27:15 INF] 712284c129dd4cc7b9fb3008b878d27e HTTP request completed. RequestId=0HNM7VBPLV658, Method=POST, Path=/auth/login, StatusCode=200, ElapsedMs=415&#xD;
[00:27:15 VRB] 712284c129dd4cc7b9fb3008b878d27e HTTP request trace finished. RequestId=0HNM7VBPLV658, Method=POST, Path=/auth/login, StatusCode=200, ElapsedMs=415&#xD;
[00:27:15 VRB] b361bd51c9b041b5b82b5aa3b534b6de No X-Correlation-ID header found. Generated new CorrelationId=b361bd51c9b041b5b82b5aa3b534b6de&#xD;
[00:27:15 VRB] b361bd51c9b041b5b82b5aa3b534b6de HTTP request trace started. RequestId=0HNM7VBPLV659, Method=GET, Path=/swagger/v1/swagger.json, QueryString=&#xD;
[00:27:15 DBG] b361bd51c9b041b5b82b5aa3b534b6de HTTP request received. RequestId=0HNM7VBPLV659, Method=GET, Path=/swagger/v1/swagger.json, QueryString=, ContentType=null, ContentLength=null&#xD;
[00:27:15 INF] b361bd51c9b041b5b82b5aa3b534b6de HTTP request completed. RequestId=0HNM7VBPLV659, Method=GET, Path=/swagger/v1/swagger.json, StatusCode=200, ElapsedMs=127&#xD;
[00:27:15 VRB] b361bd51c9b041b5b82b5aa3b534b6de HTTP request trace finished. RequestId=0HNM7VBPLV659, Method=GET, Path=/swagger/v1/swagger.json, StatusCode=200, ElapsedMs=127&#xD;
[00:27:15 VRB] 18420b1200ef48928071bca924eac443 No X-Correlation-ID header found. Generated new CorrelationId=18420b1200ef48928071bca924eac443&#xD;
[00:27:15 VRB] 18420b1200ef48928071bca924eac443 HTTP request trace started. RequestId=0HNM7VBPLV65A, Method=POST, Path=/auth/login, QueryString=&#xD;
[00:27:15 DBG] 18420b1200ef48928071bca924eac443 HTTP request received. RequestId=0HNM7VBPLV65A, Method=POST, Path=/auth/login, QueryString=, ContentType=application/json; charset=utf-8, ContentLength=null&#xD;
[00:27:16 INF] 18420b1200ef48928071bca924eac443 Login succeeded for admin. Role=SuperAdmin, Tenant=default-demo, ExpiresAtUtc=06/11/2026 22:27:16&#xD;
[00:27:16 DBG] 18420b1200ef48928071bca924eac443 PostgreSQL tenant GUC set. TenantId=00000000-0000-0000-0000-000000000001&#xD;
[00:27:16 INF] 18420b1200ef48928071bca924eac443 HTTP request completed. RequestId=0HNM7VBPLV65A, Method=POST, Path=/auth/login, StatusCode=200, ElapsedMs=574&#xD;
[00:27:16 VRB] 18420b1200ef48928071bca924eac443 HTTP request trace finished. RequestId=0HNM7VBPLV65A, Method=POST, Path=/auth/login, StatusCode=200, ElapsedMs=574&#xD;
[00:27:16 VRB] 51c7dc4000324edb8424e2b58f786103 No X-Correlation-ID header found. Generated new CorrelationId=51c7dc4000324edb8424e2b58f786103&#xD;
[00:27:16 VRB] 51c7dc4000324edb8424e2b58f786103 HTTP request trace started. RequestId=0HNM7VBPLV65B, Method=GET, Path=/admin/overview, QueryString=&#xD;
[00:27:16 DBG] 51c7dc4000324edb8424e2b58f786103 HTTP request received. RequestId=0HNM7VBPLV65B, Method=GET, Path=/admin/overview, QueryString=, ContentType=null, ContentLength=null&#xD;
[00:27:16 WRN] 51c7dc4000324edb8424e2b58f786103 HTTP request completed with client error. RequestId=0HNM7VBPLV65B, Method=GET, Path=/admin/overview, StatusCode=403, ElapsedMs=0&#xD;
[00:27:16 VRB] 51c7dc4000324edb8424e2b58f786103 HTTP request trace finished. RequestId=0HNM7VBPLV65B, Method=GET, Path=/admin/overview, StatusCode=403, ElapsedMs=0&#xD;
[xUnit.net 00:38:08.90]       Expected response.StatusCode to be HttpStatusCode.OK {value: 200} because /admin/overview must be reachable for the configured integration-test Admin user, but found HttpStatusCode.Forbidden {value: 403}.&#xD;
[xUnit.net 00:38:08.90]       Stack Trace:&#xD;
[xUnit.net 00:38:08.90]            at FluentAssertions.Primitives.EnumAssertions`2.Be(TEnum expected, String because, Object[] becauseArgs)&#xD;
[xUnit.net 00:38:08.90]         C:\Workspace\PlantProcess-IQ\Backend\tests\PlantProcess.Api.IntegrationTests\Smoke\ApiSmokeEndpointTests.cs(29,0): at PlantProcess.Api.IntegrationTests.Smoke.ApiSmokeEndpointTests.Smoke_endpoint_should_return_success(String url)&#xD;
[xUnit.net 00:38:08.90]         --- End of stack trace from previous location ---&#xD;
[00:27:16 INF]                                  PlantProcess IQ API stopped. Version=17.12.0&#xD;
[xUnit.net 00:38:08.91]   Finished:    PlantProcess.Api.IntegrationTests&#xD;
</StdOut>
    </Output>
    <RunInfos>
      <RunInfo computerName="WAP174432" outcome="Error" timestamp="2026-06-11T23:49:48.3811758+03:00">
        <Text>[xUnit.net 00:00:40.78]     PlantProcess.Api.IntegrationTests.Auth.AuthLifecycleTests.Login_session_refresh_logout_then_refresh_is_rejected [FAIL]</Text>
      </RunInfo>
      <RunInfo computerName="WAP174432" outcome="Error" timestamp="2026-06-11T23:50:08.6821228+03:00">
        <Text>[xUnit.net 00:01:01.08]     PlantProcess.Api.IntegrationTests.Smoke.ApiEndpointCatalogSmokeTests.Authenticated_stable_get_endpoint_should_not_return_server_error(name: "Admin jobs monitor", url: "/admin/jobs-monitor") [FAIL]</Text>
      </RunInfo>
      <RunInfo computerName="WAP174432" outcome="Error" timestamp="2026-06-11T23:50:11.3810466+03:00">
        <Text>[xUnit.net 00:01:03.78]     PlantProcess.Api.IntegrationTests.Smoke.ApiEndpointCatalogSmokeTests.Authenticated_stable_get_endpoint_should_not_return_server_error(name: "Admin overview", url: "/admin/overview") [FAIL]</Text>
      </RunInfo>
      <RunInfo computerName="WAP174432" outcome="Error" timestamp="2026-06-11T23:50:12.2664448+03:00">
        <Text>[xUnit.net 00:01:04.66]     PlantProcess.Api.IntegrationTests.Smoke.ApiEndpointCatalogSmokeTests.Authenticated_stable_get_endpoint_should_not_return_server_error(name: "Admin two-stage import model", url: "/admin/two-stage-import-model") [FAIL]</Text>
      </RunInfo>
      <RunInfo computerName="WAP174432" outcome="Error" timestamp="2026-06-11T23:50:14.8614153+03:00">
        <Text>[xUnit.net 00:01:07.26]     PlantProcess.Api.IntegrationTests.Smoke.ApiEndpointCatalogSmokeTests.Authenticated_stable_get_endpoint_should_not_return_server_error(name: "Source datasets", url: "/admin/connectors/datasets?includeInactive=true") [FAIL]</Text>
      </RunInfo>
      <RunInfo computerName="WAP174432" outcome="Error" timestamp="2026-06-11T23:50:16.7063504+03:00">
        <Text>[xUnit.net 00:01:09.10]     PlantProcess.Api.IntegrationTests.Smoke.ApiEndpointCatalogSmokeTests.Authenticated_stable_get_endpoint_should_not_return_server_error(name: "Connection profiles", url: "/admin/connectors/connection-profiles?includeInact"···) [FAIL]</Text>
      </RunInfo>
      <RunInfo computerName="WAP174432" outcome="Error" timestamp="2026-06-11T23:50:17.6214626+03:00">
        <Text>[xUnit.net 00:01:10.02]     PlantProcess.Api.IntegrationTests.Smoke.ApiEndpointCatalogSmokeTests.Authenticated_stable_get_endpoint_should_not_return_server_error(name: "Schema configuration summary", url: "/admin/schema-configuration/summary") [FAIL]</Text>
      </RunInfo>
      <RunInfo computerName="WAP174432" outcome="Error" timestamp="2026-06-11T23:50:19.4922614+03:00">
        <Text>[xUnit.net 00:01:11.89]     PlantProcess.Api.IntegrationTests.Smoke.ApiEndpointCatalogSmokeTests.Authenticated_stable_get_endpoint_should_not_return_server_error(name: "Connector provider types", url: "/admin/connectors/provider-types") [FAIL]</Text>
      </RunInfo>
      <RunInfo computerName="WAP174432" outcome="Error" timestamp="2026-06-11T23:50:19.5292030+03:00">
        <Text>[xUnit.net 00:01:11.93]     PlantProcess.Api.IntegrationTests.Mapping.MappingLifecycleProofTests.Safe_sql_gate_rejects_dangerous_sql [FAIL]</Text>
      </RunInfo>
      <RunInfo computerName="WAP174432" outcome="Error" timestamp="2026-06-11T23:50:19.5368898+03:00">
        <Text>[xUnit.net 00:01:11.93]     PlantProcess.Api.IntegrationTests.Mapping.MappingLifecycleProofTests.Mapping_lifecycle_proof_validates_publishes_and_rolls_back [FAIL]</Text>
      </RunInfo>
      <RunInfo computerName="WAP174432" outcome="Error" timestamp="2026-06-11T23:50:28.7172248+03:00">
        <Text>[xUnit.net 00:01:21.11]     PlantProcess.Api.IntegrationTests.Genealogy.GenealogyGoldenThreadTests.Walk_resolves_a_connected_bidirectional_thread_on_demo_data [FAIL]</Text>
      </RunInfo>
      <RunInfo computerName="WAP174432" outcome="Error" timestamp="2026-06-11T23:50:28.7248249+03:00">
        <Text>[xUnit.net 00:01:21.12]     PlantProcess.Api.IntegrationTests.Genealogy.GenealogyGoldenThreadTests.Genealogy_graph_safety_check_is_callable [FAIL]</Text>
      </RunInfo>
      <RunInfo computerName="WAP174432" outcome="Error" timestamp="2026-06-11T23:50:28.7334176+03:00">
        <Text>[xUnit.net 00:01:21.13]     PlantProcess.Api.IntegrationTests.Genealogy.GenealogyGoldenThreadTests.Walk_respects_depth_bound_and_rejects_invalid_direction [FAIL]</Text>
      </RunInfo>
      <RunInfo computerName="WAP174432" outcome="Error" timestamp="2026-06-11T23:50:37.5396554+03:00">
        <Text>[xUnit.net 00:01:29.94]     PlantProcess.Api.IntegrationTests.Security.SchemaConfigurationSafetyEndpointTests.Ad_hoc_preview_endpoint_should_reject_unsafe_sql(sqlText: "SELECT pg_sleep(30);") [FAIL]</Text>
      </RunInfo>
      <RunInfo computerName="WAP174432" outcome="Error" timestamp="2026-06-11T23:50:38.6117145+03:00">
        <Text>[xUnit.net 00:01:31.01]     PlantProcess.Api.IntegrationTests.Security.SchemaConfigurationSafetyEndpointTests.Ad_hoc_preview_endpoint_should_reject_unsafe_sql(sqlText: "SELECT * FROM pg_catalog.pg_user;") [FAIL]</Text>
      </RunInfo>
      <RunInfo computerName="WAP174432" outcome="Error" timestamp="2026-06-11T23:50:39.4965822+03:00">
        <Text>[xUnit.net 00:01:31.89]     PlantProcess.Api.IntegrationTests.Security.SchemaConfigurationSafetyEndpointTests.Ad_hoc_preview_endpoint_should_reject_unsafe_sql(sqlText: "SELECT pg_read_file('/etc/passwd', 0, 1000);") [FAIL]</Text>
      </RunInfo>
      <RunInfo computerName="WAP174432" outcome="Error" timestamp="2026-06-11T23:50:40.4537103+03:00">
        <Text>[xUnit.net 00:01:32.85]     PlantProcess.Api.IntegrationTests.Security.SchemaConfigurationSafetyEndpointTests.Ad_hoc_preview_endpoint_should_reject_unsafe_sql(sqlText: "SELECT * FROM material_units, audit_log_entries;") [FAIL]</Text>
      </RunInfo>
      <RunInfo computerName="WAP174432" outcome="Error" timestamp="2026-06-11T23:50:41.3862116+03:00">
        <Text>[xUnit.net 00:01:33.78]     PlantProcess.Api.IntegrationTests.Security.SchemaConfigurationSafetyEndpointTests.Ad_hoc_preview_endpoint_should_reject_unsafe_sql(sqlText: "SELECT * FROM material_units m JOIN audit_log_entr"···) [FAIL]</Text>
      </RunInfo>
      <RunInfo computerName="WAP174432" outcome="Error" timestamp="2026-06-11T23:50:42.3448315+03:00">
        <Text>[xUnit.net 00:01:34.74]     PlantProcess.Api.IntegrationTests.Security.SchemaConfigurationSafetyEndpointTests.Ad_hoc_preview_endpoint_should_reject_unsafe_sql(sqlText: "UPDATE material_units SET material_code = 'tampere"···) [FAIL]</Text>
      </RunInfo>
      <RunInfo computerName="WAP174432" outcome="Error" timestamp="2026-06-11T23:50:43.2642479+03:00">
        <Text>[xUnit.net 00:01:35.66]     PlantProcess.Api.IntegrationTests.Security.SchemaConfigurationSafetyEndpointTests.Ad_hoc_preview_endpoint_should_reject_unsafe_sql(sqlText: "SELECT * FROM information_schema.tables;") [FAIL]</Text>
      </RunInfo>
      <RunInfo computerName="WAP174432" outcome="Error" timestamp="2026-06-11T23:50:44.1289098+03:00">
        <Text>[xUnit.net 00:01:36.53]     PlantProcess.Api.IntegrationTests.Security.SchemaConfigurationSafetyEndpointTests.Ad_hoc_preview_endpoint_should_reject_unsafe_sql(sqlText: "DELETE FROM material_units;") [FAIL]</Text>
      </RunInfo>
      <RunInfo computerName="WAP174432" outcome="Error" timestamp="2026-06-11T23:50:45.1569691+03:00">
        <Text>[xUnit.net 00:01:37.55]     PlantProcess.Api.IntegrationTests.Security.SchemaConfigurationSafetyEndpointTests.Ad_hoc_preview_endpoint_should_reject_unsafe_sql(sqlText: "DROP TABLE material_units;") [FAIL]</Text>
      </RunInfo>
      <RunInfo computerName="WAP174432" outcome="Error" timestamp="2026-06-11T23:50:46.0218752+03:00">
        <Text>[xUnit.net 00:01:38.42]     PlantProcess.Api.IntegrationTests.Security.SchemaConfigurationSafetyEndpointTests.Ad_hoc_preview_endpoint_should_reject_unsafe_sql(sqlText: "WITH RECURSIVE x AS (SELECT 1 AS n UNION ALL SELEC"···) [FAIL]</Text>
      </RunInfo>
      <RunInfo computerName="WAP174432" outcome="Error" timestamp="2026-06-11T23:50:46.9486967+03:00">
        <Text>[xUnit.net 00:01:39.35]     PlantProcess.Api.IntegrationTests.Security.SchemaConfigurationSafetyEndpointTests.Ad_hoc_preview_endpoint_should_require_sql_text [FAIL]</Text>
      </RunInfo>
      <RunInfo computerName="WAP174432" outcome="Error" timestamp="2026-06-11T23:50:57.5440458+03:00">
        <Text>[xUnit.net 00:01:49.94]     PlantProcess.Api.IntegrationTests.Security.AuthGateMatrixTests.Protected_admin_endpoint_should_accept_admin_token [FAIL]</Text>
      </RunInfo>
      <RunInfo computerName="WAP174432" outcome="Error" timestamp="2026-06-11T23:51:53.7330433+03:00">
        <Text>[xUnit.net 00:02:46.13]     PlantProcess.Api.IntegrationTests.Connectors.ConnectorTruthContractTests.Untested_or_not_demo_ready_connectors_should_remain_planned(providerType: "MySql") [FAIL]</Text>
      </RunInfo>
      <RunInfo computerName="WAP174432" outcome="Error" timestamp="2026-06-11T23:51:54.6208188+03:00">
        <Text>[xUnit.net 00:02:47.02]     PlantProcess.Api.IntegrationTests.Connectors.ConnectorTruthContractTests.Untested_or_not_demo_ready_connectors_should_remain_planned(providerType: "OpcUaHistorian") [FAIL]</Text>
      </RunInfo>
      <RunInfo computerName="WAP174432" outcome="Error" timestamp="2026-06-11T23:51:56.2723200+03:00">
        <Text>[xUnit.net 00:02:48.67]     PlantProcess.Api.IntegrationTests.Connectors.ConnectorTruthContractTests.Untested_or_not_demo_ready_connectors_should_remain_planned(providerType: "SqlServer") [FAIL]</Text>
      </RunInfo>
      <RunInfo computerName="WAP174432" outcome="Error" timestamp="2026-06-11T23:51:57.5865680+03:00">
        <Text>[xUnit.net 00:02:49.98]     PlantProcess.Api.IntegrationTests.Connectors.ConnectorTruthContractTests.Untested_or_not_demo_ready_connectors_should_remain_planned(providerType: "PostgreSql") [FAIL]</Text>
      </RunInfo>
      <RunInfo computerName="WAP174432" outcome="Error" timestamp="2026-06-11T23:51:59.3591945+03:00">
        <Text>[xUnit.net 00:02:51.76]     PlantProcess.Api.IntegrationTests.Connectors.ConnectorTruthContractTests.Untested_or_not_demo_ready_connectors_should_remain_planned(providerType: "RestApi") [FAIL]</Text>
      </RunInfo>
      <RunInfo computerName="WAP174432" outcome="Error" timestamp="2026-06-11T23:52:00.5268520+03:00">
        <Text>[xUnit.net 00:02:52.92]     PlantProcess.Api.IntegrationTests.Connectors.ConnectorTruthContractTests.Untested_or_not_demo_ready_connectors_should_remain_planned(providerType: "Oracle") [FAIL]</Text>
      </RunInfo>
      <RunInfo computerName="WAP174432" outcome="Error" timestamp="2026-06-11T23:52:01.8199340+03:00">
        <Text>[xUnit.net 00:02:54.22]     PlantProcess.Api.IntegrationTests.Connectors.ConnectorTruthContractTests.Provider_catalog_should_expose_honest_capabilities [FAIL]</Text>
      </RunInfo>
      <RunInfo computerName="WAP174432" outcome="Error" timestamp="2026-06-11T23:52:02.7440156+03:00">
        <Text>[xUnit.net 00:02:55.14]     PlantProcess.Api.IntegrationTests.Connectors.ConnectorTruthContractTests.Csv_and_excel_should_be_available_now_because_smoke_tests_exist [FAIL]</Text>
      </RunInfo>
      <RunInfo computerName="WAP174432" outcome="Error" timestamp="2026-06-11T23:52:03.8845733+03:00">
        <Text>[xUnit.net 00:02:56.28]     PlantProcess.Api.IntegrationTests.Connectors.ConnectorTruthContractTests.Connector_provider_types_should_return_single_truth_catalog [FAIL]</Text>
      </RunInfo>
      <RunInfo computerName="WAP174432" outcome="Error" timestamp="2026-06-12T00:27:12.2396209+03:00">
        <Text>[xUnit.net 00:38:04.64]     PlantProcess.Api.IntegrationTests.Smoke.ApiSmokeEndpointTests.Smoke_endpoint_should_return_success(url: "/admin/two-stage-import-model") [FAIL]</Text>
      </RunInfo>
      <RunInfo computerName="WAP174432" outcome="Error" timestamp="2026-06-12T00:27:13.7394207+03:00">
        <Text>[xUnit.net 00:38:06.14]     PlantProcess.Api.IntegrationTests.Smoke.ApiSmokeEndpointTests.Smoke_endpoint_should_return_success(url: "/admin/db-configuration/summary") [FAIL]</Text>
      </RunInfo>
      <RunInfo computerName="WAP174432" outcome="Error" timestamp="2026-06-12T00:27:14.9582427+03:00">
        <Text>[xUnit.net 00:38:07.36]     PlantProcess.Api.IntegrationTests.Smoke.ApiSmokeEndpointTests.Smoke_endpoint_should_return_success(url: "/admin/schema-configuration/summary") [FAIL]</Text>
      </RunInfo>
      <RunInfo computerName="WAP174432" outcome="Error" timestamp="2026-06-12T00:27:15.3704443+03:00">
        <Text>[xUnit.net 00:38:07.77]     PlantProcess.Api.IntegrationTests.Smoke.ApiSmokeEndpointTests.Smoke_endpoint_should_return_success(url: "/admin/jobs-monitor") [FAIL]</Text>
      </RunInfo>
      <RunInfo computerName="WAP174432" outcome="Error" timestamp="2026-06-12T00:27:16.5011539+03:00">
        <Text>[xUnit.net 00:38:08.90]     PlantProcess.Api.IntegrationTests.Smoke.ApiSmokeEndpointTests.Smoke_endpoint_should_return_success(url: "/admin/overview") [FAIL]</Text>
      </RunInfo>
    </RunInfos>
  </ResultSummary>
</TestRun>