<?xml version="1.0" encoding="utf-8"?>
<TestRun id="958272a3-0a08-400a-827b-4508a9119c85" name="elka01@WAP174432 2026-06-12 19:20:10" runUser="SMS-GROUP\elka01" xmlns="http://microsoft.com/schemas/VisualStudio/TeamTest/2010">
  <Times creation="2026-06-12T19:20:10.8743588+03:00" queuing="2026-06-12T19:20:10.8743594+03:00" start="2026-06-12T19:19:59.6140299+03:00" finish="2026-06-12T19:20:15.4757765+03:00" />
  <TestSettings name="default" id="b61659be-ed43-40af-874f-74e1b2aaa64f">
    <Deployment runDeploymentRoot="elka01_WAP174432_2026-06-12_19_20_10" />
  </TestSettings>
  <Results>
    <UnitTestResult executionId="0903b232-dddd-432a-b3b5-a71081292fd0" testId="915d4e2f-166c-5dae-02d6-bbe3cbe5c51c" testName="PlantProcess.Application.UnitTests.Integration.SchemaDriftWiringTests.Detect_FlagsTypeChange_ByName" computerName="WAP174432" duration="00:00:00.0178150" startTime="2026-06-12T19:20:11.0809038+03:00" endTime="2026-06-12T19:20:11.0809039+03:00" testType="13cdc9d9-ddb5-4fa4-a97d-d965ccfc6d4b" outcome="Passed" testListId="8c84fa94-04c1-424b-9868-57a2d4851a1d" relativeResultsDirectory="0903b232-dddd-432a-b3b5-a71081292fd0" />
    <UnitTestResult executionId="01918f11-0d2b-4232-b1fb-c024394f1ce3" testId="8fd33c7f-bb9f-0424-179e-a723c2be9091" testName="PlantProcess.Application.UnitTests.Common.TextNormalizerTests.RequiredTrim_should_trim_value" computerName="WAP174432" duration="00:00:00.0002288" startTime="2026-06-12T19:20:11.0446573+03:00" endTime="2026-06-12T19:20:11.0446575+03:00" testType="13cdc9d9-ddb5-4fa4-a97d-d965ccfc6d4b" outcome="Passed" testListId="8c84fa94-04c1-424b-9868-57a2d4851a1d" relativeResultsDirectory="01918f11-0d2b-4232-b1fb-c024394f1ce3" />
    <UnitTestResult executionId="7f93f064-81c0-4e72-980e-0c9e9eb38a53" testId="c4c3865c-df73-45fd-ca70-3c7c9ee70a1d" testName="PlantProcess.Application.UnitTests.Connectors.Phase10_T051ConnectorBehaviouralFailureTests.T051_Malformed_Input_Fails_Import_And_Rolls_Back_Entire_Batch(providerType: &quot;MySql&quot;)" computerName="WAP174432" duration="00:00:00.0004241" startTime="2026-06-12T19:20:11.1630936+03:00" endTime="2026-06-12T19:20:11.1630937+03:00" testType="13cdc9d9-ddb5-4fa4-a97d-d965ccfc6d4b" outcome="Passed" testListId="8c84fa94-04c1-424b-9868-57a2d4851a1d" relativeResultsDirectory="7f93f064-81c0-4e72-980e-0c9e9eb38a53" />
    <UnitTestResult executionId="c513c8a2-e53e-45c3-b236-a56b805191f8" testId="32f8f7a8-788e-3c09-834a-8e784d544d97" testName="PlantProcess.Application.UnitTests.Analytics.Advanced.Phase8_T045ReadinessGateSurfaceTests.T045_Normalizes_Legacy_And_Canonical_Readiness_States(input: &quot;Failed&quot;, expected: &quot;Blocked&quot;)" computerName="WAP174432" duration="00:00:00.0000040" startTime="2026-06-12T19:20:10.9683350+03:00" endTime="2026-06-12T19:20:10.9683351+03:00" testType="13cdc9d9-ddb5-4fa4-a97d-d965ccfc6d4b" outcome="Passed" testListId="8c84fa94-04c1-424b-9868-57a2d4851a1d" relativeResultsDirectory="c513c8a2-e53e-45c3-b236-a56b805191f8" />
    <UnitTestResult executionId="28104e5d-af53-462b-9163-ae2b2e014078" testId="5b1c241a-06a5-b489-945c-1ad22fc0e37e" testName="PlantProcess.Application.UnitTests.Integration.SchemaDriftWiringTests.MappingReferencesField_DetectsReference(json: &quot;&quot;, field: &quot;Temperature&quot;, expected: False)" computerName="WAP174432" duration="00:00:00.0009637" startTime="2026-06-12T19:20:11.0821879+03:00" endTime="2026-06-12T19:20:11.0821880+03:00" testType="13cdc9d9-ddb5-4fa4-a97d-d965ccfc6d4b" outcome="Passed" testListId="8c84fa94-04c1-424b-9868-57a2d4851a1d" relativeResultsDirectory="28104e5d-af53-462b-9163-ae2b2e014078" />
    <UnitTestResult executionId="edd101c3-d537-401d-bb6d-43d1608c67b8" testId="6dc25de8-b1e2-06a3-b54c-03400270866b" testName="PlantProcess.Phase1.Tests.Phase1_SafeSqlValidatorCorpusTests.Malicious_or_unknown_fails(sql: &quot;SELECT dblink('h','SELECT 1')&quot;)" computerName="WAP174432" duration="00:00:00.0059293" startTime="2026-06-12T19:20:10.9723982+03:00" endTime="2026-06-12T19:20:10.9723984+03:00" testType="13cdc9d9-ddb5-4fa4-a97d-d965ccfc6d4b" outcome="Passed" testListId="8c84fa94-04c1-424b-9868-57a2d4851a1d" relativeResultsDirectory="edd101c3-d537-401d-bb6d-43d1608c67b8" />
    <UnitTestResult executionId="bb2ea1ed-d798-4ed3-97ee-9abc01e826f3" testId="ea9d32dc-3c96-bfd4-04ad-b378c3589f7f" testName="PlantProcess.Application.UnitTests.Acquisition.P5_OtSafeAcquisitionTests.T032_network_proof_contains_no_inbound_and_no_control_language" computerName="WAP174432" duration="00:00:01.0162042" startTime="2026-06-12T19:20:10.7730522+03:00" endTime="2026-06-12T19:20:10.7730524+03:00" testType="13cdc9d9-ddb5-4fa4-a97d-d965ccfc6d4b" outcome="Passed" testListId="8c84fa94-04c1-424b-9868-57a2d4851a1d" relativeResultsDirectory="bb2ea1ed-d798-4ed3-97ee-9abc01e826f3" />
    <UnitTestResult executionId="5f375c01-ffbf-499e-8c73-0be7155a77bd" testId="2c822748-dcff-7934-591d-5c7899ef2220" testName="PlantProcess.Phase1.Tests.Phase1_SafeSqlValidatorCorpusTests.Malicious_or_unknown_fails(sql: &quot;SELECT * FROM nonexistent_secret_table LIMIT 10&quot;)" computerName="WAP174432" duration="00:00:00.0053976" startTime="2026-06-12T19:20:10.9204353+03:00" endTime="2026-06-12T19:20:10.9204354+03:00" testType="13cdc9d9-ddb5-4fa4-a97d-d965ccfc6d4b" outcome="Passed" testListId="8c84fa94-04c1-424b-9868-57a2d4851a1d" relativeResultsDirectory="5f375c01-ffbf-499e-8c73-0be7155a77bd" />
    <UnitTestResult executionId="ccdef608-585d-4f60-ac91-837a77ac0317" testId="6759ee75-feeb-b9f4-a0ac-9fe673724f14" testName="PlantProcess.Application.UnitTests.Widgets.WidgetScriptSqlCompilerTests.Injection_attempts_are_rejected(script: &quot;source=public.users; measure=count(*); filter=1=1 &quot;···)" computerName="WAP174432" duration="00:00:00.0000569" startTime="2026-06-12T19:20:11.0946056+03:00" endTime="2026-06-12T19:20:11.0946057+03:00" testType="13cdc9d9-ddb5-4fa4-a97d-d965ccfc6d4b" outcome="Passed" testListId="8c84fa94-04c1-424b-9868-57a2d4851a1d" relativeResultsDirectory="ccdef608-585d-4f60-ac91-837a77ac0317" />
    <UnitTestResult executionId="88186c38-e462-4f47-ab63-260981b9af86" testId="e75d5d0e-79cd-9702-853d-bfe225e8c48c" testName="PlantProcess.Application.UnitTests.Analytics.P3_ValueEvidenceKpiCoverageTests.T020_coverage_reconciles_population_and_completeness" computerName="WAP174432" duration="00:00:01.0268119" startTime="2026-06-12T19:20:10.7964628+03:00" endTime="2026-06-12T19:20:10.7964630+03:00" testType="13cdc9d9-ddb5-4fa4-a97d-d965ccfc6d4b" outcome="Passed" testListId="8c84fa94-04c1-424b-9868-57a2d4851a1d" relativeResultsDirectory="88186c38-e462-4f47-ab63-260981b9af86" />
    <UnitTestResult executionId="6b5bcd9b-5f67-4774-bffb-27f67846a6f5" testId="a5308890-b2a6-300d-5735-006c956ace21" testName="PlantProcess.Application.UnitTests.Analytics.CostAssumptionStoreContractTests.A_value_result_references_the_active_assumption_version" computerName="WAP174432" duration="00:00:00.0275736" startTime="2026-06-12T19:20:11.2210525+03:00" endTime="2026-06-12T19:20:11.2210526+03:00" testType="13cdc9d9-ddb5-4fa4-a97d-d965ccfc6d4b" outcome="Passed" testListId="8c84fa94-04c1-424b-9868-57a2d4851a1d" relativeResultsDirectory="6b5bcd9b-5f67-4774-bffb-27f67846a6f5" />
    <UnitTestResult executionId="8fdc0d31-acf1-411d-bb6c-a45a2442894a" testId="66c3bb7e-f906-5e75-fe6a-c9c9101f7ee5" testName="PlantProcess.Application.UnitTests.Security.SafeSqlValidatorPhase1Tests.Valid_read_only_sql_with_forbidden_substrings_should_pass(sql: &quot;WITH safe_cte AS (SELECT created_by FROM quality_e&quot;···)" computerName="WAP174432" duration="00:00:00.0381611" startTime="2026-06-12T19:20:11.1720886+03:00" endTime="2026-06-12T19:20:11.1720887+03:00" testType="13cdc9d9-ddb5-4fa4-a97d-d965ccfc6d4b" outcome="Passed" testListId="8c84fa94-04c1-424b-9868-57a2d4851a1d" relativeResultsDirectory="8fdc0d31-acf1-411d-bb6c-a45a2442894a" />
    <UnitTestResult executionId="07e7494f-cac9-4c34-88bf-dada65a10f9c" testId="6ffb63a4-8c1b-605b-4b02-c782dd40a496" testName="PlantProcess.Application.UnitTests.Connectors.Phase10_T051ConnectorBehaviouralFailureTests.T051_ReadBack_Profile_Masks_Secrets_And_Does_Not_Leak_Raw_Credential(providerType: &quot;SqlServer&quot;)" computerName="WAP174432" duration="00:00:00.1278210" startTime="2026-06-12T19:20:11.2904608+03:00" endTime="2026-06-12T19:20:11.2904609+03:00" testType="13cdc9d9-ddb5-4fa4-a97d-d965ccfc6d4b" outcome="Passed" testListId="8c84fa94-04c1-424b-9868-57a2d4851a1d" relativeResultsDirectory="07e7494f-cac9-4c34-88bf-dada65a10f9c" />
    <UnitTestResult executionId="08f33f6d-6d0e-4fe3-b256-b7685bd81ed3" testId="3ac4062a-7b32-edbd-ecb5-fa87936982ce" testName="PlantProcess.Application.UnitTests.Security.SafeSqlPolicyTests.Validate_blocks_dangerous_pg_functions(sql: &quot;SELECT pg_sleep(60)&quot;)" computerName="WAP174432" duration="00:00:00.0112498" startTime="2026-06-12T19:20:11.1587371+03:00" endTime="2026-06-12T19:20:11.1587373+03:00" testType="13cdc9d9-ddb5-4fa4-a97d-d965ccfc6d4b" outcome="Passed" testListId="8c84fa94-04c1-424b-9868-57a2d4851a1d" relativeResultsDirectory="08f33f6d-6d0e-4fe3-b256-b7685bd81ed3" />
    <UnitTestResult executionId="55edeff4-1a0d-4c95-aac3-0a9f9d6df3da" testId="fed64fb8-8fcf-a193-4605-3d643e961f5a" testName="PlantProcess.Application.UnitTests.Licensing.Phase10LicenseRuntimeTests.T059_Expired_After_Grace_Remains_ReadOnly_And_Never_Destroys_Data" computerName="WAP174432" duration="00:00:00.0249833" startTime="2026-06-12T19:20:11.0941152+03:00" endTime="2026-06-12T19:20:11.0941153+03:00" testType="13cdc9d9-ddb5-4fa4-a97d-d965ccfc6d4b" outcome="Passed" testListId="8c84fa94-04c1-424b-9868-57a2d4851a1d" relativeResultsDirectory="55edeff4-1a0d-4c95-aac3-0a9f9d6df3da" />
    <UnitTestResult executionId="8ef63bb8-66a9-4ad4-969e-1e9c1124a3a3" testId="a55fcc96-795c-3740-8b06-240c1e86942e" testName="PlantProcess.Application.UnitTests.Phase1_KpiSqlGuardTests.Dangerous_or_multi_statement_sql_should_be_rejected(sql: &quot;SELECT pg_read_file('/etc/passwd')&quot;)" computerName="WAP174432" duration="00:00:00.0040361" startTime="2026-06-12T19:20:11.1353323+03:00" endTime="2026-06-12T19:20:11.1353324+03:00" testType="13cdc9d9-ddb5-4fa4-a97d-d965ccfc6d4b" outcome="Passed" testListId="8c84fa94-04c1-424b-9868-57a2d4851a1d" relativeResultsDirectory="8ef63bb8-66a9-4ad4-969e-1e9c1124a3a3" />
    <UnitTestResult executionId="4a5b9858-ae03-4b39-918b-fbf6a9b5afde" testId="817a5d9a-5e2e-c0d0-24fb-fc1e47087e78" testName="PlantProcess.Application.UnitTests.Analytics.SuggestionWorkflowTests.Tenant_isolation_holds_in_sync" computerName="WAP174432" duration="00:00:00.0038714" startTime="2026-06-12T19:20:11.0458220+03:00" endTime="2026-06-12T19:20:11.0458223+03:00" testType="13cdc9d9-ddb5-4fa4-a97d-d965ccfc6d4b" outcome="Passed" testListId="8c84fa94-04c1-424b-9868-57a2d4851a1d" relativeResultsDirectory="4a5b9858-ae03-4b39-918b-fbf6a9b5afde" />
    <UnitTestResult executionId="801f4a91-2b12-4feb-903d-f0557d30d8ea" testId="694a71bf-e57e-7677-e254-22cc95e0cb1d" testName="PlantProcess.Application.UnitTests.Analytics.Advanced.AdvancedCorrelationComputeServiceTests.G5_method_selector_dispatches_by_pair_shape(a: Numeric, b: Numeric, expected: Spearman)" computerName="WAP174432" duration="00:00:00.0087130" startTime="2026-06-12T19:20:11.3606913+03:00" endTime="2026-06-12T19:20:11.3606918+03:00" testType="13cdc9d9-ddb5-4fa4-a97d-d965ccfc6d4b" outcome="Passed" testListId="8c84fa94-04c1-424b-9868-57a2d4851a1d" relativeResultsDirectory="801f4a91-2b12-4feb-903d-f0557d30d8ea" />
    <UnitTestResult executionId="509070ec-dad4-41fa-8a60-533a46fd21f8" testId="36ad1c2e-c8f7-a859-6bab-76f91d83e9de" testName="PlantProcess.Application.UnitTests.Analytics.Advanced.AdvancedCorrelationComputeServiceTests.G4_blocks_when_readiness_is_insufficient" computerName="WAP174432" duration="00:00:00.0022325" startTime="2026-06-12T19:20:12.2321219+03:00" endTime="2026-06-12T19:20:12.2321223+03:00" testType="13cdc9d9-ddb5-4fa4-a97d-d965ccfc6d4b" outcome="Passed" testListId="8c84fa94-04c1-424b-9868-57a2d4851a1d" relativeResultsDirectory="509070ec-dad4-41fa-8a60-533a46fd21f8" />
    <UnitTestResult executionId="af860ed0-b467-4101-ab05-97c15b7ffd8c" testId="887bd9eb-46fc-29e7-ca8c-10c92a1baf7a" testName="PlantProcess.Application.UnitTests.Integration.ConnectorCertificationGateTests.IsCertified_True_WhenEnvAffirmative(value: &quot;true&quot;)" computerName="WAP174432" duration="00:00:00.0213412" startTime="2026-06-12T19:20:10.9749507+03:00" endTime="2026-06-12T19:20:10.9749511+03:00" testType="13cdc9d9-ddb5-4fa4-a97d-d965ccfc6d4b" outcome="Passed" testListId="8c84fa94-04c1-424b-9868-57a2d4851a1d" relativeResultsDirectory="af860ed0-b467-4101-ab05-97c15b7ffd8c" />
    <UnitTestResult executionId="2caceb91-4274-4116-ab49-b89ab7cb0234" testId="cbe36913-6cff-1a3f-4633-eaece6a45bab" testName="PlantProcess.Application.UnitTests.Security.SafeSqlPolicyTests.Validate_blocks_system_schemas(sql: &quot;SELECT * FROM pg_catalog.pg_authid&quot;)" computerName="WAP174432" duration="00:00:00.0052823" startTime="2026-06-12T19:20:11.3641851+03:00" endTime="2026-06-12T19:20:11.3641858+03:00" testType="13cdc9d9-ddb5-4fa4-a97d-d965ccfc6d4b" outcome="Passed" testListId="8c84fa94-04c1-424b-9868-57a2d4851a1d" relativeResultsDirectory="2caceb91-4274-4116-ab49-b89ab7cb0234" />
    <UnitTestResult executionId="606a43a0-5127-4d2d-8df7-d17023d1a49c" testId="10fb25f6-78a0-c2ab-085d-5d803e24e4ee" testName="PlantProcess.Application.UnitTests.Assistant.Phase9_T050AssistantRegressionSweepTests.T050_SelfHosted_NoEgress_Gateway_Can_Feed_Grounded_Assistant_Demo" computerName="WAP174432" duration="00:00:00.0133838" startTime="2026-06-12T19:20:11.0604301+03:00" endTime="2026-06-12T19:20:11.0604304+03:00" testType="13cdc9d9-ddb5-4fa4-a97d-d965ccfc6d4b" outcome="Passed" testListId="8c84fa94-04c1-424b-9868-57a2d4851a1d" relativeResultsDirectory="606a43a0-5127-4d2d-8df7-d17023d1a49c" />
    <UnitTestResult executionId="5eb64c80-1eb0-4a93-b8b5-f303e47615d1" testId="b2e26dd3-8960-9047-b415-eb7b9719c7dd" testName="PlantProcess.Application.UnitTests.Assistant.Phase9_T049ModelGatewayServingModesTests.T049_Private_ZeroRetention_Endpoint_Sends_Only_Question_And_Scoped_Evidence" computerName="WAP174432" duration="00:00:00.0169640" startTime="2026-06-12T19:20:11.2656086+03:00" endTime="2026-06-12T19:20:11.2656087+03:00" testType="13cdc9d9-ddb5-4fa4-a97d-d965ccfc6d4b" outcome="Passed" testListId="8c84fa94-04c1-424b-9868-57a2d4851a1d" relativeResultsDirectory="5eb64c80-1eb0-4a93-b8b5-f303e47615d1" />
    <UnitTestResult executionId="44d710b9-0576-409b-bbe3-61d5a0266e02" testId="b865112e-337d-a7b9-1c59-1ab8cdf14617" testName="PlantProcess.Application.UnitTests.Acquisition.P5_OtSafeAcquisitionTests.T029_historian_mapper_maps_tag_history_to_canonical_parameter_observations" computerName="WAP174432" duration="00:00:00.0114904" startTime="2026-06-12T19:20:10.9132206+03:00" endTime="2026-06-12T19:20:10.9132208+03:00" testType="13cdc9d9-ddb5-4fa4-a97d-d965ccfc6d4b" outcome="Passed" testListId="8c84fa94-04c1-424b-9868-57a2d4851a1d" relativeResultsDirectory="44d710b9-0576-409b-bbe3-61d5a0266e02" />
    <UnitTestResult executionId="9a5f8203-0f58-424c-a4b6-e432c45a249b" testId="bb6397da-142b-79df-333b-5ded8cab02c9" testName="PlantProcess.Application.UnitTests.Analytics.Advanced.AnalysisReadinessServiceTests.Partial_when_heats_in_partial_band" computerName="WAP174432" duration="00:00:00.0009055" startTime="2026-06-12T19:20:10.9725168+03:00" endTime="2026-06-12T19:20:10.9725169+03:00" testType="13cdc9d9-ddb5-4fa4-a97d-d965ccfc6d4b" outcome="Passed" testListId="8c84fa94-04c1-424b-9868-57a2d4851a1d" relativeResultsDirectory="9a5f8203-0f58-424c-a4b6-e432c45a249b" />
    <UnitTestResult executionId="a681f548-c185-4098-859c-3693754b3741" testId="38739128-5bcf-c0f0-e2c5-349154c3f2f6" testName="PlantProcess.Application.UnitTests.Analytics.Phase7_ValueRealizationTrackingTests.T039_WorseActualPerformance_CreatesNegativeTrackedValue" computerName="WAP174432" duration="00:00:00.0215046" startTime="2026-06-12T19:20:11.1464764+03:00" endTime="2026-06-12T19:20:11.1464766+03:00" testType="13cdc9d9-ddb5-4fa4-a97d-d965ccfc6d4b" outcome="Passed" testListId="8c84fa94-04c1-424b-9868-57a2d4851a1d" relativeResultsDirectory="a681f548-c185-4098-859c-3693754b3741" />
    <UnitTestResult executionId="a0503eda-6917-430c-b029-75224f3cc6d2" testId="b95cb279-0abf-64e5-eab6-257fe1f71169" testName="PlantProcess.Application.UnitTests.Licensing.LicenseServiceTests.Pro_should_allow_schema_sql_builder" computerName="WAP174432" duration="00:00:00.1937123" startTime="2026-06-12T19:20:11.1763124+03:00" endTime="2026-06-12T19:20:11.1763127+03:00" testType="13cdc9d9-ddb5-4fa4-a97d-d965ccfc6d4b" outcome="Passed" testListId="8c84fa94-04c1-424b-9868-57a2d4851a1d" relativeResultsDirectory="a0503eda-6917-430c-b029-75224f3cc6d2" />
    <UnitTestResult executionId="8ca7d3a3-d04c-4d40-bbc3-5265017df421" testId="82603c74-ebc4-6c14-4bfd-4e0a342a7585" testName="PlantProcess.Application.UnitTests.Analytics.P3_ValueEvidenceKpiCoverageTests.T016_cost_assumption_validator_rejects_negative_and_unordered_bands" computerName="WAP174432" duration="00:00:00.0029391" startTime="2026-06-12T19:20:10.9318004+03:00" endTime="2026-06-12T19:20:10.9318007+03:00" testType="13cdc9d9-ddb5-4fa4-a97d-d965ccfc6d4b" outcome="Passed" testListId="8c84fa94-04c1-424b-9868-57a2d4851a1d" relativeResultsDirectory="8ca7d3a3-d04c-4d40-bbc3-5265017df421" />
    <UnitTestResult executionId="2e8afccb-47fd-4efa-8ab3-642ee8f8db18" testId="44a08ac2-a9e2-6f55-f367-a813a8254930" testName="PlantProcess.Application.UnitTests.Assistant.Phase9_T049ModelGatewayServingModesTests.T049_Scoped_Evidence_Payload_Drops_Synthetic_And_Raw_Source_Metadata" computerName="WAP174432" duration="00:00:01.4892949" startTime="2026-06-12T19:20:11.2623486+03:00" endTime="2026-06-12T19:20:11.2623489+03:00" testType="13cdc9d9-ddb5-4fa4-a97d-d965ccfc6d4b" outcome="Passed" testListId="8c84fa94-04c1-424b-9868-57a2d4851a1d" relativeResultsDirectory="2e8afccb-47fd-4efa-8ab3-642ee8f8db18" />
    <UnitTestResult executionId="31895594-ec3d-489a-b6ec-fd906aebe8a0" testId="e7a18c36-2e46-dda2-b40d-1f4c2d39582a" testName="PlantProcess.Application.UnitTests.Security.SafeSqlPolicyTests.Validate_strips_line_comments_before_token_check" computerName="WAP174432" duration="00:00:00.0043381" startTime="2026-06-12T19:20:11.2764842+03:00" endTime="2026-06-12T19:20:11.2764844+03:00" testType="13cdc9d9-ddb5-4fa4-a97d-d965ccfc6d4b" outcome="Passed" testListId="8c84fa94-04c1-424b-9868-57a2d4851a1d" relativeResultsDirectory="31895594-ec3d-489a-b6ec-fd906aebe8a0" />
    <UnitTestResult executionId="86fe039f-b751-402d-8e1a-e35b1403af21" testId="49c86da2-1420-5ba0-b96f-0fb5fa9b8ea3" testName="PlantProcess.Application.UnitTests.Assistant.Phase8AssistantRegressionEvalGateTests.T049_Uncited_Number_Fails_Gate" computerName="WAP174432" duration="00:00:00.0385664" startTime="2026-06-12T19:20:11.1009163+03:00" endTime="2026-06-12T19:20:11.1009165+03:00" testType="13cdc9d9-ddb5-4fa4-a97d-d965ccfc6d4b" outcome="Passed" testListId="8c84fa94-04c1-424b-9868-57a2d4851a1d" relativeResultsDirectory="86fe039f-b751-402d-8e1a-e35b1403af21" />
    <UnitTestResult executionId="6361bdac-1d1d-4cfb-9971-cefaa6933a6e" testId="ab379712-bb40-4a28-ab7f-7dcd72f0ec07" testName="PlantProcess.Application.UnitTests.Security.SafeSqlPolicyTests.Validate_blocks_dangerous_pg_functions(sql: &quot;SELECT pg_sleep_for('1 minute')&quot;)" computerName="WAP174432" duration="00:00:00.0074208" startTime="2026-06-12T19:20:11.1803781+03:00" endTime="2026-06-12T19:20:11.1803783+03:00" testType="13cdc9d9-ddb5-4fa4-a97d-d965ccfc6d4b" outcome="Passed" testListId="8c84fa94-04c1-424b-9868-57a2d4851a1d" relativeResultsDirectory="6361bdac-1d1d-4cfb-9971-cefaa6933a6e" />
    <UnitTestResult executionId="1b0c30d2-7793-4635-9beb-ef1b75bc40cb" testId="64e8d351-c3bd-7990-6096-f54ecd765898" testName="PlantProcess.Application.UnitTests.Assistant.Phase9_T048AssistantGroundingEvalGateTests.T048_Fixed_Prompt_Set_Is_Pinned_And_Contains_Regression_Cases" computerName="WAP174432" duration="00:00:00.0014017" startTime="2026-06-12T19:20:10.9822698+03:00" endTime="2026-06-12T19:20:10.9822699+03:00" testType="13cdc9d9-ddb5-4fa4-a97d-d965ccfc6d4b" outcome="Passed" testListId="8c84fa94-04c1-424b-9868-57a2d4851a1d" relativeResultsDirectory="1b0c30d2-7793-4635-9beb-ef1b75bc40cb" />
    <UnitTestResult executionId="ceb7799b-0d57-4818-8b1d-ad3afd442ffa" testId="dbcd5b11-c181-b8e2-0c1c-fe24aff5d027" testName="PlantProcess.Application.UnitTests.Licensing.Phase10LicenseRuntimeTests.T061_Offline_Signed_License_Activates_In_Airgap_Mode" computerName="WAP174432" duration="00:00:00.0546932" startTime="2026-06-12T19:20:11.0614626+03:00" endTime="2026-06-12T19:20:11.0614628+03:00" testType="13cdc9d9-ddb5-4fa4-a97d-d965ccfc6d4b" outcome="Passed" testListId="8c84fa94-04c1-424b-9868-57a2d4851a1d" relativeResultsDirectory="ceb7799b-0d57-4818-8b1d-ad3afd442ffa" />
    <UnitTestResult executionId="020699c2-c324-46bc-9c7c-9b48170aa439" testId="b156498c-3c03-ddf9-4a40-e87c8820564e" testName="PlantProcess.Application.UnitTests.Security.Phase9RoleAccessMatrixTests.T051_Role_Parser_Is_Deterministic(input: &quot;maintenance_engineer&quot;, expected: MaintenanceEngineer)" computerName="WAP174432" duration="00:00:00.0000081" startTime="2026-06-12T19:20:11.2562395+03:00" endTime="2026-06-12T19:20:11.2562397+03:00" testType="13cdc9d9-ddb5-4fa4-a97d-d965ccfc6d4b" outcome="Passed" testListId="8c84fa94-04c1-424b-9868-57a2d4851a1d" relativeResultsDirectory="020699c2-c324-46bc-9c7c-9b48170aa439" />
    <UnitTestResult executionId="3f68b18f-7125-4096-8d40-28f02294bb86" testId="dc17be24-8ee2-a21e-a444-3c1dec1e792a" testName="PlantProcess.Application.UnitTests.Security.SafeSqlPolicyTests.Validate_accepts_WITH_RECURSIVE_with_LIMIT" computerName="WAP174432" duration="00:00:00.0100073" startTime="2026-06-12T19:20:11.3520949+03:00" endTime="2026-06-12T19:20:11.3520951+03:00" testType="13cdc9d9-ddb5-4fa4-a97d-d965ccfc6d4b" outcome="Passed" testListId="8c84fa94-04c1-424b-9868-57a2d4851a1d" relativeResultsDirectory="3f68b18f-7125-4096-8d40-28f02294bb86" />
    <UnitTestResult executionId="130ea51d-3f3b-4a85-981b-6717da8ffda7" testId="b1d584ac-a6cd-6424-ceae-fdca54cda0ee" testName="PlantProcess.Application.UnitTests.Analytics.Advanced.Phase8_T042VifMulticollinearityTests.T042_Core_VarianceInflation_Flags_Deliberate_Collinearity" computerName="WAP174432" duration="00:00:00.0803597" startTime="2026-06-12T19:20:11.0366117+03:00" endTime="2026-06-12T19:20:11.0366118+03:00" testType="13cdc9d9-ddb5-4fa4-a97d-d965ccfc6d4b" outcome="Passed" testListId="8c84fa94-04c1-424b-9868-57a2d4851a1d" relativeResultsDirectory="130ea51d-3f3b-4a85-981b-6717da8ffda7" />
    <UnitTestResult executionId="2880868d-a196-4ee0-9baf-8600b0fb4e48" testId="dfb59895-f6fd-96c3-8a28-0e9da61c7623" testName="PlantProcess.Application.UnitTests.Dashboarding.WidgetQueryExpressionServiceTests.Compile_should_require_source" computerName="WAP174432" duration="00:00:01.1795900" startTime="2026-06-12T19:20:10.9267934+03:00" endTime="2026-06-12T19:20:10.9267936+03:00" testType="13cdc9d9-ddb5-4fa4-a97d-d965ccfc6d4b" outcome="Passed" testListId="8c84fa94-04c1-424b-9868-57a2d4851a1d" relativeResultsDirectory="2880868d-a196-4ee0-9baf-8600b0fb4e48" />
    <UnitTestResult executionId="50d8c2bc-c1d0-410e-a468-3eaf22d9970d" testId="1d9919e0-6fdf-7016-7728-9c2821d71134" testName="PlantProcess.Application.UnitTests.Analytics.Advanced.Phase8_T044FindingTransparencyTests.T044_Every_Finding_Carries_Population_Stratification_And_Exclusion_Fields" computerName="WAP174432" duration="00:00:00.5069598" startTime="2026-06-12T19:20:11.4803233+03:00" endTime="2026-06-12T19:20:11.4803238+03:00" testType="13cdc9d9-ddb5-4fa4-a97d-d965ccfc6d4b" outcome="Passed" testListId="8c84fa94-04c1-424b-9868-57a2d4851a1d" relativeResultsDirectory="50d8c2bc-c1d0-410e-a468-3eaf22d9970d" />
    <UnitTestResult executionId="0063c7e9-89f9-46c7-8caf-046dc82213b7" testId="b9555169-e682-ea49-d620-e33d5186ba7c" testName="PlantProcess.Application.UnitTests.Connectors.Phase10_T051ConnectorBehaviouralFailureTests.T051_Malformed_Input_Fails_Import_And_Rolls_Back_Entire_Batch(providerType: &quot;SqlServer&quot;)" computerName="WAP174432" duration="00:00:00.0000742" startTime="2026-06-12T19:20:11.1632663+03:00" endTime="2026-06-12T19:20:11.1632664+03:00" testType="13cdc9d9-ddb5-4fa4-a97d-d965ccfc6d4b" outcome="Passed" testListId="8c84fa94-04c1-424b-9868-57a2d4851a1d" relativeResultsDirectory="0063c7e9-89f9-46c7-8caf-046dc82213b7" />
    <UnitTestResult executionId="6f97d4b3-848b-45a3-88e8-a2085a9603cc" testId="0389eced-ac0f-57a1-0d97-50e2a95bc088" testName="PlantProcess.Application.UnitTests.Analytics.SuggestionWorkflowTests.Illegal_transition_is_refused" computerName="WAP174432" duration="00:00:00.0010070" startTime="2026-06-12T19:20:10.9929553+03:00" endTime="2026-06-12T19:20:10.9929554+03:00" testType="13cdc9d9-ddb5-4fa4-a97d-d965ccfc6d4b" outcome="Passed" testListId="8c84fa94-04c1-424b-9868-57a2d4851a1d" relativeResultsDirectory="6f97d4b3-848b-45a3-88e8-a2085a9603cc" />
    <UnitTestResult executionId="2138c69f-d540-4f99-b4ba-6ca87f1bb25d" testId="00558354-7e7c-6378-c2d2-b8e167a6af49" testName="PlantProcess.Application.UnitTests.Common.TextNormalizerTests.NormalizeCode_should_trim_and_uppercase" computerName="WAP174432" duration="00:00:00.0002802" startTime="2026-06-12T19:20:11.0448957+03:00" endTime="2026-06-12T19:20:11.0448958+03:00" testType="13cdc9d9-ddb5-4fa4-a97d-d965ccfc6d4b" outcome="Passed" testListId="8c84fa94-04c1-424b-9868-57a2d4851a1d" relativeResultsDirectory="2138c69f-d540-4f99-b4ba-6ca87f1bb25d" />
    <UnitTestResult executionId="fe54c70f-101f-4461-8aa1-44f3fb997000" testId="23ee47ab-c93c-77d2-58f6-7b2f34125778" testName="PlantProcess.Application.UnitTests.Security.SafeSqlPolicyTests.Validate_requires_LIMIT_on_WITH_RECURSIVE" computerName="WAP174432" duration="00:00:00.0076102" startTime="2026-06-12T19:20:11.2760391+03:00" endTime="2026-06-12T19:20:11.2760393+03:00" testType="13cdc9d9-ddb5-4fa4-a97d-d965ccfc6d4b" outcome="Passed" testListId="8c84fa94-04c1-424b-9868-57a2d4851a1d" relativeResultsDirectory="fe54c70f-101f-4461-8aa1-44f3fb997000" />
    <UnitTestResult executionId="fb30aaa5-ac2e-4351-9f7c-6257d67f3c74" testId="e09b0fb1-ee4d-47d4-6437-3d3523ba4af4" testName="PlantProcess.Application.UnitTests.Assistant.Phase9_T048AssistantGroundingEvalGateTests.T048_Model_Version_Drift_Fails_Eval_Gate" computerName="WAP174432" duration="00:00:00.0007373" startTime="2026-06-12T19:20:10.9932820+03:00" endTime="2026-06-12T19:20:10.9932821+03:00" testType="13cdc9d9-ddb5-4fa4-a97d-d965ccfc6d4b" outcome="Passed" testListId="8c84fa94-04c1-424b-9868-57a2d4851a1d" relativeResultsDirectory="fb30aaa5-ac2e-4351-9f7c-6257d67f3c74" />
    <UnitTestResult executionId="8db12cac-955a-409a-b597-978aaa780879" testId="e3a04336-a3ae-7385-25c9-3bb4c57d2cf0" testName="PlantProcess.Application.UnitTests.Security.SafeSqlPolicyTests.Validate_catches_all_join_styles(sql: &quot;SELECT * FROM staging_records NATURAL JOIN secret_&quot;···)" computerName="WAP174432" duration="00:00:00.0048491" startTime="2026-06-12T19:20:11.2730683+03:00" endTime="2026-06-12T19:20:11.2730684+03:00" testType="13cdc9d9-ddb5-4fa4-a97d-d965ccfc6d4b" outcome="Passed" testListId="8c84fa94-04c1-424b-9868-57a2d4851a1d" relativeResultsDirectory="8db12cac-955a-409a-b597-978aaa780879" />
    <UnitTestResult executionId="b5c3b09b-d30b-4b8d-9ffe-d6ed08fbca90" testId="777f73c4-5b1c-ea0d-665d-9603e60174b7" testName="PlantProcess.Application.UnitTests.Analytics.CostAssumptionStoreContractTests.Editing_creates_a_new_version_and_a_before_after_audit_row" computerName="WAP174432" duration="00:00:00.0134418" startTime="2026-06-12T19:20:11.1849057+03:00" endTime="2026-06-12T19:20:11.1849059+03:00" testType="13cdc9d9-ddb5-4fa4-a97d-d965ccfc6d4b" outcome="Passed" testListId="8c84fa94-04c1-424b-9868-57a2d4851a1d" relativeResultsDirectory="b5c3b09b-d30b-4b8d-9ffe-d6ed08fbca90" />
    <UnitTestResult executionId="dfa175d6-eff3-48d0-8794-550e76414b23" testId="09aea929-f6ab-0a5e-c3cc-eef799c45128" testName="PlantProcess.Application.UnitTests.Analytics.Advanced.Phase8_T045ReadinessGateSurfaceTests.T045_Normalizes_Legacy_And_Canonical_Readiness_States(input: &quot;Blocker&quot;, expected: &quot;Blocked&quot;)" computerName="WAP174432" duration="00:00:00.0000054" startTime="2026-06-12T19:20:10.9681349+03:00" endTime="2026-06-12T19:20:10.9681350+03:00" testType="13cdc9d9-ddb5-4fa4-a97d-d965ccfc6d4b" outcome="Passed" testListId="8c84fa94-04c1-424b-9868-57a2d4851a1d" relativeResultsDirectory="dfa175d6-eff3-48d0-8794-550e76414b23" />
    <UnitTestResult executionId="589821e0-e42e-4670-9afc-4cc394ed708f" testId="e0ddcdaf-a4d6-a64b-b9e8-5dbdf102bcf0" testName="PlantProcess.Application.UnitTests.Common.ApplicationResultTests.Conflict_error_should_have_conflict_type" computerName="WAP174432" duration="00:00:00.0082373" startTime="2026-06-12T19:20:10.9821487+03:00" endTime="2026-06-12T19:20:10.9821488+03:00" testType="13cdc9d9-ddb5-4fa4-a97d-d965ccfc6d4b" outcome="Passed" testListId="8c84fa94-04c1-424b-9868-57a2d4851a1d" relativeResultsDirectory="589821e0-e42e-4670-9afc-4cc394ed708f" />
    <UnitTestResult executionId="15e0deae-82e0-4e04-92df-100f38c53b43" testId="d8d6facc-130c-2016-3529-664acb67f346" testName="PlantProcess.Application.UnitTests.Security.SafeSqlPolicyTests.Validate_blocks_system_schemas(sql: &quot;SELECT * FROM pg_catalog.pg_proc&quot;)" computerName="WAP174432" duration="00:00:00.0044615" startTime="2026-06-12T19:20:11.3704082+03:00" endTime="2026-06-12T19:20:11.3704090+03:00" testType="13cdc9d9-ddb5-4fa4-a97d-d965ccfc6d4b" outcome="Passed" testListId="8c84fa94-04c1-424b-9868-57a2d4851a1d" relativeResultsDirectory="15e0deae-82e0-4e04-92df-100f38c53b43" />
    <UnitTestResult executionId="d0eda843-f5c9-4340-bfee-aa29820410cc" testId="7146b507-110e-48b9-cc76-a121a1e9eaa3" testName="PlantProcess.Phase1.Tests.Phase1_SafeSqlValidatorCorpusTests.Malicious_or_unknown_fails(sql: &quot;SELECT * FROM material_units WHERE id IN (SELECT o&quot;···)" computerName="WAP174432" duration="00:00:00.0187066" startTime="2026-06-12T19:20:11.0987396+03:00" endTime="2026-06-12T19:20:11.0987397+03:00" testType="13cdc9d9-ddb5-4fa4-a97d-d965ccfc6d4b" outcome="Passed" testListId="8c84fa94-04c1-424b-9868-57a2d4851a1d" relativeResultsDirectory="d0eda843-f5c9-4340-bfee-aa29820410cc" />
    <UnitTestResult executionId="48c3eb4f-860b-4787-856a-b703141aa540" testId="5e92c06c-9dca-c429-8068-3e4ed52042b4" testName="PlantProcess.Application.UnitTests.Analytics.QualityLabelBuilderServiceTests.BuildLabelCode_should_apply_quality_label_precedence_and_normalization(hasDefect: True, isRejected: False, isDowngraded: False, isReworked: False, primaryDefectCategory: &quot;Surface crack&quot;, expected: &quot;DEFECT_SURFACE_CRACK&quot;)" computerName="WAP174432" duration="00:00:00.0002413" startTime="2026-06-12T19:20:11.0610363+03:00" endTime="2026-06-12T19:20:11.0610364+03:00" testType="13cdc9d9-ddb5-4fa4-a97d-d965ccfc6d4b" outcome="Passed" testListId="8c84fa94-04c1-424b-9868-57a2d4851a1d" relativeResultsDirectory="48c3eb4f-860b-4787-856a-b703141aa540" />
    <UnitTestResult executionId="1e5e3cc1-b0d3-4c42-be05-b823e0a0bc84" testId="2235e55e-5483-7949-df29-f85a47335d66" testName="PlantProcess.Application.UnitTests.Licensing.LicenseServiceTests.Light_should_block_postgresql_connector" computerName="WAP174432" duration="00:00:00.0062653" startTime="2026-06-12T19:20:11.1846756+03:00" endTime="2026-06-12T19:20:11.1846762+03:00" testType="13cdc9d9-ddb5-4fa4-a97d-d965ccfc6d4b" outcome="Passed" testListId="8c84fa94-04c1-424b-9868-57a2d4851a1d" relativeResultsDirectory="1e5e3cc1-b0d3-4c42-be05-b823e0a0bc84" />
    <UnitTestResult executionId="43fb2a90-bc78-4bbf-a1f1-7fbc5d6f7237" testId="860dfae8-c7bd-b373-442e-4471d7e87389" testName="PlantProcess.Application.UnitTests.Security.SafeSqlPolicyTests.Validate_accepts_well_formed_queries(sql: &quot;SELECT m.material_code, q.event_type FROM material&quot;···)" computerName="WAP174432" duration="00:00:00.0074048" startTime="2026-06-12T19:20:11.3029220+03:00" endTime="2026-06-12T19:20:11.3029226+03:00" testType="13cdc9d9-ddb5-4fa4-a97d-d965ccfc6d4b" outcome="Passed" testListId="8c84fa94-04c1-424b-9868-57a2d4851a1d" relativeResultsDirectory="43fb2a90-bc78-4bbf-a1f1-7fbc5d6f7237" />
    <UnitTestResult executionId="14657615-9089-4b32-8678-2bf7f179585a" testId="95d310a0-3db0-6590-19a9-e9c07dc9757d" testName="PlantProcess.Application.UnitTests.Assistant.Phase9_T048AssistantGroundingEvalGateTests.T048_EvaluateMany_Fails_Build_Gate_When_Any_Case_Fails" computerName="WAP174432" duration="00:00:00.0040767" startTime="2026-06-12T19:20:10.9969937+03:00" endTime="2026-06-12T19:20:10.9969938+03:00" testType="13cdc9d9-ddb5-4fa4-a97d-d965ccfc6d4b" outcome="Passed" testListId="8c84fa94-04c1-424b-9868-57a2d4851a1d" relativeResultsDirectory="14657615-9089-4b32-8678-2bf7f179585a" />
    <UnitTestResult executionId="d5f75a43-0ff7-4558-b4ba-e2c059a78790" testId="726e2440-27ca-1a1b-7b4b-9b8df1b57137" testName="PlantProcess.Application.UnitTests.Connectors.Phase10_T051ConnectorBehaviouralFailureTests.T051_Bad_Credential_Fails_Before_Save_And_Rolls_Back_Staging(providerType: &quot;MySql&quot;)" computerName="WAP174432" duration="00:00:00.0015133" startTime="2026-06-12T19:20:11.1666517+03:00" endTime="2026-06-12T19:20:11.1666520+03:00" testType="13cdc9d9-ddb5-4fa4-a97d-d965ccfc6d4b" outcome="Passed" testListId="8c84fa94-04c1-424b-9868-57a2d4851a1d" relativeResultsDirectory="d5f75a43-0ff7-4558-b4ba-e2c059a78790" />
    <UnitTestResult executionId="d52f02bb-fa44-40f4-83e4-bdb80da96c02" testId="2b2f10f4-5bfb-5176-245d-8f6c8e507b7d" testName="PlantProcess.Application.UnitTests.Connectors.Phase10_T051ConnectorBehaviouralFailureTests.T051_ReadBack_Profile_Masks_Secrets_And_Does_Not_Leak_Raw_Credential(providerType: &quot;Excel&quot;)" computerName="WAP174432" duration="00:00:00.0000697" startTime="2026-06-12T19:20:11.2912787+03:00" endTime="2026-06-12T19:20:11.2912789+03:00" testType="13cdc9d9-ddb5-4fa4-a97d-d965ccfc6d4b" outcome="Passed" testListId="8c84fa94-04c1-424b-9868-57a2d4851a1d" relativeResultsDirectory="d52f02bb-fa44-40f4-83e4-bdb80da96c02" />
    <UnitTestResult executionId="d929cd2b-036a-4cca-8593-afb04d748a95" testId="c26fc6da-59a6-8880-a02e-770af21fa70a" testName="PlantProcess.Application.UnitTests.Phase1_KpiSqlGuardTests.Valid_read_only_views_with_forbidden_substrings_should_pass(sql: &quot;SELECT id FROM material_units ORDER BY created_at &quot;···)" computerName="WAP174432" duration="00:00:00.0123173" startTime="2026-06-12T19:20:11.1668003+03:00" endTime="2026-06-12T19:20:11.1668004+03:00" testType="13cdc9d9-ddb5-4fa4-a97d-d965ccfc6d4b" outcome="Passed" testListId="8c84fa94-04c1-424b-9868-57a2d4851a1d" relativeResultsDirectory="d929cd2b-036a-4cca-8593-afb04d748a95" />
    <UnitTestResult executionId="5d17f153-7ff1-4a46-87b5-04ffaae13537" testId="c88b6fa3-71de-1d70-5ba3-dfdf91e86013" testName="PlantProcess.Application.UnitTests.Assistant.P4_ProductionAssistantTests.T023_local_semantic_embedder_retrieves_related_corpus_better_than_unrelated" computerName="WAP174432" duration="00:00:00.0158121" startTime="2026-06-12T19:20:10.9167970+03:00" endTime="2026-06-12T19:20:10.9167973+03:00" testType="13cdc9d9-ddb5-4fa4-a97d-d965ccfc6d4b" outcome="Passed" testListId="8c84fa94-04c1-424b-9868-57a2d4851a1d" relativeResultsDirectory="5d17f153-7ff1-4a46-87b5-04ffaae13537" />
    <UnitTestResult executionId="37e1a374-3f47-44d8-825c-34604226eeea" testId="44ebdc48-6049-a4b3-da93-c7f6a652bd87" testName="PlantProcess.Application.UnitTests.Analytics.Phase9_T047SuggestionWorkflowCertificationTests.T047_Input_Order_Does_Not_Change_Output_Order" computerName="WAP174432" duration="00:00:00.0015872" startTime="2026-06-12T19:20:11.2727790+03:00" endTime="2026-06-12T19:20:11.2727791+03:00" testType="13cdc9d9-ddb5-4fa4-a97d-d965ccfc6d4b" outcome="Passed" testListId="8c84fa94-04c1-424b-9868-57a2d4851a1d" relativeResultsDirectory="37e1a374-3f47-44d8-825c-34604226eeea" />
    <UnitTestResult executionId="569def00-b100-4730-bc70-80da2b6fe689" testId="c9f8ab3f-94d4-989a-f194-4de179cd76b0" testName="PlantProcess.Application.UnitTests.Phase1_KpiSqlGuardTests.Dangerous_or_multi_statement_sql_should_be_rejected(sql: &quot;CREATE VIEW v AS SELECT * FROM material_units&quot;)" computerName="WAP174432" duration="00:00:00.0001655" startTime="2026-06-12T19:20:11.1456036+03:00" endTime="2026-06-12T19:20:11.1456037+03:00" testType="13cdc9d9-ddb5-4fa4-a97d-d965ccfc6d4b" outcome="Passed" testListId="8c84fa94-04c1-424b-9868-57a2d4851a1d" relativeResultsDirectory="569def00-b100-4730-bc70-80da2b6fe689" />
    <UnitTestResult executionId="6717f7e1-638d-45ca-a96a-6472b9fdbcdc" testId="c895cf32-eaf7-6833-2d53-92f7bc1e65a4" testName="PlantProcess.Application.UnitTests.Security.SafeSqlPolicyTests.Validate_blocks_dml_and_ddl(sql: &quot;INSERT INTO defect_catalog VALUES ('X','x','x')&quot;)" computerName="WAP174432" duration="00:00:00.0309244" startTime="2026-06-12T19:20:10.9759275+03:00" endTime="2026-06-12T19:20:10.9759282+03:00" testType="13cdc9d9-ddb5-4fa4-a97d-d965ccfc6d4b" outcome="Passed" testListId="8c84fa94-04c1-424b-9868-57a2d4851a1d" relativeResultsDirectory="6717f7e1-638d-45ca-a96a-6472b9fdbcdc" />
    <UnitTestResult executionId="7cd844cc-0817-49c3-9bc3-c048b67df7e0" testId="68b07ae7-29e5-63e3-a080-175474e56290" testName="PlantProcess.Application.UnitTests.Analytics.Advanced.AdvancedCorrelationComputeServiceTests.G3_is_reproducible_for_a_fixed_seed" computerName="WAP174432" duration="00:00:00.8670487" startTime="2026-06-12T19:20:12.2296900+03:00" endTime="2026-06-12T19:20:12.2296904+03:00" testType="13cdc9d9-ddb5-4fa4-a97d-d965ccfc6d4b" outcome="Passed" testListId="8c84fa94-04c1-424b-9868-57a2d4851a1d" relativeResultsDirectory="7cd844cc-0817-49c3-9bc3-c048b67df7e0" />
    <UnitTestResult executionId="9c8febfc-1ae3-4d4b-afb1-42d145abd08d" testId="36b73578-19ad-3ffd-aac1-da2c42e4eb17" testName="PlantProcess.Application.UnitTests.Top15.Top15Phase34RuntimeTests.T212_Adversarial_Grounding_Abstains_On_Causal_Or_Control_Prompts" computerName="WAP174432" duration="00:00:00.0039122" startTime="2026-06-12T19:20:11.2249339+03:00" endTime="2026-06-12T19:20:11.2249342+03:00" testType="13cdc9d9-ddb5-4fa4-a97d-d965ccfc6d4b" outcome="Passed" testListId="8c84fa94-04c1-424b-9868-57a2d4851a1d" relativeResultsDirectory="9c8febfc-1ae3-4d4b-afb1-42d145abd08d" />
    <UnitTestResult executionId="e294264e-9775-4ce0-9376-16396e7db177" testId="ed704e52-4017-2008-5a93-418ada962f59" testName="PlantProcess.Application.UnitTests.Licensing.LicenseServiceTests.Pro_should_block_fourth_source_when_limit_is_reached" computerName="WAP174432" duration="00:00:00.0006032" startTime="2026-06-12T19:20:11.2041852+03:00" endTime="2026-06-12T19:20:11.2041854+03:00" testType="13cdc9d9-ddb5-4fa4-a97d-d965ccfc6d4b" outcome="Passed" testListId="8c84fa94-04c1-424b-9868-57a2d4851a1d" relativeResultsDirectory="e294264e-9775-4ce0-9376-16396e7db177" />
    <UnitTestResult executionId="a27acbf5-6212-4e54-8d49-b5d1e850ee41" testId="89ee25fd-b5e0-2cef-c432-b33ac58ed477" testName="PlantProcess.Application.UnitTests.Top15.Top15Phase34RuntimeTests.T215_Observability_Slo_Evaluates_Metrics_And_Fails_On_Critical_Error_Rate" computerName="WAP174432" duration="00:00:00.0095038" startTime="2026-06-12T19:20:11.2625716+03:00" endTime="2026-06-12T19:20:11.2625717+03:00" testType="13cdc9d9-ddb5-4fa4-a97d-d965ccfc6d4b" outcome="Passed" testListId="8c84fa94-04c1-424b-9868-57a2d4851a1d" relativeResultsDirectory="a27acbf5-6212-4e54-8d49-b5d1e850ee41" />
    <UnitTestResult executionId="b6926707-7629-4ca9-8153-088ba495eb3e" testId="57a79bcb-7dd1-3249-74cc-345194c05c77" testName="PlantProcess.Application.UnitTests.Analytics.Phase9_T047SuggestionWorkflowCertificationTests.T047_Findings_Without_Evidence_Or_Synthetic_Seed_Findings_Are_Refused" computerName="WAP174432" duration="00:00:00.0008009" startTime="2026-06-12T19:20:11.2908142+03:00" endTime="2026-06-12T19:20:11.2908143+03:00" testType="13cdc9d9-ddb5-4fa4-a97d-d965ccfc6d4b" outcome="Passed" testListId="8c84fa94-04c1-424b-9868-57a2d4851a1d" relativeResultsDirectory="b6926707-7629-4ca9-8153-088ba495eb3e" />
    <UnitTestResult executionId="ae0b31cb-3013-4a48-bbbf-32a9fef2f176" testId="a60399b6-a260-b5fc-5cfd-9c1ecc8348d0" testName="PlantProcess.Application.UnitTests.Widgets.WidgetScriptSqlCompilerTests.Timeout_is_capped_at_30_seconds" computerName="WAP174432" duration="00:00:00.0507709" startTime="2026-06-12T19:20:11.1602605+03:00" endTime="2026-06-12T19:20:11.1602607+03:00" testType="13cdc9d9-ddb5-4fa4-a97d-d965ccfc6d4b" outcome="Passed" testListId="8c84fa94-04c1-424b-9868-57a2d4851a1d" relativeResultsDirectory="ae0b31cb-3013-4a48-bbbf-32a9fef2f176" />
    <UnitTestResult executionId="58c7bc0f-0423-43a5-9f39-28e9b1ced1a2" testId="4d3e9fc1-6383-d27c-46a8-a891d3e2455f" testName="PlantProcess.Application.UnitTests.Licensing.Phase10LicenseRuntimeTests.T061_Tampered_Offline_License_Is_Rejected_And_Audited" computerName="WAP174432" duration="00:00:00.0004929" startTime="2026-06-12T19:20:11.1226369+03:00" endTime="2026-06-12T19:20:11.1226370+03:00" testType="13cdc9d9-ddb5-4fa4-a97d-d965ccfc6d4b" outcome="Passed" testListId="8c84fa94-04c1-424b-9868-57a2d4851a1d" relativeResultsDirectory="58c7bc0f-0423-43a5-9f39-28e9b1ced1a2" />
    <UnitTestResult executionId="047d63e0-837d-4fe3-b4af-8bc9dc9aec57" testId="224e5a75-3652-b120-7d31-9c77faae76e2" testName="PlantProcess.Application.UnitTests.Security.SafeSqlPolicyTests.Validate_blocks_multiple_statements(sql: &quot;SELECT * FROM staging_records; SELECT * FROM mater&quot;···)" computerName="WAP174432" duration="00:00:00.0054035" startTime="2026-06-12T19:20:11.3089434+03:00" endTime="2026-06-12T19:20:11.3089440+03:00" testType="13cdc9d9-ddb5-4fa4-a97d-d965ccfc6d4b" outcome="Passed" testListId="8c84fa94-04c1-424b-9868-57a2d4851a1d" relativeResultsDirectory="047d63e0-837d-4fe3-b4af-8bc9dc9aec57" />
    <UnitTestResult executionId="7c7a636b-2c26-4b9e-96d2-01c59e40da26" testId="b0095dab-2abc-6a7a-485c-287332f3ddae" testName="PlantProcess.Application.UnitTests.Analytics.Phase7_ValueImpactEngineDepthTests.T037_ComputesBoundedExpectedRange_WithProvenanceAndNoGuarantee" computerName="WAP174432" duration="00:00:00.0053099" startTime="2026-06-12T19:20:10.9642520+03:00" endTime="2026-06-12T19:20:10.9642521+03:00" testType="13cdc9d9-ddb5-4fa4-a97d-d965ccfc6d4b" outcome="Passed" testListId="8c84fa94-04c1-424b-9868-57a2d4851a1d" relativeResultsDirectory="7c7a636b-2c26-4b9e-96d2-01c59e40da26" />
    <UnitTestResult executionId="0fda682e-2d45-4896-94cc-c23ada00b529" testId="215d47c1-8d98-285a-6e7a-1cc9052f17c5" testName="PlantProcess.Application.UnitTests.Assistant.P4_ProductionAssistantTests.T025_gateway_blocks_uncited_numbers_and_forbidden_causality" computerName="WAP174432" duration="00:00:00.0182774" startTime="2026-06-12T19:20:10.9694304+03:00" endTime="2026-06-12T19:20:10.9694306+03:00" testType="13cdc9d9-ddb5-4fa4-a97d-d965ccfc6d4b" outcome="Passed" testListId="8c84fa94-04c1-424b-9868-57a2d4851a1d" relativeResultsDirectory="0fda682e-2d45-4896-94cc-c23ada00b529" />
    <UnitTestResult executionId="50c12b7a-ab75-4e61-8a8c-96fe0281ea77" testId="8586d33f-a5aa-5fb0-ceaf-1fa4ac40c837" testName="PlantProcess.Application.UnitTests.Security.SafeSqlValidatorPhase1Tests.Dangerous_sql_should_fail(sql: &quot;DROP TABLE quality_events&quot;)" computerName="WAP174432" duration="00:00:00.0480598" startTime="2026-06-12T19:20:11.0412886+03:00" endTime="2026-06-12T19:20:11.0412887+03:00" testType="13cdc9d9-ddb5-4fa4-a97d-d965ccfc6d4b" outcome="Passed" testListId="8c84fa94-04c1-424b-9868-57a2d4851a1d" relativeResultsDirectory="50c12b7a-ab75-4e61-8a8c-96fe0281ea77" />
    <UnitTestResult executionId="a71fab70-11ea-431c-a7fa-0399089bfb6a" testId="96bb8201-4d88-94e4-6277-12e3bbea52ce" testName="PlantProcess.Application.UnitTests.Analytics.Advanced.Phase8_T045ReadinessGateSurfaceTests.T045_Projects_Blocking_Dimension_To_Blocked_State" computerName="WAP174432" duration="00:00:00.0057126" startTime="2026-06-12T19:20:10.9786135+03:00" endTime="2026-06-12T19:20:10.9786136+03:00" testType="13cdc9d9-ddb5-4fa4-a97d-d965ccfc6d4b" outcome="Passed" testListId="8c84fa94-04c1-424b-9868-57a2d4851a1d" relativeResultsDirectory="a71fab70-11ea-431c-a7fa-0399089bfb6a" />
    <UnitTestResult executionId="af1e1d4b-f3db-4838-84ef-80a93e34db90" testId="0692cde3-88b2-65dd-f44d-808b20e1f6a4" testName="PlantProcess.Application.UnitTests.Phase1_KpiSqlGuardTests.Dangerous_or_multi_statement_sql_should_be_rejected(sql: &quot;SELECT * FROM quality_events; SELECT * FROM materi&quot;···)" computerName="WAP174432" duration="00:00:00.0000323" startTime="2026-06-12T19:20:11.1457666+03:00" endTime="2026-06-12T19:20:11.1457668+03:00" testType="13cdc9d9-ddb5-4fa4-a97d-d965ccfc6d4b" outcome="Passed" testListId="8c84fa94-04c1-424b-9868-57a2d4851a1d" relativeResultsDirectory="af1e1d4b-f3db-4838-84ef-80a93e34db90" />
    <UnitTestResult executionId="a4d2fcde-eee6-4af1-b87b-b3b2fc05a3d8" testId="eaef263f-7d85-a995-4e63-69e4e0b652b6" testName="PlantProcess.Application.UnitTests.Analytics.Phase3_CostAssumptionValidatorTests.Validate_RejectsOutOfOrderBand" computerName="WAP174432" duration="00:00:00.0005561" startTime="2026-06-12T19:20:11.0562492+03:00" endTime="2026-06-12T19:20:11.0562494+03:00" testType="13cdc9d9-ddb5-4fa4-a97d-d965ccfc6d4b" outcome="Passed" testListId="8c84fa94-04c1-424b-9868-57a2d4851a1d" relativeResultsDirectory="a4d2fcde-eee6-4af1-b87b-b3b2fc05a3d8" />
    <UnitTestResult executionId="41ebf477-798b-4fe1-b2fa-55cff8fd1970" testId="512aa439-3878-602c-b9b8-31682ce41539" testName="PlantProcess.Application.UnitTests.Analytics.ProvenanceClaimGuardTests.A_seed_backed_handle_is_blocked_from_a_live_surface_but_allowed_internally" computerName="WAP174432" duration="00:00:00.0296564" startTime="2026-06-12T19:20:11.2286468+03:00" endTime="2026-06-12T19:20:11.2286469+03:00" testType="13cdc9d9-ddb5-4fa4-a97d-d965ccfc6d4b" outcome="Passed" testListId="8c84fa94-04c1-424b-9868-57a2d4851a1d" relativeResultsDirectory="41ebf477-798b-4fe1-b2fa-55cff8fd1970" />
    <UnitTestResult executionId="28b095fa-2cde-47d5-82d2-aa430fa1c453" testId="98a34fca-5983-56e1-2791-5d089ab92353" testName="PlantProcess.Application.UnitTests.Widgets.WidgetScriptSqlCompilerTests.Injection_attempts_are_rejected(script: &quot;source=demo_widget_v; measure=avg(x); filter=grade&quot;···)" computerName="WAP174432" duration="00:00:00.0037378" startTime="2026-06-12T19:20:11.0944786+03:00" endTime="2026-06-12T19:20:11.0944787+03:00" testType="13cdc9d9-ddb5-4fa4-a97d-d965ccfc6d4b" outcome="Passed" testListId="8c84fa94-04c1-424b-9868-57a2d4851a1d" relativeResultsDirectory="28b095fa-2cde-47d5-82d2-aa430fa1c453" />
    <UnitTestResult executionId="72b142de-6250-439b-961b-f87dcf2350c7" testId="97bcd182-e62b-dd4c-ba92-0fd23c63f352" testName="PlantProcess.Application.UnitTests.Analytics.Phase7_ValueImpactWorkedCaseTests.T038_Reproduces_Eur28kTo56k_WorkedCase_Exactly" computerName="WAP174432" duration="00:00:00.0038552" startTime="2026-06-12T19:20:11.1757428+03:00" endTime="2026-06-12T19:20:11.1757430+03:00" testType="13cdc9d9-ddb5-4fa4-a97d-d965ccfc6d4b" outcome="Passed" testListId="8c84fa94-04c1-424b-9868-57a2d4851a1d" relativeResultsDirectory="72b142de-6250-439b-961b-f87dcf2350c7" />
    <UnitTestResult executionId="1c88e858-20a9-4159-b5f3-7cd739093561" testId="aa3f46b2-6ccc-58e1-8669-403633791eb2" testName="PlantProcess.Application.UnitTests.Analytics.ProvenanceClaimGuardTests.A_handle_of_each_kind_resolves_to_its_artifact" computerName="WAP174432" duration="00:00:00.0026063" startTime="2026-06-12T19:20:11.2762321+03:00" endTime="2026-06-12T19:20:11.2762322+03:00" testType="13cdc9d9-ddb5-4fa4-a97d-d965ccfc6d4b" outcome="Passed" testListId="8c84fa94-04c1-424b-9868-57a2d4851a1d" relativeResultsDirectory="1c88e858-20a9-4159-b5f3-7cd739093561" />
    <UnitTestResult executionId="104d0a34-e57c-488f-b516-7754f85d165f" testId="14e4d884-bc3c-5487-a658-e8a5e6e5555d" testName="PlantProcess.Application.UnitTests.Connectors.Phase10_T051ConnectorBehaviouralFailureTests.T051_Connector_TestBeforeSave_Then_Commits_SourceShaped_Staging(providerType: &quot;SqlServer&quot;)" computerName="WAP174432" duration="00:00:00.0000830" startTime="2026-06-12T19:20:11.1625277+03:00" endTime="2026-06-12T19:20:11.1625279+03:00" testType="13cdc9d9-ddb5-4fa4-a97d-d965ccfc6d4b" outcome="Passed" testListId="8c84fa94-04c1-424b-9868-57a2d4851a1d" relativeResultsDirectory="104d0a34-e57c-488f-b516-7754f85d165f" />
    <UnitTestResult executionId="44ecf621-1b00-4f73-852e-fb69036dec28" testId="0b7d55e1-831d-f087-3a56-ca53923a0de5" testName="PlantProcess.Application.UnitTests.Analytics.P3_ValueEvidenceKpiCoverageTests.T019_kpi_sql_view_definition_evaluates_threshold_severity" computerName="WAP174432" duration="00:00:00.0169535" startTime="2026-06-12T19:20:10.9147096+03:00" endTime="2026-06-12T19:20:10.9147101+03:00" testType="13cdc9d9-ddb5-4fa4-a97d-d965ccfc6d4b" outcome="Passed" testListId="8c84fa94-04c1-424b-9868-57a2d4851a1d" relativeResultsDirectory="44ecf621-1b00-4f73-852e-fb69036dec28" />
    <UnitTestResult executionId="dd20cec8-cf3b-4d98-9b5f-5ad642d3d3cb" testId="9bbb8694-2b21-c0a8-71e8-c5e855545379" testName="PlantProcess.Application.UnitTests.Phase1_KpiSqlGuardTests.Valid_read_only_views_with_forbidden_substrings_should_pass(sql: &quot;WITH x AS (SELECT created_by FROM quality_events) &quot;···)" computerName="WAP174432" duration="00:00:00.0022704" startTime="2026-06-12T19:20:11.1580828+03:00" endTime="2026-06-12T19:20:11.1580831+03:00" testType="13cdc9d9-ddb5-4fa4-a97d-d965ccfc6d4b" outcome="Passed" testListId="8c84fa94-04c1-424b-9868-57a2d4851a1d" relativeResultsDirectory="dd20cec8-cf3b-4d98-9b5f-5ad642d3d3cb" />
    <UnitTestResult executionId="81d4ab97-24bf-4891-9255-92e3c7c265b6" testId="be72425c-5ab8-f0a3-533d-d1c36d6fe1aa" testName="PlantProcess.Application.UnitTests.Assistant.RetrievalAndToolTests.Reindex_replaces_stale_chunks_and_seed_is_excluded" computerName="WAP174432" duration="00:00:00.0081128" startTime="2026-06-12T19:20:11.2403193+03:00" endTime="2026-06-12T19:20:11.2403194+03:00" testType="13cdc9d9-ddb5-4fa4-a97d-d965ccfc6d4b" outcome="Passed" testListId="8c84fa94-04c1-424b-9868-57a2d4851a1d" relativeResultsDirectory="81d4ab97-24bf-4891-9255-92e3c7c265b6" />
    <UnitTestResult executionId="b77f30d3-c06a-4b88-8438-5bc838ea1de8" testId="7142ff17-952f-3023-9bd5-52210d1ad5cc" testName="PlantProcess.Application.UnitTests.Integration.ConnectorCertificationGateTests.IsCertified_False_WhenEnvUnset" computerName="WAP174432" duration="00:00:00.0003212" startTime="2026-06-12T19:20:10.9753370+03:00" endTime="2026-06-12T19:20:10.9753371+03:00" testType="13cdc9d9-ddb5-4fa4-a97d-d965ccfc6d4b" outcome="Passed" testListId="8c84fa94-04c1-424b-9868-57a2d4851a1d" relativeResultsDirectory="b77f30d3-c06a-4b88-8438-5bc838ea1de8" />
    <UnitTestResult executionId="58386042-0e6f-475a-814e-c83758e88793" testId="7482697f-9d0c-2751-ed98-31bde42dcf1a" testName="PlantProcess.Application.UnitTests.Analytics.Advanced.Phase8_T044FindingTransparencyTests.T044_Stratification_Status_Is_Surfaceable_For_Every_Finding" computerName="WAP174432" duration="00:00:00.2513503" startTime="2026-06-12T19:20:11.7318556+03:00" endTime="2026-06-12T19:20:11.7318561+03:00" testType="13cdc9d9-ddb5-4fa4-a97d-d965ccfc6d4b" outcome="Passed" testListId="8c84fa94-04c1-424b-9868-57a2d4851a1d" relativeResultsDirectory="58386042-0e6f-475a-814e-c83758e88793" />
    <UnitTestResult executionId="7c895304-0654-4a83-a471-60ab267e2d17" testId="fa9d7914-cda5-93c2-81cc-bcc0010e9983" testName="PlantProcess.Application.UnitTests.Common.PageRequestTests.Skip_should_calculate_offset_from_safe_values" computerName="WAP174432" duration="00:00:00.0002049" startTime="2026-06-12T19:20:10.9266129+03:00" endTime="2026-06-12T19:20:10.9266131+03:00" testType="13cdc9d9-ddb5-4fa4-a97d-d965ccfc6d4b" outcome="Passed" testListId="8c84fa94-04c1-424b-9868-57a2d4851a1d" relativeResultsDirectory="7c895304-0654-4a83-a471-60ab267e2d17" />
    <UnitTestResult executionId="4c1386e0-82b6-48e6-8acf-e0e5469bb1cf" testId="eb1ede21-493b-89c8-08e6-2f347c892f2c" testName="PlantProcess.Application.UnitTests.Analytics.ProvenanceClaimGuardTests.The_guard_withholds_an_unhandled_figure_on_the_advanced_result_path" computerName="WAP174432" duration="00:00:00.0042128" startTime="2026-06-12T19:20:11.2399261+03:00" endTime="2026-06-12T19:20:11.2399265+03:00" testType="13cdc9d9-ddb5-4fa4-a97d-d965ccfc6d4b" outcome="Passed" testListId="8c84fa94-04c1-424b-9868-57a2d4851a1d" relativeResultsDirectory="4c1386e0-82b6-48e6-8acf-e0e5469bb1cf" />
    <UnitTestResult executionId="c1c76155-c2c8-4211-852b-c84b3bb8d8f1" testId="b506848a-59f5-2231-d37b-efa09674a6a8" testName="PlantProcess.Application.UnitTests.Widgets.WidgetScriptSqlCompilerTests.Injection_attempts_are_rejected(script: &quot;source=demo_widget_v; measure=avg(x) ); DROP TABLE&quot;···)" computerName="WAP174432" duration="00:00:00.0018553" startTime="2026-06-12T19:20:11.0939695+03:00" endTime="2026-06-12T19:20:11.0939696+03:00" testType="13cdc9d9-ddb5-4fa4-a97d-d965ccfc6d4b" outcome="Passed" testListId="8c84fa94-04c1-424b-9868-57a2d4851a1d" relativeResultsDirectory="c1c76155-c2c8-4211-852b-c84b3bb8d8f1" />
    <UnitTestResult executionId="2405a819-12ad-441b-82f7-b4dfd57376cd" testId="e6ab7ef2-5bae-a0ea-dde4-e5835e7dc756" testName="PlantProcess.Application.UnitTests.Security.SafeSqlPolicyTests.Validate_still_blocks_real_pg_read_file_call" computerName="WAP174432" duration="00:00:00.0053734" startTime="2026-06-12T19:20:11.3743942+03:00" endTime="2026-06-12T19:20:11.3743950+03:00" testType="13cdc9d9-ddb5-4fa4-a97d-d965ccfc6d4b" outcome="Passed" testListId="8c84fa94-04c1-424b-9868-57a2d4851a1d" relativeResultsDirectory="2405a819-12ad-441b-82f7-b4dfd57376cd" />
    <UnitTestResult executionId="23fa2f09-254b-4fcc-be7d-ad9b564c4003" testId="4bb373b0-dcde-e66a-c172-539333d1b03d" testName="PlantProcess.Application.UnitTests.Analytics.Advanced.AnalysisReadinessServiceTests.Blocked_when_heats_below_partial_threshold" computerName="WAP174432" duration="00:00:00.0016306" startTime="2026-06-12T19:20:10.9699249+03:00" endTime="2026-06-12T19:20:10.9699251+03:00" testType="13cdc9d9-ddb5-4fa4-a97d-d965ccfc6d4b" outcome="Passed" testListId="8c84fa94-04c1-424b-9868-57a2d4851a1d" relativeResultsDirectory="23fa2f09-254b-4fcc-be7d-ad9b564c4003" />
    <UnitTestResult executionId="12ae5d22-9de2-4cf4-9093-fca71ba70ba5" testId="1c5159bd-6f00-e227-baae-741b9d864d78" testName="PlantProcess.Application.UnitTests.Analytics.Phase7_ValueRealizationTrackingTests.T039_Computes_BaselineVsActual_TrackedValue_AndRoi" computerName="WAP174432" duration="00:00:00.0442209" startTime="2026-06-12T19:20:11.2209118+03:00" endTime="2026-06-12T19:20:11.2209120+03:00" testType="13cdc9d9-ddb5-4fa4-a97d-d965ccfc6d4b" outcome="Passed" testListId="8c84fa94-04c1-424b-9868-57a2d4851a1d" relativeResultsDirectory="12ae5d22-9de2-4cf4-9093-fca71ba70ba5" />
    <UnitTestResult executionId="46b040bc-5ea7-4411-a03e-47300a9e0c8c" testId="b27ce2d5-8fad-0b69-d263-2a63f89590bc" testName="PlantProcess.Phase1.Tests.Phase1_SafeSqlValidatorCorpusTests.Malicious_or_unknown_fails(sql: &quot;SELECT * FROM material_units; DELETE FROM quality_&quot;···)" computerName="WAP174432" duration="00:00:00.0054186" startTime="2026-06-12T19:20:10.8957706+03:00" endTime="2026-06-12T19:20:10.8957711+03:00" testType="13cdc9d9-ddb5-4fa4-a97d-d965ccfc6d4b" outcome="Passed" testListId="8c84fa94-04c1-424b-9868-57a2d4851a1d" relativeResultsDirectory="46b040bc-5ea7-4411-a03e-47300a9e0c8c" />
    <UnitTestResult executionId="3ec05f82-e16d-4c10-b0eb-978ef766e73d" testId="b40971b9-b8f4-de3b-74a6-a7096fb9a438" testName="PlantProcess.Application.UnitTests.Security.SafeSqlPolicyTests.Validate_catches_all_join_styles(sql: &quot;SELECT * FROM staging_records LEFT OUTER JOIN secr&quot;···)" computerName="WAP174432" duration="00:00:00.0154054" startTime="2026-06-12T19:20:11.2658937+03:00" endTime="2026-06-12T19:20:11.2658938+03:00" testType="13cdc9d9-ddb5-4fa4-a97d-d965ccfc6d4b" outcome="Passed" testListId="8c84fa94-04c1-424b-9868-57a2d4851a1d" relativeResultsDirectory="3ec05f82-e16d-4c10-b0eb-978ef766e73d" />
    <UnitTestResult executionId="829e8bed-9c03-4b2c-bbf1-ff9ad4993eda" testId="49f24dbc-d2ce-3ef9-ce03-f60c960e766b" testName="PlantProcess.Application.UnitTests.Analytics.P2_CanonicalAnalyticsArchitectureTests.T010_result_contract_carries_required_evidence_fields" computerName="WAP174432" duration="00:00:01.0989416" startTime="2026-06-12T19:20:10.8432669+03:00" endTime="2026-06-12T19:20:10.8432676+03:00" testType="13cdc9d9-ddb5-4fa4-a97d-d965ccfc6d4b" outcome="Passed" testListId="8c84fa94-04c1-424b-9868-57a2d4851a1d" relativeResultsDirectory="829e8bed-9c03-4b2c-bbf1-ff9ad4993eda" />
    <UnitTestResult executionId="2be86827-6e56-4476-978c-2b3342bbd2e6" testId="22773ec3-1733-07bf-c46e-3311e2893a3a" testName="PlantProcess.Application.UnitTests.Common.TextNormalizerTests.OptionalTrim_should_return_null_for_empty_value" computerName="WAP174432" duration="00:00:00.0004445" startTime="2026-06-12T19:20:11.0451782+03:00" endTime="2026-06-12T19:20:11.0451784+03:00" testType="13cdc9d9-ddb5-4fa4-a97d-d965ccfc6d4b" outcome="Passed" testListId="8c84fa94-04c1-424b-9868-57a2d4851a1d" relativeResultsDirectory="2be86827-6e56-4476-978c-2b3342bbd2e6" />
    <UnitTestResult executionId="34ffa887-f9bf-4b7c-97de-0ff27f18c763" testId="c835e12e-b625-312d-c358-06d9635629c6" testName="PlantProcess.Application.UnitTests.Assistant.Phase8AssistantRegressionEvalGateTests.T049_Causal_Overclaim_Fails_Gate" computerName="WAP174432" duration="00:00:00.0013667" startTime="2026-06-12T19:20:11.1276257+03:00" endTime="2026-06-12T19:20:11.1276259+03:00" testType="13cdc9d9-ddb5-4fa4-a97d-d965ccfc6d4b" outcome="Passed" testListId="8c84fa94-04c1-424b-9868-57a2d4851a1d" relativeResultsDirectory="34ffa887-f9bf-4b7c-97de-0ff27f18c763" />
    <UnitTestResult executionId="7e4472ac-7342-4a01-afc7-656e76fa90ef" testId="078149d2-ed3b-4426-1f5e-2391df63f263" testName="PlantProcess.Application.UnitTests.Connectors.Phase10_T051ConnectorBehaviouralFailureTests.T051_Malformed_Input_Fails_Import_And_Rolls_Back_Entire_Batch(providerType: &quot;Excel&quot;)" computerName="WAP174432" duration="00:00:00.0001821" startTime="2026-06-12T19:20:11.1663133+03:00" endTime="2026-06-12T19:20:11.1663142+03:00" testType="13cdc9d9-ddb5-4fa4-a97d-d965ccfc6d4b" outcome="Passed" testListId="8c84fa94-04c1-424b-9868-57a2d4851a1d" relativeResultsDirectory="7e4472ac-7342-4a01-afc7-656e76fa90ef" />
    <UnitTestResult executionId="d66257b9-7171-457c-aaed-b350adf0fa94" testId="aee4eb5a-5125-215d-7abb-3f56254b2cf1" testName="PlantProcess.Application.UnitTests.Assistant.Phase9_T048AssistantGroundingEvalGateTests.T048_Uncited_Number_Is_Blocked_And_Fails_Regression_Gate" computerName="WAP174432" duration="00:00:00.0022428" startTime="2026-06-12T19:20:10.9818771+03:00" endTime="2026-06-12T19:20:10.9818772+03:00" testType="13cdc9d9-ddb5-4fa4-a97d-d965ccfc6d4b" outcome="Passed" testListId="8c84fa94-04c1-424b-9868-57a2d4851a1d" relativeResultsDirectory="d66257b9-7171-457c-aaed-b350adf0fa94" />
    <UnitTestResult executionId="ca4f19ea-48e4-4a87-88f0-7a8aa1a7dca2" testId="059946bb-a042-a2be-d7ad-433c4feb0815" testName="PlantProcess.Application.UnitTests.Integration.SchemaDriftWiringTests.MappingReferencesField_DetectsReference(json: &quot;plain-text-Temperature&quot;, field: &quot;Temperature&quot;, expected: True)" computerName="WAP174432" duration="00:00:00.1116375" startTime="2026-06-12T19:20:11.2590939+03:00" endTime="2026-06-12T19:20:11.2590942+03:00" testType="13cdc9d9-ddb5-4fa4-a97d-d965ccfc6d4b" outcome="Passed" testListId="8c84fa94-04c1-424b-9868-57a2d4851a1d" relativeResultsDirectory="ca4f19ea-48e4-4a87-88f0-7a8aa1a7dca2" />
    <UnitTestResult executionId="4adc05f4-0f06-4057-b4a7-0471440e9112" testId="df954047-6155-3378-4692-1d65fb86676e" testName="PlantProcess.Application.UnitTests.Assistant.Phase8AssistantRuntimeTests.T045_Suggestion_Engine_Returns_Guarded_Recommendation_With_Value_Range" computerName="WAP174432" duration="00:00:00.0047018" startTime="2026-06-12T19:20:10.9115813+03:00" endTime="2026-06-12T19:20:10.9115817+03:00" testType="13cdc9d9-ddb5-4fa4-a97d-d965ccfc6d4b" outcome="Passed" testListId="8c84fa94-04c1-424b-9868-57a2d4851a1d" relativeResultsDirectory="4adc05f4-0f06-4057-b4a7-0471440e9112" />
    <UnitTestResult executionId="9034e011-22fb-480f-b08a-e86fecb5a6fc" testId="7e46c401-8133-a538-6cf6-19534a1811c1" testName="PlantProcess.Application.UnitTests.Analytics.Advanced.Phase8_T045ReadinessGateSurfaceTests.T045_Projects_AllReady_Dimensions_To_Ready_State" computerName="WAP174432" duration="00:00:00.0332340" startTime="2026-06-12T19:20:10.9756389+03:00" endTime="2026-06-12T19:20:10.9756391+03:00" testType="13cdc9d9-ddb5-4fa4-a97d-d965ccfc6d4b" outcome="Passed" testListId="8c84fa94-04c1-424b-9868-57a2d4851a1d" relativeResultsDirectory="9034e011-22fb-480f-b08a-e86fecb5a6fc" />
    <UnitTestResult executionId="8a5f5326-70a6-4ee7-afeb-38beaea7d10e" testId="3fab074d-b56b-a3d4-28cb-2eebf12f38c2" testName="PlantProcess.Application.UnitTests.Security.SafeSqlPolicyTests.Validate_blocks_dml_and_ddl(sql: &quot;DELETE FROM material_units&quot;)" computerName="WAP174432" duration="00:00:00.0078199" startTime="2026-06-12T19:20:11.0566433+03:00" endTime="2026-06-12T19:20:11.0566434+03:00" testType="13cdc9d9-ddb5-4fa4-a97d-d965ccfc6d4b" outcome="Passed" testListId="8c84fa94-04c1-424b-9868-57a2d4851a1d" relativeResultsDirectory="8a5f5326-70a6-4ee7-afeb-38beaea7d10e" />
    <UnitTestResult executionId="290d8e52-f3dd-4718-a789-879b3b401057" testId="38d5ea0b-01d2-b3b0-dd58-02ca755be083" testName="PlantProcess.Application.UnitTests.Analytics.P3_ValueEvidenceKpiCoverageTests.T018_value_engine_abstains_when_basis_missing" computerName="WAP174432" duration="00:00:00.1263940" startTime="2026-06-12T19:20:10.9039438+03:00" endTime="2026-06-12T19:20:10.9039440+03:00" testType="13cdc9d9-ddb5-4fa4-a97d-d965ccfc6d4b" outcome="Passed" testListId="8c84fa94-04c1-424b-9868-57a2d4851a1d" relativeResultsDirectory="290d8e52-f3dd-4718-a789-879b3b401057" />
    <UnitTestResult executionId="6bf88e19-5128-4b80-a178-521544732a13" testId="f2864e46-2748-f40b-e9c0-896739a7b276" testName="PlantProcess.Application.UnitTests.Widgets.WidgetScriptSqlCompilerTests.Injection_attempts_are_rejected(script: &quot;source=demo_widget_v; measure=avg(x); group_by=shi&quot;···)" computerName="WAP174432" duration="00:00:00.0000358" startTime="2026-06-12T19:20:11.0947053+03:00" endTime="2026-06-12T19:20:11.0947054+03:00" testType="13cdc9d9-ddb5-4fa4-a97d-d965ccfc6d4b" outcome="Passed" testListId="8c84fa94-04c1-424b-9868-57a2d4851a1d" relativeResultsDirectory="6bf88e19-5128-4b80-a178-521544732a13" />
    <UnitTestResult executionId="9309e94e-bd49-4a2f-a964-bb608bae1553" testId="2f05b819-ef6b-f511-e99d-fc912217b936" testName="PlantProcess.Application.UnitTests.Analytics.Phase7_ValueImpactEngineDepthTests.T037_Abstains_WhenBandIsNotLowExpectedHigh" computerName="WAP174432" duration="00:00:00.0011898" startTime="2026-06-12T19:20:10.9231845+03:00" endTime="2026-06-12T19:20:10.9231847+03:00" testType="13cdc9d9-ddb5-4fa4-a97d-d965ccfc6d4b" outcome="Passed" testListId="8c84fa94-04c1-424b-9868-57a2d4851a1d" relativeResultsDirectory="9309e94e-bd49-4a2f-a964-bb608bae1553" />
    <UnitTestResult executionId="edee6c43-5693-4cc3-ae15-df95a0176e85" testId="73d65439-9e9e-1c27-a22c-4587a4a43c49" testName="PlantProcess.Phase2.Tests.Phase2_CorrelationEngineRegistryTests.Default_engine_is_canonical_and_unknown_keys_fall_back" computerName="WAP174432" duration="00:00:00.0025148" startTime="2026-06-12T19:20:11.1809956+03:00" endTime="2026-06-12T19:20:11.1809958+03:00" testType="13cdc9d9-ddb5-4fa4-a97d-d965ccfc6d4b" outcome="Passed" testListId="8c84fa94-04c1-424b-9868-57a2d4851a1d" relativeResultsDirectory="edee6c43-5693-4cc3-ae15-df95a0176e85" />
    <UnitTestResult executionId="86c99158-f3fc-42ed-ad72-3baec1a085b9" testId="77e25c2f-892c-70a6-b6cb-915db5eccd10" testName="PlantProcess.Application.UnitTests.Analytics.Advanced.Phase8_T045ReadinessGateSurfaceTests.T045_Projects_Warning_Dimension_To_Partial_State" computerName="WAP174432" duration="00:00:00.0005602" startTime="2026-06-12T19:20:10.9792240+03:00" endTime="2026-06-12T19:20:10.9792243+03:00" testType="13cdc9d9-ddb5-4fa4-a97d-d965ccfc6d4b" outcome="Passed" testListId="8c84fa94-04c1-424b-9868-57a2d4851a1d" relativeResultsDirectory="86c99158-f3fc-42ed-ad72-3baec1a085b9" />
    <UnitTestResult executionId="7dfb406c-cd30-4baa-94d0-9cd9f4bee223" testId="6a15a4dd-e91a-5137-9494-e79f3633d69b" testName="PlantProcess.Phase1.Tests.Phase1_SafeSqlValidatorCorpusTests.Malicious_or_unknown_fails(sql: &quot;SELECT * FROM pg_catalog.pg_authid&quot;)" computerName="WAP174432" duration="00:00:00.0060238" startTime="2026-06-12T19:20:10.8900917+03:00" endTime="2026-06-12T19:20:10.8900925+03:00" testType="13cdc9d9-ddb5-4fa4-a97d-d965ccfc6d4b" outcome="Passed" testListId="8c84fa94-04c1-424b-9868-57a2d4851a1d" relativeResultsDirectory="7dfb406c-cd30-4baa-94d0-9cd9f4bee223" />
    <UnitTestResult executionId="c66d55ef-78dd-40d3-a7bc-723b799e9134" testId="b2ba9888-a1eb-0bd2-8c4c-269a7e239feb" testName="PlantProcess.Application.UnitTests.Assistant.P4_ProductionAssistantTests.T024_index_build_service_filters_synthetic_and_is_tenant_scoped" computerName="WAP174432" duration="00:00:00.1321305" startTime="2026-06-12T19:20:10.9052907+03:00" endTime="2026-06-12T19:20:10.9052909+03:00" testType="13cdc9d9-ddb5-4fa4-a97d-d965ccfc6d4b" outcome="Passed" testListId="8c84fa94-04c1-424b-9868-57a2d4851a1d" relativeResultsDirectory="c66d55ef-78dd-40d3-a7bc-723b799e9134" />
    <UnitTestResult executionId="3488850f-7ba3-4867-a1f9-48e4427cba59" testId="ce850b69-ff96-a6e9-7a09-ef84fb41d501" testName="PlantProcess.Application.UnitTests.Security.SafeSqlPolicyTests.Validate_strips_block_comments_before_token_check" computerName="WAP174432" duration="00:00:00.0101521" startTime="2026-06-12T19:20:11.2851167+03:00" endTime="2026-06-12T19:20:11.2851174+03:00" testType="13cdc9d9-ddb5-4fa4-a97d-d965ccfc6d4b" outcome="Passed" testListId="8c84fa94-04c1-424b-9868-57a2d4851a1d" relativeResultsDirectory="3488850f-7ba3-4867-a1f9-48e4427cba59" />
    <UnitTestResult executionId="4d0a7dec-dbca-4548-af34-1096217ea838" testId="6f3d5fc4-ba5f-dbaf-2ed8-1d01e8367958" testName="PlantProcess.Application.UnitTests.Security.SafeSqlValidatorPhase1Tests.Bootstrap_allowlist_should_not_contain_duplicates" computerName="WAP174432" duration="00:00:00.0003378" startTime="2026-06-12T19:20:11.2406144+03:00" endTime="2026-06-12T19:20:11.2406145+03:00" testType="13cdc9d9-ddb5-4fa4-a97d-d965ccfc6d4b" outcome="Passed" testListId="8c84fa94-04c1-424b-9868-57a2d4851a1d" relativeResultsDirectory="4d0a7dec-dbca-4548-af34-1096217ea838" />
    <UnitTestResult executionId="b719fd7d-23f9-4f80-9825-5d13fed8656e" testId="eaa6b59b-994f-c6ed-280d-86c3055acb88" testName="PlantProcess.Application.UnitTests.Security.SafeSqlPolicyTests.Validate_blocks_dangerous_pg_functions(sql: &quot;SELECT lo_import('/tmp/y')&quot;)" computerName="WAP174432" duration="00:00:00.0073886" startTime="2026-06-12T19:20:11.0943613+03:00" endTime="2026-06-12T19:20:11.0943615+03:00" testType="13cdc9d9-ddb5-4fa4-a97d-d965ccfc6d4b" outcome="Passed" testListId="8c84fa94-04c1-424b-9868-57a2d4851a1d" relativeResultsDirectory="b719fd7d-23f9-4f80-9825-5d13fed8656e" />
    <UnitTestResult executionId="1ccee916-872d-4660-b515-b6ef3fa4c6b3" testId="9fa5e802-69b2-8b1d-abcf-faab55415a9b" testName="PlantProcess.Application.UnitTests.Analytics.QualityLabelBuilderServiceTests.BuildLabelCode_should_apply_quality_label_precedence_and_normalization(hasDefect: True, isRejected: False, isDowngraded: True, isReworked: False, primaryDefectCategory: &quot;Surface crack&quot;, expected: &quot;DOWNGRADED&quot;)" computerName="WAP174432" duration="00:00:00.0000216" startTime="2026-06-12T19:20:11.0613763+03:00" endTime="2026-06-12T19:20:11.0613764+03:00" testType="13cdc9d9-ddb5-4fa4-a97d-d965ccfc6d4b" outcome="Passed" testListId="8c84fa94-04c1-424b-9868-57a2d4851a1d" relativeResultsDirectory="1ccee916-872d-4660-b515-b6ef3fa4c6b3" />
    <UnitTestResult executionId="af269676-518f-4873-b959-b5c4f9fc0a92" testId="7a640568-757b-db09-3f44-0d0c34132a3f" testName="PlantProcess.Application.UnitTests.Analytics.Advanced.Phase8_T043GoldenSignalRecoveryTests.T043_Vif_Excludes_Collinear_Duplicate_Without_Losing_TrueRepresentative" computerName="WAP174432" duration="00:00:01.0718436" startTime="2026-06-12T19:20:13.1315484+03:00" endTime="2026-06-12T19:20:13.1315518+03:00" testType="13cdc9d9-ddb5-4fa4-a97d-d965ccfc6d4b" outcome="Passed" testListId="8c84fa94-04c1-424b-9868-57a2d4851a1d" relativeResultsDirectory="af269676-518f-4873-b959-b5c4f9fc0a92" />
    <UnitTestResult executionId="e7712e5c-6c0b-4680-8f25-ce7938343f18" testId="3098c780-bb89-cad1-b591-a3eccb499b67" testName="PlantProcess.Application.UnitTests.Analytics.FeatureEngineeringServiceTests.CurrentFeatureVersion_should_mark_rule_ready_vectors" computerName="WAP174432" duration="00:00:00.0001599" startTime="2026-06-12T19:20:10.9301816+03:00" endTime="2026-06-12T19:20:10.9301818+03:00" testType="13cdc9d9-ddb5-4fa4-a97d-d965ccfc6d4b" outcome="Passed" testListId="8c84fa94-04c1-424b-9868-57a2d4851a1d" relativeResultsDirectory="e7712e5c-6c0b-4680-8f25-ce7938343f18" />
    <UnitTestResult executionId="b93d09e4-ffda-4ce0-8459-6c7d95941711" testId="0a2a5d5a-81b2-0c81-168e-f333035326ed" testName="PlantProcess.Application.UnitTests.Acquisition.P5_OtSafeAcquisitionTests.T030_schema_drift_detects_removed_type_changed_unit_changed_and_added_fields" computerName="WAP174432" duration="00:00:00.0070419" startTime="2026-06-12T19:20:10.7966813+03:00" endTime="2026-06-12T19:20:10.7966814+03:00" testType="13cdc9d9-ddb5-4fa4-a97d-d965ccfc6d4b" outcome="Passed" testListId="8c84fa94-04c1-424b-9868-57a2d4851a1d" relativeResultsDirectory="b93d09e4-ffda-4ce0-8459-6c7d95941711" />
    <UnitTestResult executionId="d6dbd5e6-6558-430b-b75d-6462d29745e1" testId="0f79e96e-0e12-47ce-28a6-cbe7dc63cbf3" testName="PlantProcess.Application.UnitTests.Security.SafeSqlPolicyTests.Validate_catches_all_join_styles(sql: &quot;SELECT * FROM `secret_table`&quot;)" computerName="WAP174432" duration="00:00:00.0232202" startTime="2026-06-12T19:20:11.2246165+03:00" endTime="2026-06-12T19:20:11.2246167+03:00" testType="13cdc9d9-ddb5-4fa4-a97d-d965ccfc6d4b" outcome="Passed" testListId="8c84fa94-04c1-424b-9868-57a2d4851a1d" relativeResultsDirectory="d6dbd5e6-6558-430b-b75d-6462d29745e1" />
    <UnitTestResult executionId="9054f1a7-ae6d-489d-8172-820e399d0b23" testId="752a9bf5-f604-c763-2bbe-c093c213c9d0" testName="PlantProcess.Application.UnitTests.Assistant.P4_ProductionAssistantTests.T026_extractive_model_answers_with_visible_citation" computerName="WAP174432" duration="00:00:00.0370900" startTime="2026-06-12T19:20:10.9787871+03:00" endTime="2026-06-12T19:20:10.9787872+03:00" testType="13cdc9d9-ddb5-4fa4-a97d-d965ccfc6d4b" outcome="Passed" testListId="8c84fa94-04c1-424b-9868-57a2d4851a1d" relativeResultsDirectory="9054f1a7-ae6d-489d-8172-820e399d0b23" />
    <UnitTestResult executionId="255eed32-f1ed-4f06-9a15-f8f092c1db7c" testId="426dcc12-4e06-ea00-2a46-f7d0096a61c5" testName="PlantProcess.Application.UnitTests.Analytics.SuggestionWorkflowTests.Only_managers_may_accept(role: &quot;viewer&quot;, allowed: False)" computerName="WAP174432" duration="00:00:00.0038256" startTime="2026-06-12T19:20:10.9887315+03:00" endTime="2026-06-12T19:20:10.9887316+03:00" testType="13cdc9d9-ddb5-4fa4-a97d-d965ccfc6d4b" outcome="Passed" testListId="8c84fa94-04c1-424b-9868-57a2d4851a1d" relativeResultsDirectory="255eed32-f1ed-4f06-9a15-f8f092c1db7c" />
    <UnitTestResult executionId="f01cb5f6-7346-4523-b131-29750417ec15" testId="09e3fb03-f9e0-3291-50f4-5c40dcbf2746" testName="PlantProcess.Application.UnitTests.Licensing.LicenseServiceTests.ProPlus_should_allow_2_minute_refresh" computerName="WAP174432" duration="00:00:00.0002106" startTime="2026-06-12T19:20:11.2140632+03:00" endTime="2026-06-12T19:20:11.2140633+03:00" testType="13cdc9d9-ddb5-4fa4-a97d-d965ccfc6d4b" outcome="Passed" testListId="8c84fa94-04c1-424b-9868-57a2d4851a1d" relativeResultsDirectory="f01cb5f6-7346-4523-b131-29750417ec15" />
    <UnitTestResult executionId="3278288f-ea99-4327-a5c1-cd15808f0244" testId="d46e9bfd-d5fd-f199-070c-a398839044d8" testName="PlantProcess.Application.UnitTests.Analytics.Advanced.Phase8_T045ReadinessGateSurfaceTests.T045_Normalizes_Legacy_And_Canonical_Readiness_States(input: &quot;Blocked&quot;, expected: &quot;Blocked&quot;)" computerName="WAP174432" duration="00:00:00.0000122" startTime="2026-06-12T19:20:10.9670749+03:00" endTime="2026-06-12T19:20:10.9670750+03:00" testType="13cdc9d9-ddb5-4fa4-a97d-d965ccfc6d4b" outcome="Passed" testListId="8c84fa94-04c1-424b-9868-57a2d4851a1d" relativeResultsDirectory="3278288f-ea99-4327-a5c1-cd15808f0244" />
    <UnitTestResult executionId="8c5c3360-1722-4da0-9413-5559b977905f" testId="8b76c4f3-c4b5-5235-7c93-422a210064bc" testName="PlantProcess.Phase1.Tests.Phase1_SafeSqlValidatorCorpusTests.Legit_selects_pass(sql: &quot;SELECT m.id FROM material_units m JOIN quality_eve&quot;···)" computerName="WAP174432" duration="00:00:00.0316835" startTime="2026-06-12T19:20:11.2299971+03:00" endTime="2026-06-12T19:20:11.2299973+03:00" testType="13cdc9d9-ddb5-4fa4-a97d-d965ccfc6d4b" outcome="Passed" testListId="8c84fa94-04c1-424b-9868-57a2d4851a1d" relativeResultsDirectory="8c5c3360-1722-4da0-9413-5559b977905f" />
    <UnitTestResult executionId="9706da47-6e0b-426a-bde2-0b5cbe6b91de" testId="4aeaef6a-eb15-8bc5-5ef0-d6079e3a60a8" testName="PlantProcess.Application.UnitTests.Analytics.Advanced.Phase8_T045ReadinessGateSurfaceTests.T045_Normalizes_Legacy_And_Canonical_Readiness_States(input: &quot;Warn&quot;, expected: &quot;Partial&quot;)" computerName="WAP174432" duration="00:00:00.0000041" startTime="2026-06-12T19:20:10.9684250+03:00" endTime="2026-06-12T19:20:10.9684251+03:00" testType="13cdc9d9-ddb5-4fa4-a97d-d965ccfc6d4b" outcome="Passed" testListId="8c84fa94-04c1-424b-9868-57a2d4851a1d" relativeResultsDirectory="9706da47-6e0b-426a-bde2-0b5cbe6b91de" />
    <UnitTestResult executionId="90fe5c03-5851-494a-89b1-573662847e7f" testId="920595d3-1f6e-165d-18ca-8c25cc1580f6" testName="PlantProcess.Application.UnitTests.Common.ApplicationResultTests.Validation_error_should_preserve_details_when_supplied" computerName="WAP174432" duration="00:00:00.0676007" startTime="2026-06-12T19:20:11.0806094+03:00" endTime="2026-06-12T19:20:11.0806095+03:00" testType="13cdc9d9-ddb5-4fa4-a97d-d965ccfc6d4b" outcome="Passed" testListId="8c84fa94-04c1-424b-9868-57a2d4851a1d" relativeResultsDirectory="90fe5c03-5851-494a-89b1-573662847e7f" />
    <UnitTestResult executionId="121a6a04-bc6e-4e7e-b819-d6c7a136747e" testId="2371f61d-65a1-64dd-1cd2-cded1347f969" testName="PlantProcess.Application.UnitTests.Security.SafeSqlPolicyTests.Validate_blocks_mssql_dangerous_constructs(sql: &quot;SELECT * FROM OPENQUERY(srv, 'SELECT 1')&quot;)" computerName="WAP174432" duration="00:00:00.0045237" startTime="2026-06-12T19:20:11.3417768+03:00" endTime="2026-06-12T19:20:11.3417775+03:00" testType="13cdc9d9-ddb5-4fa4-a97d-d965ccfc6d4b" outcome="Passed" testListId="8c84fa94-04c1-424b-9868-57a2d4851a1d" relativeResultsDirectory="121a6a04-bc6e-4e7e-b819-d6c7a136747e" />
    <UnitTestResult executionId="61600884-cd89-4c09-b816-c8a36e0aa51f" testId="139f77a0-7709-d117-e270-0a71b8a97abc" testName="PlantProcess.Application.UnitTests.Analytics.Advanced.Phase8_T042VifMulticollinearityTests.T042_Effect_Ranking_Remains_Stable_After_Vif_Pruning" computerName="WAP174432" duration="00:00:00.0868847" startTime="2026-06-12T19:20:11.4400880+03:00" endTime="2026-06-12T19:20:11.4400887+03:00" testType="13cdc9d9-ddb5-4fa4-a97d-d965ccfc6d4b" outcome="Passed" testListId="8c84fa94-04c1-424b-9868-57a2d4851a1d" relativeResultsDirectory="61600884-cd89-4c09-b816-c8a36e0aa51f" />
    <UnitTestResult executionId="757d807f-593b-4162-8c72-c1c07595c5a3" testId="170d9de8-7b3b-d62a-5149-8df59432e409" testName="PlantProcess.Application.UnitTests.Analytics.Phase9_T047SuggestionWorkflowCertificationTests.T047_Reject_And_Terminal_State_Machine_Rules_Are_Enforced" computerName="WAP174432" duration="00:00:00.0002016" startTime="2026-06-12T19:20:11.2724275+03:00" endTime="2026-06-12T19:20:11.2724278+03:00" testType="13cdc9d9-ddb5-4fa4-a97d-d965ccfc6d4b" outcome="Passed" testListId="8c84fa94-04c1-424b-9868-57a2d4851a1d" relativeResultsDirectory="757d807f-593b-4162-8c72-c1c07595c5a3" />
    <UnitTestResult executionId="8712d96c-e561-4e2a-9d11-e488c8e06d34" testId="30449d20-b20c-a13c-0698-2fcf2734ecac" testName="PlantProcess.Application.UnitTests.Common.ApplicationResultTests.Infrastructure_error_should_have_infrastructure_type" computerName="WAP174432" duration="00:00:00.0003360" startTime="2026-06-12T19:20:11.0807394+03:00" endTime="2026-06-12T19:20:11.0807395+03:00" testType="13cdc9d9-ddb5-4fa4-a97d-d965ccfc6d4b" outcome="Passed" testListId="8c84fa94-04c1-424b-9868-57a2d4851a1d" relativeResultsDirectory="8712d96c-e561-4e2a-9d11-e488c8e06d34" />
    <UnitTestResult executionId="67ff01bf-2639-4869-b322-530fa7900ed3" testId="596ecb0a-04e2-722a-8b7d-a330d3d3763e" testName="PlantProcess.Application.UnitTests.Security.Phase9RoleAccessMatrixTests.T051_Role_Parser_Is_Deterministic(input: &quot;unknown-role&quot;, expected: Viewer)" computerName="WAP174432" duration="00:00:00.0075396" startTime="2026-06-12T19:20:11.2401677+03:00" endTime="2026-06-12T19:20:11.2401678+03:00" testType="13cdc9d9-ddb5-4fa4-a97d-d965ccfc6d4b" outcome="Passed" testListId="8c84fa94-04c1-424b-9868-57a2d4851a1d" relativeResultsDirectory="67ff01bf-2639-4869-b322-530fa7900ed3" />
    <UnitTestResult executionId="526b0176-8766-446b-a880-46487daec1bc" testId="531803a6-3de4-6cea-2e61-360c7462937d" testName="PlantProcess.Application.UnitTests.Analytics.Phase3_ValueImpactEngineTests.Compute_Abstains_WhenRequiredBandMissing" computerName="WAP174432" duration="00:00:01.1536538" startTime="2026-06-12T19:20:10.9048371+03:00" endTime="2026-06-12T19:20:10.9048375+03:00" testType="13cdc9d9-ddb5-4fa4-a97d-d965ccfc6d4b" outcome="Passed" testListId="8c84fa94-04c1-424b-9868-57a2d4851a1d" relativeResultsDirectory="526b0176-8766-446b-a880-46487daec1bc" />
    <UnitTestResult executionId="968869ce-740c-411f-a187-97e10abd18be" testId="74108970-65c2-5a35-9fa7-d85ba979c988" testName="PlantProcess.Application.UnitTests.Security.SafeSqlPolicyTests.Validate_blocks_dml_and_ddl(sql: &quot;DROP TABLE staging_records&quot;)" computerName="WAP174432" duration="00:00:00.0080822" startTime="2026-06-12T19:20:10.9973931+03:00" endTime="2026-06-12T19:20:10.9973931+03:00" testType="13cdc9d9-ddb5-4fa4-a97d-d965ccfc6d4b" outcome="Passed" testListId="8c84fa94-04c1-424b-9868-57a2d4851a1d" relativeResultsDirectory="968869ce-740c-411f-a187-97e10abd18be" />
    <UnitTestResult executionId="015efcab-455f-46a5-b3d9-bcb5cd83ce9d" testId="211ec1da-ff44-8d3f-5412-f35fc50dc83e" testName="PlantProcess.Phase1.Tests.Phase1_SafeSqlValidatorCorpusTests.Malicious_or_unknown_fails(sql: &quot;SELECT pg_sleep(10)&quot;)" computerName="WAP174432" duration="00:00:01.1395084" startTime="2026-06-12T19:20:10.8838382+03:00" endTime="2026-06-12T19:20:10.8838388+03:00" testType="13cdc9d9-ddb5-4fa4-a97d-d965ccfc6d4b" outcome="Passed" testListId="8c84fa94-04c1-424b-9868-57a2d4851a1d" relativeResultsDirectory="015efcab-455f-46a5-b3d9-bcb5cd83ce9d" />
[...]
    <TestEntry testId="64efac3c-852d-fd34-03f8-dccbdb79a4d2" executionId="81652e7a-4c05-4219-ac25-5ca57b10c810" testListId="8c84fa94-04c1-424b-9868-57a2d4851a1d" />
    <TestEntry testId="96846c16-965a-5dbb-39cc-c65b6d4e96a1" executionId="05d04c34-1dd8-49d5-b0ba-8a74652ec049" testListId="8c84fa94-04c1-424b-9868-57a2d4851a1d" />
    <TestEntry testId="ca18ed20-a93c-95fb-65b4-9aeddafd108c" executionId="708d6e2d-ea98-4b2d-871d-307df877985f" testListId="8c84fa94-04c1-424b-9868-57a2d4851a1d" />
    <TestEntry testId="e9de4930-dbce-0715-edba-2c6320377da2" executionId="bb1df420-4d37-409b-9c77-425c9dbea3aa" testListId="8c84fa94-04c1-424b-9868-57a2d4851a1d" />
    <TestEntry testId="b15b3a09-7a40-4a6c-856c-990205ea3121" executionId="9beddfae-494c-465d-8fad-05b3301bda31" testListId="8c84fa94-04c1-424b-9868-57a2d4851a1d" />
    <TestEntry testId="94c57ca3-2dc5-2276-8cb8-81fa043af71f" executionId="c9a54588-5e73-4e12-a9df-89f4e4c2dffd" testListId="8c84fa94-04c1-424b-9868-57a2d4851a1d" />
    <TestEntry testId="eb991f6c-1614-49a6-390a-35357fbd3785" executionId="634ad5e1-24ba-43a6-8380-dc09198202dc" testListId="8c84fa94-04c1-424b-9868-57a2d4851a1d" />
    <TestEntry testId="0a1a5e39-35d4-57d3-0aa2-b4e344cc2243" executionId="bafbdf70-77b8-4958-be62-3e2480080de6" testListId="8c84fa94-04c1-424b-9868-57a2d4851a1d" />
    <TestEntry testId="08b95a3f-1005-6489-288f-bc73e06b30fa" executionId="7324d802-2ee6-4b48-b322-1c27a8dc4a9b" testListId="8c84fa94-04c1-424b-9868-57a2d4851a1d" />
    <TestEntry testId="fd021d7a-e335-1e66-148c-acfc9f8e3f07" executionId="e865edfa-a5c6-4dc7-8e03-6b2d8d38c560" testListId="8c84fa94-04c1-424b-9868-57a2d4851a1d" />
    <TestEntry testId="77f75dcd-ed19-7815-ea64-ac54155847df" executionId="4a08b894-cd3f-416b-af43-21c11a932616" testListId="8c84fa94-04c1-424b-9868-57a2d4851a1d" />
    <TestEntry testId="c9fbe330-8a52-53a8-d0f1-acaaf16853ff" executionId="bccbf07d-7f58-44da-8a57-df3b26838295" testListId="8c84fa94-04c1-424b-9868-57a2d4851a1d" />
    <TestEntry testId="07457b25-9408-58dd-a443-08ba677d26f1" executionId="d0e348c5-5e9e-4e97-b827-b35a6331131a" testListId="8c84fa94-04c1-424b-9868-57a2d4851a1d" />
    <TestEntry testId="b82fcb0d-00c6-a844-464c-ba7efa23ae5a" executionId="cdc219fd-3ff5-40eb-90f0-928effbdff2d" testListId="8c84fa94-04c1-424b-9868-57a2d4851a1d" />
    <TestEntry testId="a42345c3-2daa-b0e8-c758-7352e5262429" executionId="adf7e3f7-9b75-49d1-93bf-495bc157d101" testListId="8c84fa94-04c1-424b-9868-57a2d4851a1d" />
    <TestEntry testId="47a31115-1efe-d1a3-c69d-3be5f29a4cb2" executionId="6039e39d-aae3-44e8-b854-3a6e16c0e47e" testListId="8c84fa94-04c1-424b-9868-57a2d4851a1d" />
    <TestEntry testId="d4158ea6-fb2d-5c94-2cf9-a8850db585dd" executionId="66fa183f-2a14-4b1b-a460-0295486d9314" testListId="8c84fa94-04c1-424b-9868-57a2d4851a1d" />
    <TestEntry testId="4978599b-c048-a9f6-2eec-3d16dc5e48a5" executionId="b17493e5-5611-42bb-84c9-40d78b709a16" testListId="8c84fa94-04c1-424b-9868-57a2d4851a1d" />
    <TestEntry testId="8e0fa438-c33e-2743-4344-fb42951c91c5" executionId="7fac1f77-0061-4a7f-b321-3c0783aabbb3" testListId="8c84fa94-04c1-424b-9868-57a2d4851a1d" />
    <TestEntry testId="212f020d-1897-82cb-6a01-be205af67954" executionId="a8110fe7-a58a-429b-8689-3b781d67d6d7" testListId="8c84fa94-04c1-424b-9868-57a2d4851a1d" />
    <TestEntry testId="88a2445a-98e3-c805-f875-8ebabc55032e" executionId="a8933222-8080-4fd6-9df8-69f3db72882b" testListId="8c84fa94-04c1-424b-9868-57a2d4851a1d" />
    <TestEntry testId="58ed7d0f-0ad0-88ac-8852-12725207e1a4" executionId="bbf824e3-6bd4-4b40-90d2-2849a1bb816c" testListId="8c84fa94-04c1-424b-9868-57a2d4851a1d" />
    <TestEntry testId="7c198623-825e-589b-d8fa-3880a24bec4d" executionId="b40fb456-e4a4-4bd5-b503-3493ebb3a6a9" testListId="8c84fa94-04c1-424b-9868-57a2d4851a1d" />
    <TestEntry testId="b25c94d3-1675-d450-180f-f92e05fed01e" executionId="4b79cce9-3973-48a6-b85d-623d3619abb0" testListId="8c84fa94-04c1-424b-9868-57a2d4851a1d" />
    <TestEntry testId="d79928c3-2a4b-1628-9593-b7c8f2870621" executionId="f4ca298b-d82d-463a-ba77-d6610342b588" testListId="8c84fa94-04c1-424b-9868-57a2d4851a1d" />
    <TestEntry testId="381d04d5-ed45-df96-867e-def8164d3d6f" executionId="0de113dc-c809-4208-8d39-1b4debbcefdd" testListId="8c84fa94-04c1-424b-9868-57a2d4851a1d" />
    <TestEntry testId="5cd52d89-45cd-c254-6487-fc12a661e5d6" executionId="d71af3fd-f658-4cfe-be28-469d6021aac5" testListId="8c84fa94-04c1-424b-9868-57a2d4851a1d" />
    <TestEntry testId="01911df2-863f-88f6-a532-51c742e2bb2e" executionId="a561d626-eefd-4e1b-8ac4-30e1af7dc129" testListId="8c84fa94-04c1-424b-9868-57a2d4851a1d" />
    <TestEntry testId="11c93c52-7225-fbe3-04c3-fc2216e40f2f" executionId="620a0d64-598c-4bb1-8622-79667fd55968" testListId="8c84fa94-04c1-424b-9868-57a2d4851a1d" />
    <TestEntry testId="6d996f43-9bc3-02ad-ac43-aeca61d1b256" executionId="96fa7f26-3a32-4c61-a823-4897fd4be0cc" testListId="8c84fa94-04c1-424b-9868-57a2d4851a1d" />
    <TestEntry testId="af9ab8f4-bad5-237e-2009-2e5208919dd0" executionId="8c73ffe6-502a-429e-aac4-3fa1e3fbaca0" testListId="8c84fa94-04c1-424b-9868-57a2d4851a1d" />
    <TestEntry testId="3abccb3a-03ba-d302-3564-7cfd47455b0f" executionId="c722c515-0c40-417d-8be7-26a372854e32" testListId="8c84fa94-04c1-424b-9868-57a2d4851a1d" />
    <TestEntry testId="5158affb-cd65-bba9-1c0c-66e21961f582" executionId="79ce569e-a7de-4f61-9d1f-7068ab79d271" testListId="8c84fa94-04c1-424b-9868-57a2d4851a1d" />
    <TestEntry testId="b42ab350-4da9-bbbe-a313-5ca26d1b5023" executionId="2969986e-07c3-4397-810c-94fe25bcb340" testListId="8c84fa94-04c1-424b-9868-57a2d4851a1d" />
    <TestEntry testId="0658ccf4-7426-be1c-8799-0a3672ea0518" executionId="57b46e26-5b52-4b24-8e1c-c33d82a6b4be" testListId="8c84fa94-04c1-424b-9868-57a2d4851a1d" />
    <TestEntry testId="7237a3a3-33c6-bb88-beaf-830c409a12ea" executionId="883f5c4a-95bc-4a01-a75a-38bb82c80126" testListId="8c84fa94-04c1-424b-9868-57a2d4851a1d" />
    <TestEntry testId="091c3bcb-6691-6eb3-b070-66ee043c072a" executionId="78472384-78bf-4a2a-b09b-63aebaafa417" testListId="8c84fa94-04c1-424b-9868-57a2d4851a1d" />
    <TestEntry testId="0d046505-6417-5277-9f6b-733f43da85f1" executionId="2b6ee62e-b283-4d9a-b509-b889a9b693b9" testListId="8c84fa94-04c1-424b-9868-57a2d4851a1d" />
    <TestEntry testId="72a43eb5-4e4a-e6dd-8a7d-60d177951cd2" executionId="a80a9a81-a8f9-41d1-a18a-3985eb5e4af9" testListId="8c84fa94-04c1-424b-9868-57a2d4851a1d" />
    <TestEntry testId="d717845f-1cf7-7d48-8030-b3baa7d3f5a4" executionId="b29f3720-9fc4-4820-8be1-2145b23192fa" testListId="8c84fa94-04c1-424b-9868-57a2d4851a1d" />
    <TestEntry testId="f84ea6e4-c6e9-a552-547d-541453fa57bc" executionId="295e6493-192d-4585-a5ce-56e0baa7ece8" testListId="8c84fa94-04c1-424b-9868-57a2d4851a1d" />
    <TestEntry testId="5d4a330f-9564-f668-49de-dc9536f2d492" executionId="92d15872-5181-4af5-96c6-0183d927d43e" testListId="8c84fa94-04c1-424b-9868-57a2d4851a1d" />
    <TestEntry testId="0947446d-652f-f0a9-c86f-5b3056dd955e" executionId="e6eb8093-0819-48ca-b625-99901f5e7327" testListId="8c84fa94-04c1-424b-9868-57a2d4851a1d" />
    <TestEntry testId="d7be733e-83c9-2111-f608-afe486622618" executionId="157fc536-24a7-46be-8d4c-346c1e746a6d" testListId="8c84fa94-04c1-424b-9868-57a2d4851a1d" />
    <TestEntry testId="aa862d6a-0c32-798f-ee9f-a037ca102431" executionId="113c4dc0-2f17-4861-b2cd-f2a506533f49" testListId="8c84fa94-04c1-424b-9868-57a2d4851a1d" />
    <TestEntry testId="ffb48d2b-b498-006d-0e4b-0dadb6e47cc5" executionId="b3373518-074b-4601-8010-c3858602ff69" testListId="8c84fa94-04c1-424b-9868-57a2d4851a1d" />
    <TestEntry testId="7308f186-fe5f-9523-2e4d-ad5065398e38" executionId="4253fdff-d8d6-4e14-86d5-3ef92b6d659a" testListId="8c84fa94-04c1-424b-9868-57a2d4851a1d" />
    <TestEntry testId="b5c80ba0-c44b-7178-6208-67bb5771a7d3" executionId="3645947a-6006-4feb-b1c4-3a19922a4b9c" testListId="8c84fa94-04c1-424b-9868-57a2d4851a1d" />
    <TestEntry testId="88f57b61-00a0-d27e-57d9-0e968ee5b0ca" executionId="18d51e26-ff98-4528-8807-385d8e91bbbd" testListId="8c84fa94-04c1-424b-9868-57a2d4851a1d" />
    <TestEntry testId="aeffbcba-d22f-cf6f-3a7c-91ac0faba4d9" executionId="24d76a82-5989-4ebb-82ba-8d1e442744b3" testListId="8c84fa94-04c1-424b-9868-57a2d4851a1d" />
    <TestEntry testId="0b2e3602-277f-2d80-0a47-8ce53e62cfd7" executionId="eab8e259-b3fe-4324-b386-5d36d6319f7d" testListId="8c84fa94-04c1-424b-9868-57a2d4851a1d" />
    <TestEntry testId="8165c6d5-8b44-9064-4854-a9e28dd1922f" executionId="83dc7a45-fb5b-4818-a997-a311887d3797" testListId="8c84fa94-04c1-424b-9868-57a2d4851a1d" />
    <TestEntry testId="530e031e-bad0-f2b2-098a-c009583d5172" executionId="78150ee3-9a8c-4327-be93-9349e408e19f" testListId="8c84fa94-04c1-424b-9868-57a2d4851a1d" />
    <TestEntry testId="d34dc73d-d85c-49de-3f51-e7d40724bd74" executionId="ff8dbdca-d92e-4a88-8679-0f1c92346b7c" testListId="8c84fa94-04c1-424b-9868-57a2d4851a1d" />
    <TestEntry testId="fd868ecc-e44b-7fba-e53c-aeebe6973904" executionId="45e46ca7-f471-4938-ace3-707d0a4276a6" testListId="8c84fa94-04c1-424b-9868-57a2d4851a1d" />
    <TestEntry testId="de8cbb9d-2c83-2faa-2cff-9b7c37423603" executionId="83f79549-821c-4b78-809c-d8863bb54ea1" testListId="8c84fa94-04c1-424b-9868-57a2d4851a1d" />
    <TestEntry testId="3460e785-f044-bd3e-8ff4-fba911e60600" executionId="d26d9e17-d843-4e0b-972c-a4f3c9924bbc" testListId="8c84fa94-04c1-424b-9868-57a2d4851a1d" />
    <TestEntry testId="3791fcfd-df21-8d45-41a2-353cfc3f1ee1" executionId="a1266664-b772-4a37-8229-449a3bff264c" testListId="8c84fa94-04c1-424b-9868-57a2d4851a1d" />
    <TestEntry testId="81bba948-476f-f682-201e-0fa8ccd3489f" executionId="88d9c4d7-7e04-4b2c-96c6-88024a68383f" testListId="8c84fa94-04c1-424b-9868-57a2d4851a1d" />
    <TestEntry testId="d45fceec-63a3-54ac-6731-cfddba3d1e85" executionId="f5d68ef2-3833-4390-8b59-8d573ae62e0a" testListId="8c84fa94-04c1-424b-9868-57a2d4851a1d" />
    <TestEntry testId="56a67278-6ae1-6ce0-ccb2-bd68ab3b3cef" executionId="28c4af82-a30c-4a19-ba62-dec55ebadf5e" testListId="8c84fa94-04c1-424b-9868-57a2d4851a1d" />
    <TestEntry testId="e3cbdd7e-d992-9bb9-cf38-461f2b063c26" executionId="6b067d84-6838-46c6-9525-5370c852c036" testListId="8c84fa94-04c1-424b-9868-57a2d4851a1d" />
    <TestEntry testId="527e1b90-c5dc-a74e-cc2d-c7841a577f19" executionId="99416a2a-eab8-4d38-b4eb-27b92be8b7aa" testListId="8c84fa94-04c1-424b-9868-57a2d4851a1d" />
    <TestEntry testId="7b89fad8-69ef-e7b5-de21-a4fb966ae5fe" executionId="408a6f45-2531-4d7a-8398-e54c2b5d42cc" testListId="8c84fa94-04c1-424b-9868-57a2d4851a1d" />
    <TestEntry testId="f0280ecf-e97c-e380-7ee7-a149e601c051" executionId="fbb920d0-484b-429f-9d16-7dbcd7cbe073" testListId="8c84fa94-04c1-424b-9868-57a2d4851a1d" />
    <TestEntry testId="a9a639fa-e895-3fba-a5b9-30fd046130a3" executionId="e4990dc8-2596-40d8-af18-e294a77e7ad0" testListId="8c84fa94-04c1-424b-9868-57a2d4851a1d" />
    <TestEntry testId="66154905-8c8a-846a-2c9f-1eb2a1abc58c" executionId="7d8789b8-4536-45e4-9283-ad921c81143b" testListId="8c84fa94-04c1-424b-9868-57a2d4851a1d" />
    <TestEntry testId="d1dbf08e-78d5-bd96-0d5f-f986840bbb8b" executionId="dcd1f088-0b86-44dc-8850-082ed81f1eb9" testListId="8c84fa94-04c1-424b-9868-57a2d4851a1d" />
    <TestEntry testId="3b4cf13d-c783-2f01-5dde-f1504ca4144f" executionId="803a7043-068e-4836-b5ba-20a4099021bd" testListId="8c84fa94-04c1-424b-9868-57a2d4851a1d" />
    <TestEntry testId="f18fd257-4b21-7f6a-301e-68330a66048a" executionId="45c315a0-e99f-4890-ab47-e45d0e8c3ac2" testListId="8c84fa94-04c1-424b-9868-57a2d4851a1d" />
    <TestEntry testId="09925a1e-a82c-82fc-12e8-95f277b502f3" executionId="0221cd96-bd45-4517-90ca-41039357e375" testListId="8c84fa94-04c1-424b-9868-57a2d4851a1d" />
    <TestEntry testId="fbf88ba1-406b-1794-7204-f1f0dc3bd99f" executionId="1517cd54-a19e-4945-8f92-f473e4854f9d" testListId="8c84fa94-04c1-424b-9868-57a2d4851a1d" />
    <TestEntry testId="b40ce78d-a8ed-abcc-45f1-94ce24b10721" executionId="f355eb50-996e-4f22-90cc-1d31ae45f95c" testListId="8c84fa94-04c1-424b-9868-57a2d4851a1d" />
    <TestEntry testId="e86c675c-6175-e9bc-cddf-dde7b7b13b2e" executionId="89df7711-abdd-43e9-a6f8-cd6fa534f567" testListId="8c84fa94-04c1-424b-9868-57a2d4851a1d" />
    <TestEntry testId="f6f0bc4d-ea9d-d1a0-0356-9dabfa9c9257" executionId="cce8c152-ba3f-415d-9911-330ee89298b2" testListId="8c84fa94-04c1-424b-9868-57a2d4851a1d" />
    <TestEntry testId="7509d5c3-9fd7-e3f0-8813-876c99408409" executionId="6106068d-1f05-4740-af6a-af6debcf72ac" testListId="8c84fa94-04c1-424b-9868-57a2d4851a1d" />
    <TestEntry testId="f189a2a5-57b0-4dd0-5fa5-0c4172b449c9" executionId="612a1905-00f6-4539-9d32-dd5e78693c7b" testListId="8c84fa94-04c1-424b-9868-57a2d4851a1d" />
    <TestEntry testId="175a2007-17fd-70fd-1932-377b660b0e3d" executionId="21d14b5b-d3a3-46a3-bab9-b2274bba78fa" testListId="8c84fa94-04c1-424b-9868-57a2d4851a1d" />
    <TestEntry testId="49dd7e82-d46e-3138-4459-49a83890aa4e" executionId="b1fcc3ff-db48-4f12-b5b0-2ae6a4f97055" testListId="8c84fa94-04c1-424b-9868-57a2d4851a1d" />
    <TestEntry testId="1ff8eb69-f97e-8d5c-859d-6bde255fb6fa" executionId="efbdaddd-5606-4dd7-aec6-4d1d2399048a" testListId="8c84fa94-04c1-424b-9868-57a2d4851a1d" />
    <TestEntry testId="906678c2-4335-ff6d-f8e0-4f0ca9bd5be8" executionId="0b629bc4-4d8f-4808-aaa8-329e0f846209" testListId="8c84fa94-04c1-424b-9868-57a2d4851a1d" />
    <TestEntry testId="76cc9917-5683-3b96-fd45-e824d11846bb" executionId="e3fb7dda-deaf-4aa4-846a-bbb25ebfa781" testListId="8c84fa94-04c1-424b-9868-57a2d4851a1d" />
    <TestEntry testId="4ff13f58-c22b-779c-470f-8185fd735892" executionId="169ac2d7-d198-4d4b-8ee6-0bf01c283ae2" testListId="8c84fa94-04c1-424b-9868-57a2d4851a1d" />
    <TestEntry testId="f62f3caf-5d57-a6ba-65f0-f4e8a7fabcf2" executionId="1c3b91e5-609a-436c-96a8-6f26e6eb2b12" testListId="8c84fa94-04c1-424b-9868-57a2d4851a1d" />
    <TestEntry testId="ed219e65-6ae6-3150-20da-6a6bf51bb85d" executionId="a150ab4a-2107-473a-b00f-b22dc4b36e52" testListId="8c84fa94-04c1-424b-9868-57a2d4851a1d" />
    <TestEntry testId="9cf5642c-8f37-9672-f7ab-db0071cea931" executionId="50bd51d4-a0c2-4afb-aac8-4893dbf26740" testListId="8c84fa94-04c1-424b-9868-57a2d4851a1d" />
    <TestEntry testId="b53db73c-5210-3787-6db2-886d1eca764f" executionId="e86e1908-ac67-4fee-9284-b1456ba2781a" testListId="8c84fa94-04c1-424b-9868-57a2d4851a1d" />
    <TestEntry testId="dea2d558-d621-a51f-1767-a115d67c5681" executionId="31d4f644-2284-47a3-b757-e51405754007" testListId="8c84fa94-04c1-424b-9868-57a2d4851a1d" />
    <TestEntry testId="33d01bb7-0709-55ce-5fad-74df751a7a12" executionId="ce16ca20-7535-46e9-83a9-5a99cd51d324" testListId="8c84fa94-04c1-424b-9868-57a2d4851a1d" />
    <TestEntry testId="4a046965-2b23-28b5-362b-937e7ee9b62b" executionId="0bba696c-9c6e-4a2f-ab30-d8819ae3b870" testListId="8c84fa94-04c1-424b-9868-57a2d4851a1d" />
    <TestEntry testId="a64b9448-75bc-fede-be0f-426302d84c83" executionId="3582102c-6340-4c58-8ab3-e016c1be1994" testListId="8c84fa94-04c1-424b-9868-57a2d4851a1d" />
    <TestEntry testId="7e8e8d4e-69d9-ca6c-bf4a-b4b47800156a" executionId="c7347e6b-90ce-46cb-81e8-1fa3db612de2" testListId="8c84fa94-04c1-424b-9868-57a2d4851a1d" />
    <TestEntry testId="22d41b24-d745-979a-977f-b867b9720c75" executionId="82e83877-38a5-47f7-b1b7-c95e033f51a6" testListId="8c84fa94-04c1-424b-9868-57a2d4851a1d" />
    <TestEntry testId="59f8ea77-b216-1780-a2cd-fff9587dc1da" executionId="792e2e9c-83ec-486e-ba19-27bcd4a60301" testListId="8c84fa94-04c1-424b-9868-57a2d4851a1d" />
    <TestEntry testId="e4ac8bf5-0721-309d-6519-a04d1c216661" executionId="266f0a56-a36e-4334-9d16-fde25e069dff" testListId="8c84fa94-04c1-424b-9868-57a2d4851a1d" />
    <TestEntry testId="18f55ea7-33a7-5db9-30dd-8b3c4a82ec0a" executionId="623636b0-a740-4444-a384-b21442759f2e" testListId="8c84fa94-04c1-424b-9868-57a2d4851a1d" />
    <TestEntry testId="eb2df6dd-c9d4-9b31-0839-db2dc593c556" executionId="d8bea542-8fc5-4c21-94e5-f3a2a332a639" testListId="8c84fa94-04c1-424b-9868-57a2d4851a1d" />
    <TestEntry testId="c5fc6999-f981-4da2-088e-bf9ce2b2d869" executionId="387e7ff5-2933-47f2-8cd8-2043599836d7" testListId="8c84fa94-04c1-424b-9868-57a2d4851a1d" />
    <TestEntry testId="c66f100a-de8d-62a5-8aa3-482a488ef2bf" executionId="c89fbada-866b-4d93-9c33-bf4778f6fa1a" testListId="8c84fa94-04c1-424b-9868-57a2d4851a1d" />
    <TestEntry testId="bc711821-096c-e1fd-d708-4862d3eef19f" executionId="18b562f4-b8bb-401e-a888-e3eee1c9c601" testListId="8c84fa94-04c1-424b-9868-57a2d4851a1d" />
    <TestEntry testId="b1f614e5-c7f1-c1e1-b664-a143b79fae21" executionId="fa83a725-273c-4dc5-9f86-2c55f7ca97c4" testListId="8c84fa94-04c1-424b-9868-57a2d4851a1d" />
    <TestEntry testId="32487709-96c2-d3eb-89f5-917e024c4c49" executionId="bda70ae5-3c66-4ec6-a2b8-acf2265a0ead" testListId="8c84fa94-04c1-424b-9868-57a2d4851a1d" />
    <TestEntry testId="45ea99fe-056d-7da6-2747-0d1076497d96" executionId="fb1436b5-fd54-4cb8-a32d-b162086559f6" testListId="8c84fa94-04c1-424b-9868-57a2d4851a1d" />
    <TestEntry testId="295a26cd-0826-dd74-f914-20638c035ab6" executionId="f6e4f383-4259-458f-a1ea-705a9343bd86" testListId="8c84fa94-04c1-424b-9868-57a2d4851a1d" />
    <TestEntry testId="3d29c420-9194-39e7-0dc8-1c215ff8a35f" executionId="3da8cf45-4f52-4c06-9962-44aa02247cb8" testListId="8c84fa94-04c1-424b-9868-57a2d4851a1d" />
    <TestEntry testId="6274feac-cf3e-8cf6-c0e1-edd5eabdba5b" executionId="cfee6270-4def-41ee-b1b1-b3b27c40ce1a" testListId="8c84fa94-04c1-424b-9868-57a2d4851a1d" />
    <TestEntry testId="15e033fd-adba-06ae-7df6-1cec51686738" executionId="e023d1b3-b231-4b1d-9e5f-61d2e57f6fe1" testListId="8c84fa94-04c1-424b-9868-57a2d4851a1d" />
    <TestEntry testId="0cacc74f-1a3e-87d0-9aa1-d4b1ad77164b" executionId="a95401ff-5657-41a6-9514-b8d186f673d7" testListId="8c84fa94-04c1-424b-9868-57a2d4851a1d" />
    <TestEntry testId="cb8d76fc-2876-babb-c9f7-65d27e0098ac" executionId="569ccc14-50a0-422c-abac-eaded40335df" testListId="8c84fa94-04c1-424b-9868-57a2d4851a1d" />
    <TestEntry testId="b057d2b1-648b-4713-d1c2-40ceff5d73c2" executionId="708213f6-39bd-4fb6-ba17-7cff92b3503c" testListId="8c84fa94-04c1-424b-9868-57a2d4851a1d" />
  </TestEntries>
  <TestLists>
    <TestList name="Results Not in a List" id="8c84fa94-04c1-424b-9868-57a2d4851a1d" />
    <TestList name="All Loaded Results" id="19431567-8539-422a-85d7-44ee4e166bda" />
  </TestLists>
  <ResultSummary outcome="Completed">
    <Counters total="340" executed="340" passed="340" failed="0" error="0" timeout="0" aborted="0" inconclusive="0" passedButRunAborted="0" notRunnable="0" notExecuted="0" disconnected="0" warning="0" completed="0" inProgress="0" pending="0" />
    <Output>
      <StdOut>[xUnit.net 00:00:00.00] xUnit.net VSTest Adapter v2.8.2+699d445a1a (64-bit .NET 9.0.8)&#xD;
[xUnit.net 00:00:01.12]   Discovering: PlantProcess.Application.UnitTests&#xD;
[xUnit.net 00:00:01.44]   Discovered:  PlantProcess.Application.UnitTests&#xD;
[xUnit.net 00:00:01.45]   Starting:    PlantProcess.Application.UnitTests&#xD;
     Warning:&#xD;
     The component "Fluent Assertions" is governed by the rules defined in the Xceed License Agreement and&#xD;
     the Xceed Fluent Assertions Community License. You may use Fluent Assertions free of charge for&#xD;
     non-commercial use only. An active subscription is required to use Fluent Assertions for commercial use.&#xD;
     Please contact Xceed Sales mailto:sales@xceed.com to acquire a subscription at a very low cost.&#xD;
     A paid commercial license supports the development and continued increasing support of&#xD;
     Fluent Assertions users under both commercial and community licenses. Help us&#xD;
     keep Fluent Assertions at the forefront of unit testing.&#xD;
     For more information, visit https://xceed.com/products/unit-testing/fluent-assertions/&#xD;
[xUnit.net 00:00:07.16]   Finished:    PlantProcess.Application.UnitTests&#xD;
</StdOut>
    </Output>
  </ResultSummary>
</TestRun>