<?xml version="1.0" encoding="utf-8"?>
<TestRun id="66345827-4804-4c78-bd23-3d54f70b30a5" name="elka01@WAP174432 2026-06-12 20:29:37" runUser="SMS-GROUP\elka01" xmlns="http://microsoft.com/schemas/VisualStudio/TeamTest/2010">
  <Times creation="2026-06-12T20:29:37.9065752+03:00" queuing="2026-06-12T20:29:37.9065759+03:00" start="2026-06-12T20:29:35.3853272+03:00" finish="2026-06-12T20:29:37.9069678+03:00" />
  <TestSettings name="default" id="a6d5dd8f-96b9-47a3-87de-aacbf6167a88">
    <Deployment runDeploymentRoot="elka01_WAP174432_2026-06-12_20_29_37" />
  </TestSettings>
  <TestLists>
    <TestList name="Results Not in a List" id="8c84fa94-04c1-424b-9868-57a2d4851a1d" />
    <TestList name="All Loaded Results" id="19431567-8539-422a-85d7-44ee4e166bda" />
  </TestLists>
  <ResultSummary outcome="Completed">
    <Counters total="0" executed="0" passed="0" failed="0" error="0" timeout="0" aborted="0" inconclusive="0" passedButRunAborted="0" notRunnable="0" notExecuted="0" disconnected="0" warning="0" completed="0" inProgress="0" pending="0" />
    <Output>
      <StdOut>[xUnit.net 00:00:00.00] xUnit.net VSTest Adapter v2.8.2+699d445a1a (64-bit .NET 9.0.8)&#xD;
[xUnit.net 00:00:00.36]   Discovering: PlantProcess.PerformanceTests&#xD;
[xUnit.net 00:00:00.37]   Discovered:  PlantProcess.PerformanceTests&#xD;
</StdOut>
    </Output>
    <RunInfos>
      <RunInfo computerName="WAP174432" outcome="Warning" timestamp="2026-06-12T20:29:37.7967088+03:00">
        <Text>No test is available in C:\Workspace\PlantProcess-IQ\Backend\tests\PlantProcess.PerformanceTests\bin\Release\net9.0\PlantProcess.PerformanceTests.dll. Make sure that test discoverer &amp; executors are registered and platform &amp; framework version settings are appropriate and try again.</Text>
      </RunInfo>
    </RunInfos>
  </ResultSummary>
</TestRun>